2025-12-01 03:33:34,634 - INFO - __main__ 183 - Script iniciado directamente.
2025-12-01 03:33:34,635 - INFO - __main__ 49 - Inicio de ejecucion.
2025-12-01 03:33:34,635 - INFO - __main__ 51 - Número de trials por estudio: 20
2025-12-01 03:33:34,635 - INFO - __main__ 59 - === CREACION DE CLASE TERNARIA EN GCS ===
2025-12-01 03:33:38,605 - INFO - __main__ 63 - === INICIO DE DATA QUALITY - INTERPOLACION DE DATOS FALTANTES ===
2025-12-01 03:33:42,221 - INFO - __main__ 80 - Archivo de features encontrado: gs://guijomter_bukito3/Compe_03/data/df_fe_Exp_005_Compe_03_V2_2q.parquet. Cargando desde GCS.
2025-12-01 03:33:42,353 - INFO - src.bucket_utils_p 86 - Descargando de GCS: gs://guijomter_bukito3/Compe_03/data/df_fe_Exp_005_Compe_03_V2_2q.parquet
2025-12-01 03:35:33,089 - INFO - src.bucket_utils_p 90 - Descargado en: /tmp/df_fe_Exp_005_Compe_03_V2_2q.parquet
2025-12-01 03:35:47,474 - INFO - src.bucket_utils_p 94 - DataFrame cargado en memoria.
2025-12-01 03:35:47,474 - INFO - src.bucket_utils_p 101 - Archivo temporal /tmp/df_fe_Exp_005_Compe_03_V2_2q.parquet eliminado.
2025-12-01 03:35:47,475 - INFO - __main__ 103 - Feature Engineering completado: (4883051, 1005)
2025-12-01 03:35:47,475 - INFO - src.optimization_p 1213 - Iniciando optimización con 20 trials
2025-12-01 03:35:47,476 - INFO - src.optimization_p 1214 - Configuración: TRAIN=['201910', '201911', '201912', '202010', '202011', '202012'], VALID=202105, SEMILLA=[839071, 666557]
2025-12-01 03:35:47,637 - INFO - src.optimization_p 1173 - 🆕 No se encontró base de datos previa
2025-12-01 03:35:47,638 - INFO - src.optimization_p 1174 - 📁 Creando nueva base de datos: /home/guijomter/buckets/b1/Compe_03/optuna_db/Exp_005_Compe_03_V2_2q.db
2025-12-01 03:36:23,868 - INFO - src.optimization_p 1185 - ✅ Nuevo estudio creado: Exp_005_Compe_03_V2_2q
2025-12-01 03:36:23,868 - INFO - src.optimization_p 1186 - 💾 Storage: sqlite:////home/guijomter/buckets/b1/Compe_03/optuna_db/Exp_005_Compe_03_V2_2q.db
2025-12-01 03:36:24,067 - INFO - src.optimization_p 1227 - 🆕 Nueva optimización: 20 trials
2025-12-01 03:44:02,570 - INFO - src.optimization_p 134 - Iteración 0 guardada en resultados/Exp_005_Compe_03_V2_2q_iteraciones.json
2025-12-01 03:44:02,571 - INFO - src.optimization_p 135 - Ganancia: 161,977,381---Parámetros: {params}
2025-12-01 03:44:02,571 - INFO - src.optimization_p 1084 - Trial 0: Ganancia Ensamble Suavizada  = 161,977,381, Max Posible = 164,740,000, Envios = 10,082
2025-12-01 03:52:45,775 - INFO - src.optimization_p 134 - Iteración 1 guardada en resultados/Exp_005_Compe_03_V2_2q_iteraciones.json
2025-12-01 03:52:45,776 - INFO - src.optimization_p 135 - Ganancia: 182,270,965---Parámetros: {params}
2025-12-01 03:52:45,776 - INFO - src.optimization_p 1084 - Trial 1: Ganancia Ensamble Suavizada  = 182,270,965, Max Posible = 186,600,000, Envios = 9,229
2025-12-01 03:59:49,659 - INFO - src.optimization_p 134 - Iteración 2 guardada en resultados/Exp_005_Compe_03_V2_2q_iteraciones.json
2025-12-01 03:59:49,660 - INFO - src.optimization_p 135 - Ganancia: 176,827,836---Parámetros: {params}
2025-12-01 03:59:49,660 - INFO - src.optimization_p 1084 - Trial 2: Ganancia Ensamble Suavizada  = 176,827,836, Max Posible = 181,300,000, Envios = 10,814
2025-12-01 04:05:34,819 - INFO - src.optimization_p 134 - Iteración 3 guardada en resultados/Exp_005_Compe_03_V2_2q_iteraciones.json
2025-12-01 04:05:34,820 - INFO - src.optimization_p 135 - Ganancia: 156,152,114---Parámetros: {params}
2025-12-01 04:05:34,821 - INFO - src.optimization_p 1084 - Trial 3: Ganancia Ensamble Suavizada  = 156,152,114, Max Posible = 160,380,000, Envios = 12,500
2025-12-01 04:12:30,642 - INFO - src.optimization_p 134 - Iteración 4 guardada en resultados/Exp_005_Compe_03_V2_2q_iteraciones.json
2025-12-01 04:12:30,643 - INFO - src.optimization_p 135 - Ganancia: 177,018,701---Parámetros: {params}
2025-12-01 04:12:30,643 - INFO - src.optimization_p 1084 - Trial 4: Ganancia Ensamble Suavizada  = 177,018,701, Max Posible = 181,620,000, Envios = 8,078
2025-12-01 04:18:52,560 - INFO - src.optimization_p 134 - Iteración 5 guardada en resultados/Exp_005_Compe_03_V2_2q_iteraciones.json
2025-12-01 04:18:52,561 - INFO - src.optimization_p 135 - Ganancia: 168,039,220---Parámetros: {params}
2025-12-01 04:18:52,561 - INFO - src.optimization_p 1084 - Trial 5: Ganancia Ensamble Suavizada  = 168,039,220, Max Posible = 171,280,000, Envios = 10,915
2025-12-01 04:24:09,378 - INFO - src.optimization_p 134 - Iteración 6 guardada en resultados/Exp_005_Compe_03_V2_2q_iteraciones.json
2025-12-01 04:24:09,379 - INFO - src.optimization_p 135 - Ganancia: 170,586,137---Parámetros: {params}
2025-12-01 04:24:09,379 - INFO - src.optimization_p 1084 - Trial 6: Ganancia Ensamble Suavizada  = 170,586,137, Max Posible = 174,060,000, Envios = 9,696
2025-12-01 04:30:51,659 - INFO - src.optimization_p 134 - Iteración 7 guardada en resultados/Exp_005_Compe_03_V2_2q_iteraciones.json
2025-12-01 04:30:51,660 - INFO - src.optimization_p 135 - Ganancia: 167,165,747---Parámetros: {params}
2025-12-01 04:30:51,661 - INFO - src.optimization_p 1084 - Trial 7: Ganancia Ensamble Suavizada  = 167,165,747, Max Posible = 169,860,000, Envios = 10,786
2025-12-01 04:39:20,820 - INFO - src.optimization_p 134 - Iteración 8 guardada en resultados/Exp_005_Compe_03_V2_2q_iteraciones.json
2025-12-01 04:39:20,821 - INFO - src.optimization_p 135 - Ganancia: 167,549,755---Parámetros: {params}
2025-12-01 04:39:20,821 - INFO - src.optimization_p 1084 - Trial 8: Ganancia Ensamble Suavizada  = 167,549,755, Max Posible = 171,060,000, Envios = 7,846
2025-12-01 04:46:23,801 - INFO - src.optimization_p 134 - Iteración 9 guardada en resultados/Exp_005_Compe_03_V2_2q_iteraciones.json
2025-12-01 04:46:23,802 - INFO - src.optimization_p 135 - Ganancia: 172,081,269---Parámetros: {params}
2025-12-01 04:46:23,802 - INFO - src.optimization_p 1084 - Trial 9: Ganancia Ensamble Suavizada  = 172,081,269, Max Posible = 178,620,000, Envios = 9,748
2025-12-01 04:55:27,741 - INFO - src.optimization_p 134 - Iteración 10 guardada en resultados/Exp_005_Compe_03_V2_2q_iteraciones.json
2025-12-01 04:55:27,742 - INFO - src.optimization_p 135 - Ganancia: 184,884,638---Parámetros: {params}
2025-12-01 04:55:27,743 - INFO - src.optimization_p 1084 - Trial 10: Ganancia Ensamble Suavizada  = 184,884,638, Max Posible = 187,760,000, Envios = 10,771
2025-12-01 05:03:16,394 - INFO - src.optimization_p 134 - Iteración 11 guardada en resultados/Exp_005_Compe_03_V2_2q_iteraciones.json
2025-12-01 05:03:16,395 - INFO - src.optimization_p 135 - Ganancia: 186,185,077---Parámetros: {params}
2025-12-01 05:03:16,395 - INFO - src.optimization_p 1084 - Trial 11: Ganancia Ensamble Suavizada  = 186,185,077, Max Posible = 189,940,000, Envios = 9,742
2025-12-01 05:11:01,949 - INFO - src.optimization_p 134 - Iteración 12 guardada en resultados/Exp_005_Compe_03_V2_2q_iteraciones.json
2025-12-01 05:11:01,950 - INFO - src.optimization_p 135 - Ganancia: 186,359,510---Parámetros: {params}
2025-12-01 05:11:01,950 - INFO - src.optimization_p 1084 - Trial 12: Ganancia Ensamble Suavizada  = 186,359,510, Max Posible = 189,380,000, Envios = 10,250
2025-12-01 05:17:34,538 - INFO - src.optimization_p 134 - Iteración 13 guardada en resultados/Exp_005_Compe_03_V2_2q_iteraciones.json
2025-12-01 05:17:34,539 - INFO - src.optimization_p 135 - Ganancia: 175,628,926---Parámetros: {params}
2025-12-01 05:17:34,539 - INFO - src.optimization_p 1084 - Trial 13: Ganancia Ensamble Suavizada  = 175,628,926, Max Posible = 180,680,000, Envios = 7,165
2025-12-01 05:24:49,115 - INFO - src.optimization_p 134 - Iteración 14 guardada en resultados/Exp_005_Compe_03_V2_2q_iteraciones.json
2025-12-01 05:24:49,116 - INFO - src.optimization_p 135 - Ganancia: 187,247,756---Parámetros: {params}
2025-12-01 05:24:49,117 - INFO - src.optimization_p 1084 - Trial 14: Ganancia Ensamble Suavizada  = 187,247,756, Max Posible = 192,360,000, Envios = 9,941
2025-12-01 05:36:51,467 - INFO - src.optimization_p 134 - Iteración 15 guardada en resultados/Exp_005_Compe_03_V2_2q_iteraciones.json
2025-12-01 05:36:51,468 - INFO - src.optimization_p 135 - Ganancia: 181,789,785---Parámetros: {params}
2025-12-01 05:36:51,469 - INFO - src.optimization_p 1084 - Trial 15: Ganancia Ensamble Suavizada  = 181,789,785, Max Posible = 186,160,000, Envios = 11,731
2025-12-01 05:45:01,379 - INFO - src.optimization_p 134 - Iteración 16 guardada en resultados/Exp_005_Compe_03_V2_2q_iteraciones.json
2025-12-01 05:45:01,379 - INFO - src.optimization_p 135 - Ganancia: 183,348,346---Parámetros: {params}
2025-12-01 05:45:01,380 - INFO - src.optimization_p 1084 - Trial 16: Ganancia Ensamble Suavizada  = 183,348,346, Max Posible = 188,840,000, Envios = 9,317
2025-12-01 05:52:51,433 - INFO - src.optimization_p 134 - Iteración 17 guardada en resultados/Exp_005_Compe_03_V2_2q_iteraciones.json
2025-12-01 05:52:51,434 - INFO - src.optimization_p 135 - Ganancia: 182,169,965---Parámetros: {params}
2025-12-01 05:52:51,435 - INFO - src.optimization_p 1084 - Trial 17: Ganancia Ensamble Suavizada  = 182,169,965, Max Posible = 186,100,000, Envios = 9,694
2025-12-01 05:59:26,136 - INFO - src.optimization_p 134 - Iteración 18 guardada en resultados/Exp_005_Compe_03_V2_2q_iteraciones.json
2025-12-01 05:59:26,137 - INFO - src.optimization_p 135 - Ganancia: 162,520,230---Parámetros: {params}
2025-12-01 05:59:26,138 - INFO - src.optimization_p 1084 - Trial 18: Ganancia Ensamble Suavizada  = 162,520,230, Max Posible = 167,780,000, Envios = 11,170
2025-12-01 06:06:08,758 - INFO - src.optimization_p 134 - Iteración 19 guardada en resultados/Exp_005_Compe_03_V2_2q_iteraciones.json
2025-12-01 06:06:08,759 - INFO - src.optimization_p 135 - Ganancia: 182,303,568---Parámetros: {params}
2025-12-01 06:06:08,759 - INFO - src.optimization_p 1084 - Trial 19: Ganancia Ensamble Suavizada  = 182,303,568, Max Posible = 187,840,000, Envios = 9,927
2025-12-01 06:06:13,594 - INFO - src.optimization_p 1233 - 🏆 Mejor ganancia: 187,247,756
2025-12-01 06:06:14,517 - INFO - src.optimization_p 1234 - Mejores parámetros: {'num_iterations': 862, 'num_leaves': 75, 'learning_rate': 0.2965259349803182, 'feature_fraction': 0.9915958022253748, 'bagging_fraction': 0.837938520405956, 'min_child_samples': 13, 'max_depth': 28, 'reg_lambda': 0.03392893352021176, 'reg_alpha': 0.05293362370822141, 'min_gain_to_split': 0.7914750454122546}
2025-12-01 06:06:14,518 - INFO - __main__ 110 - === ANÁLISIS DE RESULTADOS ===
2025-12-01 06:06:15,672 - INFO - __main__ 114 - Top 5 mejores trials:
2025-12-01 06:06:15,674 - INFO - __main__ 116 -   Trial 14: 187,247,756
2025-12-01 06:06:15,674 - INFO - __main__ 116 -   Trial 12: 186,359,510
2025-12-01 06:06:15,675 - INFO - __main__ 116 -   Trial 11: 186,185,077
2025-12-01 06:06:15,675 - INFO - __main__ 116 -   Trial 10: 184,884,638
2025-12-01 06:06:15,676 - INFO - __main__ 116 -   Trial 16: 183,348,346
2025-12-01 06:06:15,676 - INFO - __main__ 118 - === OPTIMIZACIÓN COMPLETADA ===
2025-12-01 06:06:15,677 - INFO - __main__ 121 - === EVALUACIÓN EN CONJUNTO DE TEST ===
2025-12-01 06:06:15,677 - INFO - src.best_params 50 - Mejores hiperparámetros cargados desde resultados/Exp_005_Compe_03_V2_2q_iteraciones.json
2025-12-01 06:06:15,678 - INFO - src.best_params 51 - Mejor ganancia encontrada: 187,247,756
2025-12-01 06:06:15,678 - INFO - src.best_params 52 - Trial número: 14
2025-12-01 06:06:15,678 - INFO - src.best_params 53 - Parámetros: {'num_iterations': 862, 'num_leaves': 75, 'learning_rate': 0.2965259349803182, 'feature_fraction': 0.9915958022253748, 'bagging_fraction': 0.837938520405956, 'min_child_samples': 13, 'max_depth': 28, 'reg_lambda': 0.03392893352021176, 'reg_alpha': 0.05293362370822141, 'min_gain_to_split': 0.7914750454122546, 'bagging_freq': 1, 'objective': 'binary', 'metric': 'None', 'random_state': 839071}
2025-12-01 06:06:15,678 - INFO - src.best_params 62 - Ajuste de 'min_child_samples':
2025-12-01 06:06:15,679 - INFO - src.best_params 63 -   Valor original (optimización): 13
2025-12-01 06:06:15,679 - INFO - src.best_params 64 -   Factor de ajuste: 6.00
2025-12-01 06:06:15,679 - INFO - src.best_params 65 -   Nuevo valor (final): 78
2025-12-01 06:06:15,679 - INFO - __main__ 127 - === Evaluación con mismo undersampling ===
2025-12-01 06:06:15,680 - INFO - src.optimization_p 453 - === EVALUACIÓN EN CONJUNTO DE TEST (Promediando N Modelos) ===
2025-12-01 06:06:15,680 - INFO - src.optimization_p 466 - Períodos de test a evaluar: ['202106', '202107']
2025-12-01 06:06:15,680 - INFO - src.optimization_p 467 - Semilla base: 839071, N Modelos: 20
2025-12-01 06:06:16,962 - INFO - src.optimization_p 482 - Iniciando entrenamiento de 20 modelos...
2025-12-01 06:06:16,964 - INFO - src.optimization_p 492 - Entrenando modelo 1/20 (Semilla: 3060817664)...
2025-12-01 06:06:58,039 - INFO - src.optimization_p 492 - Entrenando modelo 2/20 (Semilla: 992140286)...
2025-12-01 06:07:16,385 - INFO - src.optimization_p 492 - Entrenando modelo 3/20 (Semilla: 3237557171)...
2025-12-01 06:07:34,499 - INFO - src.optimization_p 492 - Entrenando modelo 4/20 (Semilla: 2314383897)...
2025-12-01 06:07:53,686 - INFO - src.optimization_p 492 - Entrenando modelo 5/20 (Semilla: 404200786)...
2025-12-01 06:08:11,507 - INFO - src.optimization_p 492 - Entrenando modelo 6/20 (Semilla: 3847701201)...
2025-12-01 06:08:36,735 - INFO - src.optimization_p 492 - Entrenando modelo 7/20 (Semilla: 2865421062)...
2025-12-01 06:08:54,375 - INFO - src.optimization_p 492 - Entrenando modelo 8/20 (Semilla: 3643192183)...
2025-12-01 06:09:10,339 - INFO - src.optimization_p 492 - Entrenando modelo 9/20 (Semilla: 1117668684)...
2025-12-01 06:09:27,016 - INFO - src.optimization_p 492 - Entrenando modelo 10/20 (Semilla: 3510756625)...
2025-12-01 06:09:45,347 - INFO - src.optimization_p 492 - Entrenando modelo 11/20 (Semilla: 2571145538)...
2025-12-01 06:10:03,060 - INFO - src.optimization_p 492 - Entrenando modelo 12/20 (Semilla: 2213045784)...
2025-12-01 06:10:21,243 - INFO - src.optimization_p 492 - Entrenando modelo 13/20 (Semilla: 2153453051)...
2025-12-01 06:10:39,678 - INFO - src.optimization_p 492 - Entrenando modelo 14/20 (Semilla: 3163014560)...
2025-12-01 06:10:56,547 - INFO - src.optimization_p 492 - Entrenando modelo 15/20 (Semilla: 3698929166)...
2025-12-01 06:11:12,646 - INFO - src.optimization_p 492 - Entrenando modelo 16/20 (Semilla: 766887731)...
2025-12-01 06:11:29,174 - INFO - src.optimization_p 492 - Entrenando modelo 17/20 (Semilla: 1371336364)...
2025-12-01 06:11:46,299 - INFO - src.optimization_p 492 - Entrenando modelo 18/20 (Semilla: 1730670187)...
2025-12-01 06:12:04,547 - INFO - src.optimization_p 492 - Entrenando modelo 19/20 (Semilla: 1386299423)...
2025-12-01 06:12:21,073 - INFO - src.optimization_p 492 - Entrenando modelo 20/20 (Semilla: 1650770698)...
2025-12-01 06:12:37,080 - INFO - src.optimization_p 527 - Entrenamiento de los N modelos completado.
2025-12-01 06:12:37,081 - INFO - src.optimization_p 534 - --- Evaluando en Período de Test: 202106 ---
2025-12-01 06:12:38,083 - INFO - src.optimization_p 543 - Dimensiones df_test (202106): (164313, 1005)
2025-12-01 06:13:49,277 - INFO - src.optimization_p 573 - Predicciones completadas para el mes 202106. Promediando...
2025-12-01 06:13:49,418 - INFO - src.optimization_p 604 - Resultados Test Mes 202106 (N=20): Ganancia Suavizada = 314,764,308, Ganancia Máxima = 317,780,000, Envios Máx Gan = 13910
2025-12-01 06:13:49,419 - INFO - src.optimization_p 534 - --- Evaluando en Período de Test: 202107 ---
2025-12-01 06:13:51,183 - INFO - src.optimization_p 543 - Dimensiones df_test (202107): (164596, 1005)
2025-12-01 06:15:02,251 - INFO - src.optimization_p 573 - Predicciones completadas para el mes 202107. Promediando...
2025-12-01 06:15:02,336 - INFO - src.optimization_p 604 - Resultados Test Mes 202107 (N=20): Ganancia Suavizada = 361,618,201, Ganancia Máxima = 366,820,000, Envios Máx Gan = 11618
2025-12-01 06:15:02,337 - INFO - src.optimization_p 611 - === EVALUACIÓN EN CONJUNTO DE TEST COMPLETADA ===
2025-12-01 06:15:02,416 - INFO - __main__ 130 - === Evaluación con undersampling final ===
2025-12-01 06:15:02,417 - INFO - src.optimization_p 453 - === EVALUACIÓN EN CONJUNTO DE TEST (Promediando N Modelos) ===
2025-12-01 06:15:02,417 - INFO - src.optimization_p 466 - Períodos de test a evaluar: ['202106', '202107']
2025-12-01 06:15:02,418 - INFO - src.optimization_p 467 - Semilla base: 839071, N Modelos: 20
2025-12-01 06:15:03,671 - INFO - src.optimization_p 482 - Iniciando entrenamiento de 20 modelos...
2025-12-01 06:15:03,673 - INFO - src.optimization_p 492 - Entrenando modelo 1/20 (Semilla: 3060817664)...
2025-12-01 06:17:22,009 - INFO - src.optimization_p 492 - Entrenando modelo 2/20 (Semilla: 992140286)...
2025-12-01 06:18:22,430 - INFO - src.optimization_p 492 - Entrenando modelo 3/20 (Semilla: 3237557171)...
2025-12-01 06:19:06,661 - INFO - src.optimization_p 492 - Entrenando modelo 4/20 (Semilla: 2314383897)...
2025-12-01 06:19:29,933 - INFO - src.optimization_p 492 - Entrenando modelo 5/20 (Semilla: 404200786)...
2025-12-01 06:19:49,787 - INFO - src.optimization_p 492 - Entrenando modelo 6/20 (Semilla: 3847701201)...
2025-12-01 06:20:09,843 - INFO - src.optimization_p 492 - Entrenando modelo 7/20 (Semilla: 2865421062)...
2025-12-01 06:20:29,200 - INFO - src.optimization_p 492 - Entrenando modelo 8/20 (Semilla: 3643192183)...
2025-12-01 06:20:47,305 - INFO - src.optimization_p 492 - Entrenando modelo 9/20 (Semilla: 1117668684)...
2025-12-01 06:21:06,260 - INFO - src.optimization_p 492 - Entrenando modelo 10/20 (Semilla: 3510756625)...
2025-12-01 06:21:25,082 - INFO - src.optimization_p 492 - Entrenando modelo 11/20 (Semilla: 2571145538)...
2025-12-01 06:21:43,396 - INFO - src.optimization_p 492 - Entrenando modelo 12/20 (Semilla: 2213045784)...
2025-12-01 06:22:02,064 - INFO - src.optimization_p 492 - Entrenando modelo 13/20 (Semilla: 2153453051)...
2025-12-01 06:22:21,947 - INFO - src.optimization_p 492 - Entrenando modelo 14/20 (Semilla: 3163014560)...
2025-12-01 06:22:41,533 - INFO - src.optimization_p 492 - Entrenando modelo 15/20 (Semilla: 3698929166)...
2025-12-01 06:22:59,832 - INFO - src.optimization_p 492 - Entrenando modelo 16/20 (Semilla: 766887731)...
2025-12-01 06:23:17,585 - INFO - src.optimization_p 492 - Entrenando modelo 17/20 (Semilla: 1371336364)...
2025-12-01 06:23:36,373 - INFO - src.optimization_p 492 - Entrenando modelo 18/20 (Semilla: 1730670187)...
2025-12-01 06:23:54,719 - INFO - src.optimization_p 492 - Entrenando modelo 19/20 (Semilla: 1386299423)...
2025-12-01 06:24:15,516 - INFO - src.optimization_p 492 - Entrenando modelo 20/20 (Semilla: 1650770698)...
2025-12-01 06:24:32,628 - INFO - src.optimization_p 527 - Entrenamiento de los N modelos completado.
2025-12-01 06:24:32,629 - INFO - src.optimization_p 534 - --- Evaluando en Período de Test: 202106 ---
2025-12-01 06:24:33,716 - INFO - src.optimization_p 543 - Dimensiones df_test (202106): (164313, 1005)
2025-12-01 06:25:49,358 - INFO - src.optimization_p 573 - Predicciones completadas para el mes 202106. Promediando...
2025-12-01 06:25:49,446 - INFO - src.optimization_p 604 - Resultados Test Mes 202106 (N=20): Ganancia Suavizada = 346,449,225, Ganancia Máxima = 348,900,000, Envios Máx Gan = 13274
2025-12-01 06:25:49,447 - INFO - src.optimization_p 534 - --- Evaluando en Período de Test: 202107 ---
2025-12-01 06:25:50,615 - INFO - src.optimization_p 543 - Dimensiones df_test (202107): (164596, 1005)
2025-12-01 06:27:06,467 - INFO - src.optimization_p 573 - Predicciones completadas para el mes 202107. Promediando...
2025-12-01 06:27:06,554 - INFO - src.optimization_p 604 - Resultados Test Mes 202107 (N=20): Ganancia Suavizada = 379,075,112, Ganancia Máxima = 383,700,000, Envios Máx Gan = 11494
2025-12-01 06:27:06,554 - INFO - src.optimization_p 611 - === EVALUACIÓN EN CONJUNTO DE TEST COMPLETADA ===
2025-12-01 06:27:06,631 - INFO - __main__ 180 - >>> Ejecución finalizada. Revisar logs para mas detalles.
2025-12-01 06:27:06,764 - INFO - __main__ 189 - Ejecución finalizada.
