2025-12-01 03:08:55,021 - INFO - __main__ 183 - Script iniciado directamente.
2025-12-01 03:08:55,021 - INFO - __main__ 49 - Inicio de ejecucion.
2025-12-01 03:08:55,021 - INFO - __main__ 51 - Número de trials por estudio: 20
2025-12-01 03:08:55,021 - INFO - __main__ 59 - === CREACION DE CLASE TERNARIA EN GCS ===
2025-12-01 03:08:58,753 - INFO - __main__ 63 - === INICIO DE DATA QUALITY - INTERPOLACION DE DATOS FALTANTES ===
2025-12-01 03:09:02,060 - INFO - __main__ 80 - Archivo de features encontrado: gs://guijomter_bukito3/Compe_03/data/df_fe_Exp_0025_Compe_03_V2_2q.parquet. Cargando desde GCS.
2025-12-01 03:09:02,174 - INFO - src.bucket_utils_p 86 - Descargando de GCS: gs://guijomter_bukito3/Compe_03/data/df_fe_Exp_0025_Compe_03_V2_2q.parquet
2025-12-01 03:10:33,869 - INFO - src.bucket_utils_p 90 - Descargado en: /tmp/df_fe_Exp_0025_Compe_03_V2_2q.parquet
2025-12-01 03:10:50,861 - INFO - src.bucket_utils_p 94 - DataFrame cargado en memoria.
2025-12-01 03:10:50,864 - INFO - src.bucket_utils_p 101 - Archivo temporal /tmp/df_fe_Exp_0025_Compe_03_V2_2q.parquet eliminado.
2025-12-01 03:10:50,865 - INFO - __main__ 103 - Feature Engineering completado: (4883051, 1005)
2025-12-01 03:10:50,865 - INFO - src.optimization_p 1213 - Iniciando optimización con 20 trials
2025-12-01 03:10:50,865 - INFO - src.optimization_p 1214 - Configuración: TRAIN=['201910', '201911', '201912', '202010', '202011', '202012'], VALID=202105, SEMILLA=[839071, 666557]
2025-12-01 03:10:51,066 - INFO - src.optimization_p 1173 - 🆕 No se encontró base de datos previa
2025-12-01 03:10:51,067 - INFO - src.optimization_p 1174 - 📁 Creando nueva base de datos: /home/guijomter/buckets/b1/Compe_03/optuna_db/Exp_0025_Compe_03_V2_2q.db
2025-12-01 03:11:35,567 - INFO - src.optimization_p 1185 - ✅ Nuevo estudio creado: Exp_0025_Compe_03_V2_2q
2025-12-01 03:11:35,567 - INFO - src.optimization_p 1186 - 💾 Storage: sqlite:////home/guijomter/buckets/b1/Compe_03/optuna_db/Exp_0025_Compe_03_V2_2q.db
2025-12-01 03:11:35,774 - INFO - src.optimization_p 1227 - 🆕 Nueva optimización: 20 trials
2025-12-01 03:16:56,841 - INFO - src.optimization_p 134 - Iteración 0 guardada en resultados/Exp_0025_Compe_03_V2_2q_iteraciones.json
2025-12-01 03:16:56,842 - INFO - src.optimization_p 135 - Ganancia: 168,682,519---Parámetros: {params}
2025-12-01 03:16:56,842 - INFO - src.optimization_p 1084 - Trial 0: Ganancia Ensamble Suavizada  = 168,682,519, Max Posible = 172,920,000, Envios = 8,553
2025-12-01 03:24:13,939 - INFO - src.optimization_p 134 - Iteración 1 guardada en resultados/Exp_0025_Compe_03_V2_2q_iteraciones.json
2025-12-01 03:24:13,939 - INFO - src.optimization_p 135 - Ganancia: 182,037,941---Parámetros: {params}
2025-12-01 03:24:13,940 - INFO - src.optimization_p 1084 - Trial 1: Ganancia Ensamble Suavizada  = 182,037,941, Max Posible = 185,920,000, Envios = 11,183
2025-12-01 03:29:15,136 - INFO - src.optimization_p 134 - Iteración 2 guardada en resultados/Exp_0025_Compe_03_V2_2q_iteraciones.json
2025-12-01 03:29:15,136 - INFO - src.optimization_p 135 - Ganancia: 171,534,163---Parámetros: {params}
2025-12-01 03:29:15,137 - INFO - src.optimization_p 1084 - Trial 2: Ganancia Ensamble Suavizada  = 171,534,163, Max Posible = 175,860,000, Envios = 10,566
2025-12-01 03:34:23,005 - INFO - src.optimization_p 134 - Iteración 3 guardada en resultados/Exp_0025_Compe_03_V2_2q_iteraciones.json
2025-12-01 03:34:23,005 - INFO - src.optimization_p 135 - Ganancia: 154,526,107---Parámetros: {params}
2025-12-01 03:34:23,006 - INFO - src.optimization_p 1084 - Trial 3: Ganancia Ensamble Suavizada  = 154,526,107, Max Posible = 158,740,000, Envios = 11,622
2025-12-01 03:39:50,114 - INFO - src.optimization_p 134 - Iteración 4 guardada en resultados/Exp_0025_Compe_03_V2_2q_iteraciones.json
2025-12-01 03:39:50,115 - INFO - src.optimization_p 135 - Ganancia: 171,002,859---Parámetros: {params}
2025-12-01 03:39:50,115 - INFO - src.optimization_p 1084 - Trial 4: Ganancia Ensamble Suavizada  = 171,002,859, Max Posible = 173,520,000, Envios = 10,283
2025-12-01 03:45:07,805 - INFO - src.optimization_p 134 - Iteración 5 guardada en resultados/Exp_0025_Compe_03_V2_2q_iteraciones.json
2025-12-01 03:45:07,806 - INFO - src.optimization_p 135 - Ganancia: 172,080,230---Parámetros: {params}
2025-12-01 03:45:07,806 - INFO - src.optimization_p 1084 - Trial 5: Ganancia Ensamble Suavizada  = 172,080,230, Max Posible = 176,540,000, Envios = 10,772
2025-12-01 03:49:49,388 - INFO - src.optimization_p 134 - Iteración 6 guardada en resultados/Exp_0025_Compe_03_V2_2q_iteraciones.json
2025-12-01 03:49:49,389 - INFO - src.optimization_p 135 - Ganancia: 167,367,366---Parámetros: {params}
2025-12-01 03:49:49,389 - INFO - src.optimization_p 1084 - Trial 6: Ganancia Ensamble Suavizada  = 167,367,366, Max Posible = 170,100,000, Envios = 11,774
2025-12-01 03:55:54,836 - INFO - src.optimization_p 134 - Iteración 7 guardada en resultados/Exp_0025_Compe_03_V2_2q_iteraciones.json
2025-12-01 03:55:54,836 - INFO - src.optimization_p 135 - Ganancia: 165,683,558---Parámetros: {params}
2025-12-01 03:55:54,837 - INFO - src.optimization_p 1084 - Trial 7: Ganancia Ensamble Suavizada  = 165,683,558, Max Posible = 168,800,000, Envios = 9,639
2025-12-01 04:03:01,293 - INFO - src.optimization_p 134 - Iteración 8 guardada en resultados/Exp_0025_Compe_03_V2_2q_iteraciones.json
2025-12-01 04:03:01,294 - INFO - src.optimization_p 135 - Ganancia: 164,997,441---Parámetros: {params}
2025-12-01 04:03:01,294 - INFO - src.optimization_p 1084 - Trial 8: Ganancia Ensamble Suavizada  = 164,997,441, Max Posible = 167,880,000, Envios = 7,925
2025-12-01 04:09:30,132 - INFO - src.optimization_p 134 - Iteración 9 guardada en resultados/Exp_0025_Compe_03_V2_2q_iteraciones.json
2025-12-01 04:09:30,133 - INFO - src.optimization_p 135 - Ganancia: 175,611,984---Parámetros: {params}
2025-12-01 04:09:30,134 - INFO - src.optimization_p 1084 - Trial 9: Ganancia Ensamble Suavizada  = 175,611,984, Max Posible = 180,380,000, Envios = 11,260
2025-12-01 04:16:59,078 - INFO - src.optimization_p 134 - Iteración 10 guardada en resultados/Exp_0025_Compe_03_V2_2q_iteraciones.json
2025-12-01 04:16:59,079 - INFO - src.optimization_p 135 - Ganancia: 177,235,552---Parámetros: {params}
2025-12-01 04:16:59,079 - INFO - src.optimization_p 1084 - Trial 10: Ganancia Ensamble Suavizada  = 177,235,552, Max Posible = 181,140,000, Envios = 9,142
2025-12-01 04:24:11,987 - INFO - src.optimization_p 134 - Iteración 11 guardada en resultados/Exp_0025_Compe_03_V2_2q_iteraciones.json
2025-12-01 04:24:11,987 - INFO - src.optimization_p 135 - Ganancia: 182,880,640---Parámetros: {params}
2025-12-01 04:24:11,988 - INFO - src.optimization_p 1084 - Trial 11: Ganancia Ensamble Suavizada  = 182,880,640, Max Posible = 186,560,000, Envios = 10,631
2025-12-01 04:32:42,255 - INFO - src.optimization_p 134 - Iteración 12 guardada en resultados/Exp_0025_Compe_03_V2_2q_iteraciones.json
2025-12-01 04:32:42,256 - INFO - src.optimization_p 135 - Ganancia: 183,942,679---Parámetros: {params}
2025-12-01 04:32:42,256 - INFO - src.optimization_p 1084 - Trial 12: Ganancia Ensamble Suavizada  = 183,942,679, Max Posible = 190,100,000, Envios = 11,694
2025-12-01 04:40:30,188 - INFO - src.optimization_p 134 - Iteración 13 guardada en resultados/Exp_0025_Compe_03_V2_2q_iteraciones.json
2025-12-01 04:40:30,189 - INFO - src.optimization_p 135 - Ganancia: 190,395,522---Parámetros: {params}
2025-12-01 04:40:30,189 - INFO - src.optimization_p 1084 - Trial 13: Ganancia Ensamble Suavizada  = 190,395,522, Max Posible = 193,440,000, Envios = 10,727
2025-12-01 04:51:13,576 - INFO - src.optimization_p 134 - Iteración 14 guardada en resultados/Exp_0025_Compe_03_V2_2q_iteraciones.json
2025-12-01 04:51:13,577 - INFO - src.optimization_p 135 - Ganancia: 183,618,951---Parámetros: {params}
2025-12-01 04:51:13,578 - INFO - src.optimization_p 1084 - Trial 14: Ganancia Ensamble Suavizada  = 183,618,951, Max Posible = 187,920,000, Envios = 10,403
2025-12-01 04:58:35,924 - INFO - src.optimization_p 134 - Iteración 15 guardada en resultados/Exp_0025_Compe_03_V2_2q_iteraciones.json
2025-12-01 04:58:35,924 - INFO - src.optimization_p 135 - Ganancia: 184,430,395---Parámetros: {params}
2025-12-01 04:58:35,925 - INFO - src.optimization_p 1084 - Trial 15: Ganancia Ensamble Suavizada  = 184,430,395, Max Posible = 187,620,000, Envios = 9,818
2025-12-01 05:05:24,740 - INFO - src.optimization_p 134 - Iteración 16 guardada en resultados/Exp_0025_Compe_03_V2_2q_iteraciones.json
2025-12-01 05:05:24,741 - INFO - src.optimization_p 135 - Ganancia: 188,041,819---Parámetros: {params}
2025-12-01 05:05:24,742 - INFO - src.optimization_p 1084 - Trial 16: Ganancia Ensamble Suavizada  = 188,041,819, Max Posible = 190,880,000, Envios = 11,295
2025-12-01 05:13:21,608 - INFO - src.optimization_p 134 - Iteración 17 guardada en resultados/Exp_0025_Compe_03_V2_2q_iteraciones.json
2025-12-01 05:13:21,609 - INFO - src.optimization_p 135 - Ganancia: 186,394,313---Parámetros: {params}
2025-12-01 05:13:21,610 - INFO - src.optimization_p 1084 - Trial 17: Ganancia Ensamble Suavizada  = 186,394,313, Max Posible = 191,020,000, Envios = 10,728
2025-12-01 05:19:12,145 - INFO - src.optimization_p 134 - Iteración 18 guardada en resultados/Exp_0025_Compe_03_V2_2q_iteraciones.json
2025-12-01 05:19:12,146 - INFO - src.optimization_p 135 - Ganancia: 188,474,893---Parámetros: {params}
2025-12-01 05:19:12,146 - INFO - src.optimization_p 1084 - Trial 18: Ganancia Ensamble Suavizada  = 188,474,893, Max Posible = 191,860,000, Envios = 10,246
2025-12-01 05:24:39,184 - INFO - src.optimization_p 134 - Iteración 19 guardada en resultados/Exp_0025_Compe_03_V2_2q_iteraciones.json
2025-12-01 05:24:39,185 - INFO - src.optimization_p 135 - Ganancia: 180,303,928---Parámetros: {params}
2025-12-01 05:24:39,185 - INFO - src.optimization_p 1084 - Trial 19: Ganancia Ensamble Suavizada  = 180,303,928, Max Posible = 184,960,000, Envios = 9,911
2025-12-01 05:24:44,114 - INFO - src.optimization_p 1233 - 🏆 Mejor ganancia: 190,395,522
2025-12-01 05:24:45,063 - INFO - src.optimization_p 1234 - Mejores parámetros: {'num_iterations': 62, 'num_leaves': 184, 'learning_rate': 0.22663445283803327, 'feature_fraction': 0.7979962760220494, 'bagging_fraction': 0.9964950432288857, 'min_child_samples': 3, 'max_depth': 27, 'reg_lambda': 4.604425643559828, 'reg_alpha': 0.08741857710696174, 'min_gain_to_split': 1.0417093150966954}
2025-12-01 05:24:45,064 - INFO - __main__ 110 - === ANÁLISIS DE RESULTADOS ===
2025-12-01 05:24:46,287 - INFO - __main__ 114 - Top 5 mejores trials:
2025-12-01 05:24:46,290 - INFO - __main__ 116 -   Trial 13: 190,395,522
2025-12-01 05:24:46,290 - INFO - __main__ 116 -   Trial 18: 188,474,893
2025-12-01 05:24:46,291 - INFO - __main__ 116 -   Trial 16: 188,041,819
2025-12-01 05:24:46,291 - INFO - __main__ 116 -   Trial 17: 186,394,313
2025-12-01 05:24:46,292 - INFO - __main__ 116 -   Trial 15: 184,430,395
2025-12-01 05:24:46,292 - INFO - __main__ 118 - === OPTIMIZACIÓN COMPLETADA ===
2025-12-01 05:24:46,292 - INFO - __main__ 121 - === EVALUACIÓN EN CONJUNTO DE TEST ===
2025-12-01 05:24:46,293 - INFO - src.best_params 50 - Mejores hiperparámetros cargados desde resultados/Exp_0025_Compe_03_V2_2q_iteraciones.json
2025-12-01 05:24:46,293 - INFO - src.best_params 51 - Mejor ganancia encontrada: 190,395,522
2025-12-01 05:24:46,294 - INFO - src.best_params 52 - Trial número: 13
2025-12-01 05:24:46,294 - INFO - src.best_params 53 - Parámetros: {'num_iterations': 62, 'num_leaves': 184, 'learning_rate': 0.22663445283803327, 'feature_fraction': 0.7979962760220494, 'bagging_fraction': 0.9964950432288857, 'min_child_samples': 3, 'max_depth': 27, 'reg_lambda': 4.604425643559828, 'reg_alpha': 0.08741857710696174, 'min_gain_to_split': 1.0417093150966954, 'bagging_freq': 1, 'objective': 'binary', 'metric': 'None', 'random_state': 839071}
2025-12-01 05:24:46,294 - INFO - src.best_params 62 - Ajuste de 'min_child_samples':
2025-12-01 05:24:46,294 - INFO - src.best_params 63 -   Valor original (optimización): 3
2025-12-01 05:24:46,295 - INFO - src.best_params 64 -   Factor de ajuste: 12.00
2025-12-01 05:24:46,295 - INFO - src.best_params 65 -   Nuevo valor (final): 36
2025-12-01 05:24:46,295 - INFO - __main__ 127 - === Evaluación con mismo undersampling ===
2025-12-01 05:24:46,295 - INFO - src.optimization_p 453 - === EVALUACIÓN EN CONJUNTO DE TEST (Promediando N Modelos) ===
2025-12-01 05:24:46,296 - INFO - src.optimization_p 466 - Períodos de test a evaluar: ['202106', '202107']
2025-12-01 05:24:46,296 - INFO - src.optimization_p 467 - Semilla base: 839071, N Modelos: 20
2025-12-01 05:24:47,637 - INFO - src.optimization_p 482 - Iniciando entrenamiento de 20 modelos...
2025-12-01 05:24:47,638 - INFO - src.optimization_p 492 - Entrenando modelo 1/20 (Semilla: 3060817664)...
2025-12-01 05:25:08,334 - INFO - src.optimization_p 492 - Entrenando modelo 2/20 (Semilla: 992140286)...
2025-12-01 05:25:17,716 - INFO - src.optimization_p 492 - Entrenando modelo 3/20 (Semilla: 3237557171)...
2025-12-01 05:25:27,324 - INFO - src.optimization_p 492 - Entrenando modelo 4/20 (Semilla: 2314383897)...
2025-12-01 05:25:36,121 - INFO - src.optimization_p 492 - Entrenando modelo 5/20 (Semilla: 404200786)...
2025-12-01 05:25:49,140 - INFO - src.optimization_p 492 - Entrenando modelo 6/20 (Semilla: 3847701201)...
2025-12-01 05:25:58,755 - INFO - src.optimization_p 492 - Entrenando modelo 7/20 (Semilla: 2865421062)...
2025-12-01 05:26:07,869 - INFO - src.optimization_p 492 - Entrenando modelo 8/20 (Semilla: 3643192183)...
2025-12-01 05:26:17,116 - INFO - src.optimization_p 492 - Entrenando modelo 9/20 (Semilla: 1117668684)...
2025-12-01 05:26:26,747 - INFO - src.optimization_p 492 - Entrenando modelo 10/20 (Semilla: 3510756625)...
2025-12-01 05:26:35,737 - INFO - src.optimization_p 492 - Entrenando modelo 11/20 (Semilla: 2571145538)...
2025-12-01 05:26:44,463 - INFO - src.optimization_p 492 - Entrenando modelo 12/20 (Semilla: 2213045784)...
2025-12-01 05:26:54,133 - INFO - src.optimization_p 492 - Entrenando modelo 13/20 (Semilla: 2153453051)...
2025-12-01 05:27:03,682 - INFO - src.optimization_p 492 - Entrenando modelo 14/20 (Semilla: 3163014560)...
2025-12-01 05:27:12,831 - INFO - src.optimization_p 492 - Entrenando modelo 15/20 (Semilla: 3698929166)...
2025-12-01 05:27:21,941 - INFO - src.optimization_p 492 - Entrenando modelo 16/20 (Semilla: 766887731)...
2025-12-01 05:27:31,009 - INFO - src.optimization_p 492 - Entrenando modelo 17/20 (Semilla: 1371336364)...
2025-12-01 05:27:40,060 - INFO - src.optimization_p 492 - Entrenando modelo 18/20 (Semilla: 1730670187)...
2025-12-01 05:27:49,379 - INFO - src.optimization_p 492 - Entrenando modelo 19/20 (Semilla: 1386299423)...
2025-12-01 05:28:01,625 - INFO - src.optimization_p 492 - Entrenando modelo 20/20 (Semilla: 1650770698)...
2025-12-01 05:28:10,652 - INFO - src.optimization_p 527 - Entrenamiento de los N modelos completado.
2025-12-01 05:28:10,653 - INFO - src.optimization_p 534 - --- Evaluando en Período de Test: 202106 ---
2025-12-01 05:28:11,780 - INFO - src.optimization_p 543 - Dimensiones df_test (202106): (164313, 1005)
2025-12-01 05:28:45,112 - INFO - src.optimization_p 573 - Predicciones completadas para el mes 202106. Promediando...
2025-12-01 05:28:45,187 - INFO - src.optimization_p 604 - Resultados Test Mes 202106 (N=20): Ganancia Suavizada = 330,828,326, Ganancia Máxima = 333,880,000, Envios Máx Gan = 14185
2025-12-01 05:28:45,188 - INFO - src.optimization_p 534 - --- Evaluando en Período de Test: 202107 ---
2025-12-01 05:28:46,624 - INFO - src.optimization_p 543 - Dimensiones df_test (202107): (164596, 1005)
2025-12-01 05:29:35,843 - INFO - src.optimization_p 573 - Predicciones completadas para el mes 202107. Promediando...
2025-12-01 05:29:35,961 - INFO - src.optimization_p 604 - Resultados Test Mes 202107 (N=20): Ganancia Suavizada = 369,805,327, Ganancia Máxima = 374,060,000, Envios Máx Gan = 14536
2025-12-01 05:29:35,962 - INFO - src.optimization_p 611 - === EVALUACIÓN EN CONJUNTO DE TEST COMPLETADA ===
2025-12-01 05:29:36,039 - INFO - __main__ 130 - === Evaluación con undersampling final ===
2025-12-01 05:29:36,041 - INFO - src.optimization_p 453 - === EVALUACIÓN EN CONJUNTO DE TEST (Promediando N Modelos) ===
2025-12-01 05:29:36,042 - INFO - src.optimization_p 466 - Períodos de test a evaluar: ['202106', '202107']
2025-12-01 05:29:36,044 - INFO - src.optimization_p 467 - Semilla base: 839071, N Modelos: 20
2025-12-01 05:29:37,696 - INFO - src.optimization_p 482 - Iniciando entrenamiento de 20 modelos...
2025-12-01 05:29:37,697 - INFO - src.optimization_p 492 - Entrenando modelo 1/20 (Semilla: 3060817664)...
2025-12-01 05:30:48,314 - INFO - src.optimization_p 492 - Entrenando modelo 2/20 (Semilla: 992140286)...
2025-12-01 05:31:17,248 - INFO - src.optimization_p 492 - Entrenando modelo 3/20 (Semilla: 3237557171)...
2025-12-01 05:31:33,156 - INFO - src.optimization_p 492 - Entrenando modelo 4/20 (Semilla: 2314383897)...
2025-12-01 05:31:45,855 - INFO - src.optimization_p 492 - Entrenando modelo 5/20 (Semilla: 404200786)...
2025-12-01 05:31:56,516 - INFO - src.optimization_p 492 - Entrenando modelo 6/20 (Semilla: 3847701201)...
2025-12-01 05:32:07,466 - INFO - src.optimization_p 492 - Entrenando modelo 7/20 (Semilla: 2865421062)...
2025-12-01 05:32:28,610 - INFO - src.optimization_p 492 - Entrenando modelo 8/20 (Semilla: 3643192183)...
2025-12-01 05:32:37,519 - INFO - src.optimization_p 492 - Entrenando modelo 9/20 (Semilla: 1117668684)...
2025-12-01 05:32:46,592 - INFO - src.optimization_p 492 - Entrenando modelo 10/20 (Semilla: 3510756625)...
2025-12-01 05:32:55,827 - INFO - src.optimization_p 492 - Entrenando modelo 11/20 (Semilla: 2571145538)...
2025-12-01 05:33:05,269 - INFO - src.optimization_p 492 - Entrenando modelo 12/20 (Semilla: 2213045784)...
2025-12-01 05:33:14,028 - INFO - src.optimization_p 492 - Entrenando modelo 13/20 (Semilla: 2153453051)...
2025-12-01 05:33:22,922 - INFO - src.optimization_p 492 - Entrenando modelo 14/20 (Semilla: 3163014560)...
2025-12-01 05:33:31,947 - INFO - src.optimization_p 492 - Entrenando modelo 15/20 (Semilla: 3698929166)...
2025-12-01 05:33:40,706 - INFO - src.optimization_p 492 - Entrenando modelo 16/20 (Semilla: 766887731)...
2025-12-01 05:33:49,347 - INFO - src.optimization_p 492 - Entrenando modelo 17/20 (Semilla: 1371336364)...
2025-12-01 05:33:58,143 - INFO - src.optimization_p 492 - Entrenando modelo 18/20 (Semilla: 1730670187)...
2025-12-01 05:34:07,671 - INFO - src.optimization_p 492 - Entrenando modelo 19/20 (Semilla: 1386299423)...
2025-12-01 05:34:17,292 - INFO - src.optimization_p 492 - Entrenando modelo 20/20 (Semilla: 1650770698)...
2025-12-01 05:34:26,733 - INFO - src.optimization_p 527 - Entrenamiento de los N modelos completado.
2025-12-01 05:34:26,734 - INFO - src.optimization_p 534 - --- Evaluando en Período de Test: 202106 ---
2025-12-01 05:34:27,839 - INFO - src.optimization_p 543 - Dimensiones df_test (202106): (164313, 1005)
2025-12-01 05:35:00,730 - INFO - src.optimization_p 573 - Predicciones completadas para el mes 202106. Promediando...
2025-12-01 05:35:00,802 - INFO - src.optimization_p 604 - Resultados Test Mes 202106 (N=20): Ganancia Suavizada = 350,348,396, Ganancia Máxima = 353,540,000, Envios Máx Gan = 13602
2025-12-01 05:35:00,803 - INFO - src.optimization_p 534 - --- Evaluando en Período de Test: 202107 ---
2025-12-01 05:35:01,859 - INFO - src.optimization_p 543 - Dimensiones df_test (202107): (164596, 1005)
2025-12-01 05:35:34,701 - INFO - src.optimization_p 573 - Predicciones completadas para el mes 202107. Promediando...
2025-12-01 05:35:34,771 - INFO - src.optimization_p 604 - Resultados Test Mes 202107 (N=20): Ganancia Suavizada = 398,751,314, Ganancia Máxima = 406,180,000, Envios Máx Gan = 10770
2025-12-01 05:35:34,772 - INFO - src.optimization_p 611 - === EVALUACIÓN EN CONJUNTO DE TEST COMPLETADA ===
2025-12-01 05:35:34,844 - INFO - __main__ 180 - >>> Ejecución finalizada. Revisar logs para mas detalles.
2025-12-01 05:35:35,066 - INFO - __main__ 189 - Ejecución finalizada.
