2025-11-14 04:07:56,708 - INFO - __main__ 171 - Script iniciado directamente.
2025-11-14 04:07:56,709 - INFO - __main__ 47 - Inicio de ejecucion.
2025-11-14 04:07:56,709 - INFO - __main__ 49 - Número de trials por estudio: 35
2025-11-14 04:07:56,710 - INFO - __main__ 57 - === CREACION DE CLASE TERNARIA EN GCS ===
2025-11-14 04:07:59,461 - INFO - __main__ 61 - === INICIO DE DATA QUALITY - INTERPOLACION DE DATOS FALTANTES ===
2025-11-14 04:08:04,179 - INFO - __main__ 78 - Archivo de features encontrado: gs://guijomter_bukito3/Compe_02/data/df_fe_Compe_02_V2_1ob_ss01.parquet. Cargando desde GCS.
2025-11-14 04:08:04,292 - INFO - src.bucket_utils_p 86 - Descargando de GCS: gs://guijomter_bukito3/Compe_02/data/df_fe_Compe_02_V2_1ob_ss01.parquet
2025-11-14 04:09:43,376 - INFO - src.bucket_utils_p 90 - Descargado en: /tmp/df_fe_Compe_02_V2_1ob_ss01.parquet
2025-11-14 04:10:09,427 - INFO - src.bucket_utils_p 94 - DataFrame cargado en memoria.
2025-11-14 04:10:09,428 - INFO - src.bucket_utils_p 101 - Archivo temporal /tmp/df_fe_Compe_02_V2_1ob_ss01.parquet eliminado.
2025-11-14 04:10:09,429 - INFO - __main__ 101 - Feature Engineering completado: (4717958, 981)
2025-11-14 04:10:09,429 - INFO - src.optimization_p 765 - Iniciando optimización con 35 trials
2025-11-14 04:10:09,430 - INFO - src.optimization_p 766 - Configuración: TRAIN=['201901', '201902', '201903', '201904', '201905', '201906', '201907', '201908', '201909', '201910', '201911', '201912', '202001', '202002', '202003', '202004', '202005', '202007', '202008', '202009', '202010', '202011', '202012'], VALID=202102, SEMILLA=[839071, 666557]
2025-11-14 04:10:09,646 - INFO - src.optimization_p 725 - 🆕 No se encontró base de datos previa
2025-11-14 04:10:09,646 - INFO - src.optimization_p 726 - 📁 Creando nueva base de datos: /home/guijomter/buckets/b1/Compe_02/optuna_db/Compe_02_V2_1ob_ss01.db
2025-11-14 04:10:38,355 - INFO - src.optimization_p 737 - ✅ Nuevo estudio creado: Compe_02_V2_1ob_ss01
2025-11-14 04:10:38,356 - INFO - src.optimization_p 738 - 💾 Storage: sqlite:////home/guijomter/buckets/b1/Compe_02/optuna_db/Compe_02_V2_1ob_ss01.db
2025-11-14 04:10:38,562 - INFO - src.optimization_p 779 - 🆕 Nueva optimización: 35 trials
2025-11-14 04:11:30,909 - INFO - src.optimization_p 958 - Undersampling aplicado: tasa=0.1, registros originales=3256999 (C May: 3230508 / C Min: 26491), registros finales=469243 (CMay : 442752 / CMin: 26491)
2025-11-14 04:19:44,761 - INFO - src.optimization_p 134 - Iteración 0 guardada en resultados/Compe_02_V2_1ob_ss01_iteraciones.json
2025-11-14 04:19:44,763 - INFO - src.optimization_p 135 - Ganancia: 212,346,482---Parámetros: {params}
2025-11-14 04:19:44,764 - INFO - src.optimization_p 636 - Trial 0: Ganancia Media = 212,346,482, Ganancia Max = 215,988,000, Envios Max Gan = 10,894
2025-11-14 04:20:18,085 - INFO - src.optimization_p 958 - Undersampling aplicado: tasa=0.1, registros originales=3256999 (C May: 3230508 / C Min: 26491), registros finales=469132 (CMay : 442641 / CMin: 26491)
2025-11-14 04:32:04,226 - INFO - src.optimization_p 134 - Iteración 1 guardada en resultados/Compe_02_V2_1ob_ss01_iteraciones.json
2025-11-14 04:32:04,227 - INFO - src.optimization_p 135 - Ganancia: 258,153,465---Parámetros: {params}
2025-11-14 04:32:04,228 - INFO - src.optimization_p 636 - Trial 1: Ganancia Media = 258,153,465, Ganancia Max = 261,218,000, Envios Max Gan = 10,642
2025-11-14 04:32:37,950 - INFO - src.optimization_p 958 - Undersampling aplicado: tasa=0.1, registros originales=3256999 (C May: 3230508 / C Min: 26491), registros finales=469254 (CMay : 442763 / CMin: 26491)
2025-11-14 04:38:06,354 - INFO - src.optimization_p 134 - Iteración 2 guardada en resultados/Compe_02_V2_1ob_ss01_iteraciones.json
2025-11-14 04:38:06,355 - INFO - src.optimization_p 135 - Ganancia: 216,575,350---Parámetros: {params}
2025-11-14 04:38:06,355 - INFO - src.optimization_p 636 - Trial 2: Ganancia Media = 216,575,350, Ganancia Max = 219,685,000, Envios Max Gan = 10,555
2025-11-14 04:38:51,675 - INFO - src.optimization_p 958 - Undersampling aplicado: tasa=0.1, registros originales=3256999 (C May: 3230508 / C Min: 26491), registros finales=468635 (CMay : 442144 / CMin: 26491)
2025-11-14 04:47:37,945 - INFO - src.optimization_p 134 - Iteración 3 guardada en resultados/Compe_02_V2_1ob_ss01_iteraciones.json
2025-11-14 04:47:37,946 - INFO - src.optimization_p 135 - Ganancia: 227,661,387---Parámetros: {params}
2025-11-14 04:47:37,946 - INFO - src.optimization_p 636 - Trial 3: Ganancia Media = 227,661,387, Ganancia Max = 230,648,000, Envios Max Gan = 10,451
2025-11-14 04:48:14,644 - INFO - src.optimization_p 958 - Undersampling aplicado: tasa=0.1, registros originales=3256999 (C May: 3230508 / C Min: 26491), registros finales=468992 (CMay : 442501 / CMin: 26491)
2025-11-14 04:56:14,780 - INFO - src.optimization_p 134 - Iteración 4 guardada en resultados/Compe_02_V2_1ob_ss01_iteraciones.json
2025-11-14 04:56:14,781 - INFO - src.optimization_p 135 - Ganancia: 209,449,486---Parámetros: {params}
2025-11-14 04:56:14,781 - INFO - src.optimization_p 636 - Trial 4: Ganancia Media = 209,449,486, Ganancia Max = 213,095,000, Envios Max Gan = 10,506
2025-11-14 04:56:53,487 - INFO - src.optimization_p 958 - Undersampling aplicado: tasa=0.1, registros originales=3256999 (C May: 3230508 / C Min: 26491), registros finales=470045 (CMay : 443554 / CMin: 26491)
2025-11-14 05:10:35,119 - INFO - src.optimization_p 134 - Iteración 5 guardada en resultados/Compe_02_V2_1ob_ss01_iteraciones.json
2025-11-14 05:10:35,119 - INFO - src.optimization_p 135 - Ganancia: 268,664,367---Parámetros: {params}
2025-11-14 05:10:35,120 - INFO - src.optimization_p 636 - Trial 5: Ganancia Media = 268,664,367, Ganancia Max = 271,791,000, Envios Max Gan = 10,495
2025-11-14 05:11:11,101 - INFO - src.optimization_p 958 - Undersampling aplicado: tasa=0.1, registros originales=3256999 (C May: 3230508 / C Min: 26491), registros finales=468495 (CMay : 442004 / CMin: 26491)
2025-11-14 05:18:40,640 - INFO - src.optimization_p 134 - Iteración 6 guardada en resultados/Compe_02_V2_1ob_ss01_iteraciones.json
2025-11-14 05:18:40,641 - INFO - src.optimization_p 135 - Ganancia: 219,408,038---Parámetros: {params}
2025-11-14 05:18:40,641 - INFO - src.optimization_p 636 - Trial 6: Ganancia Media = 219,408,038, Ganancia Max = 222,206,000, Envios Max Gan = 11,201
2025-11-14 05:19:18,314 - INFO - src.optimization_p 958 - Undersampling aplicado: tasa=0.1, registros originales=3256999 (C May: 3230508 / C Min: 26491), registros finales=469136 (CMay : 442645 / CMin: 26491)
2025-11-14 05:32:42,667 - INFO - src.optimization_p 134 - Iteración 7 guardada en resultados/Compe_02_V2_1ob_ss01_iteraciones.json
2025-11-14 05:32:42,668 - INFO - src.optimization_p 135 - Ganancia: 252,097,671---Parámetros: {params}
2025-11-14 05:32:42,668 - INFO - src.optimization_p 636 - Trial 7: Ganancia Media = 252,097,671, Ganancia Max = 255,089,000, Envios Max Gan = 10,655
2025-11-14 05:33:19,790 - INFO - src.optimization_p 958 - Undersampling aplicado: tasa=0.1, registros originales=3256999 (C May: 3230508 / C Min: 26491), registros finales=468319 (CMay : 441828 / CMin: 26491)
2025-11-14 05:38:35,476 - INFO - src.optimization_p 134 - Iteración 8 guardada en resultados/Compe_02_V2_1ob_ss01_iteraciones.json
2025-11-14 05:38:35,476 - INFO - src.optimization_p 135 - Ganancia: 228,175,658---Parámetros: {params}
2025-11-14 05:38:35,477 - INFO - src.optimization_p 636 - Trial 8: Ganancia Media = 228,175,658, Ganancia Max = 231,474,000, Envios Max Gan = 10,085
2025-11-14 05:39:19,585 - INFO - src.optimization_p 958 - Undersampling aplicado: tasa=0.1, registros originales=3256999 (C May: 3230508 / C Min: 26491), registros finales=468581 (CMay : 442090 / CMin: 26491)
2025-11-14 05:46:30,382 - INFO - src.optimization_p 134 - Iteración 9 guardada en resultados/Compe_02_V2_1ob_ss01_iteraciones.json
2025-11-14 05:46:30,383 - INFO - src.optimization_p 135 - Ganancia: 258,859,429---Parámetros: {params}
2025-11-14 05:46:30,383 - INFO - src.optimization_p 636 - Trial 9: Ganancia Media = 258,859,429, Ganancia Max = 262,208,000, Envios Max Gan = 10,849
2025-11-14 05:47:03,879 - INFO - src.optimization_p 958 - Undersampling aplicado: tasa=0.1, registros originales=3256999 (C May: 3230508 / C Min: 26491), registros finales=469737 (CMay : 443246 / CMin: 26491)
2025-11-14 05:55:09,252 - INFO - src.optimization_p 134 - Iteración 10 guardada en resultados/Compe_02_V2_1ob_ss01_iteraciones.json
2025-11-14 05:55:09,252 - INFO - src.optimization_p 135 - Ganancia: 251,131,245---Parámetros: {params}
2025-11-14 05:55:09,253 - INFO - src.optimization_p 636 - Trial 10: Ganancia Media = 251,131,245, Ganancia Max = 254,216,000, Envios Max Gan = 10,798
2025-11-14 05:55:45,237 - INFO - src.optimization_p 958 - Undersampling aplicado: tasa=0.1, registros originales=3256999 (C May: 3230508 / C Min: 26491), registros finales=469220 (CMay : 442729 / CMin: 26491)
2025-11-14 06:03:33,921 - INFO - src.optimization_p 134 - Iteración 11 guardada en resultados/Compe_02_V2_1ob_ss01_iteraciones.json
2025-11-14 06:03:33,922 - INFO - src.optimization_p 135 - Ganancia: 231,305,769---Parámetros: {params}
2025-11-14 06:03:33,922 - INFO - src.optimization_p 636 - Trial 11: Ganancia Media = 231,305,769, Ganancia Max = 234,395,000, Envios Max Gan = 10,839
2025-11-14 06:04:08,741 - INFO - src.optimization_p 958 - Undersampling aplicado: tasa=0.1, registros originales=3256999 (C May: 3230508 / C Min: 26491), registros finales=468379 (CMay : 441888 / CMin: 26491)
2025-11-14 06:12:44,301 - INFO - src.optimization_p 134 - Iteración 12 guardada en resultados/Compe_02_V2_1ob_ss01_iteraciones.json
2025-11-14 06:12:44,301 - INFO - src.optimization_p 135 - Ganancia: 262,394,736---Parámetros: {params}
2025-11-14 06:12:44,302 - INFO - src.optimization_p 636 - Trial 12: Ganancia Media = 262,394,736, Ganancia Max = 265,091,000, Envios Max Gan = 10,852
2025-11-14 06:13:18,467 - INFO - src.optimization_p 958 - Undersampling aplicado: tasa=0.1, registros originales=3256999 (C May: 3230508 / C Min: 26491), registros finales=469036 (CMay : 442545 / CMin: 26491)
2025-11-14 06:28:00,641 - INFO - src.optimization_p 134 - Iteración 13 guardada en resultados/Compe_02_V2_1ob_ss01_iteraciones.json
2025-11-14 06:28:00,642 - INFO - src.optimization_p 135 - Ganancia: 269,491,896---Parámetros: {params}
2025-11-14 06:28:00,643 - INFO - src.optimization_p 636 - Trial 13: Ganancia Media = 269,491,896, Ganancia Max = 272,788,000, Envios Max Gan = 10,206
2025-11-14 06:28:36,553 - INFO - src.optimization_p 958 - Undersampling aplicado: tasa=0.1, registros originales=3256999 (C May: 3230508 / C Min: 26491), registros finales=469399 (CMay : 442908 / CMin: 26491)
2025-11-14 06:43:40,596 - INFO - src.optimization_p 134 - Iteración 14 guardada en resultados/Compe_02_V2_1ob_ss01_iteraciones.json
2025-11-14 06:43:40,597 - INFO - src.optimization_p 135 - Ganancia: 268,381,429---Parámetros: {params}
2025-11-14 06:43:40,597 - INFO - src.optimization_p 636 - Trial 14: Ganancia Media = 268,381,429, Ganancia Max = 271,810,000, Envios Max Gan = 10,340
2025-11-14 06:44:18,464 - INFO - src.optimization_p 958 - Undersampling aplicado: tasa=0.1, registros originales=3256999 (C May: 3230508 / C Min: 26491), registros finales=469361 (CMay : 442870 / CMin: 26491)
2025-11-14 07:04:28,227 - INFO - src.optimization_p 134 - Iteración 15 guardada en resultados/Compe_02_V2_1ob_ss01_iteraciones.json
2025-11-14 07:04:28,228 - INFO - src.optimization_p 135 - Ganancia: 263,803,745---Parámetros: {params}
2025-11-14 07:04:28,228 - INFO - src.optimization_p 636 - Trial 15: Ganancia Media = 263,803,745, Ganancia Max = 266,749,000, Envios Max Gan = 10,268
2025-11-14 07:05:05,211 - INFO - src.optimization_p 958 - Undersampling aplicado: tasa=0.1, registros originales=3256999 (C May: 3230508 / C Min: 26491), registros finales=470292 (CMay : 443801 / CMin: 26491)
2025-11-14 07:16:05,523 - INFO - src.optimization_p 134 - Iteración 16 guardada en resultados/Compe_02_V2_1ob_ss01_iteraciones.json
2025-11-14 07:16:05,523 - INFO - src.optimization_p 135 - Ganancia: 262,131,161---Parámetros: {params}
2025-11-14 07:16:05,524 - INFO - src.optimization_p 636 - Trial 16: Ganancia Media = 262,131,161, Ganancia Max = 265,412,000, Envios Max Gan = 10,502
2025-11-14 07:16:40,027 - INFO - src.optimization_p 958 - Undersampling aplicado: tasa=0.1, registros originales=3256999 (C May: 3230508 / C Min: 26491), registros finales=468396 (CMay : 441905 / CMin: 26491)
2025-11-14 07:34:00,328 - INFO - src.optimization_p 134 - Iteración 17 guardada en resultados/Compe_02_V2_1ob_ss01_iteraciones.json
2025-11-14 07:34:00,329 - INFO - src.optimization_p 135 - Ganancia: 262,173,342---Parámetros: {params}
2025-11-14 07:34:00,329 - INFO - src.optimization_p 636 - Trial 17: Ganancia Media = 262,173,342, Ganancia Max = 265,315,000, Envios Max Gan = 10,329
2025-11-14 07:34:36,578 - INFO - src.optimization_p 958 - Undersampling aplicado: tasa=0.1, registros originales=3256999 (C May: 3230508 / C Min: 26491), registros finales=469276 (CMay : 442785 / CMin: 26491)
2025-11-14 07:44:50,507 - INFO - src.optimization_p 134 - Iteración 18 guardada en resultados/Compe_02_V2_1ob_ss01_iteraciones.json
2025-11-14 07:44:50,509 - INFO - src.optimization_p 135 - Ganancia: 256,681,418---Parámetros: {params}
2025-11-14 07:44:50,509 - INFO - src.optimization_p 636 - Trial 18: Ganancia Media = 256,681,418, Ganancia Max = 259,819,000, Envios Max Gan = 10,938
2025-11-14 07:45:26,304 - INFO - src.optimization_p 958 - Undersampling aplicado: tasa=0.1, registros originales=3256999 (C May: 3230508 / C Min: 26491), registros finales=469290 (CMay : 442799 / CMin: 26491)
2025-11-14 07:58:15,637 - INFO - src.optimization_p 134 - Iteración 19 guardada en resultados/Compe_02_V2_1ob_ss01_iteraciones.json
2025-11-14 07:58:15,638 - INFO - src.optimization_p 135 - Ganancia: 264,329,618---Parámetros: {params}
2025-11-14 07:58:15,638 - INFO - src.optimization_p 636 - Trial 19: Ganancia Media = 264,329,618, Ganancia Max = 267,188,000, Envios Max Gan = 10,064
2025-11-14 07:58:50,217 - INFO - src.optimization_p 958 - Undersampling aplicado: tasa=0.1, registros originales=3256999 (C May: 3230508 / C Min: 26491), registros finales=468177 (CMay : 441686 / CMin: 26491)
2025-11-14 08:05:50,786 - INFO - src.optimization_p 134 - Iteración 20 guardada en resultados/Compe_02_V2_1ob_ss01_iteraciones.json
2025-11-14 08:05:50,787 - INFO - src.optimization_p 135 - Ganancia: 222,321,834---Parámetros: {params}
2025-11-14 08:05:50,787 - INFO - src.optimization_p 636 - Trial 20: Ganancia Media = 222,321,834, Ganancia Max = 225,476,000, Envios Max Gan = 11,163
2025-11-14 08:06:31,361 - INFO - src.optimization_p 958 - Undersampling aplicado: tasa=0.1, registros originales=3256999 (C May: 3230508 / C Min: 26491), registros finales=468616 (CMay : 442125 / CMin: 26491)
2025-11-14 08:20:52,544 - INFO - src.optimization_p 134 - Iteración 21 guardada en resultados/Compe_02_V2_1ob_ss01_iteraciones.json
2025-11-14 08:20:52,545 - INFO - src.optimization_p 135 - Ganancia: 265,839,413---Parámetros: {params}
2025-11-14 08:20:52,545 - INFO - src.optimization_p 636 - Trial 21: Ganancia Media = 265,839,413, Ganancia Max = 268,772,000, Envios Max Gan = 10,226
2025-11-14 08:21:29,982 - INFO - src.optimization_p 958 - Undersampling aplicado: tasa=0.1, registros originales=3256999 (C May: 3230508 / C Min: 26491), registros finales=469698 (CMay : 443207 / CMin: 26491)
2025-11-14 08:38:28,916 - INFO - src.optimization_p 134 - Iteración 22 guardada en resultados/Compe_02_V2_1ob_ss01_iteraciones.json
2025-11-14 08:38:28,917 - INFO - src.optimization_p 135 - Ganancia: 270,892,858---Parámetros: {params}
2025-11-14 08:38:28,917 - INFO - src.optimization_p 636 - Trial 22: Ganancia Media = 270,892,858, Ganancia Max = 273,991,000, Envios Max Gan = 10,317
2025-11-14 08:39:04,253 - INFO - src.optimization_p 958 - Undersampling aplicado: tasa=0.1, registros originales=3256999 (C May: 3230508 / C Min: 26491), registros finales=468906 (CMay : 442415 / CMin: 26491)
2025-11-14 08:54:03,955 - INFO - src.optimization_p 134 - Iteración 23 guardada en resultados/Compe_02_V2_1ob_ss01_iteraciones.json
2025-11-14 08:54:03,956 - INFO - src.optimization_p 135 - Ganancia: 269,408,451---Parámetros: {params}
2025-11-14 08:54:03,956 - INFO - src.optimization_p 636 - Trial 23: Ganancia Media = 269,408,451, Ganancia Max = 272,339,000, Envios Max Gan = 10,200
2025-11-14 08:54:39,751 - INFO - src.optimization_p 958 - Undersampling aplicado: tasa=0.1, registros originales=3256999 (C May: 3230508 / C Min: 26491), registros finales=469571 (CMay : 443080 / CMin: 26491)
2025-11-14 09:08:57,478 - INFO - src.optimization_p 134 - Iteración 24 guardada en resultados/Compe_02_V2_1ob_ss01_iteraciones.json
2025-11-14 09:08:57,479 - INFO - src.optimization_p 135 - Ganancia: 270,488,680---Parámetros: {params}
2025-11-14 09:08:57,480 - INFO - src.optimization_p 636 - Trial 24: Ganancia Media = 270,488,680, Ganancia Max = 273,449,000, Envios Max Gan = 10,151
2025-11-14 09:09:32,992 - INFO - src.optimization_p 958 - Undersampling aplicado: tasa=0.1, registros originales=3256999 (C May: 3230508 / C Min: 26491), registros finales=469579 (CMay : 443088 / CMin: 26491)
2025-11-14 09:20:33,672 - INFO - src.optimization_p 134 - Iteración 25 guardada en resultados/Compe_02_V2_1ob_ss01_iteraciones.json
2025-11-14 09:20:33,673 - INFO - src.optimization_p 135 - Ganancia: 266,096,437---Parámetros: {params}
2025-11-14 09:20:33,673 - INFO - src.optimization_p 636 - Trial 25: Ganancia Media = 266,096,437, Ganancia Max = 269,253,000, Envios Max Gan = 10,412
2025-11-14 09:21:07,301 - INFO - src.optimization_p 958 - Undersampling aplicado: tasa=0.1, registros originales=3256999 (C May: 3230508 / C Min: 26491), registros finales=469224 (CMay : 442733 / CMin: 26491)
2025-11-14 09:36:12,949 - INFO - src.optimization_p 134 - Iteración 26 guardada en resultados/Compe_02_V2_1ob_ss01_iteraciones.json
2025-11-14 09:36:12,951 - INFO - src.optimization_p 135 - Ganancia: 265,937,357---Parámetros: {params}
2025-11-14 09:36:12,951 - INFO - src.optimization_p 636 - Trial 26: Ganancia Media = 265,937,357, Ganancia Max = 269,134,000, Envios Max Gan = 10,642
2025-11-14 09:36:48,060 - INFO - src.optimization_p 958 - Undersampling aplicado: tasa=0.1, registros originales=3256999 (C May: 3230508 / C Min: 26491), registros finales=469637 (CMay : 443146 / CMin: 26491)
2025-11-14 09:49:34,873 - INFO - src.optimization_p 134 - Iteración 27 guardada en resultados/Compe_02_V2_1ob_ss01_iteraciones.json
2025-11-14 09:49:34,874 - INFO - src.optimization_p 135 - Ganancia: 267,159,484---Parámetros: {params}
2025-11-14 09:49:34,874 - INFO - src.optimization_p 636 - Trial 27: Ganancia Media = 267,159,484, Ganancia Max = 270,243,000, Envios Max Gan = 10,355
2025-11-14 09:50:09,261 - INFO - src.optimization_p 958 - Undersampling aplicado: tasa=0.1, registros originales=3256999 (C May: 3230508 / C Min: 26491), registros finales=468413 (CMay : 441922 / CMin: 26491)
2025-11-14 10:02:19,493 - INFO - src.optimization_p 134 - Iteración 28 guardada en resultados/Compe_02_V2_1ob_ss01_iteraciones.json
2025-11-14 10:02:19,493 - INFO - src.optimization_p 135 - Ganancia: 265,411,780---Parámetros: {params}
2025-11-14 10:02:19,494 - INFO - src.optimization_p 636 - Trial 28: Ganancia Media = 265,411,780, Ganancia Max = 268,712,000, Envios Max Gan = 10,569
2025-11-14 10:02:54,484 - INFO - src.optimization_p 958 - Undersampling aplicado: tasa=0.1, registros originales=3256999 (C May: 3230508 / C Min: 26491), registros finales=468996 (CMay : 442505 / CMin: 26491)
2025-11-14 10:17:23,056 - INFO - src.optimization_p 134 - Iteración 29 guardada en resultados/Compe_02_V2_1ob_ss01_iteraciones.json
2025-11-14 10:17:23,057 - INFO - src.optimization_p 135 - Ganancia: 270,296,584---Parámetros: {params}
2025-11-14 10:17:23,057 - INFO - src.optimization_p 636 - Trial 29: Ganancia Media = 270,296,584, Ganancia Max = 273,481,000, Envios Max Gan = 10,243
2025-11-14 10:17:59,206 - INFO - src.optimization_p 958 - Undersampling aplicado: tasa=0.1, registros originales=3256999 (C May: 3230508 / C Min: 26491), registros finales=469112 (CMay : 442621 / CMin: 26491)
2025-11-14 10:32:59,607 - INFO - src.optimization_p 134 - Iteración 30 guardada en resultados/Compe_02_V2_1ob_ss01_iteraciones.json
2025-11-14 10:32:59,608 - INFO - src.optimization_p 135 - Ganancia: 264,178,213---Parámetros: {params}
2025-11-14 10:32:59,609 - INFO - src.optimization_p 636 - Trial 30: Ganancia Media = 264,178,213, Ganancia Max = 267,431,000, Envios Max Gan = 10,031
2025-11-14 10:33:35,868 - INFO - src.optimization_p 958 - Undersampling aplicado: tasa=0.1, registros originales=3256999 (C May: 3230508 / C Min: 26491), registros finales=468553 (CMay : 442062 / CMin: 26491)
2025-11-14 10:48:20,942 - INFO - src.optimization_p 134 - Iteración 31 guardada en resultados/Compe_02_V2_1ob_ss01_iteraciones.json
2025-11-14 10:48:20,943 - INFO - src.optimization_p 135 - Ganancia: 268,456,103---Parámetros: {params}
2025-11-14 10:48:20,943 - INFO - src.optimization_p 636 - Trial 31: Ganancia Media = 268,456,103, Ganancia Max = 271,799,000, Envios Max Gan = 10,541
2025-11-14 10:48:55,717 - INFO - src.optimization_p 958 - Undersampling aplicado: tasa=0.1, registros originales=3256999 (C May: 3230508 / C Min: 26491), registros finales=469703 (CMay : 443212 / CMin: 26491)
2025-11-14 11:02:29,157 - INFO - src.optimization_p 134 - Iteración 32 guardada en resultados/Compe_02_V2_1ob_ss01_iteraciones.json
2025-11-14 11:02:29,157 - INFO - src.optimization_p 135 - Ganancia: 264,826,825---Parámetros: {params}
2025-11-14 11:02:29,158 - INFO - src.optimization_p 636 - Trial 32: Ganancia Media = 264,826,825, Ganancia Max = 268,052,000, Envios Max Gan = 10,310
2025-11-14 11:03:03,774 - INFO - src.optimization_p 958 - Undersampling aplicado: tasa=0.1, registros originales=3256999 (C May: 3230508 / C Min: 26491), registros finales=469458 (CMay : 442967 / CMin: 26491)
2025-11-14 11:15:06,817 - INFO - src.optimization_p 134 - Iteración 33 guardada en resultados/Compe_02_V2_1ob_ss01_iteraciones.json
2025-11-14 11:15:06,818 - INFO - src.optimization_p 135 - Ganancia: 268,296,403---Parámetros: {params}
2025-11-14 11:15:06,818 - INFO - src.optimization_p 636 - Trial 33: Ganancia Media = 268,296,403, Ganancia Max = 271,259,000, Envios Max Gan = 10,246
2025-11-14 11:15:40,779 - INFO - src.optimization_p 958 - Undersampling aplicado: tasa=0.1, registros originales=3256999 (C May: 3230508 / C Min: 26491), registros finales=469650 (CMay : 443159 / CMin: 26491)
2025-11-14 11:32:40,053 - INFO - src.optimization_p 134 - Iteración 34 guardada en resultados/Compe_02_V2_1ob_ss01_iteraciones.json
2025-11-14 11:32:40,054 - INFO - src.optimization_p 135 - Ganancia: 266,353,017---Parámetros: {params}
2025-11-14 11:32:40,054 - INFO - src.optimization_p 636 - Trial 34: Ganancia Media = 266,353,017, Ganancia Max = 269,810,000, Envios Max Gan = 10,310
2025-11-14 11:32:45,151 - INFO - src.optimization_p 785 - 🏆 Mejor ganancia: 270,892,858
2025-11-14 11:32:46,152 - INFO - src.optimization_p 786 - Mejores parámetros: {'num_iterations': 274, 'num_leaves': 207, 'learning_rate': 0.046368297006715596, 'feature_fraction': 0.9965231180963919, 'min_child_samples': 19, 'max_depth': 20, 'reg_lambda': 3.086881463343384, 'reg_alpha': 7.129031124429922, 'min_gain_to_split': 4.52375663014414, 'is_unbalance': False}
2025-11-14 11:32:46,152 - INFO - __main__ 108 - === ANÁLISIS DE RESULTADOS ===
2025-11-14 11:32:47,679 - INFO - __main__ 112 - Top 5 mejores trials:
2025-11-14 11:32:47,710 - INFO - __main__ 114 -   Trial 22: 270,892,858
2025-11-14 11:32:47,711 - INFO - __main__ 114 -   Trial 24: 270,488,680
2025-11-14 11:32:47,711 - INFO - __main__ 114 -   Trial 29: 270,296,584
2025-11-14 11:32:47,712 - INFO - __main__ 114 -   Trial 13: 269,491,896
2025-11-14 11:32:47,712 - INFO - __main__ 114 -   Trial 23: 269,408,451
2025-11-14 11:32:47,712 - INFO - __main__ 116 - === OPTIMIZACIÓN COMPLETADA ===
2025-11-14 11:32:47,713 - INFO - __main__ 119 - === EVALUACIÓN EN CONJUNTO DE TEST ===
2025-11-14 11:32:47,714 - INFO - src.best_params 49 - Mejores hiperparámetros cargados desde resultados/Compe_02_V2_1ob_ss01_iteraciones.json
2025-11-14 11:32:47,714 - INFO - src.best_params 50 - Mejor ganancia encontrada: 270,892,858
2025-11-14 11:32:47,714 - INFO - src.best_params 51 - Trial número: 22
2025-11-14 11:32:47,714 - INFO - src.best_params 52 - Parámetros: {'num_iterations': 274, 'num_leaves': 207, 'learning_rate': 0.046368297006715596, 'feature_fraction': 0.9965231180963919, 'min_child_samples': 19, 'max_depth': 20, 'reg_lambda': 3.086881463343384, 'reg_alpha': 7.129031124429922, 'min_gain_to_split': 4.52375663014414, 'is_unbalance': False, 'bagging_freq': 1, 'objective': 'binary', 'metric': 'None', 'random_state': 839071}
2025-11-14 11:32:47,715 - INFO - src.optimization_p 423 - === EVALUACIÓN EN CONJUNTO DE TEST (Promediando N Modelos) ===
2025-11-14 11:32:47,715 - INFO - src.optimization_p 424 - Período de test: 202104
2025-11-14 11:32:47,715 - INFO - src.optimization_p 425 - Semilla base: 839071, N Modelos: 20
2025-11-14 11:33:01,927 - INFO - src.optimization_p 958 - Undersampling aplicado: tasa=0.1, registros originales=3419154 (C May: 3390800 / C Min: 28354), registros finales=519613 (CMay : 491259 / CMin: 28354)
2025-11-14 11:33:06,113 - INFO - src.optimization_p 439 - Dimensiones df_train_completo: (519613, 981), Dimensiones df_test: (163418, 981)
2025-11-14 11:33:07,441 - INFO - src.optimization_p 449 - Tipo de dato de train_data: <class 'lightgbm.basic.Dataset'>, Dimensiones de train_data: (519613, 979)
2025-11-14 11:33:07,847 - INFO - src.optimization_p 460 - Iniciando entrenamiento de 20 modelos...
2025-11-14 11:33:07,849 - INFO - src.optimization_p 470 - Entrenando modelo 1/20 (Semilla: 3060817664)...
2025-11-14 11:35:54,597 - INFO - src.optimization_p 470 - Entrenando modelo 2/20 (Semilla: 992140286)...
2025-11-14 11:37:48,803 - INFO - src.optimization_p 470 - Entrenando modelo 3/20 (Semilla: 3237557171)...
2025-11-14 11:39:52,752 - INFO - src.optimization_p 470 - Entrenando modelo 4/20 (Semilla: 2314383897)...
2025-11-14 11:41:45,641 - INFO - src.optimization_p 470 - Entrenando modelo 5/20 (Semilla: 404200786)...
2025-11-14 11:43:37,463 - INFO - src.optimization_p 470 - Entrenando modelo 6/20 (Semilla: 3847701201)...
2025-11-14 11:45:30,557 - INFO - src.optimization_p 470 - Entrenando modelo 7/20 (Semilla: 2865421062)...
2025-11-14 11:47:24,981 - INFO - src.optimization_p 470 - Entrenando modelo 8/20 (Semilla: 3643192183)...
2025-11-14 11:49:18,426 - INFO - src.optimization_p 470 - Entrenando modelo 9/20 (Semilla: 1117668684)...
2025-11-14 11:51:18,852 - INFO - src.optimization_p 470 - Entrenando modelo 10/20 (Semilla: 3510756625)...
2025-11-14 11:53:15,123 - INFO - src.optimization_p 470 - Entrenando modelo 11/20 (Semilla: 2571145538)...
2025-11-14 11:55:16,623 - INFO - src.optimization_p 470 - Entrenando modelo 12/20 (Semilla: 2213045784)...
2025-11-14 11:57:16,391 - INFO - src.optimization_p 470 - Entrenando modelo 13/20 (Semilla: 2153453051)...
2025-11-14 11:59:12,231 - INFO - src.optimization_p 470 - Entrenando modelo 14/20 (Semilla: 3163014560)...
2025-11-14 12:01:20,716 - INFO - src.optimization_p 470 - Entrenando modelo 15/20 (Semilla: 3698929166)...
2025-11-14 12:03:14,767 - INFO - src.optimization_p 470 - Entrenando modelo 16/20 (Semilla: 766887731)...
2025-11-14 12:05:08,445 - INFO - src.optimization_p 470 - Entrenando modelo 17/20 (Semilla: 1371336364)...
2025-11-14 12:07:01,648 - INFO - src.optimization_p 470 - Entrenando modelo 18/20 (Semilla: 1730670187)...
2025-11-14 12:08:52,418 - INFO - src.optimization_p 470 - Entrenando modelo 19/20 (Semilla: 1386299423)...
2025-11-14 12:10:54,763 - INFO - src.optimization_p 470 - Entrenando modelo 20/20 (Semilla: 1650770698)...
2025-11-14 12:12:46,623 - INFO - src.optimization_p 503 - Entrenamiento de los N modelos completado.
2025-11-14 12:12:46,636 - INFO - src.optimization_p 508 - Predicciones promediadas. Calculando ganancia en Test...
2025-11-14 12:12:46,714 - INFO - src.optimization_p 534 - Resultados Test (N=20): Ganancia Suavizada = 365,178,302, Ganancia Máxima = 367,480,000, Envios Máx Gan = 11905
2025-11-14 12:12:47,378 - INFO - src.optimization_p 310 - Ganancia suavizada: 365,178,302---Ganancia máxima: 367,480,000
2025-11-14 12:12:47,379 - INFO - __main__ 131 - === RESUMEN DE EVALUACIÓN EN TEST ===
2025-11-14 12:12:47,379 - INFO - __main__ 132 - ✅ Ganancia suavizada en test: 365,178,302
2025-11-14 12:12:47,380 - INFO - __main__ 133 - ✅ Ganancia maxima en test: 367,480,000
2025-11-14 12:12:47,380 - INFO - __main__ 134 - 🔍 Envíos de máxima ganancia en test: 11,905
2025-11-14 12:12:47,380 - INFO - __main__ 139 - === ENTRENAMIENTO FINAL ===
2025-11-14 12:12:47,380 - INFO - __main__ 140 - Preparar datos para entrenamiento final
2025-11-14 12:12:47,381 - INFO - src.final_training_p 378 - Preparando datos para entrenamiento final
2025-11-14 12:12:47,381 - INFO - src.final_training_p 379 - Períodos de entrenamiento: ['201901', '201902', '201903', '201904', '201905', '201906', '201907', '201908', '201909', '201910', '201911', '201912', '202001', '202002', '202003', '202004', '202005', '202007', '202008', '202009', '202010', '202011', '202012', '202101', '202102', '202103', '202104']
2025-11-14 12:12:47,381 - INFO - src.final_training_p 380 - Período de predicción: 202106
2025-11-14 12:12:56,323 - INFO - src.final_training_p 392 - Registros de entrenamiento: 3,907,208
2025-11-14 12:12:56,324 - INFO - src.final_training_p 393 - Registros de predicción: 164,313
2025-11-14 12:13:13,942 - INFO - src.optimization_p 958 - Undersampling aplicado: tasa=0.1, registros originales=3907208 (C May: 3873332 / C Min: 33876), registros finales=613555 (CMay : 579679 / CMin: 33876)
2025-11-14 12:13:23,514 - INFO - src.final_training_p 408 - Features utilizadas: 979
2025-11-14 12:13:23,518 - INFO - src.final_training_p 409 - Distribución del target - 0: 579,679, 1: 33,876
2025-11-14 12:13:23,555 - INFO - __main__ 145 - Entrenar modelo final
2025-11-14 12:13:23,556 - INFO - src.final_training_p 250 - Iniciando entrenamiento de 20 modelos finales (base: 839071)
2025-11-14 12:13:23,557 - INFO - src.final_training_p 280 - Entrenando modelo con semilla: 3060817664...
2025-11-14 12:16:35,286 - INFO - src.final_training_p 296 - Modelo final (semilla 3060817664) guardado en: resultados/Compe_02_V2_1ob_ss01/modelo_final_semilla_3060817664_2025-11-14_12-16-35.txt
2025-11-14 12:16:35,287 - INFO - src.final_training_p 280 - Entrenando modelo con semilla: 992140286...
2025-11-14 12:19:09,621 - INFO - src.final_training_p 296 - Modelo final (semilla 992140286) guardado en: resultados/Compe_02_V2_1ob_ss01/modelo_final_semilla_992140286_2025-11-14_12-19-09.txt
2025-11-14 12:19:09,622 - INFO - src.final_training_p 280 - Entrenando modelo con semilla: 3237557171...
2025-11-14 12:21:43,681 - INFO - src.final_training_p 296 - Modelo final (semilla 3237557171) guardado en: resultados/Compe_02_V2_1ob_ss01/modelo_final_semilla_3237557171_2025-11-14_12-21-43.txt
2025-11-14 12:21:43,682 - INFO - src.final_training_p 280 - Entrenando modelo con semilla: 2314383897...
2025-11-14 12:23:59,622 - INFO - src.final_training_p 296 - Modelo final (semilla 2314383897) guardado en: resultados/Compe_02_V2_1ob_ss01/modelo_final_semilla_2314383897_2025-11-14_12-23-59.txt
2025-11-14 12:23:59,623 - INFO - src.final_training_p 280 - Entrenando modelo con semilla: 404200786...
2025-11-14 12:26:14,626 - INFO - src.final_training_p 296 - Modelo final (semilla 404200786) guardado en: resultados/Compe_02_V2_1ob_ss01/modelo_final_semilla_404200786_2025-11-14_12-26-14.txt
2025-11-14 12:26:14,627 - INFO - src.final_training_p 280 - Entrenando modelo con semilla: 3847701201...
2025-11-14 12:28:28,908 - INFO - src.final_training_p 296 - Modelo final (semilla 3847701201) guardado en: resultados/Compe_02_V2_1ob_ss01/modelo_final_semilla_3847701201_2025-11-14_12-28-28.txt
2025-11-14 12:28:28,909 - INFO - src.final_training_p 280 - Entrenando modelo con semilla: 2865421062...
2025-11-14 12:30:53,047 - INFO - src.final_training_p 296 - Modelo final (semilla 2865421062) guardado en: resultados/Compe_02_V2_1ob_ss01/modelo_final_semilla_2865421062_2025-11-14_12-30-53.txt
2025-11-14 12:30:53,047 - INFO - src.final_training_p 280 - Entrenando modelo con semilla: 3643192183...
2025-11-14 12:33:07,259 - INFO - src.final_training_p 296 - Modelo final (semilla 3643192183) guardado en: resultados/Compe_02_V2_1ob_ss01/modelo_final_semilla_3643192183_2025-11-14_12-33-07.txt
2025-11-14 12:33:07,260 - INFO - src.final_training_p 280 - Entrenando modelo con semilla: 1117668684...
2025-11-14 12:35:21,498 - INFO - src.final_training_p 296 - Modelo final (semilla 1117668684) guardado en: resultados/Compe_02_V2_1ob_ss01/modelo_final_semilla_1117668684_2025-11-14_12-35-21.txt
2025-11-14 12:35:21,498 - INFO - src.final_training_p 280 - Entrenando modelo con semilla: 3510756625...
2025-11-14 12:37:37,787 - INFO - src.final_training_p 296 - Modelo final (semilla 3510756625) guardado en: resultados/Compe_02_V2_1ob_ss01/modelo_final_semilla_3510756625_2025-11-14_12-37-37.txt
2025-11-14 12:37:37,788 - INFO - src.final_training_p 280 - Entrenando modelo con semilla: 2571145538...
2025-11-14 12:40:06,442 - INFO - src.final_training_p 296 - Modelo final (semilla 2571145538) guardado en: resultados/Compe_02_V2_1ob_ss01/modelo_final_semilla_2571145538_2025-11-14_12-40-06.txt
2025-11-14 12:40:06,442 - INFO - src.final_training_p 280 - Entrenando modelo con semilla: 2213045784...
2025-11-14 12:42:24,917 - INFO - src.final_training_p 296 - Modelo final (semilla 2213045784) guardado en: resultados/Compe_02_V2_1ob_ss01/modelo_final_semilla_2213045784_2025-11-14_12-42-24.txt
2025-11-14 12:42:24,918 - INFO - src.final_training_p 280 - Entrenando modelo con semilla: 2153453051...
2025-11-14 12:44:45,128 - INFO - src.final_training_p 296 - Modelo final (semilla 2153453051) guardado en: resultados/Compe_02_V2_1ob_ss01/modelo_final_semilla_2153453051_2025-11-14_12-44-45.txt
2025-11-14 12:44:45,128 - INFO - src.final_training_p 280 - Entrenando modelo con semilla: 3163014560...
2025-11-14 12:47:02,010 - INFO - src.final_training_p 296 - Modelo final (semilla 3163014560) guardado en: resultados/Compe_02_V2_1ob_ss01/modelo_final_semilla_3163014560_2025-11-14_12-47-01.txt
2025-11-14 12:47:02,011 - INFO - src.final_training_p 280 - Entrenando modelo con semilla: 3698929166...
2025-11-14 12:49:23,833 - INFO - src.final_training_p 296 - Modelo final (semilla 3698929166) guardado en: resultados/Compe_02_V2_1ob_ss01/modelo_final_semilla_3698929166_2025-11-14_12-49-23.txt
2025-11-14 12:49:23,833 - INFO - src.final_training_p 280 - Entrenando modelo con semilla: 766887731...
2025-11-14 12:51:47,034 - INFO - src.final_training_p 296 - Modelo final (semilla 766887731) guardado en: resultados/Compe_02_V2_1ob_ss01/modelo_final_semilla_766887731_2025-11-14_12-51-47.txt
2025-11-14 12:51:47,035 - INFO - src.final_training_p 280 - Entrenando modelo con semilla: 1371336364...
2025-11-14 12:54:07,374 - INFO - src.final_training_p 296 - Modelo final (semilla 1371336364) guardado en: resultados/Compe_02_V2_1ob_ss01/modelo_final_semilla_1371336364_2025-11-14_12-54-07.txt
2025-11-14 12:54:07,375 - INFO - src.final_training_p 280 - Entrenando modelo con semilla: 1730670187...
2025-11-14 12:56:27,531 - INFO - src.final_training_p 296 - Modelo final (semilla 1730670187) guardado en: resultados/Compe_02_V2_1ob_ss01/modelo_final_semilla_1730670187_2025-11-14_12-56-27.txt
2025-11-14 12:56:27,532 - INFO - src.final_training_p 280 - Entrenando modelo con semilla: 1386299423...
2025-11-14 12:58:44,668 - INFO - src.final_training_p 296 - Modelo final (semilla 1386299423) guardado en: resultados/Compe_02_V2_1ob_ss01/modelo_final_semilla_1386299423_2025-11-14_12-58-44.txt
2025-11-14 12:58:44,669 - INFO - src.final_training_p 280 - Entrenando modelo con semilla: 1650770698...
2025-11-14 13:01:12,347 - INFO - src.final_training_p 296 - Modelo final (semilla 1650770698) guardado en: resultados/Compe_02_V2_1ob_ss01/modelo_final_semilla_1650770698_2025-11-14_13-01-12.txt
2025-11-14 13:01:12,348 - INFO - src.final_training_p 301 - Entrenamiento de 20 modelos finales completado.
2025-11-14 13:01:12,496 - INFO - __main__ 149 - Generar predicciones finales
2025-11-14 13:01:12,497 - INFO - src.final_training_p 320 - Generando predicciones finales (promedio de seeds)
2025-11-14 13:02:09,265 - INFO - src.final_training_p 339 - Predicciones de probabilidad guardadas en: resultados/predicciones_probabilidad_Compe_02_V2_1ob_ss01_varias_seeds_2025-11-14_13-02-09.csv
2025-11-14 13:02:09,274 - INFO - src.final_training_p 361 - Predicciones generadas:
2025-11-14 13:02:09,274 - INFO - src.final_training_p 362 -   Total clientes: 164,313
2025-11-14 13:02:09,275 - INFO - src.final_training_p 363 -   Predicciones positivas: 11,970 (7.28%)
2025-11-14 13:02:09,275 - INFO - src.final_training_p 364 -   Predicciones negativas: 152,343
2025-11-14 13:02:09,275 - INFO - src.final_training_p 365 -   Porcentaje solicitado: 0.0728
2025-11-14 13:02:09,275 - INFO - __main__ 153 - Guardar predicciones
2025-11-14 13:02:09,480 - INFO - src.output_manager_p 51 - Predicciones guardadas en: predict/Compe_02_V2_1ob_ss01_20251114_130209.csv
2025-11-14 13:02:09,481 - INFO - src.output_manager_p 52 - Formato del archivo:
2025-11-14 13:02:09,481 - INFO - src.output_manager_p 53 -   Columnas: ['numero_de_cliente', 'predict']
2025-11-14 13:02:09,481 - INFO - src.output_manager_p 54 -   Registros: 164,313
2025-11-14 13:02:09,481 - INFO - src.output_manager_p 55 -   Primeras filas:
2025-11-14 13:02:09,538 - INFO - src.output_manager_p 57 - 
shape: (5, 2)
┌───────────────────┬─────────┐
│ numero_de_cliente ┆ predict │
│ ---               ┆ ---     │
│ i64               ┆ i64     │
╞═══════════════════╪═════════╡
│ 249565688         ┆ 0       │
│ 249596175         ┆ 0       │
│ 249843690         ┆ 0       │
│ 250272786         ┆ 0       │
│ 251050628         ┆ 0       │
└───────────────────┴─────────┘
2025-11-14 13:02:09,539 - INFO - __main__ 157 - === RESUMEN FINAL ===
2025-11-14 13:02:09,539 - INFO - __main__ 158 - ✅ Entrenamiento final completado exitosamente
2025-11-14 13:02:09,539 - INFO - __main__ 159 - 📊 Mejores hiperparámetros utilizados: {'num_iterations': 274, 'num_leaves': 207, 'learning_rate': 0.046368297006715596, 'feature_fraction': 0.9965231180963919, 'min_child_samples': 19, 'max_depth': 20, 'reg_lambda': 3.086881463343384, 'reg_alpha': 7.129031124429922, 'min_gain_to_split': 4.52375663014414, 'is_unbalance': False, 'bagging_freq': 1, 'objective': 'binary', 'metric': 'None', 'random_state': 839071}
2025-11-14 13:02:09,539 - INFO - __main__ 160 - 🎯 Períodos de entrenamiento: ['201901', '201902', '201903', '201904', '201905', '201906', '201907', '201908', '201909', '201910', '201911', '201912', '202001', '202002', '202003', '202004', '202005', '202007', '202008', '202009', '202010', '202011', '202012', '202101', '202102', '202103', '202104']
2025-11-14 13:02:09,540 - INFO - __main__ 161 - 🔮 Período de predicción: 202106
2025-11-14 13:02:09,540 - INFO - __main__ 164 - 📁 Archivo de salida: predict/Compe_02_V2_1ob_ss01_20251114_130209.csv
2025-11-14 13:02:09,540 - INFO - __main__ 165 - 📝 Log detallado: /home/guijomter/buckets/b1/Compe_02/logs/log_Compe_02_V2_1ob_ss01_2025-11-14_04-07-56.log
2025-11-14 13:02:09,541 - INFO - __main__ 168 - >>> Ejecución finalizada. Revisar logs para mas detalles.
2025-11-14 13:02:10,646 - INFO - __main__ 177 - Ejecución finalizada.
