2025-11-16 03:50:14,909 - INFO - __main__ 189 - Script iniciado directamente.
2025-11-16 03:50:14,910 - INFO - __main__ 49 - Inicio de ejecucion.
2025-11-16 03:50:14,910 - INFO - __main__ 51 - Número de trials por estudio: 20
2025-11-16 03:50:14,910 - INFO - __main__ 59 - === CREACION DE CLASE TERNARIA EN GCS ===
2025-11-16 03:50:20,587 - INFO - __main__ 63 - === INICIO DE DATA QUALITY - INTERPOLACION DE DATOS FALTANTES ===
2025-11-16 03:50:24,486 - INFO - __main__ 80 - Archivo de features encontrado: gs://guijomter_bukito3/Compe_02/data/df_fe_Compe_02_V4_2ob_ss01.parquet. Cargando desde GCS.
2025-11-16 03:50:24,596 - INFO - src.bucket_utils_p 86 - Descargando de GCS: gs://guijomter_bukito3/Compe_02/data/df_fe_Compe_02_V4_2ob_ss01.parquet
2025-11-16 03:51:56,103 - INFO - src.bucket_utils_p 90 - Descargado en: /tmp/df_fe_Compe_02_V4_2ob_ss01.parquet
2025-11-16 03:52:15,713 - INFO - src.bucket_utils_p 94 - DataFrame cargado en memoria.
2025-11-16 03:52:16,413 - INFO - src.bucket_utils_p 101 - Archivo temporal /tmp/df_fe_Compe_02_V4_2ob_ss01.parquet eliminado.
2025-11-16 03:52:16,445 - INFO - __main__ 103 - Feature Engineering completado: (4717958, 1005)
2025-11-16 03:52:16,445 - INFO - src.optimization_p 1096 - Iniciando optimización con 20 trials
2025-11-16 03:52:16,446 - INFO - src.optimization_p 1097 - Configuración: TRAIN=['201901', '201902', '201903', '201904', '201905', '201906', '201907', '201908', '201909', '201910', '201911', '201912', '202001', '202002', '202003', '202004', '202005', '202007', '202008', '202009', '202010', '202011', '202012', '202101'], VALID=202102, SEMILLA=[839071, 666557]
2025-11-16 03:52:16,632 - INFO - src.optimization_p 1036 - ⚡ Base de datos encontrada: /home/guijomter/buckets/b1/Compe_02/optuna_db/Compe_02_V4_2ob_ss01.db
2025-11-16 03:52:16,633 - INFO - src.optimization_p 1037 - 🔄 Cargando estudio existente: Compe_02_V4_2ob_ss01
2025-11-16 03:52:21,469 - INFO - src.optimization_p 1044 - ✅ Estudio cargado exitosamente
2025-11-16 03:52:21,469 - INFO - src.optimization_p 1045 - 📊 Trials previos: 12
2025-11-16 03:52:22,398 - INFO - src.optimization_p 1048 - 🏆 Mejor ganancia hasta ahora: 269,867,781
2025-11-16 03:52:23,159 - INFO - src.optimization_p 1107 - 🔄 Retomando desde trial 12
2025-11-16 03:52:23,160 - INFO - src.optimization_p 1108 - 📝 Trials a ejecutar: 8 (total objetivo: 20)
2025-11-16 03:53:05,503 - INFO - src.optimization_p 1394 - Undersampling aplicado: tasa=0.1, registros originales=3418526 (C May: 3390588 / C Min: 27938), registros finales=500996 (CMay : 473058 / CMin: 27938)
2025-11-16 03:54:54,142 - INFO - src.optimization_p 134 - Iteración 12 guardada en resultados/Compe_02_V4_2ob_ss01_iteraciones.json
2025-11-16 03:54:54,142 - INFO - src.optimization_p 135 - Ganancia: 263,731,049---Parámetros: {params}
2025-11-16 03:54:54,143 - INFO - src.optimization_p 967 - Trial 12: Ganancia Media = 263,731,049, Ganancia Max = 268,630,000, Envios Max Gan = 10,008
2025-11-16 03:55:38,733 - INFO - src.optimization_p 1394 - Undersampling aplicado: tasa=0.1, registros originales=3418526 (C May: 3390588 / C Min: 27938), registros finales=500562 (CMay : 472624 / CMin: 27938)
2025-11-16 03:57:29,541 - INFO - src.optimization_p 134 - Iteración 13 guardada en resultados/Compe_02_V4_2ob_ss01_iteraciones.json
2025-11-16 03:57:29,542 - INFO - src.optimization_p 135 - Ganancia: 266,063,488---Parámetros: {params}
2025-11-16 03:57:29,542 - INFO - src.optimization_p 967 - Trial 13: Ganancia Media = 266,063,488, Ganancia Max = 271,440,000, Envios Max Gan = 9,267
2025-11-16 03:58:05,223 - INFO - src.optimization_p 1394 - Undersampling aplicado: tasa=0.1, registros originales=3418526 (C May: 3390588 / C Min: 27938), registros finales=501772 (CMay : 473834 / CMin: 27938)
2025-11-16 03:59:43,009 - INFO - src.optimization_p 134 - Iteración 14 guardada en resultados/Compe_02_V4_2ob_ss01_iteraciones.json
2025-11-16 03:59:43,010 - INFO - src.optimization_p 135 - Ganancia: 248,414,128---Parámetros: {params}
2025-11-16 03:59:43,011 - INFO - src.optimization_p 967 - Trial 14: Ganancia Media = 248,414,128, Ganancia Max = 253,070,000, Envios Max Gan = 10,886
2025-11-16 04:00:26,008 - INFO - src.optimization_p 1394 - Undersampling aplicado: tasa=0.1, registros originales=3418526 (C May: 3390588 / C Min: 27938), registros finales=500020 (CMay : 472082 / CMin: 27938)
2025-11-16 04:02:02,086 - INFO - src.optimization_p 134 - Iteración 15 guardada en resultados/Compe_02_V4_2ob_ss01_iteraciones.json
2025-11-16 04:02:02,087 - INFO - src.optimization_p 135 - Ganancia: 265,577,716---Parámetros: {params}
2025-11-16 04:02:02,088 - INFO - src.optimization_p 967 - Trial 15: Ganancia Media = 265,577,716, Ganancia Max = 269,010,000, Envios Max Gan = 10,128
2025-11-16 04:02:39,779 - INFO - src.optimization_p 1394 - Undersampling aplicado: tasa=0.1, registros originales=3418526 (C May: 3390588 / C Min: 27938), registros finales=500717 (CMay : 472779 / CMin: 27938)
2025-11-16 04:04:06,349 - INFO - src.optimization_p 134 - Iteración 16 guardada en resultados/Compe_02_V4_2ob_ss01_iteraciones.json
2025-11-16 04:04:06,349 - INFO - src.optimization_p 135 - Ganancia: 246,871,799---Parámetros: {params}
2025-11-16 04:04:06,350 - INFO - src.optimization_p 967 - Trial 16: Ganancia Media = 246,871,799, Ganancia Max = 251,670,000, Envios Max Gan = 10,296
2025-11-16 04:04:43,705 - INFO - src.optimization_p 1394 - Undersampling aplicado: tasa=0.1, registros originales=3418526 (C May: 3390588 / C Min: 27938), registros finales=501731 (CMay : 473793 / CMin: 27938)
2025-11-16 04:07:10,833 - INFO - src.optimization_p 134 - Iteración 17 guardada en resultados/Compe_02_V4_2ob_ss01_iteraciones.json
2025-11-16 04:07:10,834 - INFO - src.optimization_p 135 - Ganancia: 269,482,009---Parámetros: {params}
2025-11-16 04:07:10,834 - INFO - src.optimization_p 967 - Trial 17: Ganancia Media = 269,482,009, Ganancia Max = 274,700,000, Envios Max Gan = 10,564
2025-11-16 04:07:46,781 - INFO - src.optimization_p 1394 - Undersampling aplicado: tasa=0.1, registros originales=3418526 (C May: 3390588 / C Min: 27938), registros finales=501496 (CMay : 473558 / CMin: 27938)
2025-11-16 04:09:29,566 - INFO - src.optimization_p 134 - Iteración 18 guardada en resultados/Compe_02_V4_2ob_ss01_iteraciones.json
2025-11-16 04:09:29,567 - INFO - src.optimization_p 135 - Ganancia: 264,263,998---Parámetros: {params}
2025-11-16 04:09:29,567 - INFO - src.optimization_p 967 - Trial 18: Ganancia Media = 264,263,998, Ganancia Max = 269,060,000, Envios Max Gan = 9,386
2025-11-16 04:10:05,593 - INFO - src.optimization_p 1394 - Undersampling aplicado: tasa=0.1, registros originales=3418526 (C May: 3390588 / C Min: 27938), registros finales=501087 (CMay : 473149 / CMin: 27938)
2025-11-16 04:11:58,652 - INFO - src.optimization_p 134 - Iteración 19 guardada en resultados/Compe_02_V4_2ob_ss01_iteraciones.json
2025-11-16 04:11:58,652 - INFO - src.optimization_p 135 - Ganancia: 258,577,546---Parámetros: {params}
2025-11-16 04:11:58,653 - INFO - src.optimization_p 967 - Trial 19: Ganancia Media = 258,577,546, Ganancia Max = 265,270,000, Envios Max Gan = 9,276
2025-11-16 04:12:03,953 - INFO - src.optimization_p 1116 - 🏆 Mejor ganancia: 269,867,781
2025-11-16 04:12:04,897 - INFO - src.optimization_p 1117 - Mejores parámetros: {'num_iterations': 139, 'num_leaves': 89, 'learning_rate': 0.0574087513537063, 'feature_fraction': 0.9411094452689925, 'bagging_fraction': 0.6982547979611232, 'min_child_samples': 9, 'max_depth': 26, 'reg_lambda': 6.425255376524483, 'reg_alpha': 8.047841096344595, 'min_gain_to_split': 3.4208615861525753, 'bagging_freq': 3}
2025-11-16 04:12:04,898 - INFO - __main__ 110 - === ANÁLISIS DE RESULTADOS ===
2025-11-16 04:12:06,816 - INFO - __main__ 114 - Top 5 mejores trials:
2025-11-16 04:12:06,817 - INFO - __main__ 116 -   Trial 3: 269,867,781
2025-11-16 04:12:06,818 - INFO - __main__ 116 -   Trial 17: 269,482,009
2025-11-16 04:12:06,818 - INFO - __main__ 116 -   Trial 5: 269,078,906
2025-11-16 04:12:06,819 - INFO - __main__ 116 -   Trial 8: 266,598,501
2025-11-16 04:12:06,819 - INFO - __main__ 116 -   Trial 13: 266,063,488
2025-11-16 04:12:06,819 - INFO - __main__ 118 - === OPTIMIZACIÓN COMPLETADA ===
2025-11-16 04:12:06,820 - INFO - __main__ 121 - === EVALUACIÓN EN CONJUNTO DE TEST ===
2025-11-16 04:12:06,821 - INFO - src.best_params 49 - Mejores hiperparámetros cargados desde resultados/Compe_02_V4_2ob_ss01_iteraciones.json
2025-11-16 04:12:06,821 - INFO - src.best_params 50 - Mejor ganancia encontrada: 269,482,009
2025-11-16 04:12:06,821 - INFO - src.best_params 51 - Trial número: 17
2025-11-16 04:12:06,821 - INFO - src.best_params 52 - Parámetros: {'num_iterations': 398, 'num_leaves': 198, 'learning_rate': 0.0511458994310053, 'feature_fraction': 0.8088686686188942, 'bagging_fraction': 0.5714117600456831, 'min_child_samples': 30, 'max_depth': 39, 'reg_lambda': 10.32533481040193, 'reg_alpha': 8.587272453109884, 'min_gain_to_split': 0.9427489786914642, 'bagging_freq': 1, 'objective': 'binary', 'metric': 'None', 'random_state': 839071}
2025-11-16 04:12:06,822 - INFO - src.optimization_p 453 - === EVALUACIÓN EN CONJUNTO DE TEST (Promediando N Modelos) ===
2025-11-16 04:12:06,822 - INFO - src.optimization_p 466 - Períodos de test a evaluar: ['202104', '202106']
2025-11-16 04:12:06,822 - INFO - src.optimization_p 467 - Semilla base: 839071, N Modelos: 20
2025-11-16 04:12:19,376 - INFO - src.optimization_p 1394 - Undersampling aplicado: tasa=0.1, registros originales=3580681 (C May: 3550880 / C Min: 29801), registros finales=539149 (CMay : 509348 / CMin: 29801)
2025-11-16 04:12:24,397 - INFO - src.optimization_p 482 - Dimensiones df_train_completo: (539149, 1005)
2025-11-16 04:12:25,978 - INFO - src.optimization_p 490 - Tipo de dato de train_data: <class 'lightgbm.basic.Dataset'>, Dimensiones de train_data: (539149, 1003)
2025-11-16 04:12:25,980 - INFO - src.optimization_p 495 - Iniciando entrenamiento de 20 modelos...
2025-11-16 04:12:25,981 - INFO - src.optimization_p 505 - Entrenando modelo 1/20 (Semilla: 3060817664)...
2025-11-16 04:16:27,449 - INFO - src.optimization_p 505 - Entrenando modelo 2/20 (Semilla: 992140286)...
2025-11-16 04:20:12,588 - INFO - src.optimization_p 505 - Entrenando modelo 3/20 (Semilla: 3237557171)...
2025-11-16 04:23:45,653 - INFO - src.optimization_p 505 - Entrenando modelo 4/20 (Semilla: 2314383897)...
2025-11-16 04:27:16,342 - INFO - src.optimization_p 505 - Entrenando modelo 5/20 (Semilla: 404200786)...
2025-11-16 04:30:56,754 - INFO - src.optimization_p 505 - Entrenando modelo 6/20 (Semilla: 3847701201)...
2025-11-16 04:34:26,949 - INFO - src.optimization_p 505 - Entrenando modelo 7/20 (Semilla: 2865421062)...
2025-11-16 04:37:59,082 - INFO - src.optimization_p 505 - Entrenando modelo 8/20 (Semilla: 3643192183)...
2025-11-16 04:41:45,267 - INFO - src.optimization_p 505 - Entrenando modelo 9/20 (Semilla: 1117668684)...
2025-11-16 04:45:20,656 - INFO - src.optimization_p 505 - Entrenando modelo 10/20 (Semilla: 3510756625)...
2025-11-16 04:49:05,760 - INFO - src.optimization_p 505 - Entrenando modelo 11/20 (Semilla: 2571145538)...
2025-11-16 04:52:33,446 - INFO - src.optimization_p 505 - Entrenando modelo 12/20 (Semilla: 2213045784)...
2025-11-16 04:56:06,287 - INFO - src.optimization_p 505 - Entrenando modelo 13/20 (Semilla: 2153453051)...
2025-11-16 04:59:51,233 - INFO - src.optimization_p 505 - Entrenando modelo 14/20 (Semilla: 3163014560)...
2025-11-16 05:03:20,772 - INFO - src.optimization_p 505 - Entrenando modelo 15/20 (Semilla: 3698929166)...
2025-11-16 05:06:54,803 - INFO - src.optimization_p 505 - Entrenando modelo 16/20 (Semilla: 766887731)...
2025-11-16 05:10:38,696 - INFO - src.optimization_p 505 - Entrenando modelo 17/20 (Semilla: 1371336364)...
2025-11-16 05:14:14,875 - INFO - src.optimization_p 505 - Entrenando modelo 18/20 (Semilla: 1730670187)...
2025-11-16 05:17:51,834 - INFO - src.optimization_p 505 - Entrenando modelo 19/20 (Semilla: 1386299423)...
2025-11-16 05:21:39,871 - INFO - src.optimization_p 505 - Entrenando modelo 20/20 (Semilla: 1650770698)...
2025-11-16 05:25:13,048 - INFO - src.optimization_p 525 - Entrenamiento de los N modelos completado.
2025-11-16 05:25:13,049 - INFO - src.optimization_p 532 - --- Evaluando en Período de Test: 202104 ---
2025-11-16 05:25:26,613 - INFO - src.optimization_p 541 - Dimensiones df_test (202104): (163418, 1005)
2025-11-16 05:26:38,571 - INFO - src.optimization_p 571 - Predicciones completadas para el mes 202104. Promediando...
2025-11-16 05:26:38,654 - INFO - src.optimization_p 602 - Resultados Test Mes 202104 (N=20): Ganancia Suavizada = 377,653,193, Ganancia Máxima = 380,840,000, Envios Máx Gan = 11877
2025-11-16 05:26:38,655 - INFO - src.optimization_p 532 - --- Evaluando en Período de Test: 202106 ---
2025-11-16 05:26:39,661 - INFO - src.optimization_p 541 - Dimensiones df_test (202106): (164313, 1005)
2025-11-16 05:27:52,374 - INFO - src.optimization_p 571 - Predicciones completadas para el mes 202106. Promediando...
2025-11-16 05:27:52,456 - INFO - src.optimization_p 602 - Resultados Test Mes 202106 (N=20): Ganancia Suavizada = 389,478,761, Ganancia Máxima = 392,600,000, Envios Máx Gan = 13089
2025-11-16 05:27:52,457 - INFO - src.optimization_p 609 - === EVALUACIÓN EN CONJUNTO DE TEST COMPLETADA ===
2025-11-16 05:27:53,060 - INFO - src.optimization_p 323 - Mes 202104 -> Ganancia suavizada: 377,653,193---Ganancia máxima: 380,840,000
2025-11-16 05:27:53,061 - INFO - src.optimization_p 323 - Mes 202106 -> Ganancia suavizada: 389,478,761---Ganancia máxima: 392,600,000
2025-11-16 05:27:53,360 - INFO - src.optimization_p 337 - Resultados de 2 mes(es) guardados en /home/guijomter/buckets/b1/Compe_02/resultados/Compe_02_V4_2ob_ss01_resultado_test.json
2025-11-16 05:27:53,360 - INFO - __main__ 133 - === RESUMEN DE EVALUACIÓN EN TEST ===
2025-11-16 05:27:53,360 - INFO - __main__ 140 - --- Mes: 202104 ---
2025-11-16 05:27:53,361 - INFO - __main__ 141 -   ✅ Ganancia suavizada: 377,653,193
2025-11-16 05:27:53,361 - INFO - __main__ 142 -   ✅ Ganancia máxima: 380,840,000
2025-11-16 05:27:53,361 - INFO - __main__ 143 -   🔍 Envíos de máx. ganancia: 11,877
2025-11-16 05:27:53,361 - INFO - __main__ 140 - --- Mes: 202106 ---
2025-11-16 05:27:53,361 - INFO - __main__ 141 -   ✅ Ganancia suavizada: 389,478,761
2025-11-16 05:27:53,362 - INFO - __main__ 142 -   ✅ Ganancia máxima: 392,600,000
2025-11-16 05:27:53,362 - INFO - __main__ 143 -   🔍 Envíos de máx. ganancia: 13,089
2025-11-16 05:27:53,362 - INFO - __main__ 146 - === ENTRENAMIENTO FINAL ===
2025-11-16 05:27:53,362 - INFO - __main__ 147 - Preparar datos para entrenamiento final
2025-11-16 05:27:53,362 - INFO - src.final_training_p 450 - Preparando datos para entrenamiento final
2025-11-16 05:27:53,363 - INFO - src.final_training_p 451 - Períodos de entrenamiento: ['201901', '201902', '201903', '201904', '201905', '201906', '201907', '201908', '201909', '201910', '201911', '201912', '202001', '202002', '202003', '202004', '202005', '202007', '202008', '202009', '202010', '202011', '202012', '202101', '202102', '202103', '202104', '202105', '202106']
2025-11-16 05:27:53,363 - INFO - src.final_training_p 452 - Período de predicción: 202108
2025-11-16 05:27:56,710 - INFO - src.final_training_p 464 - Registros de entrenamiento: 4,235,438
2025-11-16 05:27:56,710 - INFO - src.final_training_p 465 - Registros de predicción: 164,822
2025-11-16 05:28:15,689 - INFO - src.optimization_p 1394 - Undersampling aplicado: tasa=0.1, registros originales=4235438 (C May: 4197609 / C Min: 37829), registros finales=689316 (CMay : 651487 / CMin: 37829)
2025-11-16 05:28:25,163 - INFO - src.final_training_p 480 - Features utilizadas: 1,003
2025-11-16 05:28:25,166 - INFO - src.final_training_p 481 - Distribución del target - 0: 651,487, 1: 37,829
2025-11-16 05:28:25,223 - INFO - __main__ 152 - Entrenar modelo final
2025-11-16 05:28:25,223 - INFO - src.final_training_p 250 - Iniciando entrenamiento de 20 modelos finales (base: 839071)
2025-11-16 05:28:25,225 - INFO - src.final_training_p 280 - Entrenando modelo con semilla: 3060817664...
2025-11-16 05:33:39,455 - INFO - src.final_training_p 296 - Modelo final (semilla 3060817664) guardado en: resultados/Compe_02_V4_2ob_ss01/modelo_final_semilla_3060817664_2025-11-16_05-33-39.txt
2025-11-16 05:33:39,456 - INFO - src.final_training_p 280 - Entrenando modelo con semilla: 992140286...
2025-11-16 05:38:19,923 - INFO - src.final_training_p 296 - Modelo final (semilla 992140286) guardado en: resultados/Compe_02_V4_2ob_ss01/modelo_final_semilla_992140286_2025-11-16_05-38-19.txt
2025-11-16 05:38:19,924 - INFO - src.final_training_p 280 - Entrenando modelo con semilla: 3237557171...
2025-11-16 05:42:59,888 - INFO - src.final_training_p 296 - Modelo final (semilla 3237557171) guardado en: resultados/Compe_02_V4_2ob_ss01/modelo_final_semilla_3237557171_2025-11-16_05-42-59.txt
2025-11-16 05:42:59,889 - INFO - src.final_training_p 280 - Entrenando modelo con semilla: 2314383897...
2025-11-16 05:47:31,554 - INFO - src.final_training_p 296 - Modelo final (semilla 2314383897) guardado en: resultados/Compe_02_V4_2ob_ss01/modelo_final_semilla_2314383897_2025-11-16_05-47-31.txt
2025-11-16 05:47:31,555 - INFO - src.final_training_p 280 - Entrenando modelo con semilla: 404200786...
2025-11-16 05:52:13,572 - INFO - src.final_training_p 296 - Modelo final (semilla 404200786) guardado en: resultados/Compe_02_V4_2ob_ss01/modelo_final_semilla_404200786_2025-11-16_05-52-13.txt
2025-11-16 05:52:13,573 - INFO - src.final_training_p 280 - Entrenando modelo con semilla: 3847701201...
2025-11-16 05:56:42,985 - INFO - src.final_training_p 296 - Modelo final (semilla 3847701201) guardado en: resultados/Compe_02_V4_2ob_ss01/modelo_final_semilla_3847701201_2025-11-16_05-56-42.txt
2025-11-16 05:56:42,986 - INFO - src.final_training_p 280 - Entrenando modelo con semilla: 2865421062...
2025-11-16 06:01:30,400 - INFO - src.final_training_p 296 - Modelo final (semilla 2865421062) guardado en: resultados/Compe_02_V4_2ob_ss01/modelo_final_semilla_2865421062_2025-11-16_06-01-30.txt
2025-11-16 06:01:30,401 - INFO - src.final_training_p 280 - Entrenando modelo con semilla: 3643192183...
2025-11-16 06:06:02,450 - INFO - src.final_training_p 296 - Modelo final (semilla 3643192183) guardado en: resultados/Compe_02_V4_2ob_ss01/modelo_final_semilla_3643192183_2025-11-16_06-06-02.txt
2025-11-16 06:06:02,451 - INFO - src.final_training_p 280 - Entrenando modelo con semilla: 1117668684...
2025-11-16 06:10:48,859 - INFO - src.final_training_p 296 - Modelo final (semilla 1117668684) guardado en: resultados/Compe_02_V4_2ob_ss01/modelo_final_semilla_1117668684_2025-11-16_06-10-48.txt
2025-11-16 06:10:48,860 - INFO - src.final_training_p 280 - Entrenando modelo con semilla: 3510756625...
2025-11-16 06:15:42,609 - INFO - src.final_training_p 296 - Modelo final (semilla 3510756625) guardado en: resultados/Compe_02_V4_2ob_ss01/modelo_final_semilla_3510756625_2025-11-16_06-15-42.txt
2025-11-16 06:15:42,610 - INFO - src.final_training_p 280 - Entrenando modelo con semilla: 2571145538...
2025-11-16 06:21:07,150 - INFO - src.final_training_p 296 - Modelo final (semilla 2571145538) guardado en: resultados/Compe_02_V4_2ob_ss01/modelo_final_semilla_2571145538_2025-11-16_06-21-07.txt
2025-11-16 06:21:07,151 - INFO - src.final_training_p 280 - Entrenando modelo con semilla: 2213045784...
2025-11-16 06:26:17,696 - INFO - src.final_training_p 296 - Modelo final (semilla 2213045784) guardado en: resultados/Compe_02_V4_2ob_ss01/modelo_final_semilla_2213045784_2025-11-16_06-26-17.txt
2025-11-16 06:26:17,696 - INFO - src.final_training_p 280 - Entrenando modelo con semilla: 2153453051...
2025-11-16 06:31:34,957 - INFO - src.final_training_p 296 - Modelo final (semilla 2153453051) guardado en: resultados/Compe_02_V4_2ob_ss01/modelo_final_semilla_2153453051_2025-11-16_06-31-34.txt
2025-11-16 06:31:34,958 - INFO - src.final_training_p 280 - Entrenando modelo con semilla: 3163014560...
2025-11-16 06:36:35,637 - INFO - src.final_training_p 296 - Modelo final (semilla 3163014560) guardado en: resultados/Compe_02_V4_2ob_ss01/modelo_final_semilla_3163014560_2025-11-16_06-36-35.txt
2025-11-16 06:36:35,638 - INFO - src.final_training_p 280 - Entrenando modelo con semilla: 3698929166...
2025-11-16 06:41:47,312 - INFO - src.final_training_p 296 - Modelo final (semilla 3698929166) guardado en: resultados/Compe_02_V4_2ob_ss01/modelo_final_semilla_3698929166_2025-11-16_06-41-47.txt
2025-11-16 06:41:47,313 - INFO - src.final_training_p 280 - Entrenando modelo con semilla: 766887731...
2025-11-16 06:46:29,405 - INFO - src.final_training_p 296 - Modelo final (semilla 766887731) guardado en: resultados/Compe_02_V4_2ob_ss01/modelo_final_semilla_766887731_2025-11-16_06-46-29.txt
2025-11-16 06:46:29,406 - INFO - src.final_training_p 280 - Entrenando modelo con semilla: 1371336364...
2025-11-16 06:51:20,697 - INFO - src.final_training_p 296 - Modelo final (semilla 1371336364) guardado en: resultados/Compe_02_V4_2ob_ss01/modelo_final_semilla_1371336364_2025-11-16_06-51-20.txt
2025-11-16 06:51:20,698 - INFO - src.final_training_p 280 - Entrenando modelo con semilla: 1730670187...
2025-11-16 06:55:59,608 - INFO - src.final_training_p 296 - Modelo final (semilla 1730670187) guardado en: resultados/Compe_02_V4_2ob_ss01/modelo_final_semilla_1730670187_2025-11-16_06-55-59.txt
2025-11-16 06:55:59,608 - INFO - src.final_training_p 280 - Entrenando modelo con semilla: 1386299423...
2025-11-16 07:00:46,532 - INFO - src.final_training_p 296 - Modelo final (semilla 1386299423) guardado en: resultados/Compe_02_V4_2ob_ss01/modelo_final_semilla_1386299423_2025-11-16_07-00-46.txt
2025-11-16 07:00:46,533 - INFO - src.final_training_p 280 - Entrenando modelo con semilla: 1650770698...
2025-11-16 07:05:26,623 - INFO - src.final_training_p 296 - Modelo final (semilla 1650770698) guardado en: resultados/Compe_02_V4_2ob_ss01/modelo_final_semilla_1650770698_2025-11-16_07-05-26.txt
2025-11-16 07:05:26,623 - INFO - src.final_training_p 301 - Entrenamiento de 20 modelos finales completado.
2025-11-16 07:05:26,632 - INFO - __main__ 164 - Usando porcentaje de envíos promedio (calculado de 2 meses de test): 0.0762
2025-11-16 07:05:26,632 - INFO - __main__ 167 - Generar predicciones finales
2025-11-16 07:05:26,633 - INFO - src.final_training_p 320 - Generando predicciones finales (promedio de seeds)
2025-11-16 07:06:49,572 - INFO - src.final_training_p 339 - Predicciones de probabilidad guardadas en: resultados/predicciones_probabilidad_Compe_02_V4_2ob_ss01_varias_seeds_2025-11-16_07-06-49.csv
2025-11-16 07:06:49,579 - INFO - src.final_training_p 361 - Predicciones generadas:
2025-11-16 07:06:49,579 - INFO - src.final_training_p 362 -   Total clientes: 164,822
2025-11-16 07:06:49,580 - INFO - src.final_training_p 363 -   Predicciones positivas: 12,554 (7.62%)
2025-11-16 07:06:49,580 - INFO - src.final_training_p 364 -   Predicciones negativas: 152,268
2025-11-16 07:06:49,580 - INFO - src.final_training_p 365 -   Porcentaje solicitado: 0.0762
2025-11-16 07:06:49,580 - INFO - __main__ 171 - Guardar predicciones
2025-11-16 07:06:49,735 - INFO - src.output_manager_p 51 - Predicciones guardadas en: predict/Compe_02_V4_2ob_ss01_20251116_070649.csv
2025-11-16 07:06:49,735 - INFO - src.output_manager_p 52 - Formato del archivo:
2025-11-16 07:06:49,736 - INFO - src.output_manager_p 53 -   Columnas: ['numero_de_cliente', 'predict']
2025-11-16 07:06:49,736 - INFO - src.output_manager_p 54 -   Registros: 164,822
2025-11-16 07:06:49,736 - INFO - src.output_manager_p 55 -   Primeras filas:
2025-11-16 07:06:49,749 - INFO - src.output_manager_p 57 - 
shape: (5, 2)
┌───────────────────┬─────────┐
│ numero_de_cliente ┆ predict │
│ ---               ┆ ---     │
│ i64               ┆ i64     │
╞═══════════════════╪═════════╡
│ 349255018         ┆ 0       │
│ 349338588         ┆ 0       │
│ 349429818         ┆ 0       │
│ 349612799         ┆ 0       │
│ 349634524         ┆ 0       │
└───────────────────┴─────────┘
2025-11-16 07:06:49,749 - INFO - __main__ 175 - === RESUMEN FINAL ===
2025-11-16 07:06:49,749 - INFO - __main__ 176 - ✅ Entrenamiento final completado exitosamente
2025-11-16 07:06:49,750 - INFO - __main__ 177 - 📊 Mejores hiperparámetros utilizados: {'num_iterations': 398, 'num_leaves': 198, 'learning_rate': 0.0511458994310053, 'feature_fraction': 0.8088686686188942, 'bagging_fraction': 0.5714117600456831, 'min_child_samples': 30, 'max_depth': 39, 'reg_lambda': 10.32533481040193, 'reg_alpha': 8.587272453109884, 'min_gain_to_split': 0.9427489786914642, 'bagging_freq': 1, 'objective': 'binary', 'metric': 'None', 'random_state': 839071}
2025-11-16 07:06:49,750 - INFO - __main__ 178 - 🎯 Períodos de entrenamiento: ['201901', '201902', '201903', '201904', '201905', '201906', '201907', '201908', '201909', '201910', '201911', '201912', '202001', '202002', '202003', '202004', '202005', '202007', '202008', '202009', '202010', '202011', '202012', '202101', '202102', '202103', '202104', '202105', '202106']
2025-11-16 07:06:49,750 - INFO - __main__ 179 - 🔮 Período de predicción: 202108
2025-11-16 07:06:49,751 - INFO - __main__ 182 - 📁 Archivo de salida: predict/Compe_02_V4_2ob_ss01_20251116_070649.csv
2025-11-16 07:06:49,751 - INFO - __main__ 183 - 📝 Log detallado: /home/guijomter/buckets/b1/Compe_02/logs/log_Compe_02_V4_2ob_ss01_2025-11-16_03-50-14.log
2025-11-16 07:06:49,751 - INFO - __main__ 186 - >>> Ejecución finalizada. Revisar logs para mas detalles.
2025-11-16 07:06:51,839 - INFO - __main__ 195 - Ejecución finalizada.
