2025-10-10 15:39:18,134 - INFO - __main__ 37 - Inicio de ejecucion.
2025-10-10 15:39:18,134 - INFO - __main__ 39 - Número de trials por estudio: 50
2025-10-10 15:39:18,135 - INFO - __name__ 14 - Cargando dataset desde ./data/competencia_01.csv
2025-10-10 15:39:30,475 - INFO - __name__ 17 - Dataset cargado con 978439 filas y 155 columnas
2025-10-10 15:39:30,476 - INFO - __main__ 52 - Archivo de features no encontrado. Ejecutando feature engineering.
2025-10-10 15:39:30,939 - INFO - __name__ 30 - Realizando feature engineering con 2 lags para 137 atributos
2025-10-10 15:39:30,941 - WARNING - __name__ 45 - El atributo mtarjeta_visa_debitos_automaticos no existe en el DataFrame
2025-10-10 15:39:55,538 - INFO - __name__ 60 - Feature engineering completado. DataFrame resultante con 427 columnas
2025-10-10 15:39:55,611 - INFO - __name__ 686 - Operación 'lag' aplicada. Nombre de nuevas variables: ['cproductos_lag_1', 'cproductos_lag_2', 'ccuenta_corriente_lag_1', 'ccuenta_corriente_lag_2', 'ccaja_ahorro_lag_1', 'ccaja_ahorro_lag_2', 'ctarjeta_debito_lag_1', 'ctarjeta_debito_lag_2', 'ctarjeta_debito_transacciones_lag_1', 'ctarjeta_debito_transacciones_lag_2', 'ctarjeta_visa_lag_1', 'ctarjeta_visa_lag_2', 'ctarjeta_visa_transacciones_lag_1', 'ctarjeta_visa_transacciones_lag_2', 'ctarjeta_master_lag_1', 'ctarjeta_master_lag_2', 'ctarjeta_master_transacciones_lag_1', 'ctarjeta_master_transacciones_lag_2', 'cprestamos_personales_lag_1', 'cprestamos_personales_lag_2', 'cprestamos_prendarios_lag_1', 'cprestamos_prendarios_lag_2', 'cprestamos_hipotecarios_lag_1', 'cprestamos_hipotecarios_lag_2', 'cplazo_fijo_lag_1', 'cplazo_fijo_lag_2', 'cinversion1_lag_1', 'cinversion1_lag_2', 'cinversion2_lag_1', 'cinversion2_lag_2', 'cseguro_vida_lag_1', 'cseguro_vida_lag_2', 'cseguro_auto_lag_1', 'cseguro_auto_lag_2', 'cseguro_vivienda_lag_1', 'cseguro_vivienda_lag_2', 'cseguro_accidentes_personales_lag_1', 'cseguro_accidentes_personales_lag_2', 'cpayroll_trx_lag_1', 'cpayroll_trx_lag_2', 'cpayroll2_trx_lag_1', 'cpayroll2_trx_lag_2', 'ccuenta_debitos_automaticos_lag_1', 'ccuenta_debitos_automaticos_lag_2', 'ctarjeta_visa_debitos_automaticos_lag_1', 'ctarjeta_visa_debitos_automaticos_lag_2', 'ctarjeta_master_debitos_automaticos_lag_1', 'ctarjeta_master_debitos_automaticos_lag_2', 'cpagodeservicios_lag_1', 'cpagodeservicios_lag_2', 'cpagomiscuentas_lag_1', 'cpagomiscuentas_lag_2', 'ccajeros_propios_descuentos_lag_1', 'ccajeros_propios_descuentos_lag_2', 'ctarjeta_visa_descuentos_lag_1', 'ctarjeta_visa_descuentos_lag_2', 'ctarjeta_master_descuentos_lag_1', 'ctarjeta_master_descuentos_lag_2', 'ccomisiones_mantenimiento_lag_1', 'ccomisiones_mantenimiento_lag_2', 'ccomisiones_otras_lag_1', 'ccomisiones_otras_lag_2', 'cforex_lag_1', 'cforex_lag_2', 'cforex_buy_lag_1', 'cforex_buy_lag_2', 'ctransferencias_recibidas_lag_1', 'ctransferencias_recibidas_lag_2', 'ctransferencias_emitidas_lag_1', 'ctransferencias_emitidas_lag_2', 'cextraccion_autoservicio_lag_1', 'cextraccion_autoservicio_lag_2', 'ccheques_depositados_lag_1', 'ccheques_depositados_lag_2', 'ccheques_emitidos_lag_1', 'ccheques_emitidos_lag_2', 'ccheques_depositados_rechazados_lag_1', 'ccheques_depositados_rechazados_lag_2', 'ccheques_emitidos_rechazados_lag_1', 'ccheques_emitidos_rechazados_lag_2', 'ccallcenter_transacciones_lag_1', 'ccallcenter_transacciones_lag_2', 'chomebanking_transacciones_lag_1', 'chomebanking_transacciones_lag_2', 'ccajas_transacciones_lag_1', 'ccajas_transacciones_lag_2', 'ccajas_consultas_lag_1', 'ccajas_consultas_lag_2', 'ccajas_depositos_lag_1', 'ccajas_depositos_lag_2', 'ccajas_extracciones_lag_1', 'ccajas_extracciones_lag_2', 'ccajas_otras_lag_1', 'ccajas_otras_lag_2', 'catm_trx_lag_1', 'catm_trx_lag_2', 'catm_trx_other_lag_1', 'catm_trx_other_lag_2', 'ctrx_quarter_lag_1', 'ctrx_quarter_lag_2', 'cmobile_app_trx_lag_1', 'cmobile_app_trx_lag_2', 'Master_cconsumos_lag_1', 'Master_cconsumos_lag_2', 'Master_cadelantosefectivo_lag_1', 'Master_cadelantosefectivo_lag_2', 'Visa_cconsumos_lag_1', 'Visa_cconsumos_lag_2', 'Visa_cadelantosefectivo_lag_1', 'Visa_cadelantosefectivo_lag_2', 'Master_Fvencimiento_lag_1', 'Master_Fvencimiento_lag_2', 'Master_Finiciomora_lag_1', 'Master_Finiciomora_lag_2', 'Master_fultimo_cierre_lag_1', 'Master_fultimo_cierre_lag_2', 'Master_fechaalta_lag_1', 'Master_fechaalta_lag_2', 'Visa_Fvencimiento_lag_1', 'Visa_Fvencimiento_lag_2', 'Visa_Finiciomora_lag_1', 'Visa_Finiciomora_lag_2', 'Visa_fultimo_cierre_lag_1', 'Visa_fultimo_cierre_lag_2', 'Visa_fechaalta_lag_1', 'Visa_fechaalta_lag_2', 'mrentabilidad_lag_1', 'mrentabilidad_lag_2', 'mrentabilidad_annual_lag_1', 'mrentabilidad_annual_lag_2', 'mcomisiones_lag_1', 'mcomisiones_lag_2', 'mactivos_margen_lag_1', 'mactivos_margen_lag_2', 'mpasivos_margen_lag_1', 'mpasivos_margen_lag_2', 'mcuenta_corriente_adicional_lag_1', 'mcuenta_corriente_adicional_lag_2', 'mcuenta_corriente_lag_1', 'mcuenta_corriente_lag_2', 'mcaja_ahorro_lag_1', 'mcaja_ahorro_lag_2', 'mcaja_ahorro_adicional_lag_1', 'mcaja_ahorro_adicional_lag_2', 'mcaja_ahorro_dolares_lag_1', 'mcaja_ahorro_dolares_lag_2', 'mcuentas_saldo_lag_1', 'mcuentas_saldo_lag_2', 'mautoservicio_lag_1', 'mautoservicio_lag_2', 'mtarjeta_visa_consumo_lag_1', 'mtarjeta_visa_consumo_lag_2', 'mtarjeta_master_consumo_lag_1', 'mtarjeta_master_consumo_lag_2', 'mprestamos_personales_lag_1', 'mprestamos_personales_lag_2', 'mprestamos_prendarios_lag_1', 'mprestamos_prendarios_lag_2', 'mprestamos_hipotecarios_lag_1', 'mprestamos_hipotecarios_lag_2', 'mplazo_fijo_dolares_lag_1', 'mplazo_fijo_dolares_lag_2', 'mplazo_fijo_pesos_lag_1', 'mplazo_fijo_pesos_lag_2', 'minversion1_pesos_lag_1', 'minversion1_pesos_lag_2', 'minversion1_dolares_lag_1', 'minversion1_dolares_lag_2', 'minversion2_lag_1', 'minversion2_lag_2', 'mpayroll_lag_1', 'mpayroll_lag_2', 'mpayroll2_lag_1', 'mpayroll2_lag_2', 'mcuenta_debitos_automaticos_lag_1', 'mcuenta_debitos_automaticos_lag_2', 'mtarjeta_visa_debitos_automaticos_lag_1', 'mtarjeta_visa_debitos_automaticos_lag_2', 'mttarjeta_master_debitos_automaticos_lag_1', 'mttarjeta_master_debitos_automaticos_lag_2', 'mpagodeservicios_lag_1', 'mpagodeservicios_lag_2', 'mpagomiscuentas_lag_1', 'mpagomiscuentas_lag_2', 'mcajeros_propios_descuentos_lag_1', 'mcajeros_propios_descuentos_lag_2', 'mtarjeta_visa_descuentos_lag_1', 'mtarjeta_visa_descuentos_lag_2', 'mtarjeta_master_descuentos_lag_1', 'mtarjeta_master_descuentos_lag_2', 'mcomisiones_mantenimiento_lag_1', 'mcomisiones_mantenimiento_lag_2', 'mcomisiones_otras_lag_1', 'mcomisiones_otras_lag_2', 'mforex_buy_lag_1', 'mforex_buy_lag_2', 'mforex_sell_lag_1', 'mforex_sell_lag_2', 'mtransferencias_recibidas_lag_1', 'mtransferencias_recibidas_lag_2', 'mtransferencias_emitidas_lag_1', 'mtransferencias_emitidas_lag_2', 'mextraccion_autoservicio_lag_1', 'mextraccion_autoservicio_lag_2', 'mcheques_depositados_lag_1', 'mcheques_depositados_lag_2', 'mcheques_emitidos_lag_1', 'mcheques_emitidos_lag_2', 'mcheques_depositados_rechazados_lag_1', 'mcheques_depositados_rechazados_lag_2', 'mcheques_emitidos_rechazados_lag_1', 'mcheques_emitidos_rechazados_lag_2', 'matm_lag_1', 'matm_lag_2', 'matm_other_lag_1', 'matm_other_lag_2', 'Master_mfinanciacion_limite_lag_1', 'Master_mfinanciacion_limite_lag_2', 'Master_msaldototal_lag_1', 'Master_msaldototal_lag_2', 'Master_msaldopesos_lag_1', 'Master_msaldopesos_lag_2', 'Master_msaldodolares_lag_1', 'Master_msaldodolares_lag_2', 'Master_mconsumospesos_lag_1', 'Master_mconsumospesos_lag_2', 'Master_mconsumosdolares_lag_1', 'Master_mconsumosdolares_lag_2', 'Master_mlimitecompra_lag_1', 'Master_mlimitecompra_lag_2', 'Master_madelantopesos_lag_1', 'Master_madelantopesos_lag_2', 'Master_madelantodolares_lag_1', 'Master_madelantodolares_lag_2', 'Master_mpagado_lag_1', 'Master_mpagado_lag_2', 'Master_mpagospesos_lag_1', 'Master_mpagospesos_lag_2', 'Master_mpagosdolares_lag_1', 'Master_mpagosdolares_lag_2', 'Master_mconsumototal_lag_1', 'Master_mconsumototal_lag_2', 'Master_mpagominimo_lag_1', 'Master_mpagominimo_lag_2', 'Visa_mfinanciacion_limite_lag_1', 'Visa_mfinanciacion_limite_lag_2', 'Visa_msaldototal_lag_1', 'Visa_msaldototal_lag_2', 'Visa_msaldopesos_lag_1', 'Visa_msaldopesos_lag_2', 'Visa_msaldodolares_lag_1', 'Visa_msaldodolares_lag_2', 'Visa_mconsumospesos_lag_1', 'Visa_mconsumospesos_lag_2', 'Visa_mconsumosdolares_lag_1', 'Visa_mconsumosdolares_lag_2', 'Visa_mlimitecompra_lag_1', 'Visa_mlimitecompra_lag_2', 'Visa_madelantopesos_lag_1', 'Visa_madelantopesos_lag_2', 'Visa_madelantodolares_lag_1', 'Visa_madelantodolares_lag_2', 'Visa_mpagado_lag_1', 'Visa_mpagado_lag_2', 'Visa_mpagospesos_lag_1', 'Visa_mpagospesos_lag_2', 'Visa_mpagosdolares_lag_1', 'Visa_mpagosdolares_lag_2', 'Visa_mconsumototal_lag_1', 'Visa_mconsumototal_lag_2', 'Visa_mpagominimo_lag_1', 'Visa_mpagominimo_lag_2', 'cforex_sell_lag_1', 'cforex_sell_lag_2']
2025-10-10 15:39:55,617 - INFO - __name__ 84 - Realizando feature engineering de delta lag con 2 lags para 137 atributos
2025-10-10 15:39:55,628 - WARNING - __name__ 102 - El atributo mtarjeta_visa_debitos_automaticos no existe en el DataFrame
2025-10-10 15:41:04,263 - INFO - __name__ 115 - Feature engineering de delta lag completado. DataFrame resultante con 699 columnas
2025-10-10 15:41:04,537 - INFO - __name__ 690 - Operación 'delta_lag' aplicada. Nombre de nuevas variables: ['cproductos_delta_lag_1', 'cproductos_delta_lag_2', 'ccuenta_corriente_delta_lag_1', 'ccuenta_corriente_delta_lag_2', 'ccaja_ahorro_delta_lag_1', 'ccaja_ahorro_delta_lag_2', 'ctarjeta_debito_delta_lag_1', 'ctarjeta_debito_delta_lag_2', 'ctarjeta_debito_transacciones_delta_lag_1', 'ctarjeta_debito_transacciones_delta_lag_2', 'ctarjeta_visa_delta_lag_1', 'ctarjeta_visa_delta_lag_2', 'ctarjeta_visa_transacciones_delta_lag_1', 'ctarjeta_visa_transacciones_delta_lag_2', 'ctarjeta_master_delta_lag_1', 'ctarjeta_master_delta_lag_2', 'ctarjeta_master_transacciones_delta_lag_1', 'ctarjeta_master_transacciones_delta_lag_2', 'cprestamos_personales_delta_lag_1', 'cprestamos_personales_delta_lag_2', 'cprestamos_prendarios_delta_lag_1', 'cprestamos_prendarios_delta_lag_2', 'cprestamos_hipotecarios_delta_lag_1', 'cprestamos_hipotecarios_delta_lag_2', 'cplazo_fijo_delta_lag_1', 'cplazo_fijo_delta_lag_2', 'cinversion1_delta_lag_1', 'cinversion1_delta_lag_2', 'cinversion2_delta_lag_1', 'cinversion2_delta_lag_2', 'cseguro_vida_delta_lag_1', 'cseguro_vida_delta_lag_2', 'cseguro_auto_delta_lag_1', 'cseguro_auto_delta_lag_2', 'cseguro_vivienda_delta_lag_1', 'cseguro_vivienda_delta_lag_2', 'cseguro_accidentes_personales_delta_lag_1', 'cseguro_accidentes_personales_delta_lag_2', 'cpayroll_trx_delta_lag_1', 'cpayroll_trx_delta_lag_2', 'cpayroll2_trx_delta_lag_1', 'cpayroll2_trx_delta_lag_2', 'ccuenta_debitos_automaticos_delta_lag_1', 'ccuenta_debitos_automaticos_delta_lag_2', 'ctarjeta_visa_debitos_automaticos_delta_lag_1', 'ctarjeta_visa_debitos_automaticos_delta_lag_2', 'ctarjeta_master_debitos_automaticos_delta_lag_1', 'ctarjeta_master_debitos_automaticos_delta_lag_2', 'cpagodeservicios_delta_lag_1', 'cpagodeservicios_delta_lag_2', 'cpagomiscuentas_delta_lag_1', 'cpagomiscuentas_delta_lag_2', 'ccajeros_propios_descuentos_delta_lag_1', 'ccajeros_propios_descuentos_delta_lag_2', 'ctarjeta_visa_descuentos_delta_lag_1', 'ctarjeta_visa_descuentos_delta_lag_2', 'ctarjeta_master_descuentos_delta_lag_1', 'ctarjeta_master_descuentos_delta_lag_2', 'ccomisiones_mantenimiento_delta_lag_1', 'ccomisiones_mantenimiento_delta_lag_2', 'ccomisiones_otras_delta_lag_1', 'ccomisiones_otras_delta_lag_2', 'cforex_delta_lag_1', 'cforex_delta_lag_2', 'cforex_buy_delta_lag_1', 'cforex_buy_delta_lag_2', 'ctransferencias_recibidas_delta_lag_1', 'ctransferencias_recibidas_delta_lag_2', 'ctransferencias_emitidas_delta_lag_1', 'ctransferencias_emitidas_delta_lag_2', 'cextraccion_autoservicio_delta_lag_1', 'cextraccion_autoservicio_delta_lag_2', 'ccheques_depositados_delta_lag_1', 'ccheques_depositados_delta_lag_2', 'ccheques_emitidos_delta_lag_1', 'ccheques_emitidos_delta_lag_2', 'ccheques_depositados_rechazados_delta_lag_1', 'ccheques_depositados_rechazados_delta_lag_2', 'ccheques_emitidos_rechazados_delta_lag_1', 'ccheques_emitidos_rechazados_delta_lag_2', 'ccallcenter_transacciones_delta_lag_1', 'ccallcenter_transacciones_delta_lag_2', 'chomebanking_transacciones_delta_lag_1', 'chomebanking_transacciones_delta_lag_2', 'ccajas_transacciones_delta_lag_1', 'ccajas_transacciones_delta_lag_2', 'ccajas_consultas_delta_lag_1', 'ccajas_consultas_delta_lag_2', 'ccajas_depositos_delta_lag_1', 'ccajas_depositos_delta_lag_2', 'ccajas_extracciones_delta_lag_1', 'ccajas_extracciones_delta_lag_2', 'ccajas_otras_delta_lag_1', 'ccajas_otras_delta_lag_2', 'catm_trx_delta_lag_1', 'catm_trx_delta_lag_2', 'catm_trx_other_delta_lag_1', 'catm_trx_other_delta_lag_2', 'ctrx_quarter_delta_lag_1', 'ctrx_quarter_delta_lag_2', 'cmobile_app_trx_delta_lag_1', 'cmobile_app_trx_delta_lag_2', 'Master_cconsumos_delta_lag_1', 'Master_cconsumos_delta_lag_2', 'Master_cadelantosefectivo_delta_lag_1', 'Master_cadelantosefectivo_delta_lag_2', 'Visa_cconsumos_delta_lag_1', 'Visa_cconsumos_delta_lag_2', 'Visa_cadelantosefectivo_delta_lag_1', 'Visa_cadelantosefectivo_delta_lag_2', 'Master_Fvencimiento_delta_lag_1', 'Master_Fvencimiento_delta_lag_2', 'Master_Finiciomora_delta_lag_1', 'Master_Finiciomora_delta_lag_2', 'Master_fultimo_cierre_delta_lag_1', 'Master_fultimo_cierre_delta_lag_2', 'Master_fechaalta_delta_lag_1', 'Master_fechaalta_delta_lag_2', 'Visa_Fvencimiento_delta_lag_1', 'Visa_Fvencimiento_delta_lag_2', 'Visa_Finiciomora_delta_lag_1', 'Visa_Finiciomora_delta_lag_2', 'Visa_fultimo_cierre_delta_lag_1', 'Visa_fultimo_cierre_delta_lag_2', 'Visa_fechaalta_delta_lag_1', 'Visa_fechaalta_delta_lag_2', 'mrentabilidad_delta_lag_1', 'mrentabilidad_delta_lag_2', 'mrentabilidad_annual_delta_lag_1', 'mrentabilidad_annual_delta_lag_2', 'mcomisiones_delta_lag_1', 'mcomisiones_delta_lag_2', 'mactivos_margen_delta_lag_1', 'mactivos_margen_delta_lag_2', 'mpasivos_margen_delta_lag_1', 'mpasivos_margen_delta_lag_2', 'mcuenta_corriente_adicional_delta_lag_1', 'mcuenta_corriente_adicional_delta_lag_2', 'mcuenta_corriente_delta_lag_1', 'mcuenta_corriente_delta_lag_2', 'mcaja_ahorro_delta_lag_1', 'mcaja_ahorro_delta_lag_2', 'mcaja_ahorro_adicional_delta_lag_1', 'mcaja_ahorro_adicional_delta_lag_2', 'mcaja_ahorro_dolares_delta_lag_1', 'mcaja_ahorro_dolares_delta_lag_2', 'mcuentas_saldo_delta_lag_1', 'mcuentas_saldo_delta_lag_2', 'mautoservicio_delta_lag_1', 'mautoservicio_delta_lag_2', 'mtarjeta_visa_consumo_delta_lag_1', 'mtarjeta_visa_consumo_delta_lag_2', 'mtarjeta_master_consumo_delta_lag_1', 'mtarjeta_master_consumo_delta_lag_2', 'mprestamos_personales_delta_lag_1', 'mprestamos_personales_delta_lag_2', 'mprestamos_prendarios_delta_lag_1', 'mprestamos_prendarios_delta_lag_2', 'mprestamos_hipotecarios_delta_lag_1', 'mprestamos_hipotecarios_delta_lag_2', 'mplazo_fijo_dolares_delta_lag_1', 'mplazo_fijo_dolares_delta_lag_2', 'mplazo_fijo_pesos_delta_lag_1', 'mplazo_fijo_pesos_delta_lag_2', 'minversion1_pesos_delta_lag_1', 'minversion1_pesos_delta_lag_2', 'minversion1_dolares_delta_lag_1', 'minversion1_dolares_delta_lag_2', 'minversion2_delta_lag_1', 'minversion2_delta_lag_2', 'mpayroll_delta_lag_1', 'mpayroll_delta_lag_2', 'mpayroll2_delta_lag_1', 'mpayroll2_delta_lag_2', 'mcuenta_debitos_automaticos_delta_lag_1', 'mcuenta_debitos_automaticos_delta_lag_2', 'mtarjeta_visa_debitos_automaticos_delta_lag_1', 'mtarjeta_visa_debitos_automaticos_delta_lag_2', 'mttarjeta_master_debitos_automaticos_delta_lag_1', 'mttarjeta_master_debitos_automaticos_delta_lag_2', 'mpagodeservicios_delta_lag_1', 'mpagodeservicios_delta_lag_2', 'mpagomiscuentas_delta_lag_1', 'mpagomiscuentas_delta_lag_2', 'mcajeros_propios_descuentos_delta_lag_1', 'mcajeros_propios_descuentos_delta_lag_2', 'mtarjeta_visa_descuentos_delta_lag_1', 'mtarjeta_visa_descuentos_delta_lag_2', 'mtarjeta_master_descuentos_delta_lag_1', 'mtarjeta_master_descuentos_delta_lag_2', 'mcomisiones_mantenimiento_delta_lag_1', 'mcomisiones_mantenimiento_delta_lag_2', 'mcomisiones_otras_delta_lag_1', 'mcomisiones_otras_delta_lag_2', 'mforex_buy_delta_lag_1', 'mforex_buy_delta_lag_2', 'mforex_sell_delta_lag_1', 'mforex_sell_delta_lag_2', 'mtransferencias_recibidas_delta_lag_1', 'mtransferencias_recibidas_delta_lag_2', 'mtransferencias_emitidas_delta_lag_1', 'mtransferencias_emitidas_delta_lag_2', 'mextraccion_autoservicio_delta_lag_1', 'mextraccion_autoservicio_delta_lag_2', 'mcheques_depositados_delta_lag_1', 'mcheques_depositados_delta_lag_2', 'mcheques_emitidos_delta_lag_1', 'mcheques_emitidos_delta_lag_2', 'mcheques_depositados_rechazados_delta_lag_1', 'mcheques_depositados_rechazados_delta_lag_2', 'mcheques_emitidos_rechazados_delta_lag_1', 'mcheques_emitidos_rechazados_delta_lag_2', 'matm_delta_lag_1', 'matm_delta_lag_2', 'matm_other_delta_lag_1', 'matm_other_delta_lag_2', 'Master_mfinanciacion_limite_delta_lag_1', 'Master_mfinanciacion_limite_delta_lag_2', 'Master_msaldototal_delta_lag_1', 'Master_msaldototal_delta_lag_2', 'Master_msaldopesos_delta_lag_1', 'Master_msaldopesos_delta_lag_2', 'Master_msaldodolares_delta_lag_1', 'Master_msaldodolares_delta_lag_2', 'Master_mconsumospesos_delta_lag_1', 'Master_mconsumospesos_delta_lag_2', 'Master_mconsumosdolares_delta_lag_1', 'Master_mconsumosdolares_delta_lag_2', 'Master_mlimitecompra_delta_lag_1', 'Master_mlimitecompra_delta_lag_2', 'Master_madelantopesos_delta_lag_1', 'Master_madelantopesos_delta_lag_2', 'Master_madelantodolares_delta_lag_1', 'Master_madelantodolares_delta_lag_2', 'Master_mpagado_delta_lag_1', 'Master_mpagado_delta_lag_2', 'Master_mpagospesos_delta_lag_1', 'Master_mpagospesos_delta_lag_2', 'Master_mpagosdolares_delta_lag_1', 'Master_mpagosdolares_delta_lag_2', 'Master_mconsumototal_delta_lag_1', 'Master_mconsumototal_delta_lag_2', 'Master_mpagominimo_delta_lag_1', 'Master_mpagominimo_delta_lag_2', 'Visa_mfinanciacion_limite_delta_lag_1', 'Visa_mfinanciacion_limite_delta_lag_2', 'Visa_msaldototal_delta_lag_1', 'Visa_msaldototal_delta_lag_2', 'Visa_msaldopesos_delta_lag_1', 'Visa_msaldopesos_delta_lag_2', 'Visa_msaldodolares_delta_lag_1', 'Visa_msaldodolares_delta_lag_2', 'Visa_mconsumospesos_delta_lag_1', 'Visa_mconsumospesos_delta_lag_2', 'Visa_mconsumosdolares_delta_lag_1', 'Visa_mconsumosdolares_delta_lag_2', 'Visa_mlimitecompra_delta_lag_1', 'Visa_mlimitecompra_delta_lag_2', 'Visa_madelantopesos_delta_lag_1', 'Visa_madelantopesos_delta_lag_2', 'Visa_madelantodolares_delta_lag_1', 'Visa_madelantodolares_delta_lag_2', 'Visa_mpagado_delta_lag_1', 'Visa_mpagado_delta_lag_2', 'Visa_mpagospesos_delta_lag_1', 'Visa_mpagospesos_delta_lag_2', 'Visa_mpagosdolares_delta_lag_1', 'Visa_mpagosdolares_delta_lag_2', 'Visa_mconsumototal_delta_lag_1', 'Visa_mconsumototal_delta_lag_2', 'Visa_mpagominimo_delta_lag_1', 'Visa_mpagominimo_delta_lag_2', 'cforex_sell_delta_lag_1', 'cforex_sell_delta_lag_2']
2025-10-10 15:41:04,542 - INFO - __name__ 264 - Realizando feature engineering con ranking normalizado para 1 atributos
2025-10-10 15:43:19,575 - INFO - __name__ 291 - Feature engineering completado. DataFrame resultante con 700 columnas
2025-10-10 15:43:20,045 - INFO - __name__ 696 - Operación 'rank' aplicada. Nombre de nuevas variables: ['mcuentas_saldo_rank']
2025-10-10 15:43:20,047 - INFO - __name__ 478 - Realizando feature engineering de cambio categórico con 2 lags para 13 atributos
2025-10-10 15:45:34,902 - INFO - __name__ 505 - Feature engineering de cambio categórico completado. DataFrame resultante con 726 columnas
2025-10-10 15:45:35,358 - INFO - __name__ 708 - Operación 'cambio_estado' aplicada. Nombre de nuevas variables: ['active_quarter_cambio_lag_1', 'active_quarter_cambio_lag_2', 'cliente_vip_cambio_lag_1', 'cliente_vip_cambio_lag_2', 'internet_cambio_lag_1', 'internet_cambio_lag_2', 'tcuentas_cambio_lag_1', 'tcuentas_cambio_lag_2', 'cdescubierto_preacordado_cambio_lag_1', 'cdescubierto_preacordado_cambio_lag_2', 'ccaja_seguridad_cambio_lag_1', 'ccaja_seguridad_cambio_lag_2', 'tcallcenter_cambio_lag_1', 'tcallcenter_cambio_lag_2', 'thomebanking_cambio_lag_1', 'thomebanking_cambio_lag_2', 'tmobile_app_cambio_lag_1', 'tmobile_app_cambio_lag_2', 'Master_delinquency_cambio_lag_1', 'Master_delinquency_cambio_lag_2', 'Master_status_cambio_lag_1', 'Master_status_cambio_lag_2', 'Visa_delinquency_cambio_lag_1', 'Visa_delinquency_cambio_lag_2', 'Visa_status_cambio_lag_1', 'Visa_status_cambio_lag_2']
2025-10-10 15:52:12,213 - INFO - __main__ 56 - Feature Engineering completado: (978439, 726)
2025-10-10 15:52:18,810 - INFO - __name__ 54 - Conversión completada:
2025-10-10 15:52:18,816 - INFO - __name__ 55 -   Original - CONTINUA: 642830, BAJA+1: 4575, BAJA+2: 3938
2025-10-10 15:52:18,817 - INFO - __name__ 56 -   Binario - 0: 642830, 1: 8513
2025-10-10 15:52:18,818 - INFO - __name__ 57 -   Distribución: 1.31% casos positivos
2025-10-10 15:52:19,913 - INFO - src.optimization_cv 161 - Iniciando optimización con CV - 50 trials
2025-10-10 15:52:19,913 - INFO - src.optimization_cv 162 - Configuración CV: períodos=['202102', '202103']
2025-10-10 15:55:43,003 - INFO - src.optimization_cv 90 - Trial 0: Ganancia CV = 335,936,178 ± 18,071,223 
2025-10-10 15:55:43,013 - INFO - src.optimization_cv 91 - Trial 0: Mejor iteración en CV: 382 
2025-10-10 15:55:43,037 - INFO - src.optimization_cv 146 - Iteración 0 guardada. Ganancia promedio CV: 335,936,178 
2025-10-10 15:57:43,959 - INFO - src.optimization_cv 90 - Trial 1: Ganancia CV = 348,961,382 ± 10,895,429 
2025-10-10 15:57:43,962 - INFO - src.optimization_cv 91 - Trial 1: Mejor iteración en CV: 109 
2025-10-10 15:57:43,974 - INFO - src.optimization_cv 146 - Iteración 1 guardada. Ganancia promedio CV: 348,961,382 
2025-10-10 15:59:10,752 - INFO - src.optimization_cv 90 - Trial 2: Ganancia CV = 335,900,547 ± 17,773,713 
2025-10-10 15:59:10,757 - INFO - src.optimization_cv 91 - Trial 2: Mejor iteración en CV: 94 
2025-10-10 15:59:10,776 - INFO - src.optimization_cv 146 - Iteración 2 guardada. Ganancia promedio CV: 335,900,547 
2025-10-10 16:02:20,497 - INFO - src.optimization_cv 90 - Trial 3: Ganancia CV = 327,885,333 ± 14,786,468 
2025-10-10 16:02:20,503 - INFO - src.optimization_cv 91 - Trial 3: Mejor iteración en CV: 326 
2025-10-10 16:02:20,524 - INFO - src.optimization_cv 146 - Iteración 3 guardada. Ganancia promedio CV: 327,885,333 
2025-10-10 16:04:00,917 - INFO - src.optimization_cv 90 - Trial 4: Ganancia CV = 341,239,095 ± 17,215,050 
2025-10-10 16:04:00,925 - INFO - src.optimization_cv 91 - Trial 4: Mejor iteración en CV: 167 
2025-10-10 16:04:00,941 - INFO - src.optimization_cv 146 - Iteración 4 guardada. Ganancia promedio CV: 341,239,095 
2025-10-10 16:06:11,271 - INFO - src.optimization_cv 90 - Trial 5: Ganancia CV = 349,989,669 ± 16,283,795 
2025-10-10 16:06:11,276 - INFO - src.optimization_cv 91 - Trial 5: Mejor iteración en CV: 126 
2025-10-10 16:06:11,287 - INFO - src.optimization_cv 146 - Iteración 5 guardada. Ganancia promedio CV: 349,989,669 
2025-10-10 16:07:44,929 - INFO - src.optimization_cv 90 - Trial 6: Ganancia CV = 341,122,424 ± 14,566,456 
2025-10-10 16:07:44,936 - INFO - src.optimization_cv 91 - Trial 6: Mejor iteración en CV: 65 
2025-10-10 16:07:44,951 - INFO - src.optimization_cv 146 - Iteración 6 guardada. Ganancia promedio CV: 341,122,424 
2025-10-10 16:10:06,882 - INFO - src.optimization_cv 90 - Trial 7: Ganancia CV = 330,399,284 ± 12,134,782 
2025-10-10 16:10:06,893 - INFO - src.optimization_cv 91 - Trial 7: Mejor iteración en CV: 189 
2025-10-10 16:10:06,913 - INFO - src.optimization_cv 146 - Iteración 7 guardada. Ganancia promedio CV: 330,399,284 
2025-10-10 16:13:56,889 - INFO - src.optimization_cv 90 - Trial 8: Ganancia CV = 348,711,817 ± 10,902,753 
2025-10-10 16:13:56,894 - INFO - src.optimization_cv 91 - Trial 8: Mejor iteración en CV: 174 
2025-10-10 16:13:56,911 - INFO - src.optimization_cv 146 - Iteración 8 guardada. Ganancia promedio CV: 348,711,817 
2025-10-10 16:16:17,858 - INFO - src.optimization_cv 90 - Trial 9: Ganancia CV = 333,334,462 ± 16,850,727 
2025-10-10 16:16:17,863 - INFO - src.optimization_cv 91 - Trial 9: Mejor iteración en CV: 272 
2025-10-10 16:16:17,881 - INFO - src.optimization_cv 146 - Iteración 9 guardada. Ganancia promedio CV: 333,334,462 
2025-10-10 16:18:44,623 - INFO - src.optimization_cv 90 - Trial 10: Ganancia CV = 340,184,225 ± 9,601,247 
2025-10-10 16:18:44,634 - INFO - src.optimization_cv 91 - Trial 10: Mejor iteración en CV: 70 
2025-10-10 16:18:44,668 - INFO - src.optimization_cv 146 - Iteración 10 guardada. Ganancia promedio CV: 340,184,225 
2025-10-10 16:20:42,439 - INFO - src.optimization_cv 90 - Trial 11: Ganancia CV = 349,580,536 ± 12,083,369 
2025-10-10 16:20:42,441 - INFO - src.optimization_cv 91 - Trial 11: Mejor iteración en CV: 96 
2025-10-10 16:20:42,452 - INFO - src.optimization_cv 146 - Iteración 11 guardada. Ganancia promedio CV: 349,580,536 
2025-10-10 16:22:32,078 - INFO - src.optimization_cv 90 - Trial 12: Ganancia CV = 340,883,077 ± 13,580,335 
2025-10-10 16:22:32,080 - INFO - src.optimization_cv 91 - Trial 12: Mejor iteración en CV: 51 
2025-10-10 16:22:32,090 - INFO - src.optimization_cv 146 - Iteración 12 guardada. Ganancia promedio CV: 340,883,077 
2025-10-10 16:23:41,873 - INFO - src.optimization_cv 90 - Trial 13: Ganancia CV = 339,751,182 ± 17,173,522 
2025-10-10 16:23:41,874 - INFO - src.optimization_cv 91 - Trial 13: Mejor iteración en CV: 43 
2025-10-10 16:23:41,886 - INFO - src.optimization_cv 146 - Iteración 13 guardada. Ganancia promedio CV: 339,751,182 
2025-10-10 16:25:22,614 - INFO - src.optimization_cv 90 - Trial 14: Ganancia CV = 345,543,064 ± 13,472,610 
2025-10-10 16:25:22,618 - INFO - src.optimization_cv 91 - Trial 14: Mejor iteración en CV: 93 
2025-10-10 16:25:22,640 - INFO - src.optimization_cv 146 - Iteración 14 guardada. Ganancia promedio CV: 345,543,064 
2025-10-10 16:27:09,661 - INFO - src.optimization_cv 90 - Trial 15: Ganancia CV = 335,433,742 ± 20,015,827 
2025-10-10 16:27:09,666 - INFO - src.optimization_cv 91 - Trial 15: Mejor iteración en CV: 61 
2025-10-10 16:27:09,692 - INFO - src.optimization_cv 146 - Iteración 15 guardada. Ganancia promedio CV: 335,433,742 
2025-10-10 16:29:40,935 - INFO - src.optimization_cv 90 - Trial 16: Ganancia CV = 338,729,857 ± 15,950,094 
2025-10-10 16:29:40,937 - INFO - src.optimization_cv 91 - Trial 16: Mejor iteración en CV: 195 
2025-10-10 16:29:40,949 - INFO - src.optimization_cv 146 - Iteración 16 guardada. Ganancia promedio CV: 338,729,857 
2025-10-10 16:30:52,623 - INFO - src.optimization_cv 90 - Trial 17: Ganancia CV = 339,383,143 ± 16,818,268 
2025-10-10 16:30:52,626 - INFO - src.optimization_cv 91 - Trial 17: Mejor iteración en CV: 41 
2025-10-10 16:30:52,638 - INFO - src.optimization_cv 146 - Iteración 17 guardada. Ganancia promedio CV: 339,383,143 
2025-10-10 16:32:18,640 - INFO - src.optimization_cv 90 - Trial 18: Ganancia CV = 331,919,355 ± 18,362,563 
2025-10-10 16:32:18,645 - INFO - src.optimization_cv 91 - Trial 18: Mejor iteración en CV: 154 
2025-10-10 16:32:18,665 - INFO - src.optimization_cv 146 - Iteración 18 guardada. Ganancia promedio CV: 331,919,355 
2025-10-10 16:33:49,339 - INFO - src.optimization_cv 90 - Trial 19: Ganancia CV = 347,388,418 ± 10,569,741 
2025-10-10 16:33:49,341 - INFO - src.optimization_cv 91 - Trial 19: Mejor iteración en CV: 66 
2025-10-10 16:33:49,354 - INFO - src.optimization_cv 146 - Iteración 19 guardada. Ganancia promedio CV: 347,388,418 
2025-10-10 16:35:47,833 - INFO - src.optimization_cv 90 - Trial 20: Ganancia CV = 338,109,429 ± 20,080,014 
2025-10-10 16:35:47,835 - INFO - src.optimization_cv 91 - Trial 20: Mejor iteración en CV: 195 
2025-10-10 16:35:47,850 - INFO - src.optimization_cv 146 - Iteración 20 guardada. Ganancia promedio CV: 338,109,429 
2025-10-10 16:37:17,935 - INFO - src.optimization_cv 90 - Trial 21: Ganancia CV = 343,585,312 ± 12,666,796 
2025-10-10 16:37:17,938 - INFO - src.optimization_cv 91 - Trial 21: Mejor iteración en CV: 63 
2025-10-10 16:37:17,959 - INFO - src.optimization_cv 146 - Iteración 21 guardada. Ganancia promedio CV: 343,585,312 
2025-10-10 16:38:40,142 - INFO - src.optimization_cv 90 - Trial 22: Ganancia CV = 344,203,333 ± 12,350,978 
2025-10-10 16:38:40,145 - INFO - src.optimization_cv 91 - Trial 22: Mejor iteración en CV: 41 
2025-10-10 16:38:40,176 - INFO - src.optimization_cv 146 - Iteración 22 guardada. Ganancia promedio CV: 344,203,333 
2025-10-10 16:40:09,276 - INFO - src.optimization_cv 90 - Trial 23: Ganancia CV = 341,137,898 ± 15,434,435 
2025-10-10 16:40:09,282 - INFO - src.optimization_cv 91 - Trial 23: Mejor iteración en CV: 58 
2025-10-10 16:40:09,310 - INFO - src.optimization_cv 146 - Iteración 23 guardada. Ganancia promedio CV: 341,137,898 
2025-10-10 16:41:22,995 - INFO - src.optimization_cv 90 - Trial 24: Ganancia CV = 343,422,643 ± 13,697,705 
2025-10-10 16:41:22,999 - INFO - src.optimization_cv 91 - Trial 24: Mejor iteración en CV: 55 
2025-10-10 16:41:23,026 - INFO - src.optimization_cv 146 - Iteración 24 guardada. Ganancia promedio CV: 343,422,643 
2025-10-10 16:43:11,196 - INFO - src.optimization_cv 90 - Trial 25: Ganancia CV = 348,164,348 ± 11,394,866 
2025-10-10 16:43:11,201 - INFO - src.optimization_cv 91 - Trial 25: Mejor iteración en CV: 91 
2025-10-10 16:43:11,223 - INFO - src.optimization_cv 146 - Iteración 25 guardada. Ganancia promedio CV: 348,164,348 
2025-10-10 16:44:30,991 - INFO - src.optimization_cv 90 - Trial 26: Ganancia CV = 344,432,970 ± 15,784,586 
2025-10-10 16:44:30,994 - INFO - src.optimization_cv 91 - Trial 26: Mejor iteración en CV: 65 
2025-10-10 16:44:31,012 - INFO - src.optimization_cv 146 - Iteración 26 guardada. Ganancia promedio CV: 344,432,970 
2025-10-10 16:47:04,765 - INFO - src.optimization_cv 90 - Trial 27: Ganancia CV = 348,417,138 ± 10,554,127 
2025-10-10 16:47:04,768 - INFO - src.optimization_cv 91 - Trial 27: Mejor iteración en CV: 122 
2025-10-10 16:47:04,786 - INFO - src.optimization_cv 146 - Iteración 27 guardada. Ganancia promedio CV: 348,417,138 
2025-10-10 16:48:19,782 - INFO - src.optimization_cv 90 - Trial 28: Ganancia CV = 340,049,244 ± 12,631,336 
2025-10-10 16:48:19,787 - INFO - src.optimization_cv 91 - Trial 28: Mejor iteración en CV: 44 
2025-10-10 16:48:19,819 - INFO - src.optimization_cv 146 - Iteración 28 guardada. Ganancia promedio CV: 340,049,244 
2025-10-10 16:50:10,674 - INFO - src.optimization_cv 90 - Trial 29: Ganancia CV = 344,283,465 ± 15,676,155 
2025-10-10 16:50:10,682 - INFO - src.optimization_cv 91 - Trial 29: Mejor iteración en CV: 156 
2025-10-10 16:50:10,712 - INFO - src.optimization_cv 146 - Iteración 29 guardada. Ganancia promedio CV: 344,283,465 
2025-10-10 16:52:17,709 - INFO - src.optimization_cv 90 - Trial 30: Ganancia CV = 333,546,987 ± 13,838,869 
2025-10-10 16:52:17,712 - INFO - src.optimization_cv 91 - Trial 30: Mejor iteración en CV: 157 
2025-10-10 16:52:17,737 - INFO - src.optimization_cv 146 - Iteración 30 guardada. Ganancia promedio CV: 333,546,987 
2025-10-10 16:54:10,356 - INFO - src.optimization_cv 90 - Trial 31: Ganancia CV = 341,709,269 ± 10,574,730 
2025-10-10 16:54:10,358 - INFO - src.optimization_cv 91 - Trial 31: Mejor iteración en CV: 103 
2025-10-10 16:54:10,372 - INFO - src.optimization_cv 146 - Iteración 31 guardada. Ganancia promedio CV: 341,709,269 
2025-10-10 16:57:04,255 - INFO - src.optimization_cv 90 - Trial 32: Ganancia CV = 350,301,086 ± 10,116,384 
2025-10-10 16:57:04,257 - INFO - src.optimization_cv 91 - Trial 32: Mejor iteración en CV: 161 
2025-10-10 16:57:04,272 - INFO - src.optimization_cv 146 - Iteración 32 guardada. Ganancia promedio CV: 350,301,086 
2025-10-10 16:59:32,921 - INFO - src.optimization_cv 90 - Trial 33: Ganancia CV = 344,819,897 ± 10,650,474 
2025-10-10 16:59:32,923 - INFO - src.optimization_cv 91 - Trial 33: Mejor iteración en CV: 115 
2025-10-10 16:59:32,938 - INFO - src.optimization_cv 146 - Iteración 33 guardada. Ganancia promedio CV: 344,819,897 
2025-10-10 17:02:02,027 - INFO - src.optimization_cv 90 - Trial 34: Ganancia CV = 348,412,537 ± 13,467,814 
2025-10-10 17:02:02,030 - INFO - src.optimization_cv 91 - Trial 34: Mejor iteración en CV: 148 
2025-10-10 17:02:02,054 - INFO - src.optimization_cv 146 - Iteración 34 guardada. Ganancia promedio CV: 348,412,537 
2025-10-10 17:03:37,988 - INFO - src.optimization_cv 90 - Trial 35: Ganancia CV = 345,464,369 ± 11,312,939 
2025-10-10 17:03:37,992 - INFO - src.optimization_cv 91 - Trial 35: Mejor iteración en CV: 64 
2025-10-10 17:03:38,013 - INFO - src.optimization_cv 146 - Iteración 35 guardada. Ganancia promedio CV: 345,464,369 
2025-10-10 17:06:27,792 - INFO - src.optimization_cv 90 - Trial 36: Ganancia CV = 345,803,167 ± 17,190,403 
2025-10-10 17:06:27,799 - INFO - src.optimization_cv 91 - Trial 36: Mejor iteración en CV: 220 
2025-10-10 17:06:27,822 - INFO - src.optimization_cv 146 - Iteración 36 guardada. Ganancia promedio CV: 345,803,167 
2025-10-10 17:08:42,275 - INFO - src.optimization_cv 90 - Trial 37: Ganancia CV = 336,552,814 ± 12,763,392 
2025-10-10 17:08:42,281 - INFO - src.optimization_cv 91 - Trial 37: Mejor iteración en CV: 176 
2025-10-10 17:08:42,321 - INFO - src.optimization_cv 146 - Iteración 37 guardada. Ganancia promedio CV: 336,552,814 
2025-10-10 17:10:20,916 - INFO - src.optimization_cv 90 - Trial 38: Ganancia CV = 345,517,519 ± 15,998,876 
2025-10-10 17:10:20,920 - INFO - src.optimization_cv 91 - Trial 38: Mejor iteración en CV: 78 
2025-10-10 17:10:20,950 - INFO - src.optimization_cv 146 - Iteración 38 guardada. Ganancia promedio CV: 345,517,519 
2025-10-10 17:13:12,276 - INFO - src.optimization_cv 90 - Trial 39: Ganancia CV = 350,563,121 ± 10,149,057 
2025-10-10 17:13:12,277 - INFO - src.optimization_cv 91 - Trial 39: Mejor iteración en CV: 131 
2025-10-10 17:13:12,292 - INFO - src.optimization_cv 146 - Iteración 39 guardada. Ganancia promedio CV: 350,563,121 
2025-10-10 17:15:32,841 - INFO - src.optimization_cv 90 - Trial 40: Ganancia CV = 348,665,511 ± 10,022,333 
2025-10-10 17:15:32,844 - INFO - src.optimization_cv 91 - Trial 40: Mejor iteración en CV: 89 
2025-10-10 17:15:32,871 - INFO - src.optimization_cv 146 - Iteración 40 guardada. Ganancia promedio CV: 348,665,511 
2025-10-10 17:19:37,434 - INFO - src.optimization_cv 90 - Trial 41: Ganancia CV = 348,894,559 ± 10,947,164 
2025-10-10 17:19:37,437 - INFO - src.optimization_cv 91 - Trial 41: Mejor iteración en CV: 110 
2025-10-10 17:19:37,466 - INFO - src.optimization_cv 146 - Iteración 41 guardada. Ganancia promedio CV: 348,894,559 
2025-10-10 17:21:31,864 - INFO - src.optimization_cv 90 - Trial 42: Ganancia CV = 344,045,745 ± 10,845,543 
2025-10-10 17:21:31,866 - INFO - src.optimization_cv 91 - Trial 42: Mejor iteración en CV: 54 
2025-10-10 17:21:31,884 - INFO - src.optimization_cv 146 - Iteración 42 guardada. Ganancia promedio CV: 344,045,745 
2025-10-10 17:23:37,668 - INFO - src.optimization_cv 90 - Trial 43: Ganancia CV = 341,500,634 ± 9,517,775 
2025-10-10 17:23:37,669 - INFO - src.optimization_cv 91 - Trial 43: Mejor iteración en CV: 81 
2025-10-10 17:23:37,686 - INFO - src.optimization_cv 146 - Iteración 43 guardada. Ganancia promedio CV: 341,500,634 
2025-10-10 17:26:31,263 - INFO - src.optimization_cv 90 - Trial 44: Ganancia CV = 345,891,605 ± 11,870,953 
2025-10-10 17:26:31,266 - INFO - src.optimization_cv 91 - Trial 44: Mejor iteración en CV: 151 
2025-10-10 17:26:31,287 - INFO - src.optimization_cv 146 - Iteración 44 guardada. Ganancia promedio CV: 345,891,605 
2025-10-10 17:28:17,964 - INFO - src.optimization_cv 90 - Trial 45: Ganancia CV = 340,450,298 ± 13,852,860 
2025-10-10 17:28:17,966 - INFO - src.optimization_cv 91 - Trial 45: Mejor iteración en CV: 46 
2025-10-10 17:28:17,985 - INFO - src.optimization_cv 146 - Iteración 45 guardada. Ganancia promedio CV: 340,450,298 
2025-10-10 17:29:36,724 - INFO - src.optimization_cv 90 - Trial 46: Ganancia CV = 342,282,286 ± 11,099,341 
2025-10-10 17:29:36,726 - INFO - src.optimization_cv 91 - Trial 46: Mejor iteración en CV: 55 
2025-10-10 17:29:36,751 - INFO - src.optimization_cv 146 - Iteración 46 guardada. Ganancia promedio CV: 342,282,286 
2025-10-10 17:33:47,147 - INFO - src.optimization_cv 90 - Trial 47: Ganancia CV = 333,465,726 ± 15,047,147 
2025-10-10 17:33:47,150 - INFO - src.optimization_cv 91 - Trial 47: Mejor iteración en CV: 481 
2025-10-10 17:33:47,168 - INFO - src.optimization_cv 146 - Iteración 47 guardada. Ganancia promedio CV: 333,465,726 
2025-10-10 17:36:36,529 - INFO - src.optimization_cv 90 - Trial 48: Ganancia CV = 348,489,513 ± 10,599,267 
2025-10-10 17:36:36,532 - INFO - src.optimization_cv 91 - Trial 48: Mejor iteración en CV: 192 
2025-10-10 17:36:36,552 - INFO - src.optimization_cv 146 - Iteración 48 guardada. Ganancia promedio CV: 348,489,513 
2025-10-10 17:38:06,558 - INFO - src.optimization_cv 90 - Trial 49: Ganancia CV = 340,615,892 ± 14,779,015 
2025-10-10 17:38:06,559 - INFO - src.optimization_cv 91 - Trial 49: Mejor iteración en CV: 73 
2025-10-10 17:38:06,579 - INFO - src.optimization_cv 146 - Iteración 49 guardada. Ganancia promedio CV: 340,615,892 
2025-10-10 17:38:07,817 - INFO - src.optimization_cv 175 - === OPTIMIZACIÓN CON CV COMPLETADA ===
2025-10-10 17:38:07,831 - INFO - src.optimization_cv 176 - Número de trials completados: 50
2025-10-10 17:38:07,832 - INFO - src.optimization_cv 177 - Mejor ganancia promedio = 350,563,121
2025-10-10 17:38:07,833 - INFO - src.optimization_cv 178 - Mejores parámetros: {'num_iterations': 614, 'num_leaves': 153, 'learn_rate': 0.05168077438877164, 'feature_fraction': 0.8249455396706715, 'bagging_fraction': 0.5739557197774563, 'min_child_samples': 464, 'max_depth': 14, 'reg_lambda': 5.383553992056877, 'reg_alpha': 3.5365709332510047, 'min_gain_to_split': 0.07942306562335442}
2025-10-10 17:38:07,835 - INFO - __main__ 67 - === ANÁLISIS DE RESULTADOS ===
2025-10-10 17:38:08,003 - INFO - __main__ 71 - Top 5 mejores trials:
2025-10-10 17:38:08,015 - INFO - __main__ 73 -   Trial 39: 350,563,121
2025-10-10 17:38:08,015 - INFO - __main__ 73 -   Trial 32: 350,301,086
2025-10-10 17:38:08,017 - INFO - __main__ 73 -   Trial 5: 349,989,669
2025-10-10 17:38:08,017 - INFO - __main__ 73 -   Trial 11: 349,580,536
2025-10-10 17:38:08,018 - INFO - __main__ 73 -   Trial 1: 348,961,382
2025-10-10 17:38:08,018 - INFO - __main__ 75 - === OPTIMIZACIÓN COMPLETADA ===
2025-10-10 17:38:08,019 - INFO - __main__ 78 - === EVALUACIÓN EN CONJUNTO DE TEST ===
2025-10-10 17:38:08,024 - INFO - src.best_params 34 - Mejores hiperparámetros cargados desde resultados/lgb_optimization_cv_competencia01_e_iteraciones.json
2025-10-10 17:38:08,024 - INFO - src.best_params 35 - Mejor ganancia encontrada: 350,563,121
2025-10-10 17:38:08,025 - INFO - src.best_params 36 - Trial número: 39
2025-10-10 17:38:08,025 - INFO - src.best_params 37 - Parámetros: {'num_iterations': 614, 'num_leaves': 153, 'learn_rate': 0.05168077438877164, 'feature_fraction': 0.8249455396706715, 'bagging_fraction': 0.5739557197774563, 'min_child_samples': 464, 'max_depth': 14, 'reg_lambda': 5.383553992056877, 'reg_alpha': 3.5365709332510047, 'min_gain_to_split': 0.07942306562335442}
2025-10-10 17:38:08,027 - INFO - src.optimization 301 - === EVALUACIÓN EN CONJUNTO DE TEST ===
2025-10-10 17:38:08,027 - INFO - src.optimization 302 - Período de test: 202104
2025-10-10 17:38:15,568 - INFO - src.optimization 319 - Entrenando modelo con mejores hiperparámetros...
2025-10-10 17:38:15,569 - INFO - src.optimization 320 - Dimensiones df_train_completo: (325264, 726), Dimensiones df_test: (163418, 726)
2025-10-10 17:38:18,643 - INFO - src.optimization 327 - Tipo de dato de train_data: <class 'lightgbm.basic.Dataset'>, Dimensiones de train_data: (325264, 725)
2025-10-10 17:39:12,446 - INFO - src.optimization 430 - Ganancia: 927,700,000---Total Predicciones positivas: 15,455
2025-10-10 17:39:12,447 - INFO - __main__ 89 - === RESUMEN DE EVALUACIÓN EN TEST ===
2025-10-10 17:39:12,447 - INFO - __main__ 90 - ✅ Ganancia en test: 927,700,000
2025-10-10 17:39:12,448 - INFO - __main__ 91 - 🔍 Umbral óptimo encontrado: 0.0300
2025-10-10 17:39:12,448 - INFO - __main__ 92 - 🎯 Predicciones positivas: 15,455 (9.46%)
2025-10-10 17:39:12,448 - INFO - __main__ 96 - === ENTRENAMIENTO FINAL ===
2025-10-10 17:39:12,448 - INFO - __main__ 97 - Preparar datos para entrenamiento final
2025-10-10 17:39:12,449 - INFO - src.final_training 25 - Preparando datos para entrenamiento final
2025-10-10 17:39:12,449 - INFO - src.final_training 26 - Períodos de entrenamiento: ['202101', '202102', '202103', '202104']
2025-10-10 17:39:12,450 - INFO - src.final_training 27 - Período de predicción: 202106
2025-10-10 17:39:25,353 - INFO - src.final_training 37 - Registros de entrenamiento: 650,209
2025-10-10 17:39:25,359 - INFO - src.final_training 38 - Registros de predicción: 164,313
2025-10-10 17:39:45,119 - INFO - src.final_training 55 - Features utilizadas: 725
2025-10-10 17:39:45,139 - INFO - src.final_training 56 - Distribución del target - 0: 642,830, 1: 7,379
2025-10-10 17:39:45,856 - INFO - __main__ 107 - Entrenar modelo final
2025-10-10 17:39:45,857 - INFO - src.final_training 76 - Iniciando entrenamiento del modelo final
2025-10-10 17:39:45,858 - INFO - src.final_training 87 - Parámetros del modelo: {'objective': 'binary', 'metric': 'None', 'random_state': 839071, 'verbose': -1, 'num_iterations': 614, 'num_leaves': 153, 'learn_rate': 0.05168077438877164, 'feature_fraction': 0.8249455396706715, 'bagging_fraction': 0.5739557197774563, 'min_child_samples': 464, 'max_depth': 14, 'reg_lambda': 5.383553992056877, 'reg_alpha': 3.5365709332510047, 'min_gain_to_split': 0.07942306562335442}
2025-10-10 17:43:04,233 - INFO - src.final_training 112 - Modelo final guardado en: resultados/modelo_final_lgb_optimization_cv_competencia01_e_2025-10-10_17-43-04.txt
2025-10-10 17:43:04,234 - INFO - src.final_training 114 - Entrenamiento del modelo final completado
2025-10-10 17:43:05,203 - INFO - __main__ 111 - Generar predicciones finales
2025-10-10 17:43:05,203 - INFO - src.final_training 130 - Generando predicciones finales
2025-10-10 17:43:10,922 - INFO - src.final_training 143 - Predicciones de probabilidad guardadas en: resultados/predicciones_probabilidad_lgb_optimization_cv_competencia01_e_2025-10-10_17-43-10.csv
2025-10-10 17:43:10,953 - INFO - src.final_training 165 - Predicciones generadas:
2025-10-10 17:43:10,953 - INFO - src.final_training 166 -   Total clientes: 164,313
2025-10-10 17:43:10,954 - INFO - src.final_training 167 -   Predicciones positivas: 15,540 (9.46%)
2025-10-10 17:43:10,955 - INFO - src.final_training 168 -   Predicciones negativas: 148,773
2025-10-10 17:43:10,955 - INFO - src.final_training 169 -   Porcentaje solicitado: 0.0946
2025-10-10 17:43:10,957 - INFO - __main__ 116 - Guardar predicciones
2025-10-10 17:43:11,144 - INFO - src.output_manager 42 - Predicciones guardadas en: predict/lgb_optimization_cv_competencia01_e_20251010_174310.csv
2025-10-10 17:43:11,144 - INFO - src.output_manager 43 - Formato del archivo:
2025-10-10 17:43:11,145 - INFO - src.output_manager 44 -   Columnas: ['numero_de_cliente', 'predict']
2025-10-10 17:43:11,145 - INFO - src.output_manager 45 -   Registros: 164,313
2025-10-10 17:43:11,146 - INFO - src.output_manager 46 -   Primeras filas:
2025-10-10 17:43:11,234 - INFO - src.output_manager 47 -    numero_de_cliente  predict
0          482747281        0
1          482846163        1
2          482874899        0
3          482964455        0
4          483119639        0
2025-10-10 17:43:11,234 - INFO - __main__ 120 - === RESUMEN FINAL ===
2025-10-10 17:43:11,235 - INFO - __main__ 121 - ✅ Entrenamiento final completado exitosamente
2025-10-10 17:43:11,236 - INFO - __main__ 122 - 📊 Mejores hiperparámetros utilizados: {'num_iterations': 614, 'num_leaves': 153, 'learn_rate': 0.05168077438877164, 'feature_fraction': 0.8249455396706715, 'bagging_fraction': 0.5739557197774563, 'min_child_samples': 464, 'max_depth': 14, 'reg_lambda': 5.383553992056877, 'reg_alpha': 3.5365709332510047, 'min_gain_to_split': 0.07942306562335442}
2025-10-10 17:43:11,236 - INFO - __main__ 123 - 🎯 Períodos de entrenamiento: ['202101', '202102', '202103', '202104']
2025-10-10 17:43:11,237 - INFO - __main__ 124 - 🔮 Período de predicción: 202106
2025-10-10 17:43:11,238 - INFO - __main__ 127 - 📁 Archivo de salida: predict/lgb_optimization_cv_competencia01_e_20251010_174310.csv
2025-10-10 17:43:11,238 - INFO - __main__ 128 - 📝 Log detallado: logs/log_lgb_optimization_cv_competencia01_e_2025-10-10_15-39-18.log
2025-10-10 17:43:11,238 - INFO - __main__ 131 - >>> Ejecución finalizada. Revisar logs para mas detalles.
