2025-09-29 01:12:05,903 - INFO - __main__ 36 - Inicio de ejecucion.
2025-09-29 01:12:05,904 - INFO - __name__ 14 - Cargando dataset desde ./data/competencia_01.csv
2025-09-29 01:12:15,105 - INFO - __name__ 17 - Dataset cargado con 978439 filas y 155 columnas
2025-09-29 01:12:15,106 - INFO - __name__ 27 - Realizando feature engineering con 2 lags para 3 atributos
2025-09-29 01:12:20,065 - INFO - __name__ 57 - Feature engineering completado. DataFrame resultante con 161 columnas
2025-09-29 01:12:20,065 - INFO - __main__ 46 - Feature Engineering completado: (978439, 161)
2025-09-29 01:12:20,583 - INFO - __name__ 54 - Conversión completada:
2025-09-29 01:12:20,583 - INFO - __name__ 55 -   Original - CONTINUA: 642830, BAJA+1: 4575, BAJA+2: 3938
2025-09-29 01:12:20,584 - INFO - __name__ 56 -   Binario - 0: 642830, 1: 8513
2025-09-29 01:12:20,584 - INFO - __name__ 57 -   Distribución: 1.31% casos positivos
2025-09-29 01:12:20,696 - INFO - src.optimization 190 - Iniciando optimización con 5 trials
2025-09-29 01:12:20,696 - INFO - src.optimization 191 - Configuración: TRAIN=202102, VALID=202103, SEMILLA=[12, 13, 14, 15, 16]
2025-09-29 01:12:21,432 - INFO - src.optimization 66 - Dimensiones df_train: (162155, 161), Dimensiones df_val: (163109, 161)
2025-09-29 01:12:21,432 - INFO - src.optimization 67 - Dimensiones df: (978439, 161)
2025-09-29 01:12:21,583 - INFO - src.optimization 85 - Mes train: 202102, Mes validacion: 202103
2025-09-29 01:12:21,584 - INFO - src.optimization 86 - Dimensiones de X_train: (162155, 160), Dimensiones de X_val: (163109, 160)
2025-09-29 01:12:21,584 - INFO - src.optimization 87 - Tipo de dato de train_data: <class 'lightgbm.basic.Dataset'>, Tipo de dato de val_data: <class 'lightgbm.basic.Dataset'>
2025-09-29 01:12:21,585 - INFO - src.optimization 88 - Dimensiones de train_data: (162155, 160), Dimensiones de val_data: (163109, 160)
2025-09-29 01:12:26,404 - INFO - src.optimization 164 - Iteración 0 guardada en resultados/lgb_optimization_competencia01_iteraciones.json
2025-09-29 01:12:26,405 - INFO - src.optimization 165 - Ganancia: 921,600,000---Parámetros: {params}
2025-09-29 01:12:27,138 - INFO - src.optimization 66 - Dimensiones df_train: (162155, 161), Dimensiones df_val: (163109, 161)
2025-09-29 01:12:27,139 - INFO - src.optimization 67 - Dimensiones df: (978439, 161)
2025-09-29 01:12:27,270 - INFO - src.optimization 85 - Mes train: 202102, Mes validacion: 202103
2025-09-29 01:12:27,270 - INFO - src.optimization 86 - Dimensiones de X_train: (162155, 160), Dimensiones de X_val: (163109, 160)
2025-09-29 01:12:27,270 - INFO - src.optimization 87 - Tipo de dato de train_data: <class 'lightgbm.basic.Dataset'>, Tipo de dato de val_data: <class 'lightgbm.basic.Dataset'>
2025-09-29 01:12:27,271 - INFO - src.optimization 88 - Dimensiones de train_data: (162155, 160), Dimensiones de val_data: (163109, 160)
2025-09-29 01:12:33,541 - INFO - src.optimization 164 - Iteración 1 guardada en resultados/lgb_optimization_competencia01_iteraciones.json
2025-09-29 01:12:33,541 - INFO - src.optimization 165 - Ganancia: 899,040,000---Parámetros: {params}
2025-09-29 01:12:34,363 - INFO - src.optimization 66 - Dimensiones df_train: (162155, 161), Dimensiones df_val: (163109, 161)
2025-09-29 01:12:34,364 - INFO - src.optimization 67 - Dimensiones df: (978439, 161)
2025-09-29 01:12:34,502 - INFO - src.optimization 85 - Mes train: 202102, Mes validacion: 202103
2025-09-29 01:12:34,502 - INFO - src.optimization 86 - Dimensiones de X_train: (162155, 160), Dimensiones de X_val: (163109, 160)
2025-09-29 01:12:34,503 - INFO - src.optimization 87 - Tipo de dato de train_data: <class 'lightgbm.basic.Dataset'>, Tipo de dato de val_data: <class 'lightgbm.basic.Dataset'>
2025-09-29 01:12:34,503 - INFO - src.optimization 88 - Dimensiones de train_data: (162155, 160), Dimensiones de val_data: (163109, 160)
2025-09-29 01:12:38,650 - INFO - src.optimization 164 - Iteración 2 guardada en resultados/lgb_optimization_competencia01_iteraciones.json
2025-09-29 01:12:38,651 - INFO - src.optimization 165 - Ganancia: 894,580,000---Parámetros: {params}
2025-09-29 01:12:39,380 - INFO - src.optimization 66 - Dimensiones df_train: (162155, 161), Dimensiones df_val: (163109, 161)
2025-09-29 01:12:39,381 - INFO - src.optimization 67 - Dimensiones df: (978439, 161)
2025-09-29 01:12:39,505 - INFO - src.optimization 85 - Mes train: 202102, Mes validacion: 202103
2025-09-29 01:12:39,506 - INFO - src.optimization 86 - Dimensiones de X_train: (162155, 160), Dimensiones de X_val: (163109, 160)
2025-09-29 01:12:39,506 - INFO - src.optimization 87 - Tipo de dato de train_data: <class 'lightgbm.basic.Dataset'>, Tipo de dato de val_data: <class 'lightgbm.basic.Dataset'>
2025-09-29 01:12:39,506 - INFO - src.optimization 88 - Dimensiones de train_data: (162155, 160), Dimensiones de val_data: (163109, 160)
2025-09-29 01:12:44,422 - INFO - src.optimization 164 - Iteración 3 guardada en resultados/lgb_optimization_competencia01_iteraciones.json
2025-09-29 01:12:44,422 - INFO - src.optimization 165 - Ganancia: 904,800,000---Parámetros: {params}
2025-09-29 01:12:45,180 - INFO - src.optimization 66 - Dimensiones df_train: (162155, 161), Dimensiones df_val: (163109, 161)
2025-09-29 01:12:45,181 - INFO - src.optimization 67 - Dimensiones df: (978439, 161)
2025-09-29 01:12:45,316 - INFO - src.optimization 85 - Mes train: 202102, Mes validacion: 202103
2025-09-29 01:12:45,316 - INFO - src.optimization 86 - Dimensiones de X_train: (162155, 160), Dimensiones de X_val: (163109, 160)
2025-09-29 01:12:45,317 - INFO - src.optimization 87 - Tipo de dato de train_data: <class 'lightgbm.basic.Dataset'>, Tipo de dato de val_data: <class 'lightgbm.basic.Dataset'>
2025-09-29 01:12:45,317 - INFO - src.optimization 88 - Dimensiones de train_data: (162155, 160), Dimensiones de val_data: (163109, 160)
2025-09-29 01:12:48,568 - INFO - src.optimization 164 - Iteración 4 guardada en resultados/lgb_optimization_competencia01_iteraciones.json
2025-09-29 01:12:48,569 - INFO - src.optimization 165 - Ganancia: 807,020,000---Parámetros: {params}
2025-09-29 01:12:48,622 - INFO - src.optimization 206 - Mejor ganancia: 921,600,000
2025-09-29 01:12:48,622 - INFO - src.optimization 207 - Mejores parámetros: {'num_leaves': 141, 'learn_rate': 0.13034266750081833, 'feature_fraction': 0.9798862049159224, 'bagging_fraction': 0.5939661898614075, 'min_child_samples': 92, 'max_depth': 13, 'reg_lambda': 9.143322363391258, 'reg_alpha': 1.18715072108721}
2025-09-29 01:12:48,622 - INFO - __main__ 55 - === ANÁLISIS DE RESULTADOS ===
2025-09-29 01:12:48,643 - INFO - __main__ 59 - Top 5 mejores trials:
2025-09-29 01:12:48,647 - INFO - __main__ 61 -   Trial 0: 921,600,000
2025-09-29 01:12:48,647 - INFO - __main__ 61 -   Trial 3: 904,800,000
2025-09-29 01:12:48,648 - INFO - __main__ 61 -   Trial 1: 899,040,000
2025-09-29 01:12:48,649 - INFO - __main__ 61 -   Trial 2: 894,580,000
2025-09-29 01:12:48,649 - INFO - __main__ 61 -   Trial 4: 807,020,000
2025-09-29 01:12:48,649 - INFO - __main__ 63 - === OPTIMIZACIÓN COMPLETADA ===
2025-09-29 01:12:48,650 - INFO - __main__ 66 - === EVALUACIÓN EN CONJUNTO DE TEST ===
