2025-10-12 13:11:35,761 - INFO - __name__ 14 - Cargando dataset desde ./data/competencia_01.csv
2025-10-12 13:11:46,161 - INFO - __name__ 17 - Dataset cargado con 978439 filas y 155 columnas
2025-10-12 13:11:46,162 - INFO - __main__ 49 - Archivo de features encontrado: data/df_fe_lgb_optimization_cv_competencia01_l.csv. Cargando desde disco.
2025-10-12 13:13:12,533 - INFO - __name__ 101 - Conversión completada:
2025-10-12 13:13:12,602 - INFO - __name__ 102 -   Original - CONTINUA: 642830, BAJA+1: 4575, BAJA+2: 3938
2025-10-12 13:13:12,603 - INFO - __name__ 103 -   Binario - 0: 642830, 1: 8513
2025-10-12 13:13:12,603 - INFO - __name__ 104 -   Distribución: 1.31% casos positivos
2025-10-12 13:13:13,604 - INFO - __main__ 79 - === EVALUACIÓN EN CONJUNTO DE TEST ===
2025-10-12 13:13:13,620 - INFO - src.best_params 49 - Mejores hiperparámetros cargados desde resultados/lgb_optimization_cv_competencia01_l_iteraciones.json
2025-10-12 13:13:13,621 - INFO - src.best_params 50 - Mejor ganancia encontrada: 154,713,585
2025-10-12 13:13:13,621 - INFO - src.best_params 51 - Trial número: 52
2025-10-12 13:13:13,623 - INFO - src.best_params 52 - Parámetros: {'num_iterations': 844, 'num_leaves': 272, 'learning_rate': 0.10013019702598346, 'feature_fraction': 0.5859297600103615, 'bagging_fraction': 1.0, 'min_child_samples': 29, 'max_depth': 10, 'reg_lambda': 1.634368536567913, 'reg_alpha': 2.591381940083626, 'min_gain_to_split': 4.10868687763755, 'scale_pos_weight': 97, 'pos_bagging_fraction': 1.0, 'neg_bagging_fraction': 0.01, 'bagging_freq': 1, 'objective': 'binary', 'metric': 'None', 'random_state': 839071}
2025-10-12 13:13:13,626 - INFO - __main__ 97 - === ENTRENAMIENTO FINAL ===
2025-10-12 13:13:13,627 - INFO - __main__ 98 - Preparar datos para entrenamiento final
2025-10-12 13:13:13,627 - INFO - src.final_training 427 - Preparando datos para entrenamiento final
2025-10-12 13:13:13,627 - INFO - src.final_training 428 - Períodos de entrenamiento: ['202101', '202102', '202103', '202104']
2025-10-12 13:13:13,627 - INFO - src.final_training 429 - Período de predicción: 202106
2025-10-12 13:13:18,150 - INFO - src.final_training 439 - Registros de entrenamiento: 650,209
2025-10-12 13:13:18,151 - INFO - src.final_training 440 - Registros de predicción: 164,313
2025-10-12 13:13:30,350 - INFO - src.final_training 458 - Features utilizadas: 724
2025-10-12 13:13:30,388 - INFO - src.final_training 459 - Distribución del target - 0: 642,830, 1: 7,379
2025-10-12 13:13:30,900 - INFO - __main__ 110 - Entrenar modelo final
2025-10-12 13:13:30,900 - INFO - src.final_training 245 - Iniciando entrenamiento del modelo final
2025-10-12 13:14:24,369 - INFO - src.final_training 280 - Modelo final (semilla 839071) guardado en: resultados/lgb_optimization_cv_competencia01_l/modelo_final_semilla_839071_2025-10-12_13-14-24.txt
2025-10-12 13:15:07,481 - INFO - src.final_training 280 - Modelo final (semilla 666557) guardado en: resultados/lgb_optimization_cv_competencia01_l/modelo_final_semilla_666557_2025-10-12_13-15-07.txt
2025-10-12 13:15:54,531 - INFO - src.final_training 280 - Modelo final (semilla 390653) guardado en: resultados/lgb_optimization_cv_competencia01_l/modelo_final_semilla_390653_2025-10-12_13-15-54.txt
2025-10-12 13:16:43,001 - INFO - src.final_training 280 - Modelo final (semilla 408341) guardado en: resultados/lgb_optimization_cv_competencia01_l/modelo_final_semilla_408341_2025-10-12_13-16-42.txt
2025-10-12 13:17:25,502 - INFO - src.final_training 280 - Modelo final (semilla 858577) guardado en: resultados/lgb_optimization_cv_competencia01_l/modelo_final_semilla_858577_2025-10-12_13-17-25.txt
2025-10-12 13:18:06,353 - INFO - src.final_training 280 - Modelo final (semilla 156893) guardado en: resultados/lgb_optimization_cv_competencia01_l/modelo_final_semilla_156893_2025-10-12_13-18-06.txt
2025-10-12 13:18:46,646 - INFO - src.final_training 280 - Modelo final (semilla 220481) guardado en: resultados/lgb_optimization_cv_competencia01_l/modelo_final_semilla_220481_2025-10-12_13-18-46.txt
2025-10-12 13:19:25,516 - INFO - src.final_training 280 - Modelo final (semilla 557412) guardado en: resultados/lgb_optimization_cv_competencia01_l/modelo_final_semilla_557412_2025-10-12_13-19-25.txt
2025-10-12 13:20:05,667 - INFO - src.final_training 280 - Modelo final (semilla 111058) guardado en: resultados/lgb_optimization_cv_competencia01_l/modelo_final_semilla_111058_2025-10-12_13-20-05.txt
2025-10-12 13:20:43,860 - INFO - src.final_training 280 - Modelo final (semilla 401171) guardado en: resultados/lgb_optimization_cv_competencia01_l/modelo_final_semilla_401171_2025-10-12_13-20-43.txt
2025-10-12 13:20:43,860 - INFO - src.final_training 285 - Entrenamiento de modelos finales completado
2025-10-12 13:20:44,007 - INFO - __main__ 116 - Generar predicciones finales
2025-10-12 13:20:44,008 - INFO - src.final_training 363 - Generando predicciones finales
2025-10-12 13:21:11,134 - INFO - src.final_training 383 - Predicciones de probabilidad guardadas en: resultados/predicciones_probabilidad_lgb_optimization_cv_competencia01_l_varias_seeds_2025-10-12_13-21-10.csv
2025-10-12 13:21:11,148 - INFO - src.final_training 405 - Predicciones generadas:
2025-10-12 13:21:11,149 - INFO - src.final_training 406 -   Total clientes: 164,313
2025-10-12 13:21:11,149 - INFO - src.final_training 407 -   Predicciones positivas: 10,352 (6.30%)
2025-10-12 13:21:11,149 - INFO - src.final_training 408 -   Predicciones negativas: 153,961
2025-10-12 13:21:11,150 - INFO - src.final_training 409 -   Porcentaje solicitado: 0.0630
2025-10-12 13:21:11,152 - INFO - __main__ 122 - Guardar predicciones
2025-10-12 13:21:11,301 - INFO - src.output_manager 42 - Predicciones guardadas en: predict/lgb_optimization_cv_competencia01_l_20251012_132111.csv
2025-10-12 13:21:11,302 - INFO - src.output_manager 43 - Formato del archivo:
2025-10-12 13:21:11,304 - INFO - src.output_manager 44 -   Columnas: ['numero_de_cliente', 'predict']
2025-10-12 13:21:11,304 - INFO - src.output_manager 45 -   Registros: 164,313
2025-10-12 13:21:11,305 - INFO - src.output_manager 46 -   Primeras filas:
2025-10-12 13:21:11,368 - INFO - src.output_manager 47 -    numero_de_cliente  predict
0          249350768        0
1          249432306        0
2          249565688        0
3          249596175        0
4          249695645        0
2025-10-12 13:21:11,369 - INFO - __main__ 126 - === RESUMEN FINAL ===
2025-10-12 13:21:11,369 - INFO - __main__ 127 - ✅ Entrenamiento final completado exitosamente
2025-10-12 13:21:11,370 - INFO - __main__ 128 - 📊 Mejores hiperparámetros utilizados: {'num_iterations': 844, 'num_leaves': 272, 'learning_rate': 0.10013019702598346, 'feature_fraction': 0.5859297600103615, 'bagging_fraction': 1.0, 'min_child_samples': 29, 'max_depth': 10, 'reg_lambda': 1.634368536567913, 'reg_alpha': 2.591381940083626, 'min_gain_to_split': 4.10868687763755, 'scale_pos_weight': 97, 'pos_bagging_fraction': 1.0, 'neg_bagging_fraction': 0.01, 'bagging_freq': 1, 'objective': 'binary', 'metric': 'None', 'random_state': 401171}
2025-10-12 13:21:11,371 - INFO - __main__ 129 - 🎯 Períodos de entrenamiento: ['202101', '202102', '202103', '202104']
2025-10-12 13:21:11,371 - INFO - __main__ 130 - 🔮 Período de predicción: 202106
2025-10-12 13:21:11,372 - INFO - __main__ 133 - 📁 Archivo de salida: predict/lgb_optimization_cv_competencia01_l_20251012_132111.csv
2025-10-12 13:21:11,372 - INFO - __main__ 134 - 📝 Log detallado: logs/log_lgb_optimization_cv_competencia01_l_2025-10-12_13-11-35.log
2025-10-12 13:21:11,373 - INFO - __main__ 137 - >>> Ejecución finalizada. Revisar logs para mas detalles.
