2025-10-03 00:55:17,715 - INFO - __main__ 36 - Inicio de ejecucion.
2025-10-03 00:55:17,716 - INFO - __name__ 14 - Cargando dataset desde ./data/competencia_01.csv
2025-10-03 00:55:31,751 - INFO - __name__ 17 - Dataset cargado con 978439 filas y 155 columnas
2025-10-03 00:55:31,752 - INFO - __name__ 27 - Realizando feature engineering con 2 lags para 3 atributos
2025-10-03 00:55:38,853 - INFO - __name__ 57 - Feature engineering completado. DataFrame resultante con 161 columnas
2025-10-03 00:55:38,854 - INFO - __main__ 46 - Feature Engineering completado: (978439, 161)
2025-10-03 00:55:39,443 - INFO - __name__ 54 - Conversión completada:
2025-10-03 00:55:39,443 - INFO - __name__ 55 -   Original - CONTINUA: 642830, BAJA+1: 4575, BAJA+2: 3938
2025-10-03 00:55:39,444 - INFO - __name__ 56 -   Binario - 0: 642830, 1: 8513
2025-10-03 00:55:39,445 - INFO - __name__ 57 -   Distribución: 1.31% casos positivos
2025-10-03 00:55:39,639 - INFO - src.optimization 190 - Iniciando optimización con 5 trials
2025-10-03 00:55:39,639 - INFO - src.optimization 191 - Configuración: TRAIN=202102, VALID=202103, SEMILLA=[12, 13, 14, 15, 16]
2025-10-03 00:55:45,337 - INFO - src.optimization 164 - Iteración 0 guardada en resultados/lgb_optimization_competencia01_iteraciones.json
2025-10-03 00:55:45,338 - INFO - src.optimization 165 - Ganancia: 889,700,000---Parámetros: {params}
2025-10-03 00:55:51,572 - INFO - src.optimization 164 - Iteración 1 guardada en resultados/lgb_optimization_competencia01_iteraciones.json
2025-10-03 00:55:51,573 - INFO - src.optimization 165 - Ganancia: 819,500,000---Parámetros: {params}
2025-10-03 00:55:57,473 - INFO - src.optimization 164 - Iteración 2 guardada en resultados/lgb_optimization_competencia01_iteraciones.json
2025-10-03 00:55:57,474 - INFO - src.optimization 165 - Ganancia: 824,980,000---Parámetros: {params}
2025-10-03 00:56:02,139 - INFO - src.optimization 164 - Iteración 3 guardada en resultados/lgb_optimization_competencia01_iteraciones.json
2025-10-03 00:56:02,140 - INFO - src.optimization 165 - Ganancia: 910,480,000---Parámetros: {params}
2025-10-03 00:56:07,907 - INFO - src.optimization 164 - Iteración 4 guardada en resultados/lgb_optimization_competencia01_iteraciones.json
2025-10-03 00:56:07,907 - INFO - src.optimization 165 - Ganancia: 907,680,000---Parámetros: {params}
2025-10-03 00:56:07,975 - INFO - src.optimization 206 - Mejor ganancia: 910,480,000
2025-10-03 00:56:07,976 - INFO - src.optimization 207 - Mejores parámetros: {'num_leaves': 134, 'learn_rate': 0.10255217595294795, 'feature_fraction': 0.5101067542593323, 'bagging_fraction': 0.6180258741307495, 'min_child_samples': 47, 'max_depth': 5, 'reg_lambda': 2.737492152436085, 'reg_alpha': 1.8948336461514748}
2025-10-03 00:56:07,976 - INFO - __main__ 55 - === ANÁLISIS DE RESULTADOS ===
2025-10-03 00:56:07,981 - INFO - __main__ 59 - Top 5 mejores trials:
2025-10-03 00:56:07,982 - INFO - __main__ 61 -   Trial 3: 910,480,000
2025-10-03 00:56:07,983 - INFO - __main__ 61 -   Trial 4: 907,680,000
2025-10-03 00:56:07,983 - INFO - __main__ 61 -   Trial 0: 889,700,000
2025-10-03 00:56:07,983 - INFO - __main__ 61 -   Trial 2: 824,980,000
2025-10-03 00:56:07,983 - INFO - __main__ 61 -   Trial 1: 819,500,000
2025-10-03 00:56:07,984 - INFO - __main__ 63 - === OPTIMIZACIÓN COMPLETADA ===
2025-10-03 00:56:07,984 - INFO - __main__ 66 - === EVALUACIÓN EN CONJUNTO DE TEST ===
2025-10-03 00:56:07,985 - INFO - src.best_params 34 - Mejores hiperparámetros cargados desde resultados/lgb_optimization_competencia01_iteraciones.json
2025-10-03 00:56:07,985 - INFO - src.best_params 35 - Mejor ganancia encontrada: 932,240,000
2025-10-03 00:56:07,985 - INFO - src.best_params 36 - Trial número: 4
2025-10-03 00:56:07,986 - INFO - src.best_params 37 - Parámetros: {'num_leaves': 262, 'learn_rate': 0.16696571034433907, 'feature_fraction': 0.7198509637373903, 'bagging_fraction': 0.4733795979028113, 'min_child_samples': 24, 'max_depth': 6, 'reg_lambda': 3.3607967363491964, 'reg_alpha': 5.533180037908927}
2025-10-03 00:56:07,986 - INFO - src.optimization 226 - === EVALUACIÓN EN CONJUNTO DE TEST ===
2025-10-03 00:56:07,986 - INFO - src.optimization 227 - Período de test: 202104
2025-10-03 00:56:09,052 - INFO - src.optimization 244 - Entrenando modelo con mejores hiperparámetros...
2025-10-03 00:56:09,052 - INFO - src.optimization 245 - Dimensiones df_train_completo: (325264, 161), Dimensiones df_test: (163418, 161)
2025-10-03 00:56:09,246 - INFO - src.optimization 252 - Tipo de dato de train_data: <class 'lightgbm.basic.Dataset'>, Tipo de dato de test_data: <class 'lightgbm.basic.Dataset'>
2025-10-03 00:56:09,246 - INFO - src.optimization 253 - Dimensiones de train_data: (325264, 160), Dimensiones de test_data: (163418, 160)
2025-10-03 00:56:15,150 - INFO - src.optimization 325 - Ganancia: 952,100,000---Total Predicciones positivas: 17,635
2025-10-03 00:56:15,150 - INFO - __main__ 77 - === RESUMEN DE EVALUACIÓN EN TEST ===
2025-10-03 00:56:15,150 - INFO - __main__ 78 - ✅ Ganancia en test: 952,100,000
2025-10-03 00:56:15,151 - INFO - __main__ 79 - 🎯 Predicciones positivas: 17,635 (10.79%)
2025-10-03 00:56:15,151 - INFO - __main__ 83 - === ENTRENAMIENTO FINAL ===
2025-10-03 00:56:15,151 - INFO - __main__ 84 - Preparar datos para entrenamiento final
2025-10-03 00:56:15,151 - INFO - src.final_training 25 - Preparando datos para entrenamiento final
2025-10-03 00:56:15,151 - INFO - src.final_training 26 - Períodos de entrenamiento: ['202101', '202102', '202103', '202104']
2025-10-03 00:56:15,151 - INFO - src.final_training 27 - Período de predicción: 202106
2025-10-03 00:56:16,380 - INFO - src.final_training 38 - Registros de entrenamiento: 650,209
2025-10-03 00:56:16,380 - INFO - src.final_training 39 - Registros de predicción: 164,313
2025-10-03 00:56:16,670 - INFO - __name__ 27 - Realizando feature engineering con 2 lags para 3 atributos
2025-10-03 00:56:18,748 - INFO - __name__ 57 - Feature engineering completado. DataFrame resultante con 167 columnas
2025-10-03 00:56:18,762 - INFO - src.final_training 53 - Feature Engineering completado sobre DF_predict: (164313, 167)
