2025-10-27 21:11:14,967 - INFO - __main__ 37 - Inicio de ejecucion.
2025-10-27 21:11:14,968 - INFO - __main__ 39 - Número de trials por estudio: 75
2025-10-27 21:11:14,969 - INFO - __name__ 14 - Cargando dataset desde ./data/competencia_01.csv
2025-10-27 21:11:24,760 - INFO - __name__ 17 - Dataset cargado con 978439 filas y 155 columnas
2025-10-27 21:11:24,761 - INFO - __main__ 52 - Archivo de features no encontrado. Ejecutando feature engineering.
2025-10-27 21:11:25,105 - INFO - __name__ 30 - Realizando feature engineering con 2 lags para 136 atributos
2025-10-27 21:11:25,116 - WARNING - __name__ 45 - El atributo mtarjeta_visa_debitos_automaticos no existe en el DataFrame
2025-10-27 21:11:48,644 - INFO - __name__ 60 - Feature engineering completado. DataFrame resultante con 425 columnas
2025-10-27 21:11:48,695 - INFO - __name__ 723 - Operación 'lag' aplicada. Nombre de nuevas variables: ['cproductos_lag_1', 'cproductos_lag_2', 'ccuenta_corriente_lag_1', 'ccuenta_corriente_lag_2', 'ccaja_ahorro_lag_1', 'ccaja_ahorro_lag_2', 'ctarjeta_debito_lag_1', 'ctarjeta_debito_lag_2', 'ctarjeta_debito_transacciones_lag_1', 'ctarjeta_debito_transacciones_lag_2', 'ctarjeta_visa_lag_1', 'ctarjeta_visa_lag_2', 'ctarjeta_visa_transacciones_lag_1', 'ctarjeta_visa_transacciones_lag_2', 'ctarjeta_master_lag_1', 'ctarjeta_master_lag_2', 'ctarjeta_master_transacciones_lag_1', 'ctarjeta_master_transacciones_lag_2', 'cprestamos_personales_lag_1', 'cprestamos_personales_lag_2', 'cprestamos_prendarios_lag_1', 'cprestamos_prendarios_lag_2', 'cprestamos_hipotecarios_lag_1', 'cprestamos_hipotecarios_lag_2', 'cplazo_fijo_lag_1', 'cplazo_fijo_lag_2', 'cinversion1_lag_1', 'cinversion1_lag_2', 'cinversion2_lag_1', 'cinversion2_lag_2', 'cseguro_vida_lag_1', 'cseguro_vida_lag_2', 'cseguro_auto_lag_1', 'cseguro_auto_lag_2', 'cseguro_vivienda_lag_1', 'cseguro_vivienda_lag_2', 'cseguro_accidentes_personales_lag_1', 'cseguro_accidentes_personales_lag_2', 'cpayroll_trx_lag_1', 'cpayroll_trx_lag_2', 'cpayroll2_trx_lag_1', 'cpayroll2_trx_lag_2', 'ccuenta_debitos_automaticos_lag_1', 'ccuenta_debitos_automaticos_lag_2', 'ctarjeta_visa_debitos_automaticos_lag_1', 'ctarjeta_visa_debitos_automaticos_lag_2', 'ctarjeta_master_debitos_automaticos_lag_1', 'ctarjeta_master_debitos_automaticos_lag_2', 'cpagodeservicios_lag_1', 'cpagodeservicios_lag_2', 'cpagomiscuentas_lag_1', 'cpagomiscuentas_lag_2', 'ccajeros_propios_descuentos_lag_1', 'ccajeros_propios_descuentos_lag_2', 'ctarjeta_visa_descuentos_lag_1', 'ctarjeta_visa_descuentos_lag_2', 'ctarjeta_master_descuentos_lag_1', 'ctarjeta_master_descuentos_lag_2', 'ccomisiones_mantenimiento_lag_1', 'ccomisiones_mantenimiento_lag_2', 'ccomisiones_otras_lag_1', 'ccomisiones_otras_lag_2', 'cforex_lag_1', 'cforex_lag_2', 'cforex_buy_lag_1', 'cforex_buy_lag_2', 'ctransferencias_recibidas_lag_1', 'ctransferencias_recibidas_lag_2', 'ctransferencias_emitidas_lag_1', 'ctransferencias_emitidas_lag_2', 'cextraccion_autoservicio_lag_1', 'cextraccion_autoservicio_lag_2', 'ccheques_depositados_lag_1', 'ccheques_depositados_lag_2', 'ccheques_emitidos_lag_1', 'ccheques_emitidos_lag_2', 'ccheques_depositados_rechazados_lag_1', 'ccheques_depositados_rechazados_lag_2', 'ccheques_emitidos_rechazados_lag_1', 'ccheques_emitidos_rechazados_lag_2', 'ccallcenter_transacciones_lag_1', 'ccallcenter_transacciones_lag_2', 'chomebanking_transacciones_lag_1', 'chomebanking_transacciones_lag_2', 'ccajas_transacciones_lag_1', 'ccajas_transacciones_lag_2', 'ccajas_consultas_lag_1', 'ccajas_consultas_lag_2', 'ccajas_depositos_lag_1', 'ccajas_depositos_lag_2', 'ccajas_extracciones_lag_1', 'ccajas_extracciones_lag_2', 'ccajas_otras_lag_1', 'ccajas_otras_lag_2', 'catm_trx_lag_1', 'catm_trx_lag_2', 'catm_trx_other_lag_1', 'catm_trx_other_lag_2', 'ctrx_quarter_lag_1', 'ctrx_quarter_lag_2', 'cmobile_app_trx_lag_1', 'cmobile_app_trx_lag_2', 'Master_cconsumos_lag_1', 'Master_cconsumos_lag_2', 'Master_cadelantosefectivo_lag_1', 'Master_cadelantosefectivo_lag_2', 'Visa_cconsumos_lag_1', 'Visa_cconsumos_lag_2', 'Visa_cadelantosefectivo_lag_1', 'Visa_cadelantosefectivo_lag_2', 'Master_Fvencimiento_lag_1', 'Master_Fvencimiento_lag_2', 'Master_Finiciomora_lag_1', 'Master_Finiciomora_lag_2', 'Master_fultimo_cierre_lag_1', 'Master_fultimo_cierre_lag_2', 'Master_fechaalta_lag_1', 'Master_fechaalta_lag_2', 'Visa_Fvencimiento_lag_1', 'Visa_Fvencimiento_lag_2', 'Visa_Finiciomora_lag_1', 'Visa_Finiciomora_lag_2', 'Visa_fultimo_cierre_lag_1', 'Visa_fultimo_cierre_lag_2', 'Visa_fechaalta_lag_1', 'Visa_fechaalta_lag_2', 'mrentabilidad_lag_1', 'mrentabilidad_lag_2', 'mrentabilidad_annual_lag_1', 'mrentabilidad_annual_lag_2', 'mcomisiones_lag_1', 'mcomisiones_lag_2', 'mactivos_margen_lag_1', 'mactivos_margen_lag_2', 'mpasivos_margen_lag_1', 'mpasivos_margen_lag_2', 'mcuenta_corriente_adicional_lag_1', 'mcuenta_corriente_adicional_lag_2', 'mcuenta_corriente_lag_1', 'mcuenta_corriente_lag_2', 'mcaja_ahorro_lag_1', 'mcaja_ahorro_lag_2', 'mcaja_ahorro_adicional_lag_1', 'mcaja_ahorro_adicional_lag_2', 'mcaja_ahorro_dolares_lag_1', 'mcaja_ahorro_dolares_lag_2', 'mautoservicio_lag_1', 'mautoservicio_lag_2', 'mtarjeta_visa_consumo_lag_1', 'mtarjeta_visa_consumo_lag_2', 'mtarjeta_master_consumo_lag_1', 'mtarjeta_master_consumo_lag_2', 'mprestamos_personales_lag_1', 'mprestamos_personales_lag_2', 'mprestamos_prendarios_lag_1', 'mprestamos_prendarios_lag_2', 'mprestamos_hipotecarios_lag_1', 'mprestamos_hipotecarios_lag_2', 'mplazo_fijo_dolares_lag_1', 'mplazo_fijo_dolares_lag_2', 'mplazo_fijo_pesos_lag_1', 'mplazo_fijo_pesos_lag_2', 'minversion1_pesos_lag_1', 'minversion1_pesos_lag_2', 'minversion1_dolares_lag_1', 'minversion1_dolares_lag_2', 'minversion2_lag_1', 'minversion2_lag_2', 'mpayroll_lag_1', 'mpayroll_lag_2', 'mpayroll2_lag_1', 'mpayroll2_lag_2', 'mcuenta_debitos_automaticos_lag_1', 'mcuenta_debitos_automaticos_lag_2', 'mtarjeta_visa_debitos_automaticos_lag_1', 'mtarjeta_visa_debitos_automaticos_lag_2', 'mttarjeta_master_debitos_automaticos_lag_1', 'mttarjeta_master_debitos_automaticos_lag_2', 'mpagodeservicios_lag_1', 'mpagodeservicios_lag_2', 'mpagomiscuentas_lag_1', 'mpagomiscuentas_lag_2', 'mcajeros_propios_descuentos_lag_1', 'mcajeros_propios_descuentos_lag_2', 'mtarjeta_visa_descuentos_lag_1', 'mtarjeta_visa_descuentos_lag_2', 'mtarjeta_master_descuentos_lag_1', 'mtarjeta_master_descuentos_lag_2', 'mcomisiones_mantenimiento_lag_1', 'mcomisiones_mantenimiento_lag_2', 'mcomisiones_otras_lag_1', 'mcomisiones_otras_lag_2', 'mforex_buy_lag_1', 'mforex_buy_lag_2', 'mforex_sell_lag_1', 'mforex_sell_lag_2', 'mtransferencias_recibidas_lag_1', 'mtransferencias_recibidas_lag_2', 'mtransferencias_emitidas_lag_1', 'mtransferencias_emitidas_lag_2', 'mextraccion_autoservicio_lag_1', 'mextraccion_autoservicio_lag_2', 'mcheques_depositados_lag_1', 'mcheques_depositados_lag_2', 'mcheques_emitidos_lag_1', 'mcheques_emitidos_lag_2', 'mcheques_depositados_rechazados_lag_1', 'mcheques_depositados_rechazados_lag_2', 'mcheques_emitidos_rechazados_lag_1', 'mcheques_emitidos_rechazados_lag_2', 'matm_lag_1', 'matm_lag_2', 'matm_other_lag_1', 'matm_other_lag_2', 'Master_mfinanciacion_limite_lag_1', 'Master_mfinanciacion_limite_lag_2', 'Master_msaldototal_lag_1', 'Master_msaldototal_lag_2', 'Master_msaldopesos_lag_1', 'Master_msaldopesos_lag_2', 'Master_msaldodolares_lag_1', 'Master_msaldodolares_lag_2', 'Master_mconsumospesos_lag_1', 'Master_mconsumospesos_lag_2', 'Master_mconsumosdolares_lag_1', 'Master_mconsumosdolares_lag_2', 'Master_mlimitecompra_lag_1', 'Master_mlimitecompra_lag_2', 'Master_madelantopesos_lag_1', 'Master_madelantopesos_lag_2', 'Master_madelantodolares_lag_1', 'Master_madelantodolares_lag_2', 'Master_mpagado_lag_1', 'Master_mpagado_lag_2', 'Master_mpagospesos_lag_1', 'Master_mpagospesos_lag_2', 'Master_mpagosdolares_lag_1', 'Master_mpagosdolares_lag_2', 'Master_mconsumototal_lag_1', 'Master_mconsumototal_lag_2', 'Master_mpagominimo_lag_1', 'Master_mpagominimo_lag_2', 'Visa_mfinanciacion_limite_lag_1', 'Visa_mfinanciacion_limite_lag_2', 'Visa_msaldototal_lag_1', 'Visa_msaldototal_lag_2', 'Visa_msaldopesos_lag_1', 'Visa_msaldopesos_lag_2', 'Visa_msaldodolares_lag_1', 'Visa_msaldodolares_lag_2', 'Visa_mconsumospesos_lag_1', 'Visa_mconsumospesos_lag_2', 'Visa_mconsumosdolares_lag_1', 'Visa_mconsumosdolares_lag_2', 'Visa_mlimitecompra_lag_1', 'Visa_mlimitecompra_lag_2', 'Visa_madelantopesos_lag_1', 'Visa_madelantopesos_lag_2', 'Visa_madelantodolares_lag_1', 'Visa_madelantodolares_lag_2', 'Visa_mpagado_lag_1', 'Visa_mpagado_lag_2', 'Visa_mpagospesos_lag_1', 'Visa_mpagospesos_lag_2', 'Visa_mpagosdolares_lag_1', 'Visa_mpagosdolares_lag_2', 'Visa_mconsumototal_lag_1', 'Visa_mconsumototal_lag_2', 'Visa_mpagominimo_lag_1', 'Visa_mpagominimo_lag_2', 'cforex_sell_lag_1', 'cforex_sell_lag_2']
2025-10-27 21:11:48,699 - INFO - __name__ 84 - Realizando feature engineering de delta lag con 2 lags para 136 atributos
2025-10-27 21:11:48,708 - WARNING - __name__ 102 - El atributo mtarjeta_visa_debitos_automaticos no existe en el DataFrame
2025-10-27 21:13:00,114 - INFO - __name__ 115 - Feature engineering de delta lag completado. DataFrame resultante con 695 columnas
2025-10-27 21:13:00,322 - INFO - __name__ 727 - Operación 'delta_lag' aplicada. Nombre de nuevas variables: ['cproductos_delta_lag_1', 'cproductos_delta_lag_2', 'ccuenta_corriente_delta_lag_1', 'ccuenta_corriente_delta_lag_2', 'ccaja_ahorro_delta_lag_1', 'ccaja_ahorro_delta_lag_2', 'ctarjeta_debito_delta_lag_1', 'ctarjeta_debito_delta_lag_2', 'ctarjeta_debito_transacciones_delta_lag_1', 'ctarjeta_debito_transacciones_delta_lag_2', 'ctarjeta_visa_delta_lag_1', 'ctarjeta_visa_delta_lag_2', 'ctarjeta_visa_transacciones_delta_lag_1', 'ctarjeta_visa_transacciones_delta_lag_2', 'ctarjeta_master_delta_lag_1', 'ctarjeta_master_delta_lag_2', 'ctarjeta_master_transacciones_delta_lag_1', 'ctarjeta_master_transacciones_delta_lag_2', 'cprestamos_personales_delta_lag_1', 'cprestamos_personales_delta_lag_2', 'cprestamos_prendarios_delta_lag_1', 'cprestamos_prendarios_delta_lag_2', 'cprestamos_hipotecarios_delta_lag_1', 'cprestamos_hipotecarios_delta_lag_2', 'cplazo_fijo_delta_lag_1', 'cplazo_fijo_delta_lag_2', 'cinversion1_delta_lag_1', 'cinversion1_delta_lag_2', 'cinversion2_delta_lag_1', 'cinversion2_delta_lag_2', 'cseguro_vida_delta_lag_1', 'cseguro_vida_delta_lag_2', 'cseguro_auto_delta_lag_1', 'cseguro_auto_delta_lag_2', 'cseguro_vivienda_delta_lag_1', 'cseguro_vivienda_delta_lag_2', 'cseguro_accidentes_personales_delta_lag_1', 'cseguro_accidentes_personales_delta_lag_2', 'cpayroll_trx_delta_lag_1', 'cpayroll_trx_delta_lag_2', 'cpayroll2_trx_delta_lag_1', 'cpayroll2_trx_delta_lag_2', 'ccuenta_debitos_automaticos_delta_lag_1', 'ccuenta_debitos_automaticos_delta_lag_2', 'ctarjeta_visa_debitos_automaticos_delta_lag_1', 'ctarjeta_visa_debitos_automaticos_delta_lag_2', 'ctarjeta_master_debitos_automaticos_delta_lag_1', 'ctarjeta_master_debitos_automaticos_delta_lag_2', 'cpagodeservicios_delta_lag_1', 'cpagodeservicios_delta_lag_2', 'cpagomiscuentas_delta_lag_1', 'cpagomiscuentas_delta_lag_2', 'ccajeros_propios_descuentos_delta_lag_1', 'ccajeros_propios_descuentos_delta_lag_2', 'ctarjeta_visa_descuentos_delta_lag_1', 'ctarjeta_visa_descuentos_delta_lag_2', 'ctarjeta_master_descuentos_delta_lag_1', 'ctarjeta_master_descuentos_delta_lag_2', 'ccomisiones_mantenimiento_delta_lag_1', 'ccomisiones_mantenimiento_delta_lag_2', 'ccomisiones_otras_delta_lag_1', 'ccomisiones_otras_delta_lag_2', 'cforex_delta_lag_1', 'cforex_delta_lag_2', 'cforex_buy_delta_lag_1', 'cforex_buy_delta_lag_2', 'ctransferencias_recibidas_delta_lag_1', 'ctransferencias_recibidas_delta_lag_2', 'ctransferencias_emitidas_delta_lag_1', 'ctransferencias_emitidas_delta_lag_2', 'cextraccion_autoservicio_delta_lag_1', 'cextraccion_autoservicio_delta_lag_2', 'ccheques_depositados_delta_lag_1', 'ccheques_depositados_delta_lag_2', 'ccheques_emitidos_delta_lag_1', 'ccheques_emitidos_delta_lag_2', 'ccheques_depositados_rechazados_delta_lag_1', 'ccheques_depositados_rechazados_delta_lag_2', 'ccheques_emitidos_rechazados_delta_lag_1', 'ccheques_emitidos_rechazados_delta_lag_2', 'ccallcenter_transacciones_delta_lag_1', 'ccallcenter_transacciones_delta_lag_2', 'chomebanking_transacciones_delta_lag_1', 'chomebanking_transacciones_delta_lag_2', 'ccajas_transacciones_delta_lag_1', 'ccajas_transacciones_delta_lag_2', 'ccajas_consultas_delta_lag_1', 'ccajas_consultas_delta_lag_2', 'ccajas_depositos_delta_lag_1', 'ccajas_depositos_delta_lag_2', 'ccajas_extracciones_delta_lag_1', 'ccajas_extracciones_delta_lag_2', 'ccajas_otras_delta_lag_1', 'ccajas_otras_delta_lag_2', 'catm_trx_delta_lag_1', 'catm_trx_delta_lag_2', 'catm_trx_other_delta_lag_1', 'catm_trx_other_delta_lag_2', 'ctrx_quarter_delta_lag_1', 'ctrx_quarter_delta_lag_2', 'cmobile_app_trx_delta_lag_1', 'cmobile_app_trx_delta_lag_2', 'Master_cconsumos_delta_lag_1', 'Master_cconsumos_delta_lag_2', 'Master_cadelantosefectivo_delta_lag_1', 'Master_cadelantosefectivo_delta_lag_2', 'Visa_cconsumos_delta_lag_1', 'Visa_cconsumos_delta_lag_2', 'Visa_cadelantosefectivo_delta_lag_1', 'Visa_cadelantosefectivo_delta_lag_2', 'Master_Fvencimiento_delta_lag_1', 'Master_Fvencimiento_delta_lag_2', 'Master_Finiciomora_delta_lag_1', 'Master_Finiciomora_delta_lag_2', 'Master_fultimo_cierre_delta_lag_1', 'Master_fultimo_cierre_delta_lag_2', 'Master_fechaalta_delta_lag_1', 'Master_fechaalta_delta_lag_2', 'Visa_Fvencimiento_delta_lag_1', 'Visa_Fvencimiento_delta_lag_2', 'Visa_Finiciomora_delta_lag_1', 'Visa_Finiciomora_delta_lag_2', 'Visa_fultimo_cierre_delta_lag_1', 'Visa_fultimo_cierre_delta_lag_2', 'Visa_fechaalta_delta_lag_1', 'Visa_fechaalta_delta_lag_2', 'mrentabilidad_delta_lag_1', 'mrentabilidad_delta_lag_2', 'mrentabilidad_annual_delta_lag_1', 'mrentabilidad_annual_delta_lag_2', 'mcomisiones_delta_lag_1', 'mcomisiones_delta_lag_2', 'mactivos_margen_delta_lag_1', 'mactivos_margen_delta_lag_2', 'mpasivos_margen_delta_lag_1', 'mpasivos_margen_delta_lag_2', 'mcuenta_corriente_adicional_delta_lag_1', 'mcuenta_corriente_adicional_delta_lag_2', 'mcuenta_corriente_delta_lag_1', 'mcuenta_corriente_delta_lag_2', 'mcaja_ahorro_delta_lag_1', 'mcaja_ahorro_delta_lag_2', 'mcaja_ahorro_adicional_delta_lag_1', 'mcaja_ahorro_adicional_delta_lag_2', 'mcaja_ahorro_dolares_delta_lag_1', 'mcaja_ahorro_dolares_delta_lag_2', 'mautoservicio_delta_lag_1', 'mautoservicio_delta_lag_2', 'mtarjeta_visa_consumo_delta_lag_1', 'mtarjeta_visa_consumo_delta_lag_2', 'mtarjeta_master_consumo_delta_lag_1', 'mtarjeta_master_consumo_delta_lag_2', 'mprestamos_personales_delta_lag_1', 'mprestamos_personales_delta_lag_2', 'mprestamos_prendarios_delta_lag_1', 'mprestamos_prendarios_delta_lag_2', 'mprestamos_hipotecarios_delta_lag_1', 'mprestamos_hipotecarios_delta_lag_2', 'mplazo_fijo_dolares_delta_lag_1', 'mplazo_fijo_dolares_delta_lag_2', 'mplazo_fijo_pesos_delta_lag_1', 'mplazo_fijo_pesos_delta_lag_2', 'minversion1_pesos_delta_lag_1', 'minversion1_pesos_delta_lag_2', 'minversion1_dolares_delta_lag_1', 'minversion1_dolares_delta_lag_2', 'minversion2_delta_lag_1', 'minversion2_delta_lag_2', 'mpayroll_delta_lag_1', 'mpayroll_delta_lag_2', 'mpayroll2_delta_lag_1', 'mpayroll2_delta_lag_2', 'mcuenta_debitos_automaticos_delta_lag_1', 'mcuenta_debitos_automaticos_delta_lag_2', 'mtarjeta_visa_debitos_automaticos_delta_lag_1', 'mtarjeta_visa_debitos_automaticos_delta_lag_2', 'mttarjeta_master_debitos_automaticos_delta_lag_1', 'mttarjeta_master_debitos_automaticos_delta_lag_2', 'mpagodeservicios_delta_lag_1', 'mpagodeservicios_delta_lag_2', 'mpagomiscuentas_delta_lag_1', 'mpagomiscuentas_delta_lag_2', 'mcajeros_propios_descuentos_delta_lag_1', 'mcajeros_propios_descuentos_delta_lag_2', 'mtarjeta_visa_descuentos_delta_lag_1', 'mtarjeta_visa_descuentos_delta_lag_2', 'mtarjeta_master_descuentos_delta_lag_1', 'mtarjeta_master_descuentos_delta_lag_2', 'mcomisiones_mantenimiento_delta_lag_1', 'mcomisiones_mantenimiento_delta_lag_2', 'mcomisiones_otras_delta_lag_1', 'mcomisiones_otras_delta_lag_2', 'mforex_buy_delta_lag_1', 'mforex_buy_delta_lag_2', 'mforex_sell_delta_lag_1', 'mforex_sell_delta_lag_2', 'mtransferencias_recibidas_delta_lag_1', 'mtransferencias_recibidas_delta_lag_2', 'mtransferencias_emitidas_delta_lag_1', 'mtransferencias_emitidas_delta_lag_2', 'mextraccion_autoservicio_delta_lag_1', 'mextraccion_autoservicio_delta_lag_2', 'mcheques_depositados_delta_lag_1', 'mcheques_depositados_delta_lag_2', 'mcheques_emitidos_delta_lag_1', 'mcheques_emitidos_delta_lag_2', 'mcheques_depositados_rechazados_delta_lag_1', 'mcheques_depositados_rechazados_delta_lag_2', 'mcheques_emitidos_rechazados_delta_lag_1', 'mcheques_emitidos_rechazados_delta_lag_2', 'matm_delta_lag_1', 'matm_delta_lag_2', 'matm_other_delta_lag_1', 'matm_other_delta_lag_2', 'Master_mfinanciacion_limite_delta_lag_1', 'Master_mfinanciacion_limite_delta_lag_2', 'Master_msaldototal_delta_lag_1', 'Master_msaldototal_delta_lag_2', 'Master_msaldopesos_delta_lag_1', 'Master_msaldopesos_delta_lag_2', 'Master_msaldodolares_delta_lag_1', 'Master_msaldodolares_delta_lag_2', 'Master_mconsumospesos_delta_lag_1', 'Master_mconsumospesos_delta_lag_2', 'Master_mconsumosdolares_delta_lag_1', 'Master_mconsumosdolares_delta_lag_2', 'Master_mlimitecompra_delta_lag_1', 'Master_mlimitecompra_delta_lag_2', 'Master_madelantopesos_delta_lag_1', 'Master_madelantopesos_delta_lag_2', 'Master_madelantodolares_delta_lag_1', 'Master_madelantodolares_delta_lag_2', 'Master_mpagado_delta_lag_1', 'Master_mpagado_delta_lag_2', 'Master_mpagospesos_delta_lag_1', 'Master_mpagospesos_delta_lag_2', 'Master_mpagosdolares_delta_lag_1', 'Master_mpagosdolares_delta_lag_2', 'Master_mconsumototal_delta_lag_1', 'Master_mconsumototal_delta_lag_2', 'Master_mpagominimo_delta_lag_1', 'Master_mpagominimo_delta_lag_2', 'Visa_mfinanciacion_limite_delta_lag_1', 'Visa_mfinanciacion_limite_delta_lag_2', 'Visa_msaldototal_delta_lag_1', 'Visa_msaldototal_delta_lag_2', 'Visa_msaldopesos_delta_lag_1', 'Visa_msaldopesos_delta_lag_2', 'Visa_msaldodolares_delta_lag_1', 'Visa_msaldodolares_delta_lag_2', 'Visa_mconsumospesos_delta_lag_1', 'Visa_mconsumospesos_delta_lag_2', 'Visa_mconsumosdolares_delta_lag_1', 'Visa_mconsumosdolares_delta_lag_2', 'Visa_mlimitecompra_delta_lag_1', 'Visa_mlimitecompra_delta_lag_2', 'Visa_madelantopesos_delta_lag_1', 'Visa_madelantopesos_delta_lag_2', 'Visa_madelantodolares_delta_lag_1', 'Visa_madelantodolares_delta_lag_2', 'Visa_mpagado_delta_lag_1', 'Visa_mpagado_delta_lag_2', 'Visa_mpagospesos_delta_lag_1', 'Visa_mpagospesos_delta_lag_2', 'Visa_mpagosdolares_delta_lag_1', 'Visa_mpagosdolares_delta_lag_2', 'Visa_mconsumototal_delta_lag_1', 'Visa_mconsumototal_delta_lag_2', 'Visa_mpagominimo_delta_lag_1', 'Visa_mpagominimo_delta_lag_2', 'cforex_sell_delta_lag_1', 'cforex_sell_delta_lag_2']
2025-10-27 21:13:00,325 - INFO - __name__ 513 - Realizando feature engineering de cambio categórico con 2 lags para 13 atributos
2025-10-27 21:14:51,161 - INFO - __name__ 540 - Feature engineering de cambio categórico completado. DataFrame resultante con 721 columnas
2025-10-27 21:14:51,539 - INFO - __name__ 745 - Operación 'cambio_estado' aplicada. Nombre de nuevas variables: ['active_quarter_cambio_lag_1', 'active_quarter_cambio_lag_2', 'cliente_vip_cambio_lag_1', 'cliente_vip_cambio_lag_2', 'internet_cambio_lag_1', 'internet_cambio_lag_2', 'tcuentas_cambio_lag_1', 'tcuentas_cambio_lag_2', 'cdescubierto_preacordado_cambio_lag_1', 'cdescubierto_preacordado_cambio_lag_2', 'ccaja_seguridad_cambio_lag_1', 'ccaja_seguridad_cambio_lag_2', 'tcallcenter_cambio_lag_1', 'tcallcenter_cambio_lag_2', 'thomebanking_cambio_lag_1', 'thomebanking_cambio_lag_2', 'tmobile_app_cambio_lag_1', 'tmobile_app_cambio_lag_2', 'Master_delinquency_cambio_lag_1', 'Master_delinquency_cambio_lag_2', 'Master_status_cambio_lag_1', 'Master_status_cambio_lag_2', 'Visa_delinquency_cambio_lag_1', 'Visa_delinquency_cambio_lag_2', 'Visa_status_cambio_lag_1', 'Visa_status_cambio_lag_2']
2025-10-27 21:20:04,557 - INFO - __main__ 56 - Feature Engineering completado: (978439, 721)
2025-10-27 21:20:18,106 - INFO - __name__ 101 - Conversión completada:
2025-10-27 21:20:18,109 - INFO - __name__ 102 -   Original - CONTINUA: 642830, BAJA+1: 4575, BAJA+2: 3938
2025-10-27 21:20:18,110 - INFO - __name__ 103 -   Binario - 0: 642830, 1: 8513
2025-10-27 21:20:18,110 - INFO - __name__ 104 -   Distribución: 1.31% casos positivos
2025-10-27 21:20:19,050 - INFO - src.optimization_cv 291 - Iniciando optimización con CV - 75 trials
2025-10-27 21:20:19,051 - INFO - src.optimization_cv 292 - Configuración CV: períodos=['202101', '202102', '202103']
2025-10-27 21:21:14,812 - INFO - src.optimization_cv 266 - Trial 0: Ganancia CV = 64,000 ± 0 
2025-10-27 21:21:14,816 - INFO - src.optimization_cv 267 - Trial 0: Mejor iteración en CV: 0 
2025-10-27 21:21:14,823 - INFO - src.optimization_cv 149 - Iteración 0 guardada. Ganancia promedio CV: 64,000 
2025-10-27 21:22:22,969 - INFO - src.optimization_cv 266 - Trial 1: Ganancia CV = 64,000 ± 0 
2025-10-27 21:22:22,972 - INFO - src.optimization_cv 267 - Trial 1: Mejor iteración en CV: 0 
2025-10-27 21:22:22,980 - INFO - src.optimization_cv 149 - Iteración 1 guardada. Ganancia promedio CV: 64,000 
2025-10-27 21:23:37,629 - INFO - src.optimization_cv 266 - Trial 2: Ganancia CV = 64,000 ± 0 
2025-10-27 21:23:37,636 - INFO - src.optimization_cv 267 - Trial 2: Mejor iteración en CV: 0 
2025-10-27 21:23:37,655 - INFO - src.optimization_cv 149 - Iteración 2 guardada. Ganancia promedio CV: 64,000 
2025-10-27 21:24:58,625 - INFO - src.optimization_cv 266 - Trial 3: Ganancia CV = 64,000 ± 0 
2025-10-27 21:24:58,633 - INFO - src.optimization_cv 267 - Trial 3: Mejor iteración en CV: 0 
2025-10-27 21:24:58,644 - INFO - src.optimization_cv 149 - Iteración 3 guardada. Ganancia promedio CV: 64,000 
2025-10-27 21:26:15,853 - INFO - src.optimization_cv 266 - Trial 4: Ganancia CV = 64,000 ± 0 
2025-10-27 21:26:15,857 - INFO - src.optimization_cv 267 - Trial 4: Mejor iteración en CV: 0 
2025-10-27 21:26:15,864 - INFO - src.optimization_cv 149 - Iteración 4 guardada. Ganancia promedio CV: 64,000 
2025-10-27 21:27:29,306 - INFO - src.optimization_cv 266 - Trial 5: Ganancia CV = 64,000 ± 0 
2025-10-27 21:27:29,312 - INFO - src.optimization_cv 267 - Trial 5: Mejor iteración en CV: 0 
2025-10-27 21:27:29,325 - INFO - src.optimization_cv 149 - Iteración 5 guardada. Ganancia promedio CV: 64,000 
2025-10-27 21:28:51,653 - INFO - src.optimization_cv 266 - Trial 6: Ganancia CV = 156,000 ± 0 
2025-10-27 21:28:51,660 - INFO - src.optimization_cv 267 - Trial 6: Mejor iteración en CV: 0 
2025-10-27 21:28:51,676 - INFO - src.optimization_cv 149 - Iteración 6 guardada. Ganancia promedio CV: 156,000 
2025-10-27 21:30:15,086 - INFO - src.optimization_cv 266 - Trial 7: Ganancia CV = 64,000 ± 0 
2025-10-27 21:30:15,092 - INFO - src.optimization_cv 267 - Trial 7: Mejor iteración en CV: 0 
2025-10-27 21:30:15,108 - INFO - src.optimization_cv 149 - Iteración 7 guardada. Ganancia promedio CV: 64,000 
2025-10-27 21:32:05,780 - INFO - src.optimization_cv 266 - Trial 8: Ganancia CV = 120,972,019 ± 37,489,660 
2025-10-27 21:32:05,786 - INFO - src.optimization_cv 267 - Trial 8: Mejor iteración en CV: 215 
2025-10-27 21:32:05,797 - INFO - src.optimization_cv 149 - Iteración 8 guardada. Ganancia promedio CV: 120,972,019 
2025-10-27 21:33:29,290 - INFO - src.optimization_cv 266 - Trial 9: Ganancia CV = 64,000 ± 0 
2025-10-27 21:33:29,296 - INFO - src.optimization_cv 267 - Trial 9: Mejor iteración en CV: 0 
2025-10-27 21:33:29,310 - INFO - src.optimization_cv 149 - Iteración 9 guardada. Ganancia promedio CV: 64,000 
2025-10-27 21:35:43,859 - INFO - src.optimization_cv 266 - Trial 10: Ganancia CV = 122,840,111 ± 32,817,434 
2025-10-27 21:35:43,862 - INFO - src.optimization_cv 267 - Trial 10: Mejor iteración en CV: 287 
2025-10-27 21:35:43,877 - INFO - src.optimization_cv 149 - Iteración 10 guardada. Ganancia promedio CV: 122,840,111 
2025-10-27 21:37:56,617 - INFO - src.optimization_cv 266 - Trial 11: Ganancia CV = 120,538,145 ± 31,951,342 
2025-10-27 21:37:56,618 - INFO - src.optimization_cv 267 - Trial 11: Mejor iteración en CV: 275 
2025-10-27 21:37:56,629 - INFO - src.optimization_cv 149 - Iteración 11 guardada. Ganancia promedio CV: 120,538,145 
2025-10-27 21:40:04,369 - INFO - src.optimization_cv 266 - Trial 12: Ganancia CV = 119,537,287 ± 31,968,679 
2025-10-27 21:40:04,372 - INFO - src.optimization_cv 267 - Trial 12: Mejor iteración en CV: 313 
2025-10-27 21:40:04,389 - INFO - src.optimization_cv 149 - Iteración 12 guardada. Ganancia promedio CV: 119,537,287 
2025-10-27 21:41:24,091 - INFO - src.optimization_cv 266 - Trial 13: Ganancia CV = 43,186,921 ± 25,258,934 
2025-10-27 21:41:24,094 - INFO - src.optimization_cv 267 - Trial 13: Mejor iteración en CV: 62 
2025-10-27 21:41:24,109 - INFO - src.optimization_cv 149 - Iteración 13 guardada. Ganancia promedio CV: 43,186,921 
2025-10-27 21:42:57,392 - INFO - src.optimization_cv 266 - Trial 14: Ganancia CV = 105,965,281 ± 39,163,499 
2025-10-27 21:42:57,400 - INFO - src.optimization_cv 267 - Trial 14: Mejor iteración en CV: 152 
2025-10-27 21:42:57,414 - INFO - src.optimization_cv 149 - Iteración 14 guardada. Ganancia promedio CV: 105,965,281 
2025-10-27 21:44:28,301 - INFO - src.optimization_cv 266 - Trial 15: Ganancia CV = 134,785,431 ± 28,552,610 
2025-10-27 21:44:28,310 - INFO - src.optimization_cv 267 - Trial 15: Mejor iteración en CV: 108 
2025-10-27 21:44:28,329 - INFO - src.optimization_cv 149 - Iteración 15 guardada. Ganancia promedio CV: 134,785,431 
2025-10-27 21:46:04,576 - INFO - src.optimization_cv 266 - Trial 16: Ganancia CV = 141,830,327 ± 23,940,435 
2025-10-27 21:46:04,583 - INFO - src.optimization_cv 267 - Trial 16: Mejor iteración en CV: 97 
2025-10-27 21:46:04,604 - INFO - src.optimization_cv 149 - Iteración 16 guardada. Ganancia promedio CV: 141,830,327 
2025-10-27 21:47:40,330 - INFO - src.optimization_cv 266 - Trial 17: Ganancia CV = 148,534,375 ± 20,367,539 
2025-10-27 21:47:40,333 - INFO - src.optimization_cv 267 - Trial 17: Mejor iteración en CV: 127 
2025-10-27 21:47:40,343 - INFO - src.optimization_cv 149 - Iteración 17 guardada. Ganancia promedio CV: 148,534,375 
2025-10-27 21:49:07,436 - INFO - src.optimization_cv 266 - Trial 18: Ganancia CV = 147,209,204 ± 20,322,922 
2025-10-27 21:49:07,442 - INFO - src.optimization_cv 267 - Trial 18: Mejor iteración en CV: 92 
2025-10-27 21:49:07,463 - INFO - src.optimization_cv 149 - Iteración 18 guardada. Ganancia promedio CV: 147,209,204 
2025-10-27 21:50:19,738 - INFO - src.optimization_cv 266 - Trial 19: Ganancia CV = 64,000 ± 0 
2025-10-27 21:50:19,746 - INFO - src.optimization_cv 267 - Trial 19: Mejor iteración en CV: 0 
2025-10-27 21:50:19,771 - INFO - src.optimization_cv 149 - Iteración 19 guardada. Ganancia promedio CV: 64,000 
2025-10-27 21:51:25,538 - INFO - src.optimization_cv 266 - Trial 20: Ganancia CV = 64,000 ± 0 
2025-10-27 21:51:25,541 - INFO - src.optimization_cv 267 - Trial 20: Mejor iteración en CV: 0 
2025-10-27 21:51:25,563 - INFO - src.optimization_cv 149 - Iteración 20 guardada. Ganancia promedio CV: 64,000 
2025-10-27 21:52:52,497 - INFO - src.optimization_cv 266 - Trial 21: Ganancia CV = 149,904,366 ± 18,296,405 
2025-10-27 21:52:52,506 - INFO - src.optimization_cv 267 - Trial 21: Mejor iteración en CV: 130 
2025-10-27 21:52:52,540 - INFO - src.optimization_cv 149 - Iteración 21 guardada. Ganancia promedio CV: 149,904,366 
2025-10-27 21:54:01,405 - INFO - src.optimization_cv 266 - Trial 22: Ganancia CV = 15,082,000 ± 14,878,000 
2025-10-27 21:54:01,412 - INFO - src.optimization_cv 267 - Trial 22: Mejor iteración en CV: 1 
2025-10-27 21:54:01,442 - INFO - src.optimization_cv 149 - Iteración 22 guardada. Ganancia promedio CV: 15,082,000 
2025-10-27 21:55:32,697 - INFO - src.optimization_cv 266 - Trial 23: Ganancia CV = 147,289,957 ± 19,934,768 
2025-10-27 21:55:32,703 - INFO - src.optimization_cv 267 - Trial 23: Mejor iteración en CV: 91 
2025-10-27 21:55:32,743 - INFO - src.optimization_cv 149 - Iteración 23 guardada. Ganancia promedio CV: 147,289,957 
2025-10-27 21:56:47,095 - INFO - src.optimization_cv 266 - Trial 24: Ganancia CV = 16,472,000 ± 16,388,000 
2025-10-27 21:56:47,102 - INFO - src.optimization_cv 267 - Trial 24: Mejor iteración en CV: 1 
2025-10-27 21:56:47,125 - INFO - src.optimization_cv 149 - Iteración 24 guardada. Ganancia promedio CV: 16,472,000 
2025-10-27 21:57:55,770 - INFO - src.optimization_cv 266 - Trial 25: Ganancia CV = 64,000 ± 0 
2025-10-27 21:57:55,776 - INFO - src.optimization_cv 267 - Trial 25: Mejor iteración en CV: 0 
2025-10-27 21:57:55,797 - INFO - src.optimization_cv 149 - Iteración 25 guardada. Ganancia promedio CV: 64,000 
2025-10-27 21:58:58,146 - INFO - src.optimization_cv 266 - Trial 26: Ganancia CV = 204,000 ± 0 
2025-10-27 21:58:58,153 - INFO - src.optimization_cv 267 - Trial 26: Mejor iteración en CV: 0 
2025-10-27 21:58:58,180 - INFO - src.optimization_cv 149 - Iteración 26 guardada. Ganancia promedio CV: 204,000 
2025-10-27 21:59:57,619 - INFO - src.optimization_cv 266 - Trial 27: Ganancia CV = 64,000 ± 0 
2025-10-27 21:59:57,626 - INFO - src.optimization_cv 267 - Trial 27: Mejor iteración en CV: 0 
2025-10-27 21:59:57,655 - INFO - src.optimization_cv 149 - Iteración 27 guardada. Ganancia promedio CV: 64,000 
2025-10-27 22:01:52,325 - INFO - src.optimization_cv 266 - Trial 28: Ganancia CV = 128,249,818 ± 31,902,167 
2025-10-27 22:01:52,332 - INFO - src.optimization_cv 267 - Trial 28: Mejor iteración en CV: 131 
2025-10-27 22:01:52,347 - INFO - src.optimization_cv 149 - Iteración 28 guardada. Ganancia promedio CV: 128,249,818 
2025-10-27 22:03:16,586 - INFO - src.optimization_cv 266 - Trial 29: Ganancia CV = 148,463,808 ± 18,390,474 
2025-10-27 22:03:16,594 - INFO - src.optimization_cv 267 - Trial 29: Mejor iteración en CV: 103 
2025-10-27 22:03:16,617 - INFO - src.optimization_cv 149 - Iteración 29 guardada. Ganancia promedio CV: 148,463,808 
2025-10-27 22:04:38,074 - INFO - src.optimization_cv 266 - Trial 30: Ganancia CV = 134,337,793 ± 20,860,991 
2025-10-27 22:04:38,080 - INFO - src.optimization_cv 267 - Trial 30: Mejor iteración en CV: 86 
2025-10-27 22:04:38,105 - INFO - src.optimization_cv 149 - Iteración 30 guardada. Ganancia promedio CV: 134,337,793 
2025-10-27 22:05:53,527 - INFO - src.optimization_cv 266 - Trial 31: Ganancia CV = 151,131,067 ± 20,893,611 
2025-10-27 22:05:53,532 - INFO - src.optimization_cv 267 - Trial 31: Mejor iteración en CV: 59 
2025-10-27 22:05:53,549 - INFO - src.optimization_cv 149 - Iteración 31 guardada. Ganancia promedio CV: 151,131,067 
2025-10-27 22:07:00,231 - INFO - src.optimization_cv 266 - Trial 32: Ganancia CV = 24,566,000 ± 24,362,000 
2025-10-27 22:07:00,237 - INFO - src.optimization_cv 267 - Trial 32: Mejor iteración en CV: 1 
2025-10-27 22:07:00,260 - INFO - src.optimization_cv 149 - Iteración 32 guardada. Ganancia promedio CV: 24,566,000 
2025-10-27 22:08:16,085 - INFO - src.optimization_cv 266 - Trial 33: Ganancia CV = 152,152,063 ± 20,857,243 
2025-10-27 22:08:16,091 - INFO - src.optimization_cv 267 - Trial 33: Mejor iteración en CV: 62 
2025-10-27 22:08:16,113 - INFO - src.optimization_cv 149 - Iteración 33 guardada. Ganancia promedio CV: 152,152,063 
2025-10-27 22:09:23,919 - INFO - src.optimization_cv 266 - Trial 34: Ganancia CV = 16,979,400 ± 9,782,665 
2025-10-27 22:09:23,924 - INFO - src.optimization_cv 267 - Trial 34: Mejor iteración en CV: 39 
2025-10-27 22:09:23,949 - INFO - src.optimization_cv 149 - Iteración 34 guardada. Ganancia promedio CV: 16,979,400 
2025-10-27 22:10:36,345 - INFO - src.optimization_cv 266 - Trial 35: Ganancia CV = 144,229,769 ± 25,677,208 
2025-10-27 22:10:36,354 - INFO - src.optimization_cv 267 - Trial 35: Mejor iteración en CV: 51 
2025-10-27 22:10:36,379 - INFO - src.optimization_cv 149 - Iteración 35 guardada. Ganancia promedio CV: 144,229,769 
2025-10-27 22:11:43,344 - INFO - src.optimization_cv 266 - Trial 36: Ganancia CV = 44,426,000 ± 44,222,000 
2025-10-27 22:11:43,350 - INFO - src.optimization_cv 267 - Trial 36: Mejor iteración en CV: 1 
2025-10-27 22:11:43,380 - INFO - src.optimization_cv 149 - Iteración 36 guardada. Ganancia promedio CV: 44,426,000 
2025-10-27 22:12:48,540 - INFO - src.optimization_cv 266 - Trial 37: Ganancia CV = 64,000 ± 0 
2025-10-27 22:12:48,547 - INFO - src.optimization_cv 267 - Trial 37: Mejor iteración en CV: 0 
2025-10-27 22:12:48,576 - INFO - src.optimization_cv 149 - Iteración 37 guardada. Ganancia promedio CV: 64,000 
2025-10-27 22:13:48,828 - INFO - src.optimization_cv 266 - Trial 38: Ganancia CV = 64,000 ± 0 
2025-10-27 22:13:48,835 - INFO - src.optimization_cv 267 - Trial 38: Mejor iteración en CV: 0 
2025-10-27 22:13:48,854 - INFO - src.optimization_cv 149 - Iteración 38 guardada. Ganancia promedio CV: 64,000 
2025-10-27 22:14:50,973 - INFO - src.optimization_cv 266 - Trial 39: Ganancia CV = 64,000 ± 0 
2025-10-27 22:14:50,979 - INFO - src.optimization_cv 267 - Trial 39: Mejor iteración en CV: 0 
2025-10-27 22:14:51,000 - INFO - src.optimization_cv 149 - Iteración 39 guardada. Ganancia promedio CV: 64,000 
2025-10-27 22:15:52,133 - INFO - src.optimization_cv 266 - Trial 40: Ganancia CV = 64,000 ± 0 
2025-10-27 22:15:52,141 - INFO - src.optimization_cv 267 - Trial 40: Mejor iteración en CV: 0 
2025-10-27 22:15:52,163 - INFO - src.optimization_cv 149 - Iteración 40 guardada. Ganancia promedio CV: 64,000 
2025-10-27 22:17:01,416 - INFO - src.optimization_cv 266 - Trial 41: Ganancia CV = 143,020,143 ± 29,707,264 
2025-10-27 22:17:01,421 - INFO - src.optimization_cv 267 - Trial 41: Mejor iteración en CV: 27 
2025-10-27 22:17:01,447 - INFO - src.optimization_cv 149 - Iteración 41 guardada. Ganancia promedio CV: 143,020,143 
2025-10-27 22:18:21,450 - INFO - src.optimization_cv 266 - Trial 42: Ganancia CV = 137,034,540 ± 24,877,738 
2025-10-27 22:18:21,458 - INFO - src.optimization_cv 267 - Trial 42: Mejor iteración en CV: 62 
2025-10-27 22:18:21,483 - INFO - src.optimization_cv 149 - Iteración 42 guardada. Ganancia promedio CV: 137,034,540 
2025-10-27 22:19:38,449 - INFO - src.optimization_cv 266 - Trial 43: Ganancia CV = 122,706,480 ± 46,941,265 
2025-10-27 22:19:38,455 - INFO - src.optimization_cv 267 - Trial 43: Mejor iteración en CV: 49 
2025-10-27 22:19:38,475 - INFO - src.optimization_cv 149 - Iteración 43 guardada. Ganancia promedio CV: 122,706,480 
2025-10-27 22:20:57,940 - INFO - src.optimization_cv 266 - Trial 44: Ganancia CV = 91,089,524 ± 57,914,321 
2025-10-27 22:20:57,945 - INFO - src.optimization_cv 267 - Trial 44: Mejor iteración en CV: 20 
2025-10-27 22:20:57,967 - INFO - src.optimization_cv 149 - Iteración 44 guardada. Ganancia promedio CV: 91,089,524 
2025-10-27 22:22:51,227 - INFO - src.optimization_cv 266 - Trial 45: Ganancia CV = 135,324,474 ± 29,847,957 
2025-10-27 22:22:51,234 - INFO - src.optimization_cv 267 - Trial 45: Mejor iteración en CV: 210 
2025-10-27 22:22:51,262 - INFO - src.optimization_cv 149 - Iteración 45 guardada. Ganancia promedio CV: 135,324,474 
2025-10-27 22:24:50,092 - INFO - src.optimization_cv 266 - Trial 46: Ganancia CV = 146,008,896 ± 23,944,335 
2025-10-27 22:24:50,095 - INFO - src.optimization_cv 267 - Trial 46: Mejor iteración en CV: 182 
2025-10-27 22:24:50,121 - INFO - src.optimization_cv 149 - Iteración 46 guardada. Ganancia promedio CV: 146,008,896 
2025-10-27 22:25:57,602 - INFO - src.optimization_cv 266 - Trial 47: Ganancia CV = 43,412,000 ± 43,208,000 
2025-10-27 22:25:57,611 - INFO - src.optimization_cv 267 - Trial 47: Mejor iteración en CV: 1 
2025-10-27 22:25:57,650 - INFO - src.optimization_cv 149 - Iteración 47 guardada. Ganancia promedio CV: 43,412,000 
2025-10-27 22:27:01,332 - INFO - src.optimization_cv 266 - Trial 48: Ganancia CV = 204,000 ± 0 
2025-10-27 22:27:01,338 - INFO - src.optimization_cv 267 - Trial 48: Mejor iteración en CV: 0 
2025-10-27 22:27:01,368 - INFO - src.optimization_cv 149 - Iteración 48 guardada. Ganancia promedio CV: 204,000 
2025-10-27 22:29:32,009 - INFO - src.optimization_cv 266 - Trial 49: Ganancia CV = 139,632,277 ± 36,495,688 
2025-10-27 22:29:32,019 - INFO - src.optimization_cv 267 - Trial 49: Mejor iteración en CV: 129 
2025-10-27 22:29:32,057 - INFO - src.optimization_cv 149 - Iteración 49 guardada. Ganancia promedio CV: 139,632,277 
2025-10-27 22:30:58,486 - INFO - src.optimization_cv 266 - Trial 50: Ganancia CV = 145,693,351 ± 19,923,920 
2025-10-27 22:30:58,492 - INFO - src.optimization_cv 267 - Trial 50: Mejor iteración en CV: 76 
2025-10-27 22:30:58,519 - INFO - src.optimization_cv 149 - Iteración 50 guardada. Ganancia promedio CV: 145,693,351 
2025-10-27 22:32:20,132 - INFO - src.optimization_cv 266 - Trial 51: Ganancia CV = 145,437,086 ± 22,039,244 
2025-10-27 22:32:20,139 - INFO - src.optimization_cv 267 - Trial 51: Mejor iteración en CV: 69 
2025-10-27 22:32:20,166 - INFO - src.optimization_cv 149 - Iteración 51 guardada. Ganancia promedio CV: 145,437,086 
2025-10-27 22:34:08,697 - INFO - src.optimization_cv 266 - Trial 52: Ganancia CV = 148,143,889 ± 18,525,888 
2025-10-27 22:34:08,701 - INFO - src.optimization_cv 267 - Trial 52: Mejor iteración en CV: 107 
2025-10-27 22:34:08,723 - INFO - src.optimization_cv 149 - Iteración 52 guardada. Ganancia promedio CV: 148,143,889 
2025-10-27 22:36:28,254 - INFO - src.optimization_cv 266 - Trial 53: Ganancia CV = 149,789,913 ± 18,106,219 
2025-10-27 22:36:28,266 - INFO - src.optimization_cv 267 - Trial 53: Mejor iteración en CV: 91 
2025-10-27 22:36:28,301 - INFO - src.optimization_cv 149 - Iteración 53 guardada. Ganancia promedio CV: 149,789,913 
2025-10-27 22:38:31,071 - INFO - src.optimization_cv 266 - Trial 54: Ganancia CV = 123,688,948 ± 22,623,545 
2025-10-27 22:38:31,078 - INFO - src.optimization_cv 267 - Trial 54: Mejor iteración en CV: 96 
2025-10-27 22:38:31,111 - INFO - src.optimization_cv 149 - Iteración 54 guardada. Ganancia promedio CV: 123,688,948 
2025-10-27 22:39:42,841 - INFO - src.optimization_cv 266 - Trial 55: Ganancia CV = 11,182,000 ± 24,792,689 
2025-10-27 22:39:42,847 - INFO - src.optimization_cv 267 - Trial 55: Mejor iteración en CV: 5 
2025-10-27 22:39:42,869 - INFO - src.optimization_cv 149 - Iteración 55 guardada. Ganancia promedio CV: 11,182,000 
2025-10-27 22:41:19,113 - INFO - src.optimization_cv 266 - Trial 56: Ganancia CV = 131,875,677 ± 31,003,056 
2025-10-27 22:41:19,119 - INFO - src.optimization_cv 267 - Trial 56: Mejor iteración en CV: 123 
2025-10-27 22:41:19,148 - INFO - src.optimization_cv 149 - Iteración 56 guardada. Ganancia promedio CV: 131,875,677 
2025-10-27 22:43:04,704 - INFO - src.optimization_cv 266 - Trial 57: Ganancia CV = 144,285,684 ± 24,440,069 
2025-10-27 22:43:04,711 - INFO - src.optimization_cv 267 - Trial 57: Mejor iteración en CV: 56 
2025-10-27 22:43:04,734 - INFO - src.optimization_cv 149 - Iteración 57 guardada. Ganancia promedio CV: 144,285,684 
2025-10-27 22:44:29,122 - INFO - src.optimization_cv 266 - Trial 58: Ganancia CV = 135,026,762 ± 29,307,174 
2025-10-27 22:44:29,126 - INFO - src.optimization_cv 267 - Trial 58: Mejor iteración en CV: 83 
2025-10-27 22:44:29,144 - INFO - src.optimization_cv 149 - Iteración 58 guardada. Ganancia promedio CV: 135,026,762 
2025-10-27 22:45:37,553 - INFO - src.optimization_cv 266 - Trial 59: Ganancia CV = 64,000 ± 0 
2025-10-27 22:45:37,557 - INFO - src.optimization_cv 267 - Trial 59: Mejor iteración en CV: 0 
2025-10-27 22:45:37,580 - INFO - src.optimization_cv 149 - Iteración 59 guardada. Ganancia promedio CV: 64,000 
2025-10-27 22:46:30,725 - INFO - src.optimization_cv 266 - Trial 60: Ganancia CV = 204,000 ± 0 
2025-10-27 22:46:30,728 - INFO - src.optimization_cv 267 - Trial 60: Mejor iteración en CV: 0 
2025-10-27 22:46:30,749 - INFO - src.optimization_cv 149 - Iteración 60 guardada. Ganancia promedio CV: 204,000 
2025-10-27 22:48:28,223 - INFO - src.optimization_cv 266 - Trial 61: Ganancia CV = 145,540,774 ± 21,136,354 
2025-10-27 22:48:28,229 - INFO - src.optimization_cv 267 - Trial 61: Mejor iteración en CV: 92 
2025-10-27 22:48:28,264 - INFO - src.optimization_cv 149 - Iteración 61 guardada. Ganancia promedio CV: 145,540,774 
2025-10-27 22:50:43,501 - INFO - src.optimization_cv 266 - Trial 62: Ganancia CV = 147,913,286 ± 18,038,459 
2025-10-27 22:50:43,512 - INFO - src.optimization_cv 267 - Trial 62: Mejor iteración en CV: 83 
2025-10-27 22:50:43,546 - INFO - src.optimization_cv 149 - Iteración 62 guardada. Ganancia promedio CV: 147,913,286 
2025-10-27 22:52:29,489 - INFO - src.optimization_cv 266 - Trial 63: Ganancia CV = 150,645,833 ± 19,598,785 
2025-10-27 22:52:29,496 - INFO - src.optimization_cv 267 - Trial 63: Mejor iteración en CV: 71 
2025-10-27 22:52:29,520 - INFO - src.optimization_cv 149 - Iteración 63 guardada. Ganancia promedio CV: 150,645,833 
2025-10-27 22:53:58,488 - INFO - src.optimization_cv 266 - Trial 64: Ganancia CV = 144,318,426 ± 19,909,838 
2025-10-27 22:53:58,493 - INFO - src.optimization_cv 267 - Trial 64: Mejor iteración en CV: 60 
2025-10-27 22:53:58,516 - INFO - src.optimization_cv 149 - Iteración 64 guardada. Ganancia promedio CV: 144,318,426 
2025-10-27 22:55:31,880 - INFO - src.optimization_cv 266 - Trial 65: Ganancia CV = 141,807,273 ± 18,551,722 
2025-10-27 22:55:31,884 - INFO - src.optimization_cv 267 - Trial 65: Mejor iteración en CV: 120 
2025-10-27 22:55:31,906 - INFO - src.optimization_cv 149 - Iteración 65 guardada. Ganancia promedio CV: 141,807,273 
2025-10-27 22:56:55,164 - INFO - src.optimization_cv 266 - Trial 66: Ganancia CV = 152,227,050 ± 17,111,928 
2025-10-27 22:56:55,169 - INFO - src.optimization_cv 267 - Trial 66: Mejor iteración en CV: 100 
2025-10-27 22:56:55,194 - INFO - src.optimization_cv 149 - Iteración 66 guardada. Ganancia promedio CV: 152,227,050 
2025-10-27 22:58:27,560 - INFO - src.optimization_cv 266 - Trial 67: Ganancia CV = 136,470,933 ± 27,250,166 
2025-10-27 22:58:27,568 - INFO - src.optimization_cv 267 - Trial 67: Mejor iteración en CV: 104 
2025-10-27 22:58:27,608 - INFO - src.optimization_cv 149 - Iteración 67 guardada. Ganancia promedio CV: 136,470,933 
2025-10-27 22:59:46,998 - INFO - src.optimization_cv 266 - Trial 68: Ganancia CV = 143,325,796 ± 22,631,032 
2025-10-27 22:59:47,006 - INFO - src.optimization_cv 267 - Trial 68: Mejor iteración en CV: 48 
2025-10-27 22:59:47,041 - INFO - src.optimization_cv 149 - Iteración 68 guardada. Ganancia promedio CV: 143,325,796 
2025-10-27 23:01:11,783 - INFO - src.optimization_cv 266 - Trial 69: Ganancia CV = 137,531,708 ± 25,874,835 
2025-10-27 23:01:11,786 - INFO - src.optimization_cv 267 - Trial 69: Mejor iteración en CV: 136 
2025-10-27 23:01:11,814 - INFO - src.optimization_cv 149 - Iteración 69 guardada. Ganancia promedio CV: 137,531,708 
2025-10-27 23:02:17,060 - INFO - src.optimization_cv 266 - Trial 70: Ganancia CV = 64,000 ± 0 
2025-10-27 23:02:17,065 - INFO - src.optimization_cv 267 - Trial 70: Mejor iteración en CV: 0 
2025-10-27 23:02:17,087 - INFO - src.optimization_cv 149 - Iteración 70 guardada. Ganancia promedio CV: 64,000 
2025-10-27 23:03:15,952 - INFO - src.optimization_cv 266 - Trial 71: Ganancia CV = 32,882,000 ± 32,678,000 
2025-10-27 23:03:15,956 - INFO - src.optimization_cv 267 - Trial 71: Mejor iteración en CV: 1 
2025-10-27 23:03:15,982 - INFO - src.optimization_cv 149 - Iteración 71 guardada. Ganancia promedio CV: 32,882,000 
2025-10-27 23:04:10,222 - INFO - src.optimization_cv 266 - Trial 72: Ganancia CV = 64,000 ± 0 
2025-10-27 23:04:10,226 - INFO - src.optimization_cv 267 - Trial 72: Mejor iteración en CV: 0 
2025-10-27 23:04:10,253 - INFO - src.optimization_cv 149 - Iteración 72 guardada. Ganancia promedio CV: 64,000 
2025-10-27 23:05:25,739 - INFO - src.optimization_cv 266 - Trial 73: Ganancia CV = 145,771,518 ± 21,080,369 
2025-10-27 23:05:25,743 - INFO - src.optimization_cv 267 - Trial 73: Mejor iteración en CV: 82 
2025-10-27 23:05:25,766 - INFO - src.optimization_cv 149 - Iteración 73 guardada. Ganancia promedio CV: 145,771,518 
2025-10-27 23:06:40,868 - INFO - src.optimization_cv 266 - Trial 74: Ganancia CV = 150,925,745 ± 18,790,449 
2025-10-27 23:06:40,872 - INFO - src.optimization_cv 267 - Trial 74: Mejor iteración en CV: 93 
2025-10-27 23:06:40,902 - INFO - src.optimization_cv 149 - Iteración 74 guardada. Ganancia promedio CV: 150,925,745 
2025-10-27 23:06:41,815 - INFO - src.optimization_cv 305 - === OPTIMIZACIÓN CON CV COMPLETADA ===
2025-10-27 23:06:41,837 - INFO - src.optimization_cv 306 - Número de trials completados: 75
2025-10-27 23:06:41,837 - INFO - src.optimization_cv 307 - Mejor ganancia promedio = 152,227,050
2025-10-27 23:06:41,837 - INFO - src.optimization_cv 308 - Mejores parámetros: {'num_iterations': 101, 'num_leaves': 223, 'learning_rate': 0.09294666318075667, 'feature_fraction': 0.7137475234685171, 'bagging_fraction': 0.6221682423833129, 'min_child_samples': 26, 'max_depth': 8, 'reg_lambda': 1.4970160425734147, 'reg_alpha': 8.355373147913502, 'min_gain_to_split': 1.8448168079212328}
2025-10-27 23:06:41,839 - INFO - __main__ 67 - === ANÁLISIS DE RESULTADOS ===
2025-10-27 23:06:42,005 - INFO - __main__ 71 - Top 5 mejores trials:
2025-10-27 23:06:42,014 - INFO - __main__ 73 -   Trial 66: 152,227,050
2025-10-27 23:06:42,015 - INFO - __main__ 73 -   Trial 33: 152,152,063
2025-10-27 23:06:42,016 - INFO - __main__ 73 -   Trial 31: 151,131,067
2025-10-27 23:06:42,016 - INFO - __main__ 73 -   Trial 74: 150,925,745
2025-10-27 23:06:42,017 - INFO - __main__ 73 -   Trial 63: 150,645,833
2025-10-27 23:06:42,017 - INFO - __main__ 75 - === OPTIMIZACIÓN COMPLETADA ===
2025-10-27 23:06:42,017 - INFO - __main__ 78 - === EVALUACIÓN EN CONJUNTO DE TEST ===
2025-10-27 23:06:42,023 - INFO - src.best_params 49 - Mejores hiperparámetros cargados desde resultados/lgb_optimization_cv_competencia01_exp3_iteraciones.json
2025-10-27 23:06:42,023 - INFO - src.best_params 50 - Mejor ganancia encontrada: 152,227,050
2025-10-27 23:06:42,023 - INFO - src.best_params 51 - Trial número: 66
2025-10-27 23:06:42,023 - INFO - src.best_params 52 - Parámetros: {'num_iterations': 101, 'num_leaves': 223, 'learning_rate': 0.09294666318075667, 'feature_fraction': 0.7137475234685171, 'bagging_fraction': 1.0, 'min_child_samples': 26, 'max_depth': 8, 'reg_lambda': 1.4970160425734147, 'reg_alpha': 8.355373147913502, 'min_gain_to_split': 1.8448168079212328, 'scale_pos_weight': 97, 'pos_bagging_fraction': 1.0, 'neg_bagging_fraction': 0.01, 'bagging_freq': 1, 'objective': 'binary', 'metric': 'None', 'random_state': 839071}
2025-10-27 23:06:42,026 - INFO - src.optimization 445 - === EVALUACIÓN EN CONJUNTO DE TEST ===
2025-10-27 23:06:42,026 - INFO - src.optimization 446 - Período de test: 202104
2025-10-27 23:06:52,552 - INFO - src.optimization 458 - Entrenando modelo con mejores hiperparámetros...
2025-10-27 23:06:52,552 - INFO - src.optimization 459 - Dimensiones df_train_completo: (486791, 722), Dimensiones df_test: (163418, 722)
2025-10-27 23:07:06,553 - INFO - src.optimization 468 - Tipo de dato de train_data: <class 'lightgbm.basic.Dataset'>, Dimensiones de train_data: (486791, 720)
2025-10-27 23:07:46,798 - INFO - src.optimization 427 - Ganancia: 354,600,000---Total Predicciones positivas: 11,310
2025-10-27 23:07:46,802 - INFO - __main__ 90 - === RESUMEN DE EVALUACIÓN EN TEST ===
2025-10-27 23:07:46,803 - INFO - __main__ 91 - ✅ Ganancia en test: 354,600,000
2025-10-27 23:07:46,804 - INFO - __main__ 92 - 🔍 Umbral óptimo encontrado: 0.9950
2025-10-27 23:07:46,804 - INFO - __main__ 93 - 🎯 Predicciones positivas: 11,310 (6.92%)
2025-10-27 23:07:46,804 - INFO - __main__ 97 - === ENTRENAMIENTO FINAL ===
2025-10-27 23:07:46,804 - INFO - __main__ 98 - Preparar datos para entrenamiento final
2025-10-27 23:07:46,805 - INFO - src.final_training 421 - Preparando datos para entrenamiento final
2025-10-27 23:07:46,806 - INFO - src.final_training 422 - Períodos de entrenamiento: ['202101', '202102', '202103', '202104']
2025-10-27 23:07:46,806 - INFO - src.final_training 423 - Período de predicción: 202106
2025-10-27 23:08:09,827 - INFO - src.final_training 433 - Registros de entrenamiento: 650,209
2025-10-27 23:08:09,838 - INFO - src.final_training 434 - Registros de predicción: 164,313
2025-10-27 23:08:30,621 - INFO - src.final_training 446 - Features utilizadas: 720
2025-10-27 23:08:30,637 - INFO - src.final_training 447 - Distribución del target - 0: 642,830, 1: 7,379
2025-10-27 23:08:31,243 - INFO - __main__ 103 - Entrenar modelo final
2025-10-27 23:08:31,244 - INFO - src.final_training 239 - Iniciando entrenamiento del modelo final
2025-10-27 23:09:00,782 - INFO - src.final_training 274 - Modelo final (semilla 839071) guardado en: resultados/lgb_optimization_cv_competencia01_exp3/modelo_final_semilla_839071_2025-10-27_23-09-00.txt
2025-10-27 23:09:09,815 - INFO - src.final_training 274 - Modelo final (semilla 666557) guardado en: resultados/lgb_optimization_cv_competencia01_exp3/modelo_final_semilla_666557_2025-10-27_23-09-09.txt
2025-10-27 23:09:18,449 - INFO - src.final_training 274 - Modelo final (semilla 390653) guardado en: resultados/lgb_optimization_cv_competencia01_exp3/modelo_final_semilla_390653_2025-10-27_23-09-18.txt
2025-10-27 23:09:27,300 - INFO - src.final_training 274 - Modelo final (semilla 408341) guardado en: resultados/lgb_optimization_cv_competencia01_exp3/modelo_final_semilla_408341_2025-10-27_23-09-27.txt
2025-10-27 23:09:36,233 - INFO - src.final_training 274 - Modelo final (semilla 858577) guardado en: resultados/lgb_optimization_cv_competencia01_exp3/modelo_final_semilla_858577_2025-10-27_23-09-36.txt
2025-10-27 23:09:45,543 - INFO - src.final_training 274 - Modelo final (semilla 156893) guardado en: resultados/lgb_optimization_cv_competencia01_exp3/modelo_final_semilla_156893_2025-10-27_23-09-45.txt
2025-10-27 23:09:54,586 - INFO - src.final_training 274 - Modelo final (semilla 220481) guardado en: resultados/lgb_optimization_cv_competencia01_exp3/modelo_final_semilla_220481_2025-10-27_23-09-54.txt
2025-10-27 23:10:03,874 - INFO - src.final_training 274 - Modelo final (semilla 557412) guardado en: resultados/lgb_optimization_cv_competencia01_exp3/modelo_final_semilla_557412_2025-10-27_23-10-03.txt
2025-10-27 23:10:12,536 - INFO - src.final_training 274 - Modelo final (semilla 111058) guardado en: resultados/lgb_optimization_cv_competencia01_exp3/modelo_final_semilla_111058_2025-10-27_23-10-12.txt
2025-10-27 23:10:20,993 - INFO - src.final_training 274 - Modelo final (semilla 401171) guardado en: resultados/lgb_optimization_cv_competencia01_exp3/modelo_final_semilla_401171_2025-10-27_23-10-20.txt
2025-10-27 23:10:20,994 - INFO - src.final_training 279 - Entrenamiento de modelos finales completado
2025-10-27 23:10:21,312 - INFO - __main__ 107 - Generar predicciones finales
2025-10-27 23:10:21,313 - INFO - src.final_training 357 - Generando predicciones finales
2025-10-27 23:10:31,989 - INFO - src.final_training 377 - Predicciones de probabilidad guardadas en: resultados/predicciones_probabilidad_lgb_optimization_cv_competencia01_exp3_varias_seeds_2025-10-27_23-10-31.csv
2025-10-27 23:10:32,000 - INFO - src.final_training 399 - Predicciones generadas:
2025-10-27 23:10:32,000 - INFO - src.final_training 400 -   Total clientes: 164,313
2025-10-27 23:10:32,001 - INFO - src.final_training 401 -   Predicciones positivas: 13,298 (8.09%)
2025-10-27 23:10:32,001 - INFO - src.final_training 402 -   Predicciones negativas: 151,015
2025-10-27 23:10:32,001 - INFO - src.final_training 403 -   Porcentaje solicitado: 0.0809
2025-10-27 23:10:32,004 - INFO - __main__ 111 - Guardar predicciones
2025-10-27 23:10:32,127 - INFO - src.output_manager 42 - Predicciones guardadas en: predict/lgb_optimization_cv_competencia01_exp3_20251027_231032.csv
2025-10-27 23:10:32,127 - INFO - src.output_manager 43 - Formato del archivo:
2025-10-27 23:10:32,128 - INFO - src.output_manager 44 -   Columnas: ['numero_de_cliente', 'predict']
2025-10-27 23:10:32,128 - INFO - src.output_manager 45 -   Registros: 164,313
2025-10-27 23:10:32,129 - INFO - src.output_manager 46 -   Primeras filas:
2025-10-27 23:10:32,206 - INFO - src.output_manager 47 -    numero_de_cliente  predict
0          249350768        0
1          249432306        0
2          249565688        0
3          249596175        0
4          249695645        1
2025-10-27 23:10:32,206 - INFO - __main__ 115 - === RESUMEN FINAL ===
2025-10-27 23:10:32,207 - INFO - __main__ 116 - ✅ Entrenamiento final completado exitosamente
2025-10-27 23:10:32,207 - INFO - __main__ 117 - 📊 Mejores hiperparámetros utilizados: {'num_iterations': 101, 'num_leaves': 223, 'learning_rate': 0.09294666318075667, 'feature_fraction': 0.7137475234685171, 'bagging_fraction': 1.0, 'min_child_samples': 26, 'max_depth': 8, 'reg_lambda': 1.4970160425734147, 'reg_alpha': 8.355373147913502, 'min_gain_to_split': 1.8448168079212328, 'scale_pos_weight': 97, 'pos_bagging_fraction': 1.0, 'neg_bagging_fraction': 0.01, 'bagging_freq': 1, 'objective': 'binary', 'metric': 'None', 'random_state': 401171}
2025-10-27 23:10:32,207 - INFO - __main__ 118 - 🎯 Períodos de entrenamiento: ['202101', '202102', '202103', '202104']
2025-10-27 23:10:32,208 - INFO - __main__ 119 - 🔮 Período de predicción: 202106
2025-10-27 23:10:32,208 - INFO - __main__ 122 - 📁 Archivo de salida: predict/lgb_optimization_cv_competencia01_exp3_20251027_231032.csv
2025-10-27 23:10:32,208 - INFO - __main__ 123 - 📝 Log detallado: logs/log_lgb_optimization_cv_competencia01_exp3_2025-10-27_21-11-14.log
2025-10-27 23:10:32,208 - INFO - __main__ 126 - >>> Ejecución finalizada. Revisar logs para mas detalles.
