2025-10-10 18:58:11,263 - INFO - __main__ 37 - Inicio de ejecucion.
2025-10-10 18:58:11,264 - INFO - __main__ 39 - Número de trials por estudio: 25
2025-10-10 18:58:11,264 - INFO - __name__ 14 - Cargando dataset desde ./data/competencia_01.csv
2025-10-10 18:58:21,259 - INFO - __name__ 17 - Dataset cargado con 978439 filas y 155 columnas
2025-10-10 18:58:21,260 - INFO - __main__ 52 - Archivo de features no encontrado. Ejecutando feature engineering.
2025-10-10 18:58:21,621 - INFO - __name__ 264 - Realizando feature engineering con ranking normalizado para 1 atributos
2025-10-10 18:58:27,451 - INFO - __name__ 291 - Feature engineering completado. DataFrame resultante con 156 columnas
2025-10-10 18:58:27,509 - INFO - __name__ 733 - Operación 'rank' aplicada. Nombre de nuevas variables: ['mcuentas_saldo_rank']
2025-10-10 18:58:27,510 - INFO - __name__ 313 - Eliminando 1 columnas
2025-10-10 18:58:27,950 - INFO - __name__ 327 - Columnas eliminadas. DataFrame resultante con 155 columnas
2025-10-10 18:58:28,073 - INFO - __name__ 748 - Operación 'drop' aplicada. Columnas eliminadas: ['mcuentas_saldo']
2025-10-10 18:58:28,073 - INFO - __name__ 30 - Realizando feature engineering con 2 lags para 137 atributos
2025-10-10 18:58:28,075 - WARNING - __name__ 45 - El atributo mtarjeta_visa_debitos_automaticos no existe en el DataFrame
2025-10-10 18:58:46,890 - INFO - __name__ 60 - Feature engineering completado. DataFrame resultante con 427 columnas
2025-10-10 18:58:47,003 - INFO - __name__ 723 - Operación 'lag' aplicada. Nombre de nuevas variables: ['mcuentas_saldo_rank_lag_1', 'mcuentas_saldo_rank_lag_2', 'cproductos_lag_1', 'cproductos_lag_2', 'ccuenta_corriente_lag_1', 'ccuenta_corriente_lag_2', 'ccaja_ahorro_lag_1', 'ccaja_ahorro_lag_2', 'ctarjeta_debito_lag_1', 'ctarjeta_debito_lag_2', 'ctarjeta_debito_transacciones_lag_1', 'ctarjeta_debito_transacciones_lag_2', 'ctarjeta_visa_lag_1', 'ctarjeta_visa_lag_2', 'ctarjeta_visa_transacciones_lag_1', 'ctarjeta_visa_transacciones_lag_2', 'ctarjeta_master_lag_1', 'ctarjeta_master_lag_2', 'ctarjeta_master_transacciones_lag_1', 'ctarjeta_master_transacciones_lag_2', 'cprestamos_personales_lag_1', 'cprestamos_personales_lag_2', 'cprestamos_prendarios_lag_1', 'cprestamos_prendarios_lag_2', 'cprestamos_hipotecarios_lag_1', 'cprestamos_hipotecarios_lag_2', 'cplazo_fijo_lag_1', 'cplazo_fijo_lag_2', 'cinversion1_lag_1', 'cinversion1_lag_2', 'cinversion2_lag_1', 'cinversion2_lag_2', 'cseguro_vida_lag_1', 'cseguro_vida_lag_2', 'cseguro_auto_lag_1', 'cseguro_auto_lag_2', 'cseguro_vivienda_lag_1', 'cseguro_vivienda_lag_2', 'cseguro_accidentes_personales_lag_1', 'cseguro_accidentes_personales_lag_2', 'cpayroll_trx_lag_1', 'cpayroll_trx_lag_2', 'cpayroll2_trx_lag_1', 'cpayroll2_trx_lag_2', 'ccuenta_debitos_automaticos_lag_1', 'ccuenta_debitos_automaticos_lag_2', 'ctarjeta_visa_debitos_automaticos_lag_1', 'ctarjeta_visa_debitos_automaticos_lag_2', 'ctarjeta_master_debitos_automaticos_lag_1', 'ctarjeta_master_debitos_automaticos_lag_2', 'cpagodeservicios_lag_1', 'cpagodeservicios_lag_2', 'cpagomiscuentas_lag_1', 'cpagomiscuentas_lag_2', 'ccajeros_propios_descuentos_lag_1', 'ccajeros_propios_descuentos_lag_2', 'ctarjeta_visa_descuentos_lag_1', 'ctarjeta_visa_descuentos_lag_2', 'ctarjeta_master_descuentos_lag_1', 'ctarjeta_master_descuentos_lag_2', 'ccomisiones_mantenimiento_lag_1', 'ccomisiones_mantenimiento_lag_2', 'ccomisiones_otras_lag_1', 'ccomisiones_otras_lag_2', 'cforex_lag_1', 'cforex_lag_2', 'cforex_buy_lag_1', 'cforex_buy_lag_2', 'ctransferencias_recibidas_lag_1', 'ctransferencias_recibidas_lag_2', 'ctransferencias_emitidas_lag_1', 'ctransferencias_emitidas_lag_2', 'cextraccion_autoservicio_lag_1', 'cextraccion_autoservicio_lag_2', 'ccheques_depositados_lag_1', 'ccheques_depositados_lag_2', 'ccheques_emitidos_lag_1', 'ccheques_emitidos_lag_2', 'ccheques_depositados_rechazados_lag_1', 'ccheques_depositados_rechazados_lag_2', 'ccheques_emitidos_rechazados_lag_1', 'ccheques_emitidos_rechazados_lag_2', 'ccallcenter_transacciones_lag_1', 'ccallcenter_transacciones_lag_2', 'chomebanking_transacciones_lag_1', 'chomebanking_transacciones_lag_2', 'ccajas_transacciones_lag_1', 'ccajas_transacciones_lag_2', 'ccajas_consultas_lag_1', 'ccajas_consultas_lag_2', 'ccajas_depositos_lag_1', 'ccajas_depositos_lag_2', 'ccajas_extracciones_lag_1', 'ccajas_extracciones_lag_2', 'ccajas_otras_lag_1', 'ccajas_otras_lag_2', 'catm_trx_lag_1', 'catm_trx_lag_2', 'catm_trx_other_lag_1', 'catm_trx_other_lag_2', 'ctrx_quarter_lag_1', 'ctrx_quarter_lag_2', 'cmobile_app_trx_lag_1', 'cmobile_app_trx_lag_2', 'Master_cconsumos_lag_1', 'Master_cconsumos_lag_2', 'Master_cadelantosefectivo_lag_1', 'Master_cadelantosefectivo_lag_2', 'Visa_cconsumos_lag_1', 'Visa_cconsumos_lag_2', 'Visa_cadelantosefectivo_lag_1', 'Visa_cadelantosefectivo_lag_2', 'Master_Fvencimiento_lag_1', 'Master_Fvencimiento_lag_2', 'Master_Finiciomora_lag_1', 'Master_Finiciomora_lag_2', 'Master_fultimo_cierre_lag_1', 'Master_fultimo_cierre_lag_2', 'Master_fechaalta_lag_1', 'Master_fechaalta_lag_2', 'Visa_Fvencimiento_lag_1', 'Visa_Fvencimiento_lag_2', 'Visa_Finiciomora_lag_1', 'Visa_Finiciomora_lag_2', 'Visa_fultimo_cierre_lag_1', 'Visa_fultimo_cierre_lag_2', 'Visa_fechaalta_lag_1', 'Visa_fechaalta_lag_2', 'mrentabilidad_lag_1', 'mrentabilidad_lag_2', 'mrentabilidad_annual_lag_1', 'mrentabilidad_annual_lag_2', 'mcomisiones_lag_1', 'mcomisiones_lag_2', 'mactivos_margen_lag_1', 'mactivos_margen_lag_2', 'mpasivos_margen_lag_1', 'mpasivos_margen_lag_2', 'mcuenta_corriente_adicional_lag_1', 'mcuenta_corriente_adicional_lag_2', 'mcuenta_corriente_lag_1', 'mcuenta_corriente_lag_2', 'mcaja_ahorro_lag_1', 'mcaja_ahorro_lag_2', 'mcaja_ahorro_adicional_lag_1', 'mcaja_ahorro_adicional_lag_2', 'mcaja_ahorro_dolares_lag_1', 'mcaja_ahorro_dolares_lag_2', 'mautoservicio_lag_1', 'mautoservicio_lag_2', 'mtarjeta_visa_consumo_lag_1', 'mtarjeta_visa_consumo_lag_2', 'mtarjeta_master_consumo_lag_1', 'mtarjeta_master_consumo_lag_2', 'mprestamos_personales_lag_1', 'mprestamos_personales_lag_2', 'mprestamos_prendarios_lag_1', 'mprestamos_prendarios_lag_2', 'mprestamos_hipotecarios_lag_1', 'mprestamos_hipotecarios_lag_2', 'mplazo_fijo_dolares_lag_1', 'mplazo_fijo_dolares_lag_2', 'mplazo_fijo_pesos_lag_1', 'mplazo_fijo_pesos_lag_2', 'minversion1_pesos_lag_1', 'minversion1_pesos_lag_2', 'minversion1_dolares_lag_1', 'minversion1_dolares_lag_2', 'minversion2_lag_1', 'minversion2_lag_2', 'mpayroll_lag_1', 'mpayroll_lag_2', 'mpayroll2_lag_1', 'mpayroll2_lag_2', 'mcuenta_debitos_automaticos_lag_1', 'mcuenta_debitos_automaticos_lag_2', 'mtarjeta_visa_debitos_automaticos_lag_1', 'mtarjeta_visa_debitos_automaticos_lag_2', 'mttarjeta_master_debitos_automaticos_lag_1', 'mttarjeta_master_debitos_automaticos_lag_2', 'mpagodeservicios_lag_1', 'mpagodeservicios_lag_2', 'mpagomiscuentas_lag_1', 'mpagomiscuentas_lag_2', 'mcajeros_propios_descuentos_lag_1', 'mcajeros_propios_descuentos_lag_2', 'mtarjeta_visa_descuentos_lag_1', 'mtarjeta_visa_descuentos_lag_2', 'mtarjeta_master_descuentos_lag_1', 'mtarjeta_master_descuentos_lag_2', 'mcomisiones_mantenimiento_lag_1', 'mcomisiones_mantenimiento_lag_2', 'mcomisiones_otras_lag_1', 'mcomisiones_otras_lag_2', 'mforex_buy_lag_1', 'mforex_buy_lag_2', 'mforex_sell_lag_1', 'mforex_sell_lag_2', 'mtransferencias_recibidas_lag_1', 'mtransferencias_recibidas_lag_2', 'mtransferencias_emitidas_lag_1', 'mtransferencias_emitidas_lag_2', 'mextraccion_autoservicio_lag_1', 'mextraccion_autoservicio_lag_2', 'mcheques_depositados_lag_1', 'mcheques_depositados_lag_2', 'mcheques_emitidos_lag_1', 'mcheques_emitidos_lag_2', 'mcheques_depositados_rechazados_lag_1', 'mcheques_depositados_rechazados_lag_2', 'mcheques_emitidos_rechazados_lag_1', 'mcheques_emitidos_rechazados_lag_2', 'matm_lag_1', 'matm_lag_2', 'matm_other_lag_1', 'matm_other_lag_2', 'Master_mfinanciacion_limite_lag_1', 'Master_mfinanciacion_limite_lag_2', 'Master_msaldototal_lag_1', 'Master_msaldototal_lag_2', 'Master_msaldopesos_lag_1', 'Master_msaldopesos_lag_2', 'Master_msaldodolares_lag_1', 'Master_msaldodolares_lag_2', 'Master_mconsumospesos_lag_1', 'Master_mconsumospesos_lag_2', 'Master_mconsumosdolares_lag_1', 'Master_mconsumosdolares_lag_2', 'Master_mlimitecompra_lag_1', 'Master_mlimitecompra_lag_2', 'Master_madelantopesos_lag_1', 'Master_madelantopesos_lag_2', 'Master_madelantodolares_lag_1', 'Master_madelantodolares_lag_2', 'Master_mpagado_lag_1', 'Master_mpagado_lag_2', 'Master_mpagospesos_lag_1', 'Master_mpagospesos_lag_2', 'Master_mpagosdolares_lag_1', 'Master_mpagosdolares_lag_2', 'Master_mconsumototal_lag_1', 'Master_mconsumototal_lag_2', 'Master_mpagominimo_lag_1', 'Master_mpagominimo_lag_2', 'Visa_mfinanciacion_limite_lag_1', 'Visa_mfinanciacion_limite_lag_2', 'Visa_msaldototal_lag_1', 'Visa_msaldototal_lag_2', 'Visa_msaldopesos_lag_1', 'Visa_msaldopesos_lag_2', 'Visa_msaldodolares_lag_1', 'Visa_msaldodolares_lag_2', 'Visa_mconsumospesos_lag_1', 'Visa_mconsumospesos_lag_2', 'Visa_mconsumosdolares_lag_1', 'Visa_mconsumosdolares_lag_2', 'Visa_mlimitecompra_lag_1', 'Visa_mlimitecompra_lag_2', 'Visa_madelantopesos_lag_1', 'Visa_madelantopesos_lag_2', 'Visa_madelantodolares_lag_1', 'Visa_madelantodolares_lag_2', 'Visa_mpagado_lag_1', 'Visa_mpagado_lag_2', 'Visa_mpagospesos_lag_1', 'Visa_mpagospesos_lag_2', 'Visa_mpagosdolares_lag_1', 'Visa_mpagosdolares_lag_2', 'Visa_mconsumototal_lag_1', 'Visa_mconsumototal_lag_2', 'Visa_mpagominimo_lag_1', 'Visa_mpagominimo_lag_2', 'cforex_sell_lag_1', 'cforex_sell_lag_2']
2025-10-10 18:58:47,005 - INFO - __name__ 84 - Realizando feature engineering de delta lag con 2 lags para 137 atributos
2025-10-10 18:58:47,012 - WARNING - __name__ 102 - El atributo mtarjeta_visa_debitos_automaticos no existe en el DataFrame
2025-10-10 18:59:47,524 - INFO - __name__ 115 - Feature engineering de delta lag completado. DataFrame resultante con 699 columnas
2025-10-10 18:59:47,738 - INFO - __name__ 727 - Operación 'delta_lag' aplicada. Nombre de nuevas variables: ['mcuentas_saldo_rank_delta_lag_1', 'mcuentas_saldo_rank_delta_lag_2', 'cproductos_delta_lag_1', 'cproductos_delta_lag_2', 'ccuenta_corriente_delta_lag_1', 'ccuenta_corriente_delta_lag_2', 'ccaja_ahorro_delta_lag_1', 'ccaja_ahorro_delta_lag_2', 'ctarjeta_debito_delta_lag_1', 'ctarjeta_debito_delta_lag_2', 'ctarjeta_debito_transacciones_delta_lag_1', 'ctarjeta_debito_transacciones_delta_lag_2', 'ctarjeta_visa_delta_lag_1', 'ctarjeta_visa_delta_lag_2', 'ctarjeta_visa_transacciones_delta_lag_1', 'ctarjeta_visa_transacciones_delta_lag_2', 'ctarjeta_master_delta_lag_1', 'ctarjeta_master_delta_lag_2', 'ctarjeta_master_transacciones_delta_lag_1', 'ctarjeta_master_transacciones_delta_lag_2', 'cprestamos_personales_delta_lag_1', 'cprestamos_personales_delta_lag_2', 'cprestamos_prendarios_delta_lag_1', 'cprestamos_prendarios_delta_lag_2', 'cprestamos_hipotecarios_delta_lag_1', 'cprestamos_hipotecarios_delta_lag_2', 'cplazo_fijo_delta_lag_1', 'cplazo_fijo_delta_lag_2', 'cinversion1_delta_lag_1', 'cinversion1_delta_lag_2', 'cinversion2_delta_lag_1', 'cinversion2_delta_lag_2', 'cseguro_vida_delta_lag_1', 'cseguro_vida_delta_lag_2', 'cseguro_auto_delta_lag_1', 'cseguro_auto_delta_lag_2', 'cseguro_vivienda_delta_lag_1', 'cseguro_vivienda_delta_lag_2', 'cseguro_accidentes_personales_delta_lag_1', 'cseguro_accidentes_personales_delta_lag_2', 'cpayroll_trx_delta_lag_1', 'cpayroll_trx_delta_lag_2', 'cpayroll2_trx_delta_lag_1', 'cpayroll2_trx_delta_lag_2', 'ccuenta_debitos_automaticos_delta_lag_1', 'ccuenta_debitos_automaticos_delta_lag_2', 'ctarjeta_visa_debitos_automaticos_delta_lag_1', 'ctarjeta_visa_debitos_automaticos_delta_lag_2', 'ctarjeta_master_debitos_automaticos_delta_lag_1', 'ctarjeta_master_debitos_automaticos_delta_lag_2', 'cpagodeservicios_delta_lag_1', 'cpagodeservicios_delta_lag_2', 'cpagomiscuentas_delta_lag_1', 'cpagomiscuentas_delta_lag_2', 'ccajeros_propios_descuentos_delta_lag_1', 'ccajeros_propios_descuentos_delta_lag_2', 'ctarjeta_visa_descuentos_delta_lag_1', 'ctarjeta_visa_descuentos_delta_lag_2', 'ctarjeta_master_descuentos_delta_lag_1', 'ctarjeta_master_descuentos_delta_lag_2', 'ccomisiones_mantenimiento_delta_lag_1', 'ccomisiones_mantenimiento_delta_lag_2', 'ccomisiones_otras_delta_lag_1', 'ccomisiones_otras_delta_lag_2', 'cforex_delta_lag_1', 'cforex_delta_lag_2', 'cforex_buy_delta_lag_1', 'cforex_buy_delta_lag_2', 'ctransferencias_recibidas_delta_lag_1', 'ctransferencias_recibidas_delta_lag_2', 'ctransferencias_emitidas_delta_lag_1', 'ctransferencias_emitidas_delta_lag_2', 'cextraccion_autoservicio_delta_lag_1', 'cextraccion_autoservicio_delta_lag_2', 'ccheques_depositados_delta_lag_1', 'ccheques_depositados_delta_lag_2', 'ccheques_emitidos_delta_lag_1', 'ccheques_emitidos_delta_lag_2', 'ccheques_depositados_rechazados_delta_lag_1', 'ccheques_depositados_rechazados_delta_lag_2', 'ccheques_emitidos_rechazados_delta_lag_1', 'ccheques_emitidos_rechazados_delta_lag_2', 'ccallcenter_transacciones_delta_lag_1', 'ccallcenter_transacciones_delta_lag_2', 'chomebanking_transacciones_delta_lag_1', 'chomebanking_transacciones_delta_lag_2', 'ccajas_transacciones_delta_lag_1', 'ccajas_transacciones_delta_lag_2', 'ccajas_consultas_delta_lag_1', 'ccajas_consultas_delta_lag_2', 'ccajas_depositos_delta_lag_1', 'ccajas_depositos_delta_lag_2', 'ccajas_extracciones_delta_lag_1', 'ccajas_extracciones_delta_lag_2', 'ccajas_otras_delta_lag_1', 'ccajas_otras_delta_lag_2', 'catm_trx_delta_lag_1', 'catm_trx_delta_lag_2', 'catm_trx_other_delta_lag_1', 'catm_trx_other_delta_lag_2', 'ctrx_quarter_delta_lag_1', 'ctrx_quarter_delta_lag_2', 'cmobile_app_trx_delta_lag_1', 'cmobile_app_trx_delta_lag_2', 'Master_cconsumos_delta_lag_1', 'Master_cconsumos_delta_lag_2', 'Master_cadelantosefectivo_delta_lag_1', 'Master_cadelantosefectivo_delta_lag_2', 'Visa_cconsumos_delta_lag_1', 'Visa_cconsumos_delta_lag_2', 'Visa_cadelantosefectivo_delta_lag_1', 'Visa_cadelantosefectivo_delta_lag_2', 'Master_Fvencimiento_delta_lag_1', 'Master_Fvencimiento_delta_lag_2', 'Master_Finiciomora_delta_lag_1', 'Master_Finiciomora_delta_lag_2', 'Master_fultimo_cierre_delta_lag_1', 'Master_fultimo_cierre_delta_lag_2', 'Master_fechaalta_delta_lag_1', 'Master_fechaalta_delta_lag_2', 'Visa_Fvencimiento_delta_lag_1', 'Visa_Fvencimiento_delta_lag_2', 'Visa_Finiciomora_delta_lag_1', 'Visa_Finiciomora_delta_lag_2', 'Visa_fultimo_cierre_delta_lag_1', 'Visa_fultimo_cierre_delta_lag_2', 'Visa_fechaalta_delta_lag_1', 'Visa_fechaalta_delta_lag_2', 'mrentabilidad_delta_lag_1', 'mrentabilidad_delta_lag_2', 'mrentabilidad_annual_delta_lag_1', 'mrentabilidad_annual_delta_lag_2', 'mcomisiones_delta_lag_1', 'mcomisiones_delta_lag_2', 'mactivos_margen_delta_lag_1', 'mactivos_margen_delta_lag_2', 'mpasivos_margen_delta_lag_1', 'mpasivos_margen_delta_lag_2', 'mcuenta_corriente_adicional_delta_lag_1', 'mcuenta_corriente_adicional_delta_lag_2', 'mcuenta_corriente_delta_lag_1', 'mcuenta_corriente_delta_lag_2', 'mcaja_ahorro_delta_lag_1', 'mcaja_ahorro_delta_lag_2', 'mcaja_ahorro_adicional_delta_lag_1', 'mcaja_ahorro_adicional_delta_lag_2', 'mcaja_ahorro_dolares_delta_lag_1', 'mcaja_ahorro_dolares_delta_lag_2', 'mautoservicio_delta_lag_1', 'mautoservicio_delta_lag_2', 'mtarjeta_visa_consumo_delta_lag_1', 'mtarjeta_visa_consumo_delta_lag_2', 'mtarjeta_master_consumo_delta_lag_1', 'mtarjeta_master_consumo_delta_lag_2', 'mprestamos_personales_delta_lag_1', 'mprestamos_personales_delta_lag_2', 'mprestamos_prendarios_delta_lag_1', 'mprestamos_prendarios_delta_lag_2', 'mprestamos_hipotecarios_delta_lag_1', 'mprestamos_hipotecarios_delta_lag_2', 'mplazo_fijo_dolares_delta_lag_1', 'mplazo_fijo_dolares_delta_lag_2', 'mplazo_fijo_pesos_delta_lag_1', 'mplazo_fijo_pesos_delta_lag_2', 'minversion1_pesos_delta_lag_1', 'minversion1_pesos_delta_lag_2', 'minversion1_dolares_delta_lag_1', 'minversion1_dolares_delta_lag_2', 'minversion2_delta_lag_1', 'minversion2_delta_lag_2', 'mpayroll_delta_lag_1', 'mpayroll_delta_lag_2', 'mpayroll2_delta_lag_1', 'mpayroll2_delta_lag_2', 'mcuenta_debitos_automaticos_delta_lag_1', 'mcuenta_debitos_automaticos_delta_lag_2', 'mtarjeta_visa_debitos_automaticos_delta_lag_1', 'mtarjeta_visa_debitos_automaticos_delta_lag_2', 'mttarjeta_master_debitos_automaticos_delta_lag_1', 'mttarjeta_master_debitos_automaticos_delta_lag_2', 'mpagodeservicios_delta_lag_1', 'mpagodeservicios_delta_lag_2', 'mpagomiscuentas_delta_lag_1', 'mpagomiscuentas_delta_lag_2', 'mcajeros_propios_descuentos_delta_lag_1', 'mcajeros_propios_descuentos_delta_lag_2', 'mtarjeta_visa_descuentos_delta_lag_1', 'mtarjeta_visa_descuentos_delta_lag_2', 'mtarjeta_master_descuentos_delta_lag_1', 'mtarjeta_master_descuentos_delta_lag_2', 'mcomisiones_mantenimiento_delta_lag_1', 'mcomisiones_mantenimiento_delta_lag_2', 'mcomisiones_otras_delta_lag_1', 'mcomisiones_otras_delta_lag_2', 'mforex_buy_delta_lag_1', 'mforex_buy_delta_lag_2', 'mforex_sell_delta_lag_1', 'mforex_sell_delta_lag_2', 'mtransferencias_recibidas_delta_lag_1', 'mtransferencias_recibidas_delta_lag_2', 'mtransferencias_emitidas_delta_lag_1', 'mtransferencias_emitidas_delta_lag_2', 'mextraccion_autoservicio_delta_lag_1', 'mextraccion_autoservicio_delta_lag_2', 'mcheques_depositados_delta_lag_1', 'mcheques_depositados_delta_lag_2', 'mcheques_emitidos_delta_lag_1', 'mcheques_emitidos_delta_lag_2', 'mcheques_depositados_rechazados_delta_lag_1', 'mcheques_depositados_rechazados_delta_lag_2', 'mcheques_emitidos_rechazados_delta_lag_1', 'mcheques_emitidos_rechazados_delta_lag_2', 'matm_delta_lag_1', 'matm_delta_lag_2', 'matm_other_delta_lag_1', 'matm_other_delta_lag_2', 'Master_mfinanciacion_limite_delta_lag_1', 'Master_mfinanciacion_limite_delta_lag_2', 'Master_msaldototal_delta_lag_1', 'Master_msaldototal_delta_lag_2', 'Master_msaldopesos_delta_lag_1', 'Master_msaldopesos_delta_lag_2', 'Master_msaldodolares_delta_lag_1', 'Master_msaldodolares_delta_lag_2', 'Master_mconsumospesos_delta_lag_1', 'Master_mconsumospesos_delta_lag_2', 'Master_mconsumosdolares_delta_lag_1', 'Master_mconsumosdolares_delta_lag_2', 'Master_mlimitecompra_delta_lag_1', 'Master_mlimitecompra_delta_lag_2', 'Master_madelantopesos_delta_lag_1', 'Master_madelantopesos_delta_lag_2', 'Master_madelantodolares_delta_lag_1', 'Master_madelantodolares_delta_lag_2', 'Master_mpagado_delta_lag_1', 'Master_mpagado_delta_lag_2', 'Master_mpagospesos_delta_lag_1', 'Master_mpagospesos_delta_lag_2', 'Master_mpagosdolares_delta_lag_1', 'Master_mpagosdolares_delta_lag_2', 'Master_mconsumototal_delta_lag_1', 'Master_mconsumototal_delta_lag_2', 'Master_mpagominimo_delta_lag_1', 'Master_mpagominimo_delta_lag_2', 'Visa_mfinanciacion_limite_delta_lag_1', 'Visa_mfinanciacion_limite_delta_lag_2', 'Visa_msaldototal_delta_lag_1', 'Visa_msaldototal_delta_lag_2', 'Visa_msaldopesos_delta_lag_1', 'Visa_msaldopesos_delta_lag_2', 'Visa_msaldodolares_delta_lag_1', 'Visa_msaldodolares_delta_lag_2', 'Visa_mconsumospesos_delta_lag_1', 'Visa_mconsumospesos_delta_lag_2', 'Visa_mconsumosdolares_delta_lag_1', 'Visa_mconsumosdolares_delta_lag_2', 'Visa_mlimitecompra_delta_lag_1', 'Visa_mlimitecompra_delta_lag_2', 'Visa_madelantopesos_delta_lag_1', 'Visa_madelantopesos_delta_lag_2', 'Visa_madelantodolares_delta_lag_1', 'Visa_madelantodolares_delta_lag_2', 'Visa_mpagado_delta_lag_1', 'Visa_mpagado_delta_lag_2', 'Visa_mpagospesos_delta_lag_1', 'Visa_mpagospesos_delta_lag_2', 'Visa_mpagosdolares_delta_lag_1', 'Visa_mpagosdolares_delta_lag_2', 'Visa_mconsumototal_delta_lag_1', 'Visa_mconsumototal_delta_lag_2', 'Visa_mpagominimo_delta_lag_1', 'Visa_mpagominimo_delta_lag_2', 'cforex_sell_delta_lag_1', 'cforex_sell_delta_lag_2']
2025-10-10 18:59:47,742 - INFO - __name__ 513 - Realizando feature engineering de cambio categórico con 2 lags para 13 atributos
2025-10-10 19:01:40,230 - INFO - __name__ 540 - Feature engineering de cambio categórico completado. DataFrame resultante con 725 columnas
2025-10-10 19:01:40,604 - INFO - __name__ 745 - Operación 'cambio_estado' aplicada. Nombre de nuevas variables: ['active_quarter_cambio_lag_1', 'active_quarter_cambio_lag_2', 'cliente_vip_cambio_lag_1', 'cliente_vip_cambio_lag_2', 'internet_cambio_lag_1', 'internet_cambio_lag_2', 'tcuentas_cambio_lag_1', 'tcuentas_cambio_lag_2', 'cdescubierto_preacordado_cambio_lag_1', 'cdescubierto_preacordado_cambio_lag_2', 'ccaja_seguridad_cambio_lag_1', 'ccaja_seguridad_cambio_lag_2', 'tcallcenter_cambio_lag_1', 'tcallcenter_cambio_lag_2', 'thomebanking_cambio_lag_1', 'thomebanking_cambio_lag_2', 'tmobile_app_cambio_lag_1', 'tmobile_app_cambio_lag_2', 'Master_delinquency_cambio_lag_1', 'Master_delinquency_cambio_lag_2', 'Master_status_cambio_lag_1', 'Master_status_cambio_lag_2', 'Visa_delinquency_cambio_lag_1', 'Visa_delinquency_cambio_lag_2', 'Visa_status_cambio_lag_1', 'Visa_status_cambio_lag_2']
2025-10-10 19:07:17,990 - INFO - __main__ 56 - Feature Engineering completado: (978439, 725)
2025-10-10 19:07:25,919 - INFO - __name__ 54 - Conversión completada:
2025-10-10 19:07:25,921 - INFO - __name__ 55 -   Original - CONTINUA: 642830, BAJA+1: 4575, BAJA+2: 3938
2025-10-10 19:07:25,921 - INFO - __name__ 56 -   Binario - 0: 642830, 1: 8513
2025-10-10 19:07:25,923 - INFO - __name__ 57 -   Distribución: 1.31% casos positivos
2025-10-10 19:07:26,850 - INFO - src.optimization_cv 161 - Iniciando optimización con CV - 25 trials
2025-10-10 19:07:26,850 - INFO - src.optimization_cv 162 - Configuración CV: períodos=['202102', '202103']
2025-10-10 19:10:30,942 - INFO - src.optimization_cv 90 - Trial 0: Ganancia CV = 332,765,011 ± 18,410,789 
2025-10-10 19:10:30,947 - INFO - src.optimization_cv 91 - Trial 0: Mejor iteración en CV: 355 
2025-10-10 19:10:30,956 - INFO - src.optimization_cv 146 - Iteración 0 guardada. Ganancia promedio CV: 332,765,011 
2025-10-10 19:12:04,513 - INFO - src.optimization_cv 90 - Trial 1: Ganancia CV = 347,823,122 ± 11,234,458 
2025-10-10 19:12:04,516 - INFO - src.optimization_cv 91 - Trial 1: Mejor iteración en CV: 81 
2025-10-10 19:12:04,526 - INFO - src.optimization_cv 146 - Iteración 1 guardada. Ganancia promedio CV: 347,823,122 
2025-10-10 19:13:45,875 - INFO - src.optimization_cv 90 - Trial 2: Ganancia CV = 332,929,957 ± 20,092,304 
2025-10-10 19:13:45,880 - INFO - src.optimization_cv 91 - Trial 2: Mejor iteración en CV: 93 
2025-10-10 19:13:45,896 - INFO - src.optimization_cv 146 - Iteración 2 guardada. Ganancia promedio CV: 332,929,957 
2025-10-10 19:17:40,849 - INFO - src.optimization_cv 90 - Trial 3: Ganancia CV = 334,749,406 ± 15,404,332 
2025-10-10 19:17:40,851 - INFO - src.optimization_cv 91 - Trial 3: Mejor iteración en CV: 457 
2025-10-10 19:17:40,857 - INFO - src.optimization_cv 146 - Iteración 3 guardada. Ganancia promedio CV: 334,749,406 
2025-10-10 19:19:41,650 - INFO - src.optimization_cv 90 - Trial 4: Ganancia CV = 345,789,515 ± 15,642,648 
2025-10-10 19:19:41,655 - INFO - src.optimization_cv 91 - Trial 4: Mejor iteración en CV: 226 
2025-10-10 19:19:41,670 - INFO - src.optimization_cv 146 - Iteración 4 guardada. Ganancia promedio CV: 345,789,515 
2025-10-10 19:21:28,343 - INFO - src.optimization_cv 90 - Trial 5: Ganancia CV = 346,992,419 ± 16,222,510 
2025-10-10 19:21:28,355 - INFO - src.optimization_cv 91 - Trial 5: Mejor iteración en CV: 104 
2025-10-10 19:21:28,373 - INFO - src.optimization_cv 146 - Iteración 5 guardada. Ganancia promedio CV: 346,992,419 
2025-10-10 19:22:49,028 - INFO - src.optimization_cv 90 - Trial 6: Ganancia CV = 335,118,583 ± 13,117,163 
2025-10-10 19:22:49,042 - INFO - src.optimization_cv 91 - Trial 6: Mejor iteración en CV: 47 
2025-10-10 19:22:49,070 - INFO - src.optimization_cv 146 - Iteración 6 guardada. Ganancia promedio CV: 335,118,583 
2025-10-10 19:24:54,146 - INFO - src.optimization_cv 90 - Trial 7: Ganancia CV = 327,963,263 ± 13,782,013 
2025-10-10 19:24:54,155 - INFO - src.optimization_cv 91 - Trial 7: Mejor iteración en CV: 189 
2025-10-10 19:24:54,173 - INFO - src.optimization_cv 146 - Iteración 7 guardada. Ganancia promedio CV: 327,963,263 
2025-10-10 19:28:13,595 - INFO - src.optimization_cv 90 - Trial 8: Ganancia CV = 349,864,258 ± 11,061,299 
2025-10-10 19:28:13,598 - INFO - src.optimization_cv 91 - Trial 8: Mejor iteración en CV: 185 
2025-10-10 19:28:13,615 - INFO - src.optimization_cv 146 - Iteración 8 guardada. Ganancia promedio CV: 349,864,258 
2025-10-10 19:29:52,912 - INFO - src.optimization_cv 90 - Trial 9: Ganancia CV = 325,137,091 ± 17,471,558 
2025-10-10 19:29:52,916 - INFO - src.optimization_cv 91 - Trial 9: Mejor iteración en CV: 164 
2025-10-10 19:29:52,934 - INFO - src.optimization_cv 146 - Iteración 9 guardada. Ganancia promedio CV: 325,137,091 
2025-10-10 19:34:43,564 - INFO - src.optimization_cv 90 - Trial 10: Ganancia CV = 348,735,465 ± 10,930,441 
2025-10-10 19:34:43,567 - INFO - src.optimization_cv 91 - Trial 10: Mejor iteración en CV: 201 
2025-10-10 19:34:43,575 - INFO - src.optimization_cv 146 - Iteración 10 guardada. Ganancia promedio CV: 348,735,465 
2025-10-10 19:40:02,372 - INFO - src.optimization_cv 90 - Trial 11: Ganancia CV = 349,578,954 ± 11,135,750 
2025-10-10 19:40:02,375 - INFO - src.optimization_cv 91 - Trial 11: Mejor iteración en CV: 236 
2025-10-10 19:40:02,385 - INFO - src.optimization_cv 146 - Iteración 11 guardada. Ganancia promedio CV: 349,578,954 
2025-10-10 19:42:29,261 - INFO - src.optimization_cv 90 - Trial 12: Ganancia CV = 338,691,447 ± 11,886,405 
2025-10-10 19:42:29,265 - INFO - src.optimization_cv 91 - Trial 12: Mejor iteración en CV: 151 
2025-10-10 19:42:29,288 - INFO - src.optimization_cv 146 - Iteración 12 guardada. Ganancia promedio CV: 338,691,447 
2025-10-10 19:45:23,827 - INFO - src.optimization_cv 90 - Trial 13: Ganancia CV = 349,873,114 ± 11,576,425 
2025-10-10 19:45:23,830 - INFO - src.optimization_cv 91 - Trial 13: Mejor iteración en CV: 175 
2025-10-10 19:45:23,857 - INFO - src.optimization_cv 146 - Iteración 13 guardada. Ganancia promedio CV: 349,873,114 
2025-10-10 19:47:24,678 - INFO - src.optimization_cv 90 - Trial 14: Ganancia CV = 345,156,314 ± 11,801,465 
2025-10-10 19:47:24,681 - INFO - src.optimization_cv 91 - Trial 14: Mejor iteración en CV: 101 
2025-10-10 19:47:24,690 - INFO - src.optimization_cv 146 - Iteración 14 guardada. Ganancia promedio CV: 345,156,314 
2025-10-10 19:49:43,990 - INFO - src.optimization_cv 90 - Trial 15: Ganancia CV = 342,470,204 ± 18,378,352 
2025-10-10 19:49:43,993 - INFO - src.optimization_cv 91 - Trial 15: Mejor iteración en CV: 166 
2025-10-10 19:49:44,013 - INFO - src.optimization_cv 146 - Iteración 15 guardada. Ganancia promedio CV: 342,470,204 
2025-10-10 19:52:19,337 - INFO - src.optimization_cv 90 - Trial 16: Ganancia CV = 335,764,632 ± 15,906,529 
2025-10-10 19:52:19,340 - INFO - src.optimization_cv 91 - Trial 16: Mejor iteración en CV: 170 
2025-10-10 19:52:19,354 - INFO - src.optimization_cv 146 - Iteración 16 guardada. Ganancia promedio CV: 335,764,632 
2025-10-10 19:56:24,731 - INFO - src.optimization_cv 90 - Trial 17: Ganancia CV = 345,182,095 ± 10,629,613 
2025-10-10 19:56:24,734 - INFO - src.optimization_cv 91 - Trial 17: Mejor iteración en CV: 251 
2025-10-10 19:56:24,748 - INFO - src.optimization_cv 146 - Iteración 17 guardada. Ganancia promedio CV: 345,182,095 
2025-10-10 19:57:54,335 - INFO - src.optimization_cv 90 - Trial 18: Ganancia CV = 333,782,366 ± 16,283,863 
2025-10-10 19:57:54,338 - INFO - src.optimization_cv 91 - Trial 18: Mejor iteración en CV: 92 
2025-10-10 19:57:54,355 - INFO - src.optimization_cv 146 - Iteración 18 guardada. Ganancia promedio CV: 333,782,366 
2025-10-10 19:59:10,149 - INFO - src.optimization_cv 90 - Trial 19: Ganancia CV = 341,776,255 ± 16,341,042 
2025-10-10 19:59:10,152 - INFO - src.optimization_cv 91 - Trial 19: Mejor iteración en CV: 46 
2025-10-10 19:59:10,168 - INFO - src.optimization_cv 146 - Iteración 19 guardada. Ganancia promedio CV: 341,776,255 
2025-10-10 20:01:08,506 - INFO - src.optimization_cv 90 - Trial 20: Ganancia CV = 339,015,716 ± 16,857,029 
2025-10-10 20:01:08,518 - INFO - src.optimization_cv 91 - Trial 20: Mejor iteración en CV: 140 
2025-10-10 20:01:08,535 - INFO - src.optimization_cv 146 - Iteración 20 guardada. Ganancia promedio CV: 339,015,716 
2025-10-10 20:05:02,594 - INFO - src.optimization_cv 90 - Trial 21: Ganancia CV = 349,136,172 ± 10,542,695 
2025-10-10 20:05:02,596 - INFO - src.optimization_cv 91 - Trial 21: Mejor iteración en CV: 162 
2025-10-10 20:05:02,610 - INFO - src.optimization_cv 146 - Iteración 21 guardada. Ganancia promedio CV: 349,136,172 
2025-10-10 20:06:41,638 - INFO - src.optimization_cv 90 - Trial 22: Ganancia CV = 335,475,363 ± 14,611,956 
2025-10-10 20:06:41,639 - INFO - src.optimization_cv 91 - Trial 22: Mejor iteración en CV: 112 
2025-10-10 20:06:41,652 - INFO - src.optimization_cv 146 - Iteración 22 guardada. Ganancia promedio CV: 335,475,363 
2025-10-10 20:08:06,083 - INFO - src.optimization_cv 90 - Trial 23: Ganancia CV = 325,554,235 ± 12,260,061 
2025-10-10 20:08:06,085 - INFO - src.optimization_cv 91 - Trial 23: Mejor iteración en CV: 67 
2025-10-10 20:08:06,100 - INFO - src.optimization_cv 146 - Iteración 23 guardada. Ganancia promedio CV: 325,554,235 
2025-10-10 20:11:18,869 - INFO - src.optimization_cv 90 - Trial 24: Ganancia CV = 349,505,609 ± 10,864,740 
2025-10-10 20:11:18,872 - INFO - src.optimization_cv 91 - Trial 24: Mejor iteración en CV: 168 
2025-10-10 20:11:18,885 - INFO - src.optimization_cv 146 - Iteración 24 guardada. Ganancia promedio CV: 349,505,609 
2025-10-10 20:11:19,551 - INFO - src.optimization_cv 175 - === OPTIMIZACIÓN CON CV COMPLETADA ===
2025-10-10 20:11:19,557 - INFO - src.optimization_cv 176 - Número de trials completados: 25
2025-10-10 20:11:19,558 - INFO - src.optimization_cv 177 - Mejor ganancia promedio = 349,873,114
2025-10-10 20:11:19,559 - INFO - src.optimization_cv 178 - Mejores parámetros: {'num_iterations': 828, 'num_leaves': 381, 'learn_rate': 0.04918947820464193, 'feature_fraction': 0.8320549142003295, 'bagging_fraction': 0.5612612299256087, 'min_child_samples': 931, 'max_depth': 14, 'reg_lambda': 5.271649211202458, 'reg_alpha': 4.9293600949455465, 'min_gain_to_split': 0.1277781689496436}
2025-10-10 20:11:19,560 - INFO - __main__ 67 - === ANÁLISIS DE RESULTADOS ===
2025-10-10 20:11:19,666 - INFO - __main__ 71 - Top 5 mejores trials:
2025-10-10 20:11:19,672 - INFO - __main__ 73 -   Trial 13: 349,873,114
2025-10-10 20:11:19,673 - INFO - __main__ 73 -   Trial 8: 349,864,258
2025-10-10 20:11:19,673 - INFO - __main__ 73 -   Trial 11: 349,578,954
2025-10-10 20:11:19,674 - INFO - __main__ 73 -   Trial 24: 349,505,609
2025-10-10 20:11:19,674 - INFO - __main__ 73 -   Trial 21: 349,136,172
2025-10-10 20:11:19,675 - INFO - __main__ 75 - === OPTIMIZACIÓN COMPLETADA ===
2025-10-10 20:11:19,675 - INFO - __main__ 78 - === EVALUACIÓN EN CONJUNTO DE TEST ===
2025-10-10 20:11:19,678 - INFO - src.best_params 34 - Mejores hiperparámetros cargados desde resultados/lgb_optimization_cv_competencia01_g_iteraciones.json
2025-10-10 20:11:19,678 - INFO - src.best_params 35 - Mejor ganancia encontrada: 349,873,114
2025-10-10 20:11:19,678 - INFO - src.best_params 36 - Trial número: 13
2025-10-10 20:11:19,679 - INFO - src.best_params 37 - Parámetros: {'num_iterations': 828, 'num_leaves': 381, 'learn_rate': 0.04918947820464193, 'feature_fraction': 0.8320549142003295, 'bagging_fraction': 0.5612612299256087, 'min_child_samples': 931, 'max_depth': 14, 'reg_lambda': 5.271649211202458, 'reg_alpha': 4.9293600949455465, 'min_gain_to_split': 0.1277781689496436}
2025-10-10 20:11:19,680 - INFO - src.optimization 301 - === EVALUACIÓN EN CONJUNTO DE TEST ===
2025-10-10 20:11:19,680 - INFO - src.optimization 302 - Período de test: 202104
2025-10-10 20:11:29,044 - INFO - src.optimization 319 - Entrenando modelo con mejores hiperparámetros...
2025-10-10 20:11:29,045 - INFO - src.optimization 320 - Dimensiones df_train_completo: (325264, 725), Dimensiones df_test: (163418, 725)
2025-10-10 20:11:31,553 - INFO - src.optimization 327 - Tipo de dato de train_data: <class 'lightgbm.basic.Dataset'>, Dimensiones de train_data: (325264, 724)
2025-10-10 20:12:56,638 - INFO - src.optimization 430 - Ganancia: 919,560,000---Total Predicciones positivas: 14,342
2025-10-10 20:12:56,646 - INFO - __main__ 89 - === RESUMEN DE EVALUACIÓN EN TEST ===
2025-10-10 20:12:56,646 - INFO - __main__ 90 - ✅ Ganancia en test: 919,560,000
2025-10-10 20:12:56,647 - INFO - __main__ 91 - 🔍 Umbral óptimo encontrado: 0.0350
2025-10-10 20:12:56,647 - INFO - __main__ 92 - 🎯 Predicciones positivas: 14,342 (8.78%)
2025-10-10 20:12:56,648 - INFO - __main__ 96 - === ENTRENAMIENTO FINAL ===
2025-10-10 20:12:56,648 - INFO - __main__ 97 - Preparar datos para entrenamiento final
2025-10-10 20:12:56,649 - INFO - src.final_training 25 - Preparando datos para entrenamiento final
2025-10-10 20:12:56,650 - INFO - src.final_training 26 - Períodos de entrenamiento: ['202101', '202102', '202103', '202104']
2025-10-10 20:12:56,651 - INFO - src.final_training 27 - Período de predicción: 202106
2025-10-10 20:13:24,898 - INFO - src.final_training 37 - Registros de entrenamiento: 650,209
2025-10-10 20:13:24,911 - INFO - src.final_training 38 - Registros de predicción: 164,313
2025-10-10 20:13:47,893 - INFO - src.final_training 55 - Features utilizadas: 724
2025-10-10 20:13:47,989 - INFO - src.final_training 56 - Distribución del target - 0: 642,830, 1: 7,379
2025-10-10 20:13:48,948 - INFO - __main__ 107 - Entrenar modelo final
2025-10-10 20:13:48,948 - INFO - src.final_training 76 - Iniciando entrenamiento del modelo final
2025-10-10 20:13:48,953 - INFO - src.final_training 87 - Parámetros del modelo: {'objective': 'binary', 'metric': 'None', 'random_state': 839071, 'verbose': -1, 'num_iterations': 828, 'num_leaves': 381, 'learn_rate': 0.04918947820464193, 'feature_fraction': 0.8320549142003295, 'bagging_fraction': 0.5612612299256087, 'min_child_samples': 931, 'max_depth': 14, 'reg_lambda': 5.271649211202458, 'reg_alpha': 4.9293600949455465, 'min_gain_to_split': 0.1277781689496436}
2025-10-10 20:17:24,610 - INFO - src.final_training 112 - Modelo final guardado en: resultados/modelo_final_lgb_optimization_cv_competencia01_g_2025-10-10_20-17-24.txt
2025-10-10 20:17:24,610 - INFO - src.final_training 114 - Entrenamiento del modelo final completado
2025-10-10 20:17:25,753 - INFO - __main__ 111 - Generar predicciones finales
2025-10-10 20:17:25,754 - INFO - src.final_training 130 - Generando predicciones finales
2025-10-10 20:17:32,943 - INFO - src.final_training 143 - Predicciones de probabilidad guardadas en: resultados/predicciones_probabilidad_lgb_optimization_cv_competencia01_g_2025-10-10_20-17-32.csv
2025-10-10 20:17:32,985 - INFO - src.final_training 165 - Predicciones generadas:
2025-10-10 20:17:32,986 - INFO - src.final_training 166 -   Total clientes: 164,313
2025-10-10 20:17:32,986 - INFO - src.final_training 167 -   Predicciones positivas: 14,421 (8.78%)
2025-10-10 20:17:32,987 - INFO - src.final_training 168 -   Predicciones negativas: 149,892
2025-10-10 20:17:32,987 - INFO - src.final_training 169 -   Porcentaje solicitado: 0.0878
2025-10-10 20:17:32,989 - INFO - __main__ 116 - Guardar predicciones
2025-10-10 20:17:33,265 - INFO - src.output_manager 42 - Predicciones guardadas en: predict/lgb_optimization_cv_competencia01_g_20251010_201732.csv
2025-10-10 20:17:33,265 - INFO - src.output_manager 43 - Formato del archivo:
2025-10-10 20:17:33,267 - INFO - src.output_manager 44 -   Columnas: ['numero_de_cliente', 'predict']
2025-10-10 20:17:33,269 - INFO - src.output_manager 45 -   Registros: 164,313
2025-10-10 20:17:33,270 - INFO - src.output_manager 46 -   Primeras filas:
2025-10-10 20:17:33,382 - INFO - src.output_manager 47 -    numero_de_cliente  predict
0          249350768        0
1          249432306        0
2          249565688        0
3          249596175        0
4          249695645        0
2025-10-10 20:17:33,384 - INFO - __main__ 120 - === RESUMEN FINAL ===
2025-10-10 20:17:33,386 - INFO - __main__ 121 - ✅ Entrenamiento final completado exitosamente
2025-10-10 20:17:33,387 - INFO - __main__ 122 - 📊 Mejores hiperparámetros utilizados: {'num_iterations': 828, 'num_leaves': 381, 'learn_rate': 0.04918947820464193, 'feature_fraction': 0.8320549142003295, 'bagging_fraction': 0.5612612299256087, 'min_child_samples': 931, 'max_depth': 14, 'reg_lambda': 5.271649211202458, 'reg_alpha': 4.9293600949455465, 'min_gain_to_split': 0.1277781689496436}
2025-10-10 20:17:33,388 - INFO - __main__ 123 - 🎯 Períodos de entrenamiento: ['202101', '202102', '202103', '202104']
2025-10-10 20:17:33,388 - INFO - __main__ 124 - 🔮 Período de predicción: 202106
2025-10-10 20:17:33,389 - INFO - __main__ 127 - 📁 Archivo de salida: predict/lgb_optimization_cv_competencia01_g_20251010_201732.csv
2025-10-10 20:17:33,389 - INFO - __main__ 128 - 📝 Log detallado: logs/log_lgb_optimization_cv_competencia01_g_2025-10-10_18-58-11.log
2025-10-10 20:17:33,390 - INFO - __main__ 131 - >>> Ejecución finalizada. Revisar logs para mas detalles.
