2025-11-12 02:58:18,524 - INFO - __main__ 158 - Script iniciado directamente.
2025-11-12 02:58:18,524 - INFO - __main__ 46 - Inicio de ejecucion.
2025-11-12 02:58:18,524 - INFO - __main__ 48 - Número de trials por estudio: 20
2025-11-12 02:58:22,245 - INFO - __main__ 66 - Archivo de features encontrado: gs://guijomter_bukito3/Compe_02/data/df_fe_Compe_02_V1_1z.parquet. Cargando desde GCS.
2025-11-12 02:58:22,246 - INFO - src.bucket_utils_p 86 - Descargando de GCS: gs://guijomter_bukito3/Compe_02/data/df_fe_Compe_02_V1_1z.parquet
2025-11-12 02:59:24,260 - INFO - src.bucket_utils_p 90 - Descargado en: /tmp/df_fe_Compe_02_V1_1z.parquet
2025-11-12 02:59:31,288 - INFO - src.bucket_utils_p 94 - DataFrame cargado en memoria.
2025-11-12 02:59:31,288 - INFO - src.bucket_utils_p 101 - Archivo temporal /tmp/df_fe_Compe_02_V1_1z.parquet eliminado.
2025-11-12 02:59:31,288 - INFO - __main__ 89 - Feature Engineering completado: (4717958, 543)
2025-11-12 02:59:31,288 - INFO - src.optimization_p 600 - Iniciando optimización con 20 trials
2025-11-12 02:59:31,288 - INFO - src.optimization_p 601 - Configuración: TRAIN=['201901', '201902', '201903', '201904', '201905', '201906', '201907', '201908', '201909', '201910', '201911', '201912', '202001', '202002', '202011', '202012'], VALID=202101, SEMILLA=[839071, 666557]
2025-11-12 02:59:31,486 - INFO - src.optimization_p 540 - ⚡ Base de datos encontrada: /home/guijomter/buckets/b1/Compe_02/optuna_db/Compe_02_V1_1z.db
2025-11-12 02:59:31,486 - INFO - src.optimization_p 541 - 🔄 Cargando estudio existente: Compe_02_V1_1z
2025-11-12 02:59:35,386 - INFO - src.optimization_p 548 - ✅ Estudio cargado exitosamente
2025-11-12 02:59:35,386 - INFO - src.optimization_p 549 - 📊 Trials previos: 17
2025-11-12 02:59:36,363 - INFO - src.optimization_p 552 - 🏆 Mejor ganancia hasta ahora: 235,505,165
2025-11-12 02:59:36,591 - INFO - src.optimization_p 611 - 🔄 Retomando desde trial 17
2025-11-12 02:59:36,592 - INFO - src.optimization_p 612 - 📝 Trials a ejecutar: 3 (total objetivo: 20)
2025-11-12 03:00:00,767 - INFO - src.optimization_p 793 - Undersampling aplicado: tasa=0.03, registros originales=2179640 (C May: 2160176 / C Min: 19464), registros finales=149014 (CMay : 129550 / CMin: 19464)
2025-11-12 03:00:25,960 - INFO - src.optimization_p 133 - Iteración 17 guardada en resultados/Compe_02_V1_1z_iteraciones.json
2025-11-12 03:00:25,960 - INFO - src.optimization_p 134 - Ganancia: 228,155,994---Parámetros: {params}
2025-11-12 03:00:25,961 - INFO - src.optimization_p 471 - Trial 17: Ganancia Media = 228,155,994
2025-11-12 03:00:51,533 - INFO - src.optimization_p 793 - Undersampling aplicado: tasa=0.03, registros originales=2179640 (C May: 2160176 / C Min: 19464), registros finales=149096 (CMay : 129632 / CMin: 19464)
2025-11-12 03:01:21,618 - INFO - src.optimization_p 133 - Iteración 18 guardada en resultados/Compe_02_V1_1z_iteraciones.json
2025-11-12 03:01:21,618 - INFO - src.optimization_p 134 - Ganancia: 232,271,808---Parámetros: {params}
2025-11-12 03:01:21,618 - INFO - src.optimization_p 471 - Trial 18: Ganancia Media = 232,271,808
2025-11-12 03:01:46,940 - INFO - src.optimization_p 793 - Undersampling aplicado: tasa=0.03, registros originales=2179640 (C May: 2160176 / C Min: 19464), registros finales=148649 (CMay : 129185 / CMin: 19464)
2025-11-12 03:02:04,169 - INFO - src.optimization_p 133 - Iteración 19 guardada en resultados/Compe_02_V1_1z_iteraciones.json
2025-11-12 03:02:04,169 - INFO - src.optimization_p 134 - Ganancia: 230,021,948---Parámetros: {params}
2025-11-12 03:02:04,169 - INFO - src.optimization_p 471 - Trial 19: Ganancia Media = 230,021,948
2025-11-12 03:02:08,745 - INFO - src.optimization_p 620 - 🏆 Mejor ganancia: 235,505,165
2025-11-12 03:02:09,665 - INFO - src.optimization_p 621 - Mejores parámetros: {'num_iterations': 791, 'num_leaves': 32, 'learning_rate': 0.06042022439783674, 'feature_fraction': 0.9211775896580184, 'min_child_samples': 15, 'max_depth': 6, 'reg_lambda': 8.61923640022853, 'reg_alpha': 7.350609321509172, 'min_gain_to_split': 0.5404345907464742}
2025-11-12 03:02:09,666 - INFO - __main__ 96 - === ANÁLISIS DE RESULTADOS ===
2025-11-12 03:02:10,871 - INFO - __main__ 100 - Top 5 mejores trials:
2025-11-12 03:02:10,872 - INFO - __main__ 102 -   Trial 5: 235,505,165
2025-11-12 03:02:10,872 - INFO - __main__ 102 -   Trial 6: 232,760,320
2025-11-12 03:02:10,872 - INFO - __main__ 102 -   Trial 18: 232,271,808
2025-11-12 03:02:10,872 - INFO - __main__ 102 -   Trial 8: 231,406,913
2025-11-12 03:02:10,872 - INFO - __main__ 102 -   Trial 9: 231,266,404
2025-11-12 03:02:10,872 - INFO - __main__ 104 - === OPTIMIZACIÓN COMPLETADA ===
2025-11-12 03:02:10,872 - INFO - __main__ 107 - === EVALUACIÓN EN CONJUNTO DE TEST ===
2025-11-12 03:02:10,874 - INFO - src.best_params 49 - Mejores hiperparámetros cargados desde resultados/Compe_02_V1_1z_iteraciones.json
2025-11-12 03:02:10,874 - INFO - src.best_params 50 - Mejor ganancia encontrada: 235,505,165
2025-11-12 03:02:10,874 - INFO - src.best_params 51 - Trial número: 5
2025-11-12 03:02:10,874 - INFO - src.best_params 52 - Parámetros: {'num_iterations': 791, 'num_leaves': 32, 'learning_rate': 0.06042022439783674, 'feature_fraction': 0.9211775896580184, 'min_child_samples': 15, 'max_depth': 6, 'reg_lambda': 8.61923640022853, 'reg_alpha': 7.350609321509172, 'min_gain_to_split': 0.5404345907464742, 'bagging_freq': 1, 'objective': 'binary', 'metric': 'None', 'random_state': 839071}
2025-11-12 03:02:10,874 - INFO - src.optimization_p 319 - === EVALUACIÓN EN CONJUNTO DE TEST ===
2025-11-12 03:02:10,874 - INFO - src.optimization_p 320 - Período de test: 202102
2025-11-12 03:02:14,914 - INFO - src.optimization_p 793 - Undersampling aplicado: tasa=0.03, registros originales=2341167 (C May: 2320264 / C Min: 20903), registros finales=164685 (CMay : 143782 / CMin: 20903)
2025-11-12 03:02:15,492 - INFO - src.optimization_p 336 - Entrenando modelo con mejores hiperparámetros...
2025-11-12 03:02:15,493 - INFO - src.optimization_p 337 - Dimensiones df_train_completo: (164685, 543), Dimensiones df_test: (162155, 543)
2025-11-12 03:02:15,634 - INFO - src.optimization_p 346 - Tipo de dato de train_data: <class 'lightgbm.basic.Dataset'>, Dimensiones de train_data: (164685, 541)
2025-11-12 03:03:01,354 - INFO - src.optimization_p 349 - Modelo final para test entrenado. Calculando ganancia en Test...
2025-11-12 03:03:05,115 - INFO - src.optimization_p 302 - Ganancia: 284,720,000---Total Predicciones positivas: 8,844
2025-11-12 03:03:05,115 - INFO - __main__ 119 - === RESUMEN DE EVALUACIÓN EN TEST ===
2025-11-12 03:03:05,115 - INFO - __main__ 120 - ✅ Ganancia en test: 284,720,000
2025-11-12 03:03:05,115 - INFO - __main__ 121 - 🔍 Umbral óptimo encontrado: 0.4950
2025-11-12 03:03:05,115 - INFO - __main__ 122 - 🎯 Predicciones positivas: 8,844 (5.45%)
2025-11-12 03:03:05,115 - INFO - __main__ 126 - === ENTRENAMIENTO FINAL ===
2025-11-12 03:03:05,115 - INFO - __main__ 127 - Preparar datos para entrenamiento final
2025-11-12 03:03:05,115 - INFO - src.final_training_p 352 - Preparando datos para entrenamiento final
2025-11-12 03:03:05,115 - INFO - src.final_training_p 353 - Períodos de entrenamiento: ['201901', '201902', '201903', '201904', '201905', '201906', '201907', '201908', '201909', '201910', '201911', '201912', '202001', '202002', '202011', '202012', '202101', '202102']
2025-11-12 03:03:05,115 - INFO - src.final_training_p 354 - Período de predicción: 202104
2025-11-12 03:03:06,544 - INFO - src.final_training_p 366 - Registros de entrenamiento: 2,503,322
2025-11-12 03:03:06,544 - INFO - src.final_training_p 367 - Registros de predicción: 163,418
2025-11-12 03:03:08,617 - INFO - src.optimization_p 793 - Undersampling aplicado: tasa=0.03, registros originales=2503322 (C May: 2480569 / C Min: 22753), registros finales=185317 (CMay : 162564 / CMin: 22753)
2025-11-12 03:03:10,136 - INFO - src.final_training_p 382 - Features utilizadas: 541
2025-11-12 03:03:10,137 - INFO - src.final_training_p 383 - Distribución del target - 0: 162,564, 1: 22,753
2025-11-12 03:03:10,161 - INFO - __main__ 132 - Entrenar modelo final
2025-11-12 03:03:10,161 - INFO - src.final_training_p 240 - Iniciando entrenamiento del modelo final
2025-11-12 03:04:01,735 - INFO - src.final_training_p 271 - Modelo final (semilla 839071) guardado en: resultados/Compe_02_V1_1z/modelo_final_semilla_839071_2025-11-12_03-04-01.txt
2025-11-12 03:04:46,581 - INFO - src.final_training_p 271 - Modelo final (semilla 666557) guardado en: resultados/Compe_02_V1_1z/modelo_final_semilla_666557_2025-11-12_03-04-46.txt
2025-11-12 03:04:46,581 - INFO - src.final_training_p 275 - Entrenamiento de modelos finales completado
2025-11-12 03:04:46,583 - INFO - __main__ 136 - Generar predicciones finales
2025-11-12 03:04:46,583 - INFO - src.final_training_p 294 - Generando predicciones finales (promedio de seeds)
2025-11-12 03:04:52,552 - INFO - src.final_training_p 313 - Predicciones de probabilidad guardadas en: resultados/predicciones_probabilidad_Compe_02_V1_1z_varias_seeds_2025-11-12_03-04-52.csv
2025-11-12 03:04:52,559 - INFO - src.final_training_p 335 - Predicciones generadas:
2025-11-12 03:04:52,559 - INFO - src.final_training_p 336 -   Total clientes: 163,418
2025-11-12 03:04:52,559 - INFO - src.final_training_p 337 -   Predicciones positivas: 13,225 (8.09%)
2025-11-12 03:04:52,559 - INFO - src.final_training_p 338 -   Predicciones negativas: 150,193
2025-11-12 03:04:52,559 - INFO - src.final_training_p 339 -   Porcentaje solicitado: 0.0809
2025-11-12 03:04:52,559 - INFO - __main__ 140 - Guardar predicciones
2025-11-12 03:04:52,619 - INFO - src.output_manager_p 51 - Predicciones guardadas en: predict/Compe_02_V1_1z_20251112_030452.csv
2025-11-12 03:04:52,620 - INFO - src.output_manager_p 52 - Formato del archivo:
2025-11-12 03:04:52,620 - INFO - src.output_manager_p 53 -   Columnas: ['numero_de_cliente', 'predict']
2025-11-12 03:04:52,620 - INFO - src.output_manager_p 54 -   Registros: 163,418
2025-11-12 03:04:52,620 - INFO - src.output_manager_p 55 -   Primeras filas:
2025-11-12 03:04:52,636 - INFO - src.output_manager_p 57 - 
shape: (5, 2)
┌───────────────────┬─────────┐
│ numero_de_cliente ┆ predict │
│ ---               ┆ ---     │
│ i64               ┆ i64     │
╞═══════════════════╪═════════╡
│ 249797738         ┆ 0       │
│ 249986329         ┆ 0       │
│ 250175946         ┆ 0       │
│ 250379482         ┆ 0       │
│ 250585571         ┆ 0       │
└───────────────────┴─────────┘
2025-11-12 03:04:52,636 - INFO - __main__ 144 - === RESUMEN FINAL ===
2025-11-12 03:04:52,636 - INFO - __main__ 145 - ✅ Entrenamiento final completado exitosamente
2025-11-12 03:04:52,636 - INFO - __main__ 146 - 📊 Mejores hiperparámetros utilizados: {'num_iterations': 791, 'num_leaves': 32, 'learning_rate': 0.06042022439783674, 'feature_fraction': 0.9211775896580184, 'min_child_samples': 15, 'max_depth': 6, 'reg_lambda': 8.61923640022853, 'reg_alpha': 7.350609321509172, 'min_gain_to_split': 0.5404345907464742, 'bagging_freq': 1, 'objective': 'binary', 'metric': 'None', 'random_state': 666557}
2025-11-12 03:04:52,636 - INFO - __main__ 147 - 🎯 Períodos de entrenamiento: ['201901', '201902', '201903', '201904', '201905', '201906', '201907', '201908', '201909', '201910', '201911', '201912', '202001', '202002', '202011', '202012', '202101', '202102']
2025-11-12 03:04:52,636 - INFO - __main__ 148 - 🔮 Período de predicción: 202104
2025-11-12 03:04:52,636 - INFO - __main__ 151 - 📁 Archivo de salida: predict/Compe_02_V1_1z_20251112_030452.csv
2025-11-12 03:04:52,636 - INFO - __main__ 152 - 📝 Log detallado: /home/guijomter/buckets/b1/Compe_02/logs/log_Compe_02_V1_1z_2025-11-12_02-58-18.log
2025-11-12 03:04:52,636 - INFO - __main__ 155 - >>> Ejecución finalizada. Revisar logs para mas detalles.
2025-11-12 03:04:52,697 - INFO - __main__ 164 - Ejecución finalizada.
