2025-10-03 00:24:35,600 - INFO - __main__ 36 - Inicio de ejecucion.
2025-10-03 00:24:35,601 - INFO - __name__ 14 - Cargando dataset desde ./data/competencia_01.csv
2025-10-03 00:24:45,952 - INFO - __name__ 17 - Dataset cargado con 978439 filas y 155 columnas
2025-10-03 00:24:45,952 - INFO - __name__ 27 - Realizando feature engineering con 2 lags para 3 atributos
2025-10-03 00:24:51,608 - INFO - __name__ 57 - Feature engineering completado. DataFrame resultante con 161 columnas
2025-10-03 00:24:51,609 - INFO - __main__ 46 - Feature Engineering completado: (978439, 161)
2025-10-03 00:24:52,132 - INFO - __name__ 54 - Conversión completada:
2025-10-03 00:24:52,132 - INFO - __name__ 55 -   Original - CONTINUA: 642830, BAJA+1: 4575, BAJA+2: 3938
2025-10-03 00:24:52,132 - INFO - __name__ 56 -   Binario - 0: 642830, 1: 8513
2025-10-03 00:24:52,133 - INFO - __name__ 57 -   Distribución: 1.31% casos positivos
2025-10-03 00:24:52,264 - INFO - src.optimization 190 - Iniciando optimización con 5 trials
2025-10-03 00:24:52,264 - INFO - src.optimization 191 - Configuración: TRAIN=202102, VALID=202103, SEMILLA=[12, 13, 14, 15, 16]
2025-10-03 00:24:56,468 - INFO - src.optimization 164 - Iteración 0 guardada en resultados/lgb_optimization_competencia01_iteraciones.json
2025-10-03 00:24:56,469 - INFO - src.optimization 165 - Ganancia: 875,600,000---Parámetros: {params}
2025-10-03 00:25:01,965 - INFO - src.optimization 164 - Iteración 1 guardada en resultados/lgb_optimization_competencia01_iteraciones.json
2025-10-03 00:25:01,966 - INFO - src.optimization 165 - Ganancia: 874,940,000---Parámetros: {params}
2025-10-03 00:25:07,821 - INFO - src.optimization 164 - Iteración 2 guardada en resultados/lgb_optimization_competencia01_iteraciones.json
2025-10-03 00:25:07,822 - INFO - src.optimization 165 - Ganancia: 880,560,000---Parámetros: {params}
2025-10-03 00:25:12,484 - INFO - src.optimization 164 - Iteración 3 guardada en resultados/lgb_optimization_competencia01_iteraciones.json
2025-10-03 00:25:12,485 - INFO - src.optimization 165 - Ganancia: 810,180,000---Parámetros: {params}
2025-10-03 00:25:17,323 - INFO - src.optimization 164 - Iteración 4 guardada en resultados/lgb_optimization_competencia01_iteraciones.json
2025-10-03 00:25:17,323 - INFO - src.optimization 165 - Ganancia: 932,240,000---Parámetros: {params}
2025-10-03 00:25:17,404 - INFO - src.optimization 206 - Mejor ganancia: 932,240,000
2025-10-03 00:25:17,405 - INFO - src.optimization 207 - Mejores parámetros: {'num_leaves': 262, 'learn_rate': 0.16696571034433907, 'feature_fraction': 0.7198509637373903, 'bagging_fraction': 0.4733795979028113, 'min_child_samples': 24, 'max_depth': 6, 'reg_lambda': 3.3607967363491964, 'reg_alpha': 5.533180037908927}
2025-10-03 00:25:17,405 - INFO - __main__ 55 - === ANÁLISIS DE RESULTADOS ===
2025-10-03 00:25:17,416 - INFO - __main__ 59 - Top 5 mejores trials:
2025-10-03 00:25:17,418 - INFO - __main__ 61 -   Trial 4: 932,240,000
2025-10-03 00:25:17,418 - INFO - __main__ 61 -   Trial 2: 880,560,000
2025-10-03 00:25:17,419 - INFO - __main__ 61 -   Trial 0: 875,600,000
2025-10-03 00:25:17,419 - INFO - __main__ 61 -   Trial 1: 874,940,000
2025-10-03 00:25:17,419 - INFO - __main__ 61 -   Trial 3: 810,180,000
2025-10-03 00:25:17,419 - INFO - __main__ 63 - === OPTIMIZACIÓN COMPLETADA ===
2025-10-03 00:25:17,420 - INFO - __main__ 66 - === EVALUACIÓN EN CONJUNTO DE TEST ===
2025-10-03 00:25:17,421 - INFO - src.best_params 34 - Mejores hiperparámetros cargados desde resultados/lgb_optimization_competencia01_iteraciones.json
2025-10-03 00:25:17,421 - INFO - src.best_params 35 - Mejor ganancia encontrada: 932,240,000
2025-10-03 00:25:17,422 - INFO - src.best_params 36 - Trial número: 4
2025-10-03 00:25:17,422 - INFO - src.best_params 37 - Parámetros: {'num_leaves': 262, 'learn_rate': 0.16696571034433907, 'feature_fraction': 0.7198509637373903, 'bagging_fraction': 0.4733795979028113, 'min_child_samples': 24, 'max_depth': 6, 'reg_lambda': 3.3607967363491964, 'reg_alpha': 5.533180037908927}
2025-10-03 00:25:17,422 - INFO - src.optimization 226 - === EVALUACIÓN EN CONJUNTO DE TEST ===
2025-10-03 00:25:17,423 - INFO - src.optimization 227 - Período de test: 202104
2025-10-03 00:25:18,201 - INFO - src.optimization 244 - Entrenando modelo con mejores hiperparámetros...
2025-10-03 00:25:18,202 - INFO - src.optimization 245 - Dimensiones df_train_completo: (325264, 161), Dimensiones df_test: (163418, 161)
2025-10-03 00:25:18,373 - INFO - src.optimization 252 - Tipo de dato de train_data: <class 'lightgbm.basic.Dataset'>, Tipo de dato de test_data: <class 'lightgbm.basic.Dataset'>
2025-10-03 00:25:18,373 - INFO - src.optimization 253 - Dimensiones de train_data: (325264, 160), Dimensiones de test_data: (163418, 160)
