2025-09-29 10:10:48,414 - INFO - __main__ 36 - Inicio de ejecucion.
2025-09-29 10:10:48,415 - INFO - __name__ 14 - Cargando dataset desde ./data/competencia_01.csv
2025-09-29 10:11:00,872 - INFO - __name__ 17 - Dataset cargado con 978439 filas y 155 columnas
2025-09-29 10:11:00,873 - INFO - __name__ 27 - Realizando feature engineering con 2 lags para 3 atributos
2025-09-29 10:11:09,835 - INFO - __name__ 57 - Feature engineering completado. DataFrame resultante con 161 columnas
2025-09-29 10:11:09,837 - INFO - __main__ 46 - Feature Engineering completado: (978439, 161)
2025-09-29 10:11:10,652 - INFO - __name__ 54 - Conversión completada:
2025-09-29 10:11:10,652 - INFO - __name__ 55 -   Original - CONTINUA: 642830, BAJA+1: 4575, BAJA+2: 3938
2025-09-29 10:11:10,653 - INFO - __name__ 56 -   Binario - 0: 642830, 1: 8513
2025-09-29 10:11:10,653 - INFO - __name__ 57 -   Distribución: 1.31% casos positivos
2025-09-29 10:11:10,846 - INFO - src.optimization 190 - Iniciando optimización con 5 trials
2025-09-29 10:11:10,847 - INFO - src.optimization 191 - Configuración: TRAIN=202102, VALID=202103, SEMILLA=[12, 13, 14, 15, 16]
2025-09-29 10:11:12,091 - INFO - src.optimization 66 - Dimensiones df_train: (162155, 161), Dimensiones df_val: (163109, 161)
2025-09-29 10:11:12,092 - INFO - src.optimization 67 - Dimensiones df: (978439, 161)
2025-09-29 10:11:12,271 - INFO - src.optimization 85 - Mes train: 202102, Mes validacion: 202103
2025-09-29 10:11:12,272 - INFO - src.optimization 86 - Dimensiones de X_train: (162155, 160), Dimensiones de X_val: (163109, 160)
2025-09-29 10:11:12,272 - INFO - src.optimization 87 - Tipo de dato de train_data: <class 'lightgbm.basic.Dataset'>, Tipo de dato de val_data: <class 'lightgbm.basic.Dataset'>
2025-09-29 10:11:12,272 - INFO - src.optimization 88 - Dimensiones de train_data: (162155, 160), Dimensiones de val_data: (163109, 160)
2025-09-29 10:11:18,278 - INFO - src.optimization 164 - Iteración 0 guardada en resultados/lgb_optimization_competencia01_iteraciones.json
2025-09-29 10:11:18,278 - INFO - src.optimization 165 - Ganancia: 922,480,000---Parámetros: {params}
2025-09-29 10:11:19,331 - INFO - src.optimization 66 - Dimensiones df_train: (162155, 161), Dimensiones df_val: (163109, 161)
2025-09-29 10:11:19,332 - INFO - src.optimization 67 - Dimensiones df: (978439, 161)
2025-09-29 10:11:19,481 - INFO - src.optimization 85 - Mes train: 202102, Mes validacion: 202103
2025-09-29 10:11:19,482 - INFO - src.optimization 86 - Dimensiones de X_train: (162155, 160), Dimensiones de X_val: (163109, 160)
2025-09-29 10:11:19,482 - INFO - src.optimization 87 - Tipo de dato de train_data: <class 'lightgbm.basic.Dataset'>, Tipo de dato de val_data: <class 'lightgbm.basic.Dataset'>
2025-09-29 10:11:19,483 - INFO - src.optimization 88 - Dimensiones de train_data: (162155, 160), Dimensiones de val_data: (163109, 160)
2025-09-29 10:11:24,348 - INFO - src.optimization 164 - Iteración 1 guardada en resultados/lgb_optimization_competencia01_iteraciones.json
2025-09-29 10:11:24,348 - INFO - src.optimization 165 - Ganancia: 833,460,000---Parámetros: {params}
2025-09-29 10:11:25,477 - INFO - src.optimization 66 - Dimensiones df_train: (162155, 161), Dimensiones df_val: (163109, 161)
2025-09-29 10:11:25,478 - INFO - src.optimization 67 - Dimensiones df: (978439, 161)
2025-09-29 10:11:25,644 - INFO - src.optimization 85 - Mes train: 202102, Mes validacion: 202103
2025-09-29 10:11:25,645 - INFO - src.optimization 86 - Dimensiones de X_train: (162155, 160), Dimensiones de X_val: (163109, 160)
2025-09-29 10:11:25,645 - INFO - src.optimization 87 - Tipo de dato de train_data: <class 'lightgbm.basic.Dataset'>, Tipo de dato de val_data: <class 'lightgbm.basic.Dataset'>
2025-09-29 10:11:25,646 - INFO - src.optimization 88 - Dimensiones de train_data: (162155, 160), Dimensiones de val_data: (163109, 160)
2025-09-29 10:11:28,597 - INFO - src.optimization 164 - Iteración 2 guardada en resultados/lgb_optimization_competencia01_iteraciones.json
2025-09-29 10:11:28,597 - INFO - src.optimization 165 - Ganancia: 892,280,000---Parámetros: {params}
2025-09-29 10:11:29,553 - INFO - src.optimization 66 - Dimensiones df_train: (162155, 161), Dimensiones df_val: (163109, 161)
2025-09-29 10:11:29,554 - INFO - src.optimization 67 - Dimensiones df: (978439, 161)
2025-09-29 10:11:29,734 - INFO - src.optimization 85 - Mes train: 202102, Mes validacion: 202103
2025-09-29 10:11:29,735 - INFO - src.optimization 86 - Dimensiones de X_train: (162155, 160), Dimensiones de X_val: (163109, 160)
2025-09-29 10:11:29,735 - INFO - src.optimization 87 - Tipo de dato de train_data: <class 'lightgbm.basic.Dataset'>, Tipo de dato de val_data: <class 'lightgbm.basic.Dataset'>
2025-09-29 10:11:29,736 - INFO - src.optimization 88 - Dimensiones de train_data: (162155, 160), Dimensiones de val_data: (163109, 160)
2025-09-29 10:11:35,203 - INFO - src.optimization 164 - Iteración 3 guardada en resultados/lgb_optimization_competencia01_iteraciones.json
2025-09-29 10:11:35,204 - INFO - src.optimization 165 - Ganancia: 913,500,000---Parámetros: {params}
2025-09-29 10:11:36,422 - INFO - src.optimization 66 - Dimensiones df_train: (162155, 161), Dimensiones df_val: (163109, 161)
2025-09-29 10:11:36,423 - INFO - src.optimization 67 - Dimensiones df: (978439, 161)
2025-09-29 10:11:36,587 - INFO - src.optimization 85 - Mes train: 202102, Mes validacion: 202103
2025-09-29 10:11:36,588 - INFO - src.optimization 86 - Dimensiones de X_train: (162155, 160), Dimensiones de X_val: (163109, 160)
2025-09-29 10:11:36,588 - INFO - src.optimization 87 - Tipo de dato de train_data: <class 'lightgbm.basic.Dataset'>, Tipo de dato de val_data: <class 'lightgbm.basic.Dataset'>
2025-09-29 10:11:36,588 - INFO - src.optimization 88 - Dimensiones de train_data: (162155, 160), Dimensiones de val_data: (163109, 160)
2025-09-29 10:11:39,881 - INFO - src.optimization 164 - Iteración 4 guardada en resultados/lgb_optimization_competencia01_iteraciones.json
2025-09-29 10:11:39,881 - INFO - src.optimization 165 - Ganancia: 869,620,000---Parámetros: {params}
2025-09-29 10:11:39,931 - INFO - src.optimization 206 - Mejor ganancia: 922,480,000
2025-09-29 10:11:39,931 - INFO - src.optimization 207 - Mejores parámetros: {'num_leaves': 191, 'learn_rate': 0.113191648428107, 'feature_fraction': 0.40414336897346326, 'bagging_fraction': 0.9945927237292073, 'min_child_samples': 58, 'max_depth': 11, 'reg_lambda': 3.6544717851890427, 'reg_alpha': 1.637336590281906}
2025-09-29 10:11:39,931 - INFO - __main__ 55 - === ANÁLISIS DE RESULTADOS ===
2025-09-29 10:11:39,952 - INFO - __main__ 59 - Top 5 mejores trials:
2025-09-29 10:11:39,956 - INFO - __main__ 61 -   Trial 0: 922,480,000
2025-09-29 10:11:39,956 - INFO - __main__ 61 -   Trial 3: 913,500,000
2025-09-29 10:11:39,957 - INFO - __main__ 61 -   Trial 2: 892,280,000
2025-09-29 10:11:39,957 - INFO - __main__ 61 -   Trial 4: 869,620,000
2025-09-29 10:11:39,958 - INFO - __main__ 61 -   Trial 1: 833,460,000
2025-09-29 10:11:39,958 - INFO - __main__ 63 - === OPTIMIZACIÓN COMPLETADA ===
2025-09-29 10:11:39,958 - INFO - __main__ 66 - === EVALUACIÓN EN CONJUNTO DE TEST ===
2025-09-29 10:11:39,959 - INFO - src.best_params 34 - Mejores hiperparámetros cargados desde resultados/lgb_optimization_competencia01_iteraciones.json
2025-09-29 10:11:39,959 - INFO - src.best_params 35 - Mejor ganancia encontrada: 922,480,000
2025-09-29 10:11:39,960 - INFO - src.best_params 36 - Trial número: 0
2025-09-29 10:11:39,960 - INFO - src.best_params 37 - Parámetros: {'num_leaves': 191, 'learn_rate': 0.113191648428107, 'feature_fraction': 0.40414336897346326, 'bagging_fraction': 0.9945927237292073, 'min_child_samples': 58, 'max_depth': 11, 'reg_lambda': 3.6544717851890427, 'reg_alpha': 1.637336590281906}
2025-09-29 10:11:39,960 - INFO - src.optimization 226 - === EVALUACIÓN EN CONJUNTO DE TEST ===
2025-09-29 10:11:39,960 - INFO - src.optimization 227 - Período de test: 202104
