2025-10-11 01:06:24,370 - INFO - __main__ 37 - Inicio de ejecucion.
2025-10-11 01:06:24,371 - INFO - __main__ 39 - Número de trials por estudio: 1
2025-10-11 01:06:24,371 - INFO - __name__ 14 - Cargando dataset desde ./data/competencia_01.csv
2025-10-11 01:06:34,558 - INFO - __name__ 17 - Dataset cargado con 978439 filas y 155 columnas
2025-10-11 01:06:34,559 - INFO - __main__ 49 - Archivo de features encontrado: data/df_fe_lgb_optimization_cv_competencia01_i_prueba.csv. Cargando desde disco.
2025-10-11 01:07:52,657 - INFO - __main__ 56 - Feature Engineering completado: (978439, 725)
2025-10-11 01:07:58,026 - INFO - __name__ 101 - Conversión completada:
2025-10-11 01:07:58,032 - INFO - __name__ 102 -   Original - CONTINUA: 642830, BAJA+1: 4575, BAJA+2: 3938
2025-10-11 01:07:58,033 - INFO - __name__ 103 -   Binario - 0: 642830, 1: 8513
2025-10-11 01:07:58,036 - INFO - __name__ 104 -   Distribución: 1.31% casos positivos
2025-10-11 01:07:59,032 - INFO - src.optimization_cv 286 - Iniciando optimización con CV - 1 trials
2025-10-11 01:07:59,035 - INFO - src.optimization_cv 287 - Configuración CV: períodos=['202102', '202103']
2025-10-11 01:09:08,987 - INFO - src.optimization_cv 261 - Trial 0: Ganancia CV = 97,024,589 ± 7,239,432 
2025-10-11 01:09:08,989 - INFO - src.optimization_cv 262 - Trial 0: Mejor iteración en CV: 94 
2025-10-11 01:09:08,997 - INFO - src.optimization_cv 149 - Iteración 0 guardada. Ganancia promedio CV: 97,024,589 
2025-10-11 01:09:09,310 - INFO - src.optimization_cv 300 - === OPTIMIZACIÓN CON CV COMPLETADA ===
2025-10-11 01:09:09,311 - INFO - src.optimization_cv 301 - Número de trials completados: 1
2025-10-11 01:09:09,311 - INFO - src.optimization_cv 302 - Mejor ganancia promedio = 97,024,589
2025-10-11 01:09:09,312 - INFO - src.optimization_cv 303 - Mejores parámetros: {'num_iterations': 727, 'num_leaves': 1546, 'learn_rate': 0.01377248700202528, 'feature_fraction': 0.7004420516149855, 'bagging_fraction': 0.4520455044767435, 'min_child_samples': 4790, 'max_depth': 9, 'reg_lambda': 5.861224056620561, 'reg_alpha': 3.638578257008687, 'min_gain_to_split': 0.06455459651999176}
2025-10-11 01:09:09,312 - INFO - __main__ 68 - === ANÁLISIS DE RESULTADOS ===
2025-10-11 01:09:09,393 - INFO - __main__ 72 - Top 5 mejores trials:
2025-10-11 01:09:09,399 - INFO - __main__ 74 -   Trial 0: 97,024,589
2025-10-11 01:09:09,399 - INFO - __main__ 76 - === OPTIMIZACIÓN COMPLETADA ===
2025-10-11 01:09:09,400 - INFO - __main__ 79 - === EVALUACIÓN EN CONJUNTO DE TEST ===
2025-10-11 01:09:09,401 - INFO - src.best_params 34 - Mejores hiperparámetros cargados desde resultados/lgb_optimization_cv_competencia01_i_prueba_iteraciones.json
2025-10-11 01:09:09,401 - INFO - src.best_params 35 - Mejor ganancia encontrada: 97,024,589
2025-10-11 01:09:09,401 - INFO - src.best_params 36 - Trial número: 0
2025-10-11 01:09:09,401 - INFO - src.best_params 37 - Parámetros: {'num_iterations': 727, 'num_leaves': 1546, 'learn_rate': 0.01377248700202528, 'feature_fraction': 0.7004420516149855, 'bagging_fraction': 0.4520455044767435, 'min_child_samples': 4790, 'max_depth': 9, 'reg_lambda': 5.861224056620561, 'reg_alpha': 3.638578257008687, 'min_gain_to_split': 0.06455459651999176}
2025-10-11 01:09:09,402 - INFO - src.optimization 448 - === EVALUACIÓN EN CONJUNTO DE TEST ===
2025-10-11 01:09:09,402 - INFO - src.optimization 449 - Período de test: 202104
2025-10-11 01:09:17,890 - INFO - src.optimization 461 - Entrenando modelo con mejores hiperparámetros...
2025-10-11 01:09:17,891 - INFO - src.optimization 462 - Dimensiones df_train_completo: (325264, 726), Dimensiones df_test: (163418, 726)
2025-10-11 01:09:18,706 - INFO - src.optimization 471 - Tipo de dato de train_data: <class 'lightgbm.basic.Dataset'>, Dimensiones de train_data: (325264, 724)
2025-10-11 01:10:08,347 - INFO - src.optimization 430 - Ganancia: 345,220,000---Total Predicciones positivas: 9,179
2025-10-11 01:10:08,352 - INFO - __main__ 90 - === RESUMEN DE EVALUACIÓN EN TEST ===
2025-10-11 01:10:08,352 - INFO - __main__ 91 - ✅ Ganancia en test: 345,220,000
2025-10-11 01:10:08,353 - INFO - __main__ 92 - 🔍 Umbral óptimo encontrado: 0.0600
2025-10-11 01:10:08,354 - INFO - __main__ 93 - 🎯 Predicciones positivas: 9,179 (5.62%)
2025-10-11 01:10:08,354 - INFO - __main__ 97 - === ENTRENAMIENTO FINAL ===
2025-10-11 01:10:08,354 - INFO - __main__ 98 - Preparar datos para entrenamiento final
2025-10-11 01:10:08,355 - INFO - src.final_training 296 - Preparando datos para entrenamiento final
2025-10-11 01:10:08,355 - INFO - src.final_training 297 - Períodos de entrenamiento: ['202101', '202102', '202103', '202104']
2025-10-11 01:10:08,355 - INFO - src.final_training 298 - Período de predicción: 202106
2025-10-11 01:10:16,093 - INFO - src.final_training 308 - Registros de entrenamiento: 650,209
2025-10-11 01:10:16,094 - INFO - src.final_training 309 - Registros de predicción: 164,313
2025-10-11 01:10:37,499 - INFO - src.final_training 327 - Features utilizadas: 724
2025-10-11 01:10:37,537 - INFO - src.final_training 328 - Distribución del target - 0: 642,830, 1: 7,379
2025-10-11 01:10:38,162 - INFO - __main__ 110 - Entrenar modelo final
2025-10-11 01:10:38,165 - INFO - src.final_training 187 - Iniciando entrenamiento del modelo final
2025-10-11 01:10:38,181 - INFO - src.final_training 198 - Parámetros del modelo: {'objective': 'binary', 'metric': 'None', 'random_state': 839071, 'verbose': -1, 'num_iterations': 727, 'num_leaves': 1546, 'learn_rate': 0.01377248700202528, 'feature_fraction': 0.7004420516149855, 'bagging_fraction': 0.4520455044767435, 'min_child_samples': 4790, 'max_depth': 9, 'reg_lambda': 5.861224056620561, 'reg_alpha': 3.638578257008687, 'min_gain_to_split': 0.06455459651999176}
2025-10-11 01:13:28,310 - INFO - src.final_training 223 - Modelo final guardado en: resultados/modelo_final_lgb_optimization_cv_competencia01_i_prueba_2025-10-11_01-13-28.txt
2025-10-11 01:13:28,310 - INFO - src.final_training 225 - Entrenamiento del modelo final completado
2025-10-11 01:13:28,438 - INFO - __main__ 115 - Generar predicciones finales
2025-10-11 01:13:28,438 - INFO - src.final_training 241 - Generando predicciones finales
2025-10-11 01:13:32,433 - INFO - src.final_training 254 - Predicciones de probabilidad guardadas en: resultados/predicciones_probabilidad_lgb_optimization_cv_competencia01_i_prueba_2025-10-11_01-13-32.csv
2025-10-11 01:13:32,444 - INFO - src.final_training 276 - Predicciones generadas:
2025-10-11 01:13:32,445 - INFO - src.final_training 277 -   Total clientes: 164,313
2025-10-11 01:13:32,445 - INFO - src.final_training 278 -   Predicciones positivas: 9,229 (5.62%)
2025-10-11 01:13:32,445 - INFO - src.final_training 279 -   Predicciones negativas: 155,084
2025-10-11 01:13:32,446 - INFO - src.final_training 280 -   Porcentaje solicitado: 0.0562
2025-10-11 01:13:32,446 - INFO - __main__ 120 - Guardar predicciones
2025-10-11 01:13:32,538 - INFO - src.output_manager 42 - Predicciones guardadas en: predict/lgb_optimization_cv_competencia01_i_prueba_20251011_011332.csv
2025-10-11 01:13:32,538 - INFO - src.output_manager 43 - Formato del archivo:
2025-10-11 01:13:32,538 - INFO - src.output_manager 44 -   Columnas: ['numero_de_cliente', 'predict']
2025-10-11 01:13:32,539 - INFO - src.output_manager 45 -   Registros: 164,313
2025-10-11 01:13:32,539 - INFO - src.output_manager 46 -   Primeras filas:
2025-10-11 01:13:32,595 - INFO - src.output_manager 47 -    numero_de_cliente  predict
0          249350768        0
1          249432306        0
2          249565688        0
3          249596175        0
4          249695645        0
2025-10-11 01:13:32,595 - INFO - __main__ 124 - === RESUMEN FINAL ===
2025-10-11 01:13:32,595 - INFO - __main__ 125 - ✅ Entrenamiento final completado exitosamente
2025-10-11 01:13:32,596 - INFO - __main__ 126 - 📊 Mejores hiperparámetros utilizados: {'num_iterations': 727, 'num_leaves': 1546, 'learn_rate': 0.01377248700202528, 'feature_fraction': 0.7004420516149855, 'bagging_fraction': 0.4520455044767435, 'min_child_samples': 4790, 'max_depth': 9, 'reg_lambda': 5.861224056620561, 'reg_alpha': 3.638578257008687, 'min_gain_to_split': 0.06455459651999176}
2025-10-11 01:13:32,596 - INFO - __main__ 127 - 🎯 Períodos de entrenamiento: ['202101', '202102', '202103', '202104']
2025-10-11 01:13:32,596 - INFO - __main__ 128 - 🔮 Período de predicción: 202106
2025-10-11 01:13:32,597 - INFO - __main__ 131 - 📁 Archivo de salida: predict/lgb_optimization_cv_competencia01_i_prueba_20251011_011332.csv
2025-10-11 01:13:32,597 - INFO - __main__ 132 - 📝 Log detallado: logs/log_lgb_optimization_cv_competencia01_i_prueba_2025-10-11_01-06-24.log
2025-10-11 01:13:32,597 - INFO - __main__ 135 - >>> Ejecución finalizada. Revisar logs para mas detalles.
