2025-10-03 00:58:00,936 - INFO - __main__ 36 - Inicio de ejecucion.
2025-10-03 00:58:00,937 - INFO - __name__ 14 - Cargando dataset desde ./data/competencia_01.csv
2025-10-03 00:58:11,231 - INFO - __name__ 17 - Dataset cargado con 978439 filas y 155 columnas
2025-10-03 00:58:11,231 - INFO - __name__ 27 - Realizando feature engineering con 2 lags para 3 atributos
2025-10-03 00:58:17,671 - INFO - __name__ 57 - Feature engineering completado. DataFrame resultante con 161 columnas
2025-10-03 00:58:17,671 - INFO - __main__ 46 - Feature Engineering completado: (978439, 161)
2025-10-03 00:58:18,272 - INFO - __name__ 54 - Conversión completada:
2025-10-03 00:58:18,272 - INFO - __name__ 55 -   Original - CONTINUA: 642830, BAJA+1: 4575, BAJA+2: 3938
2025-10-03 00:58:18,273 - INFO - __name__ 56 -   Binario - 0: 642830, 1: 8513
2025-10-03 00:58:18,273 - INFO - __name__ 57 -   Distribución: 1.31% casos positivos
2025-10-03 00:58:18,430 - INFO - src.optimization 190 - Iniciando optimización con 5 trials
2025-10-03 00:58:18,431 - INFO - src.optimization 191 - Configuración: TRAIN=202102, VALID=202103, SEMILLA=[12, 13, 14, 15, 16]
2025-10-03 00:58:23,811 - INFO - src.optimization 164 - Iteración 0 guardada en resultados/lgb_optimization_competencia01_iteraciones.json
2025-10-03 00:58:23,811 - INFO - src.optimization 165 - Ganancia: 911,180,000---Parámetros: {params}
2025-10-03 00:58:29,689 - INFO - src.optimization 164 - Iteración 1 guardada en resultados/lgb_optimization_competencia01_iteraciones.json
2025-10-03 00:58:29,690 - INFO - src.optimization 165 - Ganancia: 861,380,000---Parámetros: {params}
2025-10-03 00:58:35,265 - INFO - src.optimization 164 - Iteración 2 guardada en resultados/lgb_optimization_competencia01_iteraciones.json
2025-10-03 00:58:35,265 - INFO - src.optimization 165 - Ganancia: 868,120,000---Parámetros: {params}
2025-10-03 00:58:44,825 - INFO - src.optimization 164 - Iteración 3 guardada en resultados/lgb_optimization_competencia01_iteraciones.json
2025-10-03 00:58:44,825 - INFO - src.optimization 165 - Ganancia: 862,140,000---Parámetros: {params}
2025-10-03 00:58:53,161 - INFO - src.optimization 164 - Iteración 4 guardada en resultados/lgb_optimization_competencia01_iteraciones.json
2025-10-03 00:58:53,161 - INFO - src.optimization 165 - Ganancia: 839,180,000---Parámetros: {params}
2025-10-03 00:58:53,223 - INFO - src.optimization 206 - Mejor ganancia: 911,180,000
2025-10-03 00:58:53,224 - INFO - src.optimization 207 - Mejores parámetros: {'num_leaves': 122, 'learn_rate': 0.17111651647042353, 'feature_fraction': 0.6739556403849227, 'bagging_fraction': 0.4951500710867364, 'min_child_samples': 48, 'max_depth': 6, 'reg_lambda': 9.696600327164887, 'reg_alpha': 2.821535455427754}
2025-10-03 00:58:53,224 - INFO - __main__ 55 - === ANÁLISIS DE RESULTADOS ===
2025-10-03 00:58:53,240 - INFO - __main__ 59 - Top 5 mejores trials:
2025-10-03 00:58:53,243 - INFO - __main__ 61 -   Trial 0: 911,180,000
2025-10-03 00:58:53,243 - INFO - __main__ 61 -   Trial 2: 868,120,000
2025-10-03 00:58:53,244 - INFO - __main__ 61 -   Trial 3: 862,140,000
2025-10-03 00:58:53,244 - INFO - __main__ 61 -   Trial 1: 861,380,000
2025-10-03 00:58:53,245 - INFO - __main__ 61 -   Trial 4: 839,180,000
2025-10-03 00:58:53,245 - INFO - __main__ 63 - === OPTIMIZACIÓN COMPLETADA ===
2025-10-03 00:58:53,246 - INFO - __main__ 66 - === EVALUACIÓN EN CONJUNTO DE TEST ===
2025-10-03 00:58:53,248 - INFO - src.best_params 34 - Mejores hiperparámetros cargados desde resultados/lgb_optimization_competencia01_iteraciones.json
2025-10-03 00:58:53,248 - INFO - src.best_params 35 - Mejor ganancia encontrada: 932,240,000
2025-10-03 00:58:53,249 - INFO - src.best_params 36 - Trial número: 4
2025-10-03 00:58:53,249 - INFO - src.best_params 37 - Parámetros: {'num_leaves': 262, 'learn_rate': 0.16696571034433907, 'feature_fraction': 0.7198509637373903, 'bagging_fraction': 0.4733795979028113, 'min_child_samples': 24, 'max_depth': 6, 'reg_lambda': 3.3607967363491964, 'reg_alpha': 5.533180037908927}
2025-10-03 00:58:53,250 - INFO - src.optimization 226 - === EVALUACIÓN EN CONJUNTO DE TEST ===
2025-10-03 00:58:53,250 - INFO - src.optimization 227 - Período de test: 202104
2025-10-03 00:58:54,782 - INFO - src.optimization 244 - Entrenando modelo con mejores hiperparámetros...
2025-10-03 00:58:54,784 - INFO - src.optimization 245 - Dimensiones df_train_completo: (325264, 161), Dimensiones df_test: (163418, 161)
2025-10-03 00:58:55,121 - INFO - src.optimization 252 - Tipo de dato de train_data: <class 'lightgbm.basic.Dataset'>, Tipo de dato de test_data: <class 'lightgbm.basic.Dataset'>
2025-10-03 00:58:55,121 - INFO - src.optimization 253 - Dimensiones de train_data: (325264, 160), Dimensiones de test_data: (163418, 160)
2025-10-03 00:59:02,658 - INFO - src.optimization 325 - Ganancia: 942,340,000---Total Predicciones positivas: 17,643
2025-10-03 00:59:02,659 - INFO - __main__ 77 - === RESUMEN DE EVALUACIÓN EN TEST ===
2025-10-03 00:59:02,659 - INFO - __main__ 78 - ✅ Ganancia en test: 942,340,000
2025-10-03 00:59:02,659 - INFO - __main__ 79 - 🎯 Predicciones positivas: 17,643 (10.80%)
2025-10-03 00:59:02,659 - INFO - __main__ 83 - === ENTRENAMIENTO FINAL ===
2025-10-03 00:59:02,660 - INFO - __main__ 84 - Preparar datos para entrenamiento final
2025-10-03 00:59:02,660 - INFO - src.final_training 25 - Preparando datos para entrenamiento final
2025-10-03 00:59:02,660 - INFO - src.final_training 26 - Períodos de entrenamiento: ['202101', '202102', '202103', '202104']
2025-10-03 00:59:02,660 - INFO - src.final_training 27 - Período de predicción: 202106
2025-10-03 00:59:03,638 - INFO - src.final_training 38 - Registros de entrenamiento: 650,209
2025-10-03 00:59:03,639 - INFO - src.final_training 39 - Registros de predicción: 164,313
2025-10-03 00:59:03,844 - INFO - __name__ 27 - Realizando feature engineering con 2 lags para 3 atributos
2025-10-03 00:59:05,197 - INFO - __name__ 57 - Feature engineering completado. DataFrame resultante con 167 columnas
2025-10-03 00:59:05,206 - INFO - src.final_training 53 - Feature Engineering completado sobre DF_predict: (164313, 167)
2025-10-03 00:59:05,315 - INFO - src.final_training 59 - Features utilizadas: 166
2025-10-03 00:59:05,318 - INFO - src.final_training 60 - Distribución del target - 0: 642,830, 1: 7,379
2025-10-03 00:59:05,373 - INFO - __main__ 88 - Entrenar modelo final
2025-10-03 00:59:05,374 - INFO - src.final_training 76 - Iniciando entrenamiento del modelo final
2025-10-03 00:59:05,374 - INFO - src.final_training 87 - Parámetros del modelo: {'objective': 'binary', 'metric': 'None', 'random_state': 12, 'verbose': -1, 'num_leaves': 262, 'learn_rate': 0.16696571034433907, 'feature_fraction': 0.7198509637373903, 'bagging_fraction': 0.4733795979028113, 'min_child_samples': 24, 'max_depth': 6, 'reg_lambda': 3.3607967363491964, 'reg_alpha': 5.533180037908927}
