2025-11-12 15:40:16,965 - INFO - __main__ 158 - Script iniciado directamente.
2025-11-12 15:40:16,965 - INFO - __main__ 46 - Inicio de ejecucion.
2025-11-12 15:40:16,965 - INFO - __main__ 48 - Número de trials por estudio: 25
2025-11-12 15:40:22,782 - INFO - __main__ 66 - Archivo de features encontrado: gs://guijomter_bukito3/Compe_02/data/df_fe_Compe_02_V1_2ob_ss001.parquet. Cargando desde GCS.
2025-11-12 15:40:22,783 - INFO - src.bucket_utils_p 86 - Descargando de GCS: gs://guijomter_bukito3/Compe_02/data/df_fe_Compe_02_V1_2ob_ss001.parquet
2025-11-12 15:42:16,498 - INFO - src.bucket_utils_p 90 - Descargado en: /tmp/df_fe_Compe_02_V1_2ob_ss001.parquet
2025-11-12 15:42:36,095 - INFO - src.bucket_utils_p 94 - DataFrame cargado en memoria.
2025-11-12 15:42:36,095 - INFO - src.bucket_utils_p 101 - Archivo temporal /tmp/df_fe_Compe_02_V1_2ob_ss001.parquet eliminado.
2025-11-12 15:42:36,096 - INFO - __main__ 89 - Feature Engineering completado: (4717958, 1344)
2025-11-12 15:42:36,096 - INFO - src.optimization_p 600 - Iniciando optimización con 25 trials
2025-11-12 15:42:36,096 - INFO - src.optimization_p 601 - Configuración: TRAIN=['201901', '201902', '201903', '201904', '201905', '201906', '201907', '201908', '201909', '201910', '201911', '201912', '202001', '202002', '202011', '202012'], VALID=202101, SEMILLA=[839071, 666557]
2025-11-12 15:42:36,323 - INFO - src.optimization_p 560 - 🆕 No se encontró base de datos previa
2025-11-12 15:42:36,323 - INFO - src.optimization_p 561 - 📁 Creando nueva base de datos: /home/guijomter/buckets/b1/Compe_02/optuna_db/Compe_02_V1_2ob_ss001.db
2025-11-12 15:43:06,384 - INFO - src.optimization_p 572 - ✅ Nuevo estudio creado: Compe_02_V1_2ob_ss001
2025-11-12 15:43:06,385 - INFO - src.optimization_p 573 - 💾 Storage: sqlite:////home/guijomter/buckets/b1/Compe_02/optuna_db/Compe_02_V1_2ob_ss001.db
2025-11-12 15:43:06,609 - INFO - src.optimization_p 614 - 🆕 Nueva optimización: 25 trials
2025-11-12 15:43:42,424 - INFO - src.optimization_p 793 - Undersampling aplicado: tasa=0.01, registros originales=2179640 (C May: 2160176 / C Min: 19464), registros finales=106565 (CMay : 87101 / CMin: 19464)
2025-11-12 15:44:27,262 - INFO - src.optimization_p 133 - Iteración 0 guardada en resultados/Compe_02_V1_2ob_ss001_iteraciones.json
2025-11-12 15:44:27,262 - INFO - src.optimization_p 134 - Ganancia: 212,689,860---Parámetros: {params}
2025-11-12 15:44:27,262 - INFO - src.optimization_p 471 - Trial 0: Ganancia Media = 212,689,860
2025-11-12 15:44:57,783 - INFO - src.optimization_p 793 - Undersampling aplicado: tasa=0.01, registros originales=2179640 (C May: 2160176 / C Min: 19464), registros finales=106359 (CMay : 86895 / CMin: 19464)
2025-11-12 15:45:43,698 - INFO - src.optimization_p 133 - Iteración 1 guardada en resultados/Compe_02_V1_2ob_ss001_iteraciones.json
2025-11-12 15:45:43,698 - INFO - src.optimization_p 134 - Ganancia: 202,920,080---Parámetros: {params}
2025-11-12 15:45:43,698 - INFO - src.optimization_p 471 - Trial 1: Ganancia Media = 202,920,080
2025-11-12 15:46:14,561 - INFO - src.optimization_p 793 - Undersampling aplicado: tasa=0.01, registros originales=2179640 (C May: 2160176 / C Min: 19464), registros finales=106339 (CMay : 86875 / CMin: 19464)
2025-11-12 15:47:02,666 - INFO - src.optimization_p 133 - Iteración 2 guardada en resultados/Compe_02_V1_2ob_ss001_iteraciones.json
2025-11-12 15:47:02,666 - INFO - src.optimization_p 134 - Ganancia: 206,889,351---Parámetros: {params}
2025-11-12 15:47:02,666 - INFO - src.optimization_p 471 - Trial 2: Ganancia Media = 206,889,351
2025-11-12 15:47:33,058 - INFO - src.optimization_p 793 - Undersampling aplicado: tasa=0.01, registros originales=2179640 (C May: 2160176 / C Min: 19464), registros finales=106620 (CMay : 87156 / CMin: 19464)
2025-11-12 15:48:03,460 - INFO - src.optimization_p 133 - Iteración 3 guardada en resultados/Compe_02_V1_2ob_ss001_iteraciones.json
2025-11-12 15:48:03,460 - INFO - src.optimization_p 134 - Ganancia: 205,623,946---Parámetros: {params}
2025-11-12 15:48:03,460 - INFO - src.optimization_p 471 - Trial 3: Ganancia Media = 205,623,946
2025-11-12 15:48:33,486 - INFO - src.optimization_p 793 - Undersampling aplicado: tasa=0.01, registros originales=2179640 (C May: 2160176 / C Min: 19464), registros finales=106577 (CMay : 87113 / CMin: 19464)
2025-11-12 15:49:22,541 - INFO - src.optimization_p 133 - Iteración 4 guardada en resultados/Compe_02_V1_2ob_ss001_iteraciones.json
2025-11-12 15:49:22,541 - INFO - src.optimization_p 134 - Ganancia: 210,051,858---Parámetros: {params}
2025-11-12 15:49:22,541 - INFO - src.optimization_p 471 - Trial 4: Ganancia Media = 210,051,858
2025-11-12 15:49:52,490 - INFO - src.optimization_p 793 - Undersampling aplicado: tasa=0.01, registros originales=2179640 (C May: 2160176 / C Min: 19464), registros finales=106377 (CMay : 86913 / CMin: 19464)
2025-11-12 15:50:46,567 - INFO - src.optimization_p 133 - Iteración 5 guardada en resultados/Compe_02_V1_2ob_ss001_iteraciones.json
2025-11-12 15:50:46,567 - INFO - src.optimization_p 134 - Ganancia: 206,853,796---Parámetros: {params}
2025-11-12 15:50:46,568 - INFO - src.optimization_p 471 - Trial 5: Ganancia Media = 206,853,796
2025-11-12 15:51:17,320 - INFO - src.optimization_p 793 - Undersampling aplicado: tasa=0.01, registros originales=2179640 (C May: 2160176 / C Min: 19464), registros finales=105898 (CMay : 86434 / CMin: 19464)
2025-11-12 15:51:55,054 - INFO - src.optimization_p 133 - Iteración 6 guardada en resultados/Compe_02_V1_2ob_ss001_iteraciones.json
2025-11-12 15:51:55,054 - INFO - src.optimization_p 134 - Ganancia: 209,873,826---Parámetros: {params}
2025-11-12 15:51:55,054 - INFO - src.optimization_p 471 - Trial 6: Ganancia Media = 209,873,826
2025-11-12 15:52:25,700 - INFO - src.optimization_p 793 - Undersampling aplicado: tasa=0.01, registros originales=2179640 (C May: 2160176 / C Min: 19464), registros finales=107018 (CMay : 87554 / CMin: 19464)
2025-11-12 15:53:31,220 - INFO - src.optimization_p 133 - Iteración 7 guardada en resultados/Compe_02_V1_2ob_ss001_iteraciones.json
2025-11-12 15:53:31,220 - INFO - src.optimization_p 134 - Ganancia: 198,898,322---Parámetros: {params}
2025-11-12 15:53:31,220 - INFO - src.optimization_p 471 - Trial 7: Ganancia Media = 198,898,322
2025-11-12 15:54:01,959 - INFO - src.optimization_p 793 - Undersampling aplicado: tasa=0.01, registros originales=2179640 (C May: 2160176 / C Min: 19464), registros finales=106371 (CMay : 86907 / CMin: 19464)
2025-11-12 15:54:45,931 - INFO - src.optimization_p 133 - Iteración 8 guardada en resultados/Compe_02_V1_2ob_ss001_iteraciones.json
2025-11-12 15:54:45,931 - INFO - src.optimization_p 134 - Ganancia: 216,541,588---Parámetros: {params}
2025-11-12 15:54:45,931 - INFO - src.optimization_p 471 - Trial 8: Ganancia Media = 216,541,588
2025-11-12 15:55:15,760 - INFO - src.optimization_p 793 - Undersampling aplicado: tasa=0.01, registros originales=2179640 (C May: 2160176 / C Min: 19464), registros finales=106598 (CMay : 87134 / CMin: 19464)
2025-11-12 15:55:47,296 - INFO - src.optimization_p 133 - Iteración 9 guardada en resultados/Compe_02_V1_2ob_ss001_iteraciones.json
2025-11-12 15:55:47,296 - INFO - src.optimization_p 134 - Ganancia: 215,836,743---Parámetros: {params}
2025-11-12 15:55:47,296 - INFO - src.optimization_p 471 - Trial 9: Ganancia Media = 215,836,743
2025-11-12 15:56:17,238 - INFO - src.optimization_p 793 - Undersampling aplicado: tasa=0.01, registros originales=2179640 (C May: 2160176 / C Min: 19464), registros finales=106259 (CMay : 86795 / CMin: 19464)
2025-11-12 15:56:59,010 - INFO - src.optimization_p 133 - Iteración 10 guardada en resultados/Compe_02_V1_2ob_ss001_iteraciones.json
2025-11-12 15:56:59,010 - INFO - src.optimization_p 134 - Ganancia: 217,312,188---Parámetros: {params}
2025-11-12 15:56:59,011 - INFO - src.optimization_p 471 - Trial 10: Ganancia Media = 217,312,188
2025-11-12 15:57:28,832 - INFO - src.optimization_p 793 - Undersampling aplicado: tasa=0.01, registros originales=2179640 (C May: 2160176 / C Min: 19464), registros finales=106731 (CMay : 87267 / CMin: 19464)
2025-11-12 15:58:12,924 - INFO - src.optimization_p 133 - Iteración 11 guardada en resultados/Compe_02_V1_2ob_ss001_iteraciones.json
2025-11-12 15:58:12,924 - INFO - src.optimization_p 134 - Ganancia: 215,978,701---Parámetros: {params}
2025-11-12 15:58:12,924 - INFO - src.optimization_p 471 - Trial 11: Ganancia Media = 215,978,701
2025-11-12 15:58:42,826 - INFO - src.optimization_p 793 - Undersampling aplicado: tasa=0.01, registros originales=2179640 (C May: 2160176 / C Min: 19464), registros finales=106480 (CMay : 87016 / CMin: 19464)
2025-11-12 15:59:24,042 - INFO - src.optimization_p 133 - Iteración 12 guardada en resultados/Compe_02_V1_2ob_ss001_iteraciones.json
2025-11-12 15:59:24,042 - INFO - src.optimization_p 134 - Ganancia: 209,071,678---Parámetros: {params}
2025-11-12 15:59:24,042 - INFO - src.optimization_p 471 - Trial 12: Ganancia Media = 209,071,678
2025-11-12 15:59:53,811 - INFO - src.optimization_p 793 - Undersampling aplicado: tasa=0.01, registros originales=2179640 (C May: 2160176 / C Min: 19464), registros finales=106474 (CMay : 87010 / CMin: 19464)
2025-11-12 16:00:37,571 - INFO - src.optimization_p 133 - Iteración 13 guardada en resultados/Compe_02_V1_2ob_ss001_iteraciones.json
2025-11-12 16:00:37,571 - INFO - src.optimization_p 134 - Ganancia: 205,749,171---Parámetros: {params}
2025-11-12 16:00:37,571 - INFO - src.optimization_p 471 - Trial 13: Ganancia Media = 205,749,171
2025-11-12 16:01:08,143 - INFO - src.optimization_p 793 - Undersampling aplicado: tasa=0.01, registros originales=2179640 (C May: 2160176 / C Min: 19464), registros finales=106296 (CMay : 86832 / CMin: 19464)
2025-11-12 16:02:16,276 - INFO - src.optimization_p 133 - Iteración 14 guardada en resultados/Compe_02_V1_2ob_ss001_iteraciones.json
2025-11-12 16:02:16,276 - INFO - src.optimization_p 134 - Ganancia: 213,897,333---Parámetros: {params}
2025-11-12 16:02:16,276 - INFO - src.optimization_p 471 - Trial 14: Ganancia Media = 213,897,333
2025-11-12 16:02:47,341 - INFO - src.optimization_p 793 - Undersampling aplicado: tasa=0.01, registros originales=2179640 (C May: 2160176 / C Min: 19464), registros finales=107055 (CMay : 87591 / CMin: 19464)
2025-11-12 16:03:28,393 - INFO - src.optimization_p 133 - Iteración 15 guardada en resultados/Compe_02_V1_2ob_ss001_iteraciones.json
2025-11-12 16:03:28,393 - INFO - src.optimization_p 134 - Ganancia: 213,303,217---Parámetros: {params}
2025-11-12 16:03:28,393 - INFO - src.optimization_p 471 - Trial 15: Ganancia Media = 213,303,217
2025-11-12 16:03:58,829 - INFO - src.optimization_p 793 - Undersampling aplicado: tasa=0.01, registros originales=2179640 (C May: 2160176 / C Min: 19464), registros finales=106253 (CMay : 86789 / CMin: 19464)
2025-11-12 16:04:45,734 - INFO - src.optimization_p 133 - Iteración 16 guardada en resultados/Compe_02_V1_2ob_ss001_iteraciones.json
2025-11-12 16:04:45,735 - INFO - src.optimization_p 134 - Ganancia: 220,578,002---Parámetros: {params}
2025-11-12 16:04:45,735 - INFO - src.optimization_p 471 - Trial 16: Ganancia Media = 220,578,002
2025-11-12 16:05:16,702 - INFO - src.optimization_p 793 - Undersampling aplicado: tasa=0.01, registros originales=2179640 (C May: 2160176 / C Min: 19464), registros finales=106661 (CMay : 87197 / CMin: 19464)
2025-11-12 16:06:01,883 - INFO - src.optimization_p 133 - Iteración 17 guardada en resultados/Compe_02_V1_2ob_ss001_iteraciones.json
2025-11-12 16:06:01,883 - INFO - src.optimization_p 134 - Ganancia: 216,123,427---Parámetros: {params}
2025-11-12 16:06:01,883 - INFO - src.optimization_p 471 - Trial 17: Ganancia Media = 216,123,427
2025-11-12 16:06:33,316 - INFO - src.optimization_p 793 - Undersampling aplicado: tasa=0.01, registros originales=2179640 (C May: 2160176 / C Min: 19464), registros finales=106561 (CMay : 87097 / CMin: 19464)
2025-11-12 16:07:26,101 - INFO - src.optimization_p 133 - Iteración 18 guardada en resultados/Compe_02_V1_2ob_ss001_iteraciones.json
2025-11-12 16:07:26,101 - INFO - src.optimization_p 134 - Ganancia: 219,004,885---Parámetros: {params}
2025-11-12 16:07:26,102 - INFO - src.optimization_p 471 - Trial 18: Ganancia Media = 219,004,885
2025-11-12 16:07:58,146 - INFO - src.optimization_p 793 - Undersampling aplicado: tasa=0.01, registros originales=2179640 (C May: 2160176 / C Min: 19464), registros finales=106782 (CMay : 87318 / CMin: 19464)
2025-11-12 16:08:55,831 - INFO - src.optimization_p 133 - Iteración 19 guardada en resultados/Compe_02_V1_2ob_ss001_iteraciones.json
2025-11-12 16:08:55,831 - INFO - src.optimization_p 134 - Ganancia: 222,626,324---Parámetros: {params}
2025-11-12 16:08:55,831 - INFO - src.optimization_p 471 - Trial 19: Ganancia Media = 222,626,324
2025-11-12 16:09:27,271 - INFO - src.optimization_p 793 - Undersampling aplicado: tasa=0.01, registros originales=2179640 (C May: 2160176 / C Min: 19464), registros finales=106575 (CMay : 87111 / CMin: 19464)
2025-11-12 16:10:17,434 - INFO - src.optimization_p 133 - Iteración 20 guardada en resultados/Compe_02_V1_2ob_ss001_iteraciones.json
2025-11-12 16:10:17,434 - INFO - src.optimization_p 134 - Ganancia: 214,174,585---Parámetros: {params}
2025-11-12 16:10:17,434 - INFO - src.optimization_p 471 - Trial 20: Ganancia Media = 214,174,585
2025-11-12 16:10:49,149 - INFO - src.optimization_p 793 - Undersampling aplicado: tasa=0.01, registros originales=2179640 (C May: 2160176 / C Min: 19464), registros finales=106514 (CMay : 87050 / CMin: 19464)
2025-11-12 16:11:41,128 - INFO - src.optimization_p 133 - Iteración 21 guardada en resultados/Compe_02_V1_2ob_ss001_iteraciones.json
2025-11-12 16:11:41,128 - INFO - src.optimization_p 134 - Ganancia: 228,448,631---Parámetros: {params}
2025-11-12 16:11:41,128 - INFO - src.optimization_p 471 - Trial 21: Ganancia Media = 228,448,631
2025-11-12 16:12:12,773 - INFO - src.optimization_p 793 - Undersampling aplicado: tasa=0.01, registros originales=2179640 (C May: 2160176 / C Min: 19464), registros finales=106770 (CMay : 87306 / CMin: 19464)
2025-11-12 16:13:18,715 - INFO - src.optimization_p 133 - Iteración 22 guardada en resultados/Compe_02_V1_2ob_ss001_iteraciones.json
2025-11-12 16:13:18,715 - INFO - src.optimization_p 134 - Ganancia: 217,335,315---Parámetros: {params}
2025-11-12 16:13:18,715 - INFO - src.optimization_p 471 - Trial 22: Ganancia Media = 217,335,315
2025-11-12 16:13:50,127 - INFO - src.optimization_p 793 - Undersampling aplicado: tasa=0.01, registros originales=2179640 (C May: 2160176 / C Min: 19464), registros finales=106367 (CMay : 86903 / CMin: 19464)
2025-11-12 16:14:41,746 - INFO - src.optimization_p 133 - Iteración 23 guardada en resultados/Compe_02_V1_2ob_ss001_iteraciones.json
2025-11-12 16:14:41,747 - INFO - src.optimization_p 134 - Ganancia: 219,544,216---Parámetros: {params}
2025-11-12 16:14:41,747 - INFO - src.optimization_p 471 - Trial 23: Ganancia Media = 219,544,216
2025-11-12 16:15:13,428 - INFO - src.optimization_p 793 - Undersampling aplicado: tasa=0.01, registros originales=2179640 (C May: 2160176 / C Min: 19464), registros finales=106607 (CMay : 87143 / CMin: 19464)
2025-11-12 16:16:03,798 - INFO - src.optimization_p 133 - Iteración 24 guardada en resultados/Compe_02_V1_2ob_ss001_iteraciones.json
2025-11-12 16:16:03,798 - INFO - src.optimization_p 134 - Ganancia: 212,062,388---Parámetros: {params}
2025-11-12 16:16:03,799 - INFO - src.optimization_p 471 - Trial 24: Ganancia Media = 212,062,388
2025-11-12 16:16:08,544 - INFO - src.optimization_p 620 - 🏆 Mejor ganancia: 228,448,631
2025-11-12 16:16:09,477 - INFO - src.optimization_p 621 - Mejores parámetros: {'num_iterations': 468, 'num_leaves': 252, 'learning_rate': 0.20024696398405148, 'feature_fraction': 0.43009043393195334, 'min_child_samples': 25, 'max_depth': 7, 'reg_lambda': 7.688795553524534, 'reg_alpha': 3.0303746272597594, 'min_gain_to_split': 4.241735898147374}
2025-11-12 16:16:09,477 - INFO - __main__ 96 - === ANÁLISIS DE RESULTADOS ===
2025-11-12 16:16:10,644 - INFO - __main__ 100 - Top 5 mejores trials:
2025-11-12 16:16:10,645 - INFO - __main__ 102 -   Trial 21: 228,448,631
2025-11-12 16:16:10,645 - INFO - __main__ 102 -   Trial 19: 222,626,324
2025-11-12 16:16:10,646 - INFO - __main__ 102 -   Trial 16: 220,578,002
2025-11-12 16:16:10,646 - INFO - __main__ 102 -   Trial 23: 219,544,216
2025-11-12 16:16:10,646 - INFO - __main__ 102 -   Trial 18: 219,004,885
2025-11-12 16:16:10,646 - INFO - __main__ 104 - === OPTIMIZACIÓN COMPLETADA ===
2025-11-12 16:16:10,646 - INFO - __main__ 107 - === EVALUACIÓN EN CONJUNTO DE TEST ===
2025-11-12 16:16:10,647 - INFO - src.best_params 49 - Mejores hiperparámetros cargados desde resultados/Compe_02_V1_2ob_ss001_iteraciones.json
2025-11-12 16:16:10,647 - INFO - src.best_params 50 - Mejor ganancia encontrada: 228,448,631
2025-11-12 16:16:10,647 - INFO - src.best_params 51 - Trial número: 21
2025-11-12 16:16:10,647 - INFO - src.best_params 52 - Parámetros: {'num_iterations': 468, 'num_leaves': 252, 'learning_rate': 0.20024696398405148, 'feature_fraction': 0.43009043393195334, 'min_child_samples': 25, 'max_depth': 7, 'reg_lambda': 7.688795553524534, 'reg_alpha': 3.0303746272597594, 'min_gain_to_split': 4.241735898147374, 'bagging_freq': 1, 'objective': 'binary', 'metric': 'None', 'random_state': 839071}
2025-11-12 16:16:10,647 - INFO - src.optimization_p 319 - === EVALUACIÓN EN CONJUNTO DE TEST ===
2025-11-12 16:16:10,647 - INFO - src.optimization_p 320 - Período de test: 202102
2025-11-12 16:16:21,915 - INFO - src.optimization_p 793 - Undersampling aplicado: tasa=0.01, registros originales=2341167 (C May: 2320264 / C Min: 20903), registros finales=119841 (CMay : 98938 / CMin: 20903)
2025-11-12 16:16:23,219 - INFO - src.optimization_p 336 - Entrenando modelo con mejores hiperparámetros...
2025-11-12 16:16:23,219 - INFO - src.optimization_p 337 - Dimensiones df_train_completo: (119841, 1344), Dimensiones df_test: (162155, 1344)
2025-11-12 16:16:23,608 - INFO - src.optimization_p 346 - Tipo de dato de train_data: <class 'lightgbm.basic.Dataset'>, Dimensiones de train_data: (119841, 1342)
2025-11-12 16:17:13,123 - INFO - src.optimization_p 349 - Modelo final para test entrenado. Calculando ganancia en Test...
2025-11-12 16:17:24,086 - INFO - src.optimization_p 302 - Ganancia: 267,840,000---Total Predicciones positivas: 11,648
2025-11-12 16:17:24,087 - INFO - __main__ 119 - === RESUMEN DE EVALUACIÓN EN TEST ===
2025-11-12 16:17:24,087 - INFO - __main__ 120 - ✅ Ganancia en test: 267,840,000
2025-11-12 16:17:24,087 - INFO - __main__ 121 - 🔍 Umbral óptimo encontrado: 0.5600
2025-11-12 16:17:24,087 - INFO - __main__ 122 - 🎯 Predicciones positivas: 11,648 (7.18%)
2025-11-12 16:17:24,087 - INFO - __main__ 126 - === ENTRENAMIENTO FINAL ===
2025-11-12 16:17:24,087 - INFO - __main__ 127 - Preparar datos para entrenamiento final
2025-11-12 16:17:24,087 - INFO - src.final_training_p 352 - Preparando datos para entrenamiento final
2025-11-12 16:17:24,087 - INFO - src.final_training_p 353 - Períodos de entrenamiento: ['201901', '201902', '201903', '201904', '201905', '201906', '201907', '201908', '201909', '201910', '201911', '201912', '202001', '202002', '202011', '202012', '202101', '202102']
2025-11-12 16:17:24,087 - INFO - src.final_training_p 354 - Período de predicción: 202106
2025-11-12 16:17:28,486 - INFO - src.final_training_p 366 - Registros de entrenamiento: 2,503,322
2025-11-12 16:17:28,486 - INFO - src.final_training_p 367 - Registros de predicción: 164,313
2025-11-12 16:17:35,933 - INFO - src.optimization_p 793 - Undersampling aplicado: tasa=0.01, registros originales=2503322 (C May: 2480569 / C Min: 22753), registros finales=137222 (CMay : 114469 / CMin: 22753)
2025-11-12 16:17:41,056 - INFO - src.final_training_p 382 - Features utilizadas: 1,342
2025-11-12 16:17:41,058 - INFO - src.final_training_p 383 - Distribución del target - 0: 114,469, 1: 22,753
2025-11-12 16:17:41,117 - INFO - __main__ 132 - Entrenar modelo final
2025-11-12 16:17:41,117 - INFO - src.final_training_p 240 - Iniciando entrenamiento del modelo final
2025-11-12 16:18:42,655 - INFO - src.final_training_p 271 - Modelo final (semilla 839071) guardado en: resultados/Compe_02_V1_2ob_ss001/modelo_final_semilla_839071_2025-11-12_16-18-42.txt
2025-11-12 16:19:17,101 - INFO - src.final_training_p 271 - Modelo final (semilla 666557) guardado en: resultados/Compe_02_V1_2ob_ss001/modelo_final_semilla_666557_2025-11-12_16-19-17.txt
2025-11-12 16:19:17,102 - INFO - src.final_training_p 275 - Entrenamiento de modelos finales completado
2025-11-12 16:19:17,106 - INFO - __main__ 136 - Generar predicciones finales
2025-11-12 16:19:17,107 - INFO - src.final_training_p 294 - Generando predicciones finales (promedio de seeds)
2025-11-12 16:19:23,740 - INFO - src.final_training_p 313 - Predicciones de probabilidad guardadas en: resultados/predicciones_probabilidad_Compe_02_V1_2ob_ss001_varias_seeds_2025-11-12_16-19-23.csv
2025-11-12 16:19:23,747 - INFO - src.final_training_p 335 - Predicciones generadas:
2025-11-12 16:19:23,747 - INFO - src.final_training_p 336 -   Total clientes: 164,313
2025-11-12 16:19:23,747 - INFO - src.final_training_p 337 -   Predicciones positivas: 13,298 (8.09%)
2025-11-12 16:19:23,747 - INFO - src.final_training_p 338 -   Predicciones negativas: 151,015
2025-11-12 16:19:23,747 - INFO - src.final_training_p 339 -   Porcentaje solicitado: 0.0809
2025-11-12 16:19:23,747 - INFO - __main__ 140 - Guardar predicciones
2025-11-12 16:19:23,761 - INFO - src.output_manager_p 51 - Predicciones guardadas en: predict/Compe_02_V1_2ob_ss001_20251112_161923.csv
2025-11-12 16:19:23,761 - INFO - src.output_manager_p 52 - Formato del archivo:
2025-11-12 16:19:23,761 - INFO - src.output_manager_p 53 -   Columnas: ['numero_de_cliente', 'predict']
2025-11-12 16:19:23,761 - INFO - src.output_manager_p 54 -   Registros: 164,313
2025-11-12 16:19:23,761 - INFO - src.output_manager_p 55 -   Primeras filas:
2025-11-12 16:19:23,761 - INFO - src.output_manager_p 57 - 
shape: (5, 2)
┌───────────────────┬─────────┐
│ numero_de_cliente ┆ predict │
│ ---               ┆ ---     │
│ i64               ┆ i64     │
╞═══════════════════╪═════════╡
│ 249565688         ┆ 0       │
│ 249596175         ┆ 0       │
│ 249843690         ┆ 0       │
│ 250272786         ┆ 0       │
│ 251050628         ┆ 0       │
└───────────────────┴─────────┘
2025-11-12 16:19:23,762 - INFO - __main__ 144 - === RESUMEN FINAL ===
2025-11-12 16:19:23,762 - INFO - __main__ 145 - ✅ Entrenamiento final completado exitosamente
2025-11-12 16:19:23,762 - INFO - __main__ 146 - 📊 Mejores hiperparámetros utilizados: {'num_iterations': 468, 'num_leaves': 252, 'learning_rate': 0.20024696398405148, 'feature_fraction': 0.43009043393195334, 'min_child_samples': 25, 'max_depth': 7, 'reg_lambda': 7.688795553524534, 'reg_alpha': 3.0303746272597594, 'min_gain_to_split': 4.241735898147374, 'bagging_freq': 1, 'objective': 'binary', 'metric': 'None', 'random_state': 666557}
2025-11-12 16:19:23,762 - INFO - __main__ 147 - 🎯 Períodos de entrenamiento: ['201901', '201902', '201903', '201904', '201905', '201906', '201907', '201908', '201909', '201910', '201911', '201912', '202001', '202002', '202011', '202012', '202101', '202102']
2025-11-12 16:19:23,762 - INFO - __main__ 148 - 🔮 Período de predicción: 202106
2025-11-12 16:19:23,762 - INFO - __main__ 151 - 📁 Archivo de salida: predict/Compe_02_V1_2ob_ss001_20251112_161923.csv
2025-11-12 16:19:23,762 - INFO - __main__ 152 - 📝 Log detallado: /home/guijomter/buckets/b1/Compe_02/logs/log_Compe_02_V1_2ob_ss001_2025-11-12_15-40-16.log
2025-11-12 16:19:23,762 - INFO - __main__ 155 - >>> Ejecución finalizada. Revisar logs para mas detalles.
2025-11-12 16:19:23,854 - INFO - __main__ 164 - Ejecución finalizada.
