2025-10-12 02:19:01,845 - INFO - __main__ 37 - Inicio de ejecucion.
2025-10-12 02:19:01,845 - INFO - __main__ 39 - Número de trials por estudio: 75
2025-10-12 02:19:01,846 - INFO - __name__ 14 - Cargando dataset desde ./data/competencia_01.csv
2025-10-12 02:19:11,876 - INFO - __name__ 17 - Dataset cargado con 978439 filas y 155 columnas
2025-10-12 02:19:11,877 - INFO - __main__ 49 - Archivo de features encontrado: data/df_fe_lgb_optimization_cv_competencia01_l.csv. Cargando desde disco.
2025-10-12 02:20:30,976 - INFO - __main__ 56 - Feature Engineering completado: (978439, 725)
2025-10-12 02:20:37,486 - INFO - __name__ 101 - Conversión completada:
2025-10-12 02:20:37,501 - INFO - __name__ 102 -   Original - CONTINUA: 642830, BAJA+1: 4575, BAJA+2: 3938
2025-10-12 02:20:37,502 - INFO - __name__ 103 -   Binario - 0: 642830, 1: 8513
2025-10-12 02:20:37,502 - INFO - __name__ 104 -   Distribución: 1.31% casos positivos
2025-10-12 02:20:38,918 - INFO - src.optimization_cv 291 - Iniciando optimización con CV - 75 trials
2025-10-12 02:20:38,923 - INFO - src.optimization_cv 292 - Configuración CV: períodos=['202101', '202102', '202103']
2025-10-12 02:21:14,255 - INFO - src.optimization_cv 266 - Trial 0: Ganancia CV = 64,000 ± 0 
2025-10-12 02:21:14,259 - INFO - src.optimization_cv 267 - Trial 0: Mejor iteración en CV: 0 
2025-10-12 02:21:14,271 - INFO - src.optimization_cv 149 - Iteración 0 guardada. Ganancia promedio CV: 64,000 
2025-10-12 02:21:54,863 - INFO - src.optimization_cv 266 - Trial 1: Ganancia CV = 64,000 ± 0 
2025-10-12 02:21:54,865 - INFO - src.optimization_cv 267 - Trial 1: Mejor iteración en CV: 0 
2025-10-12 02:21:54,874 - INFO - src.optimization_cv 149 - Iteración 1 guardada. Ganancia promedio CV: 64,000 
2025-10-12 02:22:44,813 - INFO - src.optimization_cv 266 - Trial 2: Ganancia CV = 64,000 ± 0 
2025-10-12 02:22:44,816 - INFO - src.optimization_cv 267 - Trial 2: Mejor iteración en CV: 0 
2025-10-12 02:22:44,827 - INFO - src.optimization_cv 149 - Iteración 2 guardada. Ganancia promedio CV: 64,000 
2025-10-12 02:23:35,605 - INFO - src.optimization_cv 266 - Trial 3: Ganancia CV = 64,000 ± 0 
2025-10-12 02:23:35,606 - INFO - src.optimization_cv 267 - Trial 3: Mejor iteración en CV: 0 
2025-10-12 02:23:35,615 - INFO - src.optimization_cv 149 - Iteración 3 guardada. Ganancia promedio CV: 64,000 
2025-10-12 02:24:27,308 - INFO - src.optimization_cv 266 - Trial 4: Ganancia CV = 64,000 ± 0 
2025-10-12 02:24:27,311 - INFO - src.optimization_cv 267 - Trial 4: Mejor iteración en CV: 0 
2025-10-12 02:24:27,317 - INFO - src.optimization_cv 149 - Iteración 4 guardada. Ganancia promedio CV: 64,000 
2025-10-12 02:25:20,313 - INFO - src.optimization_cv 266 - Trial 5: Ganancia CV = 64,000 ± 0 
2025-10-12 02:25:20,315 - INFO - src.optimization_cv 267 - Trial 5: Mejor iteración en CV: 0 
2025-10-12 02:25:20,322 - INFO - src.optimization_cv 149 - Iteración 5 guardada. Ganancia promedio CV: 64,000 
2025-10-12 02:26:12,701 - INFO - src.optimization_cv 266 - Trial 6: Ganancia CV = 216,000 ± 0 
2025-10-12 02:26:12,703 - INFO - src.optimization_cv 267 - Trial 6: Mejor iteración en CV: 0 
2025-10-12 02:26:12,710 - INFO - src.optimization_cv 149 - Iteración 6 guardada. Ganancia promedio CV: 216,000 
2025-10-12 02:26:57,606 - INFO - src.optimization_cv 266 - Trial 7: Ganancia CV = 64,000 ± 0 
2025-10-12 02:26:57,608 - INFO - src.optimization_cv 267 - Trial 7: Mejor iteración en CV: 0 
2025-10-12 02:26:57,615 - INFO - src.optimization_cv 149 - Iteración 7 guardada. Ganancia promedio CV: 64,000 
2025-10-12 02:28:20,710 - INFO - src.optimization_cv 266 - Trial 8: Ganancia CV = 120,375,439 ± 38,047,666 
2025-10-12 02:28:20,712 - INFO - src.optimization_cv 267 - Trial 8: Mejor iteración en CV: 220 
2025-10-12 02:28:20,719 - INFO - src.optimization_cv 149 - Iteración 8 guardada. Ganancia promedio CV: 120,375,439 
2025-10-12 02:29:25,721 - INFO - src.optimization_cv 266 - Trial 9: Ganancia CV = 64,000 ± 0 
2025-10-12 02:29:25,723 - INFO - src.optimization_cv 267 - Trial 9: Mejor iteración en CV: 0 
2025-10-12 02:29:25,734 - INFO - src.optimization_cv 149 - Iteración 9 guardada. Ganancia promedio CV: 64,000 
2025-10-12 02:30:58,121 - INFO - src.optimization_cv 266 - Trial 10: Ganancia CV = 96,620,816 ± 31,409,456 
2025-10-12 02:30:58,124 - INFO - src.optimization_cv 267 - Trial 10: Mejor iteración en CV: 151 
2025-10-12 02:30:58,134 - INFO - src.optimization_cv 149 - Iteración 10 guardada. Ganancia promedio CV: 96,620,816 
2025-10-12 02:32:45,174 - INFO - src.optimization_cv 266 - Trial 11: Ganancia CV = 96,473,444 ± 29,128,690 
2025-10-12 02:32:45,176 - INFO - src.optimization_cv 267 - Trial 11: Mejor iteración en CV: 143 
2025-10-12 02:32:45,184 - INFO - src.optimization_cv 149 - Iteración 11 guardada. Ganancia promedio CV: 96,473,444 
2025-10-12 02:34:50,801 - INFO - src.optimization_cv 266 - Trial 12: Ganancia CV = 119,252,729 ± 35,180,781 
2025-10-12 02:34:50,803 - INFO - src.optimization_cv 267 - Trial 12: Mejor iteración en CV: 328 
2025-10-12 02:34:50,814 - INFO - src.optimization_cv 149 - Iteración 12 guardada. Ganancia promedio CV: 119,252,729 
2025-10-12 02:36:17,720 - INFO - src.optimization_cv 266 - Trial 13: Ganancia CV = 104,504,944 ± 45,442,456 
2025-10-12 02:36:17,724 - INFO - src.optimization_cv 267 - Trial 13: Mejor iteración en CV: 143 
2025-10-12 02:36:17,734 - INFO - src.optimization_cv 149 - Iteración 13 guardada. Ganancia promedio CV: 104,504,944 
2025-10-12 02:37:04,475 - INFO - src.optimization_cv 266 - Trial 14: Ganancia CV = 64,000 ± 0 
2025-10-12 02:37:04,477 - INFO - src.optimization_cv 267 - Trial 14: Mejor iteración en CV: 0 
2025-10-12 02:37:04,490 - INFO - src.optimization_cv 149 - Iteración 14 guardada. Ganancia promedio CV: 64,000 
2025-10-12 02:37:57,982 - INFO - src.optimization_cv 266 - Trial 15: Ganancia CV = 19,246,353 ± 10,626,834 
2025-10-12 02:37:57,985 - INFO - src.optimization_cv 267 - Trial 15: Mejor iteración en CV: 33 
2025-10-12 02:37:57,997 - INFO - src.optimization_cv 149 - Iteración 15 guardada. Ganancia promedio CV: 19,246,353 
2025-10-12 02:38:46,843 - INFO - src.optimization_cv 266 - Trial 16: Ganancia CV = 6,104,500 ± 3,648,988 
2025-10-12 02:38:46,846 - INFO - src.optimization_cv 267 - Trial 16: Mejor iteración en CV: 23 
2025-10-12 02:38:46,859 - INFO - src.optimization_cv 149 - Iteración 16 guardada. Ganancia promedio CV: 6,104,500 
2025-10-12 02:39:36,453 - INFO - src.optimization_cv 266 - Trial 17: Ganancia CV = 95,884,622 ± 52,296,398 
2025-10-12 02:39:36,455 - INFO - src.optimization_cv 267 - Trial 17: Mejor iteración en CV: 44 
2025-10-12 02:39:36,468 - INFO - src.optimization_cv 149 - Iteración 17 guardada. Ganancia promedio CV: 95,884,622 
2025-10-12 02:40:27,279 - INFO - src.optimization_cv 266 - Trial 18: Ganancia CV = 64,000 ± 0 
2025-10-12 02:40:27,283 - INFO - src.optimization_cv 267 - Trial 18: Mejor iteración en CV: 0 
2025-10-12 02:40:27,295 - INFO - src.optimization_cv 149 - Iteración 18 guardada. Ganancia promedio CV: 64,000 
2025-10-12 02:42:05,845 - INFO - src.optimization_cv 266 - Trial 19: Ganancia CV = 123,149,107 ± 38,373,954 
2025-10-12 02:42:05,848 - INFO - src.optimization_cv 267 - Trial 19: Mejor iteración en CV: 158 
2025-10-12 02:42:05,863 - INFO - src.optimization_cv 149 - Iteración 19 guardada. Ganancia promedio CV: 123,149,107 
2025-10-12 02:43:07,240 - INFO - src.optimization_cv 266 - Trial 20: Ganancia CV = 35,660,000 ± 35,444,000 
2025-10-12 02:43:07,243 - INFO - src.optimization_cv 267 - Trial 20: Mejor iteración en CV: 1 
2025-10-12 02:43:07,259 - INFO - src.optimization_cv 149 - Iteración 20 guardada. Ganancia promedio CV: 35,660,000 
2025-10-12 02:44:56,075 - INFO - src.optimization_cv 266 - Trial 21: Ganancia CV = 94,706,072 ± 46,580,791 
2025-10-12 02:44:56,078 - INFO - src.optimization_cv 267 - Trial 21: Mejor iteración en CV: 82 
2025-10-12 02:44:56,091 - INFO - src.optimization_cv 149 - Iteración 21 guardada. Ganancia promedio CV: 94,706,072 
2025-10-12 02:45:45,252 - INFO - src.optimization_cv 266 - Trial 22: Ganancia CV = 64,000 ± 0 
2025-10-12 02:45:45,255 - INFO - src.optimization_cv 267 - Trial 22: Mejor iteración en CV: 0 
2025-10-12 02:45:45,269 - INFO - src.optimization_cv 149 - Iteración 22 guardada. Ganancia promedio CV: 64,000 
2025-10-12 02:46:30,452 - INFO - src.optimization_cv 266 - Trial 23: Ganancia CV = 64,000 ± 0 
2025-10-12 02:46:30,455 - INFO - src.optimization_cv 267 - Trial 23: Mejor iteración en CV: 0 
2025-10-12 02:46:30,470 - INFO - src.optimization_cv 149 - Iteración 23 guardada. Ganancia promedio CV: 64,000 
2025-10-12 02:48:22,043 - INFO - src.optimization_cv 266 - Trial 24: Ganancia CV = 81,298,278 ± 46,439,949 
2025-10-12 02:48:22,047 - INFO - src.optimization_cv 267 - Trial 24: Mejor iteración en CV: 71 
2025-10-12 02:48:22,060 - INFO - src.optimization_cv 149 - Iteración 24 guardada. Ganancia promedio CV: 81,298,278 
2025-10-12 02:49:07,334 - INFO - src.optimization_cv 266 - Trial 25: Ganancia CV = 64,000 ± 0 
2025-10-12 02:49:07,336 - INFO - src.optimization_cv 267 - Trial 25: Mejor iteración en CV: 0 
2025-10-12 02:49:07,349 - INFO - src.optimization_cv 149 - Iteración 25 guardada. Ganancia promedio CV: 64,000 
2025-10-12 02:50:18,732 - INFO - src.optimization_cv 266 - Trial 26: Ganancia CV = 74,248,550 ± 25,083,792 
2025-10-12 02:50:18,736 - INFO - src.optimization_cv 267 - Trial 26: Mejor iteración en CV: 217 
2025-10-12 02:50:18,749 - INFO - src.optimization_cv 149 - Iteración 26 guardada. Ganancia promedio CV: 74,248,550 
2025-10-12 02:53:39,511 - INFO - src.optimization_cv 266 - Trial 27: Ganancia CV = 148,601,812 ± 21,386,280 
2025-10-12 02:53:39,514 - INFO - src.optimization_cv 267 - Trial 27: Mejor iteración en CV: 191 
2025-10-12 02:53:39,526 - INFO - src.optimization_cv 149 - Iteración 27 guardada. Ganancia promedio CV: 148,601,812 
2025-10-12 02:55:52,392 - INFO - src.optimization_cv 266 - Trial 28: Ganancia CV = 139,692,894 ± 28,627,794 
2025-10-12 02:55:52,398 - INFO - src.optimization_cv 267 - Trial 28: Mejor iteración en CV: 160 
2025-10-12 02:55:52,416 - INFO - src.optimization_cv 149 - Iteración 28 guardada. Ganancia promedio CV: 139,692,894 
2025-10-12 02:58:17,865 - INFO - src.optimization_cv 266 - Trial 29: Ganancia CV = 140,015,126 ± 24,795,014 
2025-10-12 02:58:17,869 - INFO - src.optimization_cv 267 - Trial 29: Mejor iteración en CV: 118 
2025-10-12 02:58:17,886 - INFO - src.optimization_cv 149 - Iteración 29 guardada. Ganancia promedio CV: 140,015,126 
2025-10-12 03:00:17,397 - INFO - src.optimization_cv 266 - Trial 30: Ganancia CV = 145,649,354 ± 19,242,107 
2025-10-12 03:00:17,401 - INFO - src.optimization_cv 267 - Trial 30: Mejor iteración en CV: 129 
2025-10-12 03:00:17,417 - INFO - src.optimization_cv 149 - Iteración 30 guardada. Ganancia promedio CV: 145,649,354 
2025-10-12 03:01:55,683 - INFO - src.optimization_cv 266 - Trial 31: Ganancia CV = 142,024,227 ± 20,823,222 
2025-10-12 03:01:55,687 - INFO - src.optimization_cv 267 - Trial 31: Mejor iteración en CV: 87 
2025-10-12 03:01:55,704 - INFO - src.optimization_cv 149 - Iteración 31 guardada. Ganancia promedio CV: 142,024,227 
2025-10-12 03:03:12,840 - INFO - src.optimization_cv 266 - Trial 32: Ganancia CV = 147,454,836 ± 21,340,823 
2025-10-12 03:03:12,844 - INFO - src.optimization_cv 267 - Trial 32: Mejor iteración en CV: 54 
2025-10-12 03:03:12,862 - INFO - src.optimization_cv 149 - Iteración 32 guardada. Ganancia promedio CV: 147,454,836 
2025-10-12 03:04:23,121 - INFO - src.optimization_cv 266 - Trial 33: Ganancia CV = 149,410,250 ± 19,634,249 
2025-10-12 03:04:23,126 - INFO - src.optimization_cv 267 - Trial 33: Mejor iteración en CV: 63 
2025-10-12 03:04:23,145 - INFO - src.optimization_cv 149 - Iteración 33 guardada. Ganancia promedio CV: 149,410,250 
2025-10-12 03:05:26,130 - INFO - src.optimization_cv 266 - Trial 34: Ganancia CV = 149,893,161 ± 20,345,715 
2025-10-12 03:05:26,134 - INFO - src.optimization_cv 267 - Trial 34: Mejor iteración en CV: 61 
2025-10-12 03:05:26,150 - INFO - src.optimization_cv 149 - Iteración 34 guardada. Ganancia promedio CV: 149,893,161 
2025-10-12 03:06:26,243 - INFO - src.optimization_cv 266 - Trial 35: Ganancia CV = 150,331,927 ± 21,526,357 
2025-10-12 03:06:26,247 - INFO - src.optimization_cv 267 - Trial 35: Mejor iteración en CV: 54 
2025-10-12 03:06:26,265 - INFO - src.optimization_cv 149 - Iteración 35 guardada. Ganancia promedio CV: 150,331,927 
2025-10-12 03:07:15,676 - INFO - src.optimization_cv 266 - Trial 36: Ganancia CV = 29,090,000 ± 28,874,000 
2025-10-12 03:07:15,680 - INFO - src.optimization_cv 267 - Trial 36: Mejor iteración en CV: 1 
2025-10-12 03:07:15,699 - INFO - src.optimization_cv 149 - Iteración 36 guardada. Ganancia promedio CV: 29,090,000 
2025-10-12 03:08:54,935 - INFO - src.optimization_cv 266 - Trial 37: Ganancia CV = 132,728,140 ± 18,722,934 
2025-10-12 03:08:54,939 - INFO - src.optimization_cv 267 - Trial 37: Mejor iteración en CV: 113 
2025-10-12 03:08:54,956 - INFO - src.optimization_cv 149 - Iteración 37 guardada. Ganancia promedio CV: 132,728,140 
2025-10-12 03:09:48,503 - INFO - src.optimization_cv 266 - Trial 38: Ganancia CV = 44,478,000 ± 44,262,000 
2025-10-12 03:09:48,507 - INFO - src.optimization_cv 267 - Trial 38: Mejor iteración en CV: 1 
2025-10-12 03:09:48,525 - INFO - src.optimization_cv 149 - Iteración 38 guardada. Ganancia promedio CV: 44,478,000 
2025-10-12 03:10:31,082 - INFO - src.optimization_cv 266 - Trial 39: Ganancia CV = 64,000 ± 0 
2025-10-12 03:10:31,087 - INFO - src.optimization_cv 267 - Trial 39: Mejor iteración en CV: 0 
2025-10-12 03:10:31,108 - INFO - src.optimization_cv 149 - Iteración 39 guardada. Ganancia promedio CV: 64,000 
2025-10-12 03:11:14,053 - INFO - src.optimization_cv 266 - Trial 40: Ganancia CV = 64,000 ± 0 
2025-10-12 03:11:14,058 - INFO - src.optimization_cv 267 - Trial 40: Mejor iteración en CV: 0 
2025-10-12 03:11:14,076 - INFO - src.optimization_cv 149 - Iteración 40 guardada. Ganancia promedio CV: 64,000 
2025-10-12 03:12:07,243 - INFO - src.optimization_cv 266 - Trial 41: Ganancia CV = 141,010,759 ± 27,612,637 
2025-10-12 03:12:07,247 - INFO - src.optimization_cv 267 - Trial 41: Mejor iteración en CV: 28 
2025-10-12 03:12:07,265 - INFO - src.optimization_cv 149 - Iteración 41 guardada. Ganancia promedio CV: 141,010,759 
2025-10-12 03:12:58,120 - INFO - src.optimization_cv 266 - Trial 42: Ganancia CV = 41,002,000 ± 40,786,000 
2025-10-12 03:12:58,124 - INFO - src.optimization_cv 267 - Trial 42: Mejor iteración en CV: 1 
2025-10-12 03:12:58,142 - INFO - src.optimization_cv 149 - Iteración 42 guardada. Ganancia promedio CV: 41,002,000 
2025-10-12 03:14:06,547 - INFO - src.optimization_cv 266 - Trial 43: Ganancia CV = 151,568,295 ± 16,984,802 
2025-10-12 03:14:06,551 - INFO - src.optimization_cv 267 - Trial 43: Mejor iteración en CV: 94 
2025-10-12 03:14:06,572 - INFO - src.optimization_cv 149 - Iteración 43 guardada. Ganancia promedio CV: 151,568,295 
2025-10-12 03:14:51,888 - INFO - src.optimization_cv 266 - Trial 44: Ganancia CV = 35,992,000 ± 35,776,000 
2025-10-12 03:14:51,892 - INFO - src.optimization_cv 267 - Trial 44: Mejor iteración en CV: 1 
2025-10-12 03:14:51,909 - INFO - src.optimization_cv 149 - Iteración 44 guardada. Ganancia promedio CV: 35,992,000 
2025-10-12 03:16:23,639 - INFO - src.optimization_cv 266 - Trial 45: Ganancia CV = 144,876,414 ± 22,628,693 
2025-10-12 03:16:23,644 - INFO - src.optimization_cv 267 - Trial 45: Mejor iteración en CV: 57 
2025-10-12 03:16:23,662 - INFO - src.optimization_cv 149 - Iteración 45 guardada. Ganancia promedio CV: 144,876,414 
2025-10-12 03:17:34,747 - INFO - src.optimization_cv 266 - Trial 46: Ganancia CV = 153,649,730 ± 17,314,898 
2025-10-12 03:17:34,751 - INFO - src.optimization_cv 267 - Trial 46: Mejor iteración en CV: 110 
2025-10-12 03:17:34,771 - INFO - src.optimization_cv 149 - Iteración 46 guardada. Ganancia promedio CV: 153,649,730 
2025-10-12 03:18:41,927 - INFO - src.optimization_cv 266 - Trial 47: Ganancia CV = 149,399,312 ± 18,167,843 
2025-10-12 03:18:41,931 - INFO - src.optimization_cv 267 - Trial 47: Mejor iteración en CV: 92 
2025-10-12 03:18:41,951 - INFO - src.optimization_cv 149 - Iteración 47 guardada. Ganancia promedio CV: 149,399,312 
2025-10-12 03:19:32,084 - INFO - src.optimization_cv 266 - Trial 48: Ganancia CV = 27,896,000 ± 27,732,000 
2025-10-12 03:19:32,087 - INFO - src.optimization_cv 267 - Trial 48: Mejor iteración en CV: 1 
2025-10-12 03:19:32,108 - INFO - src.optimization_cv 149 - Iteración 48 guardada. Ganancia promedio CV: 27,896,000 
2025-10-12 03:20:20,163 - INFO - src.optimization_cv 266 - Trial 49: Ganancia CV = 14,534,000 ± 14,521,736 
2025-10-12 03:20:20,167 - INFO - src.optimization_cv 267 - Trial 49: Mejor iteración en CV: 3 
2025-10-12 03:20:20,187 - INFO - src.optimization_cv 149 - Iteración 49 guardada. Ganancia promedio CV: 14,534,000 
2025-10-12 03:22:00,382 - INFO - src.optimization_cv 266 - Trial 50: Ganancia CV = 140,640,596 ± 22,245,592 
2025-10-12 03:22:00,387 - INFO - src.optimization_cv 267 - Trial 50: Mejor iteración en CV: 140 
2025-10-12 03:22:00,406 - INFO - src.optimization_cv 149 - Iteración 50 guardada. Ganancia promedio CV: 140,640,596 
2025-10-12 03:23:13,557 - INFO - src.optimization_cv 266 - Trial 51: Ganancia CV = 150,884,495 ± 17,310,086 
2025-10-12 03:23:13,561 - INFO - src.optimization_cv 267 - Trial 51: Mejor iteración en CV: 96 
2025-10-12 03:23:13,582 - INFO - src.optimization_cv 149 - Iteración 51 guardada. Ganancia promedio CV: 150,884,495 
2025-10-12 03:24:27,866 - INFO - src.optimization_cv 266 - Trial 52: Ganancia CV = 154,713,585 ± 16,518,042 
2025-10-12 03:24:27,871 - INFO - src.optimization_cv 267 - Trial 52: Mejor iteración en CV: 105 
2025-10-12 03:24:27,889 - INFO - src.optimization_cv 149 - Iteración 52 guardada. Ganancia promedio CV: 154,713,585 
2025-10-12 03:25:36,214 - INFO - src.optimization_cv 266 - Trial 53: Ganancia CV = 147,690,049 ± 24,115,724 
2025-10-12 03:25:36,218 - INFO - src.optimization_cv 267 - Trial 53: Mejor iteración en CV: 40 
2025-10-12 03:25:36,237 - INFO - src.optimization_cv 149 - Iteración 53 guardada. Ganancia promedio CV: 147,690,049 
2025-10-12 03:26:23,297 - INFO - src.optimization_cv 266 - Trial 54: Ganancia CV = 64,000 ± 0 
2025-10-12 03:26:23,303 - INFO - src.optimization_cv 267 - Trial 54: Mejor iteración en CV: 0 
2025-10-12 03:26:23,325 - INFO - src.optimization_cv 149 - Iteración 54 guardada. Ganancia promedio CV: 64,000 
2025-10-12 03:27:04,564 - INFO - src.optimization_cv 266 - Trial 55: Ganancia CV = 64,000 ± 0 
2025-10-12 03:27:04,569 - INFO - src.optimization_cv 267 - Trial 55: Mejor iteración en CV: 0 
2025-10-12 03:27:04,590 - INFO - src.optimization_cv 149 - Iteración 55 guardada. Ganancia promedio CV: 64,000 
2025-10-12 03:28:57,971 - INFO - src.optimization_cv 266 - Trial 56: Ganancia CV = 147,538,464 ± 21,964,455 
2025-10-12 03:28:57,976 - INFO - src.optimization_cv 267 - Trial 56: Mejor iteración en CV: 150 
2025-10-12 03:28:57,995 - INFO - src.optimization_cv 149 - Iteración 56 guardada. Ganancia promedio CV: 147,538,464 
2025-10-12 03:30:07,577 - INFO - src.optimization_cv 266 - Trial 57: Ganancia CV = 141,335,495 ± 32,191,425 
2025-10-12 03:30:07,582 - INFO - src.optimization_cv 267 - Trial 57: Mejor iteración en CV: 102 
2025-10-12 03:30:07,602 - INFO - src.optimization_cv 149 - Iteración 57 guardada. Ganancia promedio CV: 141,335,495 
2025-10-12 03:30:57,932 - INFO - src.optimization_cv 266 - Trial 58: Ganancia CV = 50,076,000 ± 49,860,000 
2025-10-12 03:30:57,937 - INFO - src.optimization_cv 267 - Trial 58: Mejor iteración en CV: 1 
2025-10-12 03:30:57,958 - INFO - src.optimization_cv 149 - Iteración 58 guardada. Ganancia promedio CV: 50,076,000 
2025-10-12 03:31:43,846 - INFO - src.optimization_cv 266 - Trial 59: Ganancia CV = 64,000 ± 0 
2025-10-12 03:31:43,851 - INFO - src.optimization_cv 267 - Trial 59: Mejor iteración en CV: 0 
2025-10-12 03:31:43,873 - INFO - src.optimization_cv 149 - Iteración 59 guardada. Ganancia promedio CV: 64,000 
2025-10-12 03:32:27,387 - INFO - src.optimization_cv 266 - Trial 60: Ganancia CV = 3,164,000 ± 2,948,000 
2025-10-12 03:32:27,391 - INFO - src.optimization_cv 267 - Trial 60: Mejor iteración en CV: 1 
2025-10-12 03:32:27,413 - INFO - src.optimization_cv 149 - Iteración 60 guardada. Ganancia promedio CV: 3,164,000 
2025-10-12 03:33:29,901 - INFO - src.optimization_cv 266 - Trial 61: Ganancia CV = 147,391,818 ± 23,336,983 
2025-10-12 03:33:29,905 - INFO - src.optimization_cv 267 - Trial 61: Mejor iteración en CV: 43 
2025-10-12 03:33:29,926 - INFO - src.optimization_cv 149 - Iteración 61 guardada. Ganancia promedio CV: 147,391,818 
2025-10-12 03:34:32,977 - INFO - src.optimization_cv 266 - Trial 62: Ganancia CV = 148,005,895 ± 20,961,429 
2025-10-12 03:34:32,982 - INFO - src.optimization_cv 267 - Trial 62: Mejor iteración en CV: 56 
2025-10-12 03:34:33,005 - INFO - src.optimization_cv 149 - Iteración 62 guardada. Ganancia promedio CV: 148,005,895 
2025-10-12 03:35:23,685 - INFO - src.optimization_cv 266 - Trial 63: Ganancia CV = 64,000 ± 0 
2025-10-12 03:35:23,691 - INFO - src.optimization_cv 267 - Trial 63: Mejor iteración en CV: 0 
2025-10-12 03:35:23,714 - INFO - src.optimization_cv 149 - Iteración 63 guardada. Ganancia promedio CV: 64,000 
2025-10-12 03:36:09,814 - INFO - src.optimization_cv 266 - Trial 64: Ganancia CV = 64,000 ± 0 
2025-10-12 03:36:09,820 - INFO - src.optimization_cv 267 - Trial 64: Mejor iteración en CV: 0 
2025-10-12 03:36:09,846 - INFO - src.optimization_cv 149 - Iteración 64 guardada. Ganancia promedio CV: 64,000 
2025-10-12 03:36:59,334 - INFO - src.optimization_cv 266 - Trial 65: Ganancia CV = 216,000 ± 0 
2025-10-12 03:36:59,338 - INFO - src.optimization_cv 267 - Trial 65: Mejor iteración en CV: 0 
2025-10-12 03:36:59,357 - INFO - src.optimization_cv 149 - Iteración 65 guardada. Ganancia promedio CV: 216,000 
2025-10-12 03:38:11,241 - INFO - src.optimization_cv 266 - Trial 66: Ganancia CV = 133,378,137 ± 27,286,675 
2025-10-12 03:38:11,245 - INFO - src.optimization_cv 267 - Trial 66: Mejor iteración en CV: 130 
2025-10-12 03:38:11,268 - INFO - src.optimization_cv 149 - Iteración 66 guardada. Ganancia promedio CV: 133,378,137 
2025-10-12 03:39:02,998 - INFO - src.optimization_cv 266 - Trial 67: Ganancia CV = 14,920,000 ± 14,100,000 
2025-10-12 03:39:03,003 - INFO - src.optimization_cv 267 - Trial 67: Mejor iteración en CV: 1 
2025-10-12 03:39:03,024 - INFO - src.optimization_cv 149 - Iteración 67 guardada. Ganancia promedio CV: 14,920,000 
2025-10-12 03:40:03,278 - INFO - src.optimization_cv 266 - Trial 68: Ganancia CV = 121,445,901 ± 21,914,011 
2025-10-12 03:40:03,282 - INFO - src.optimization_cv 267 - Trial 68: Mejor iteración en CV: 140 
2025-10-12 03:40:03,305 - INFO - src.optimization_cv 149 - Iteración 68 guardada. Ganancia promedio CV: 121,445,901 
2025-10-12 03:41:07,033 - INFO - src.optimization_cv 266 - Trial 69: Ganancia CV = 153,387,633 ± 19,703,192 
2025-10-12 03:41:07,038 - INFO - src.optimization_cv 267 - Trial 69: Mejor iteración en CV: 97 
2025-10-12 03:41:07,060 - INFO - src.optimization_cv 149 - Iteración 69 guardada. Ganancia promedio CV: 153,387,633 
2025-10-12 03:42:19,158 - INFO - src.optimization_cv 266 - Trial 70: Ganancia CV = 137,505,322 ± 26,387,043 
2025-10-12 03:42:19,163 - INFO - src.optimization_cv 267 - Trial 70: Mejor iteración en CV: 120 
2025-10-12 03:42:19,184 - INFO - src.optimization_cv 149 - Iteración 70 guardada. Ganancia promedio CV: 137,505,322 
2025-10-12 03:43:37,687 - INFO - src.optimization_cv 266 - Trial 71: Ganancia CV = 149,793,275 ± 19,613,144 
2025-10-12 03:43:37,693 - INFO - src.optimization_cv 267 - Trial 71: Mejor iteración en CV: 68 
2025-10-12 03:43:37,720 - INFO - src.optimization_cv 149 - Iteración 71 guardada. Ganancia promedio CV: 149,793,275 
2025-10-12 03:44:57,498 - INFO - src.optimization_cv 266 - Trial 72: Ganancia CV = 146,458,783 ± 19,921,801 
2025-10-12 03:44:57,502 - INFO - src.optimization_cv 267 - Trial 72: Mejor iteración en CV: 114 
2025-10-12 03:44:57,525 - INFO - src.optimization_cv 149 - Iteración 72 guardada. Ganancia promedio CV: 146,458,783 
2025-10-12 03:46:08,962 - INFO - src.optimization_cv 266 - Trial 73: Ganancia CV = 150,818,667 ± 18,174,460 
2025-10-12 03:46:08,968 - INFO - src.optimization_cv 267 - Trial 73: Mejor iteración en CV: 92 
2025-10-12 03:46:08,991 - INFO - src.optimization_cv 149 - Iteración 73 guardada. Ganancia promedio CV: 150,818,667 
2025-10-12 03:47:13,875 - INFO - src.optimization_cv 266 - Trial 74: Ganancia CV = 146,749,189 ± 19,393,989 
2025-10-12 03:47:13,880 - INFO - src.optimization_cv 267 - Trial 74: Mejor iteración en CV: 73 
2025-10-12 03:47:13,903 - INFO - src.optimization_cv 149 - Iteración 74 guardada. Ganancia promedio CV: 146,749,189 
2025-10-12 03:47:14,637 - INFO - src.optimization_cv 305 - === OPTIMIZACIÓN CON CV COMPLETADA ===
2025-10-12 03:47:14,655 - INFO - src.optimization_cv 306 - Número de trials completados: 75
2025-10-12 03:47:14,655 - INFO - src.optimization_cv 307 - Mejor ganancia promedio = 154,713,585
2025-10-12 03:47:14,656 - INFO - src.optimization_cv 308 - Mejores parámetros: {'num_iterations': 844, 'num_leaves': 272, 'learning_rate': 0.10013019702598346, 'feature_fraction': 0.5859297600103615, 'bagging_fraction': 0.2089774954325621, 'min_child_samples': 29, 'max_depth': 10, 'reg_lambda': 1.634368536567913, 'reg_alpha': 2.591381940083626, 'min_gain_to_split': 4.10868687763755}
2025-10-12 03:47:14,658 - INFO - __main__ 68 - === ANÁLISIS DE RESULTADOS ===
2025-10-12 03:47:14,777 - INFO - __main__ 72 - Top 5 mejores trials:
2025-10-12 03:47:14,783 - INFO - __main__ 74 -   Trial 52: 154,713,585
2025-10-12 03:47:14,784 - INFO - __main__ 74 -   Trial 46: 153,649,730
2025-10-12 03:47:14,784 - INFO - __main__ 74 -   Trial 69: 153,387,633
2025-10-12 03:47:14,785 - INFO - __main__ 74 -   Trial 43: 151,568,295
2025-10-12 03:47:14,785 - INFO - __main__ 74 -   Trial 51: 150,884,495
2025-10-12 03:47:14,785 - INFO - __main__ 76 - === OPTIMIZACIÓN COMPLETADA ===
2025-10-12 03:47:14,785 - INFO - __main__ 79 - === EVALUACIÓN EN CONJUNTO DE TEST ===
2025-10-12 03:47:14,789 - ERROR - src.best_params 61 - Error al cargar mejores hiperparámetros: name 'mejores_parms' is not defined
