2025-11-12 03:26:12,692 - INFO - __main__ 158 - Script iniciado directamente.
2025-11-12 03:26:12,692 - INFO - __main__ 46 - Inicio de ejecucion.
2025-11-12 03:26:12,692 - INFO - __main__ 48 - Número de trials por estudio: 50
2025-11-12 03:26:16,505 - INFO - __main__ 71 - Archivo de features no encontrado
2025-11-12 03:26:16,505 - INFO - __main__ 74 - Cargando datos desde GCS: gs://guijomter_bukito3/Compe_02/datasets/competencia_02.csv
2025-11-12 03:26:16,506 - INFO - src.loader_p 22 - Descargando dataset desde gs://guijomter_bukito3/Compe_02/datasets/competencia_02.csv a /tmp/tmpfr08li0g.csv
2025-11-12 03:27:07,640 - INFO - src.loader_p 30 - Dataset descargado. Cargando en polars...
2025-11-12 03:27:15,698 - INFO - src.loader_p 35 - Dataset cargado con 4717958 filas y 155 columnas
2025-11-12 03:27:15,698 - INFO - __main__ 77 - Ejecutando feature engineering.
2025-11-12 03:27:15,698 - INFO - src.features_p 693 - Iniciando pipeline de 5 etapas...
2025-11-12 03:27:15,699 - INFO - src.features_p 700 - --- Ejecutando etapa: fe_orden_1 ---
2025-11-12 03:27:15,729 - INFO - src.features_p 128 - Realizando feature engineering con ranking normalizado para 1 atributos
2025-11-12 03:27:38,214 - INFO - src.features_p 149 - Feature engineering completado. DataFrame resultante con 156 columnas
2025-11-12 03:27:38,214 - INFO - src.features_p 658 - Operación 'rank' aplicada. Nuevas columnas generadas.
2025-11-12 03:27:38,214 - INFO - src.features_p 379 - Realizando feature engineering de sumas para 35 combinaciones
2025-11-12 03:27:53,989 - INFO - src.features_p 416 - Feature engineering de sumas completado. DataFrame resultante con 191 columnas
2025-11-12 03:27:53,989 - INFO - src.features_p 519 - Realizando feature engineering de 'is_negative' para 1 atributos
2025-11-12 03:28:05,356 - INFO - src.features_p 542 - Feature engineering de 'is_negative' completado. DataFrame resultante con 192 columnas
2025-11-12 03:28:05,357 - INFO - src.features_p 677 - Operación 'is_negative' aplicada. Nuevas columnas generadas.
2025-11-12 03:28:05,357 - INFO - src.features_p 473 - Realizando feature engineering de 'greatest' (máximo entre columnas) para 3 grupos
2025-11-12 03:28:17,407 - INFO - src.features_p 510 - Feature engineering de 'greatest' completado. DataFrame resultante con 195 columnas
2025-11-12 03:28:17,407 - INFO - src.features_p 427 - Realizando feature engineering de restas para 2 combinaciones
2025-11-12 03:28:28,842 - INFO - src.features_p 464 - Feature engineering de restas completado. DataFrame resultante con 197 columnas
2025-11-12 03:28:28,842 - INFO - src.features_p 275 - Realizando feature engineering de cambio categórico con 2 lags para 13 atributos
2025-11-12 03:28:56,544 - INFO - src.features_p 301 - Feature engineering de cambio categórico completado. DataFrame resultante con 223 columnas
2025-11-12 03:28:56,545 - INFO - src.features_p 674 - Operación 'cambio_estado' aplicada. Nuevas columnas generadas.
2025-11-12 03:28:56,545 - INFO - src.features_p 338 - Realizando feature engineering de slope (tendencia) de últimos 4 meses para 1 atributos
2025-11-12 03:29:20,397 - INFO - src.features_p 370 - Feature engineering de slope completado. DataFrame resultante con 224 columnas
2025-11-12 03:29:20,398 - INFO - src.features_p 670 - Operación 'slope' aplicada. Nuevas columnas generadas.
2025-11-12 03:29:20,398 - INFO - src.features_p 15 - Realizando feature engineering con 3 lags para 136 atributos
2025-11-12 03:29:20,400 - WARNING - src.features_p 27 - El atributo mtarjeta_visa_debitos_automaticos no existe en el DataFrame
2025-11-12 03:30:18,375 - INFO - src.features_p 39 - Feature engineering completado. DataFrame resultante con 629 columnas
2025-11-12 03:30:18,376 - INFO - src.features_p 648 - Operación 'lag' aplicada. Nuevas columnas generadas.
2025-11-12 03:30:18,376 - INFO - src.features_p 45 - Realizando feature engineering de delta lag con 3 lags para 136 atributos
2025-11-12 03:30:18,382 - WARNING - src.features_p 60 - El atributo mtarjeta_visa_debitos_automaticos no existe en el DataFrame
2025-11-12 03:33:40,165 - INFO - src.features_p 70 - Feature engineering de delta lag completado. DataFrame resultante con 1034 columnas
2025-11-12 03:33:40,168 - INFO - src.features_p 652 - Operación 'delta_lag' aplicada. Nuevas columnas generadas.
2025-11-12 03:33:40,168 - INFO - src.features_p 704 - Etapa 'fe_orden_1' completada. Shape actual: (4717958, 1034)
2025-11-12 03:33:40,168 - INFO - src.features_p 700 - --- Ejecutando etapa: fe_orden_2 ---
2025-11-12 03:33:40,198 - INFO - src.features_p 379 - Realizando feature engineering de sumas para 5 combinaciones
2025-11-12 03:35:06,007 - INFO - src.features_p 416 - Feature engineering de sumas completado. DataFrame resultante con 1039 columnas
2025-11-12 03:35:06,007 - INFO - src.features_p 519 - Realizando feature engineering de 'is_negative' para 3 atributos
