2025-10-27 20:56:30,406 - INFO - __main__ 37 - Inicio de ejecucion.
2025-10-27 20:56:30,407 - INFO - __main__ 39 - Número de trials por estudio: 75
2025-10-27 20:56:30,408 - INFO - __name__ 14 - Cargando dataset desde ./data/competencia_01.csv
2025-10-27 20:56:41,171 - INFO - __name__ 17 - Dataset cargado con 978439 filas y 155 columnas
2025-10-27 20:56:41,172 - INFO - __main__ 49 - Archivo de features encontrado: data/df_fe_lgb_optimization_cv_competencia01_l.csv. Cargando desde disco.
2025-10-27 20:58:20,219 - INFO - __main__ 56 - Feature Engineering completado: (978439, 725)
2025-10-27 20:58:30,520 - INFO - __name__ 101 - Conversión completada:
2025-10-27 20:58:30,530 - INFO - __name__ 102 -   Original - CONTINUA: 642830, BAJA+1: 4575, BAJA+2: 3938
2025-10-27 20:58:30,531 - INFO - __name__ 103 -   Binario - 0: 642830, 1: 8513
2025-10-27 20:58:30,532 - INFO - __name__ 104 -   Distribución: 1.31% casos positivos
2025-10-27 20:58:31,536 - INFO - src.best_params 49 - Mejores hiperparámetros cargados desde resultados/lgb_optimization_cv_competencia01_l_iteraciones.json
2025-10-27 20:58:31,538 - INFO - src.best_params 50 - Mejor ganancia encontrada: 154,713,585
2025-10-27 20:58:31,538 - INFO - src.best_params 51 - Trial número: 52
2025-10-27 20:58:31,540 - INFO - src.best_params 52 - Parámetros: {'num_iterations': 844, 'num_leaves': 272, 'learning_rate': 0.10013019702598346, 'feature_fraction': 0.5859297600103615, 'bagging_fraction': 1.0, 'min_child_samples': 29, 'max_depth': 10, 'reg_lambda': 1.634368536567913, 'reg_alpha': 2.591381940083626, 'min_gain_to_split': 4.10868687763755, 'scale_pos_weight': 97, 'pos_bagging_fraction': 1.0, 'neg_bagging_fraction': 0.01, 'bagging_freq': 1, 'objective': 'binary', 'metric': 'None', 'random_state': 839071}
2025-10-27 20:58:31,554 - INFO - __main__ 97 - === ENTRENAMIENTO FINAL ===
2025-10-27 20:58:31,554 - INFO - __main__ 98 - Preparar datos para entrenamiento final
2025-10-27 20:58:31,555 - INFO - src.final_training 421 - Preparando datos para entrenamiento final
2025-10-27 20:58:31,556 - INFO - src.final_training 422 - Períodos de entrenamiento: ['202101', '202102', '202103', '202104']
2025-10-27 20:58:31,556 - INFO - src.final_training 423 - Período de predicción: 202106
2025-10-27 20:58:36,849 - INFO - src.final_training 433 - Registros de entrenamiento: 650,209
2025-10-27 20:58:36,850 - INFO - src.final_training 434 - Registros de predicción: 164,313
2025-10-27 20:58:58,865 - INFO - src.final_training 446 - Features utilizadas: 724
2025-10-27 20:58:58,924 - INFO - src.final_training 447 - Distribución del target - 0: 642,830, 1: 7,379
2025-10-27 20:58:59,385 - INFO - __main__ 103 - Entrenar modelo final
2025-10-27 20:58:59,385 - INFO - src.final_training 181 - Iniciando entrenamiento del modelo final
2025-10-27 20:58:59,388 - INFO - src.final_training 193 - Parámetros del modelo: {'num_iterations': 844, 'num_leaves': 272, 'learning_rate': 0.10013019702598346, 'feature_fraction': 0.5859297600103615, 'bagging_fraction': 1.0, 'min_child_samples': 29, 'max_depth': 10, 'reg_lambda': 1.634368536567913, 'reg_alpha': 2.591381940083626, 'min_gain_to_split': 4.10868687763755, 'scale_pos_weight': 97, 'pos_bagging_fraction': 1.0, 'neg_bagging_fraction': 0.01, 'bagging_freq': 1, 'objective': 'binary', 'metric': 'None', 'random_state': 839071, 'verbose': -1}
2025-10-27 20:59:53,981 - INFO - src.final_training 218 - Modelo final guardado en: resultados/modelo_final_lgb_optimization_cv_competencia01_l_2025-10-27_20-59-53.txt
2025-10-27 20:59:53,981 - INFO - src.final_training 220 - Entrenamiento del modelo final completado
2025-10-27 20:59:54,153 - INFO - __main__ 107 - Generar predicciones finales
2025-10-27 20:59:54,153 - INFO - src.final_training 299 - Generando predicciones finales
2025-10-27 20:59:58,307 - INFO - src.final_training 312 - Predicciones de probabilidad guardadas en: resultados/predicciones_probabilidad_lgb_optimization_cv_competencia01_l_2025-10-27_20-59-57.csv
2025-10-27 20:59:58,319 - INFO - src.final_training 334 - Predicciones generadas:
2025-10-27 20:59:58,320 - INFO - src.final_training 335 -   Total clientes: 164,313
2025-10-27 20:59:58,320 - INFO - src.final_training 336 -   Predicciones positivas: 13,298 (8.09%)
2025-10-27 20:59:58,321 - INFO - src.final_training 337 -   Predicciones negativas: 151,015
2025-10-27 20:59:58,321 - INFO - src.final_training 338 -   Porcentaje solicitado: 0.0809
2025-10-27 20:59:58,322 - INFO - __main__ 111 - Guardar predicciones
2025-10-27 20:59:58,421 - INFO - src.output_manager 42 - Predicciones guardadas en: predict/lgb_optimization_cv_competencia01_l_20251027_205958.csv
2025-10-27 20:59:58,421 - INFO - src.output_manager 43 - Formato del archivo:
2025-10-27 20:59:58,421 - INFO - src.output_manager 44 -   Columnas: ['numero_de_cliente', 'predict']
2025-10-27 20:59:58,422 - INFO - src.output_manager 45 -   Registros: 164,313
2025-10-27 20:59:58,422 - INFO - src.output_manager 46 -   Primeras filas:
2025-10-27 20:59:58,449 - INFO - src.output_manager 47 -    numero_de_cliente  predict
0          249350768        0
1          249432306        0
2          249565688        0
3          249596175        0
4          249695645        1
2025-10-27 20:59:58,450 - INFO - __main__ 115 - === RESUMEN FINAL ===
2025-10-27 20:59:58,450 - INFO - __main__ 116 - ✅ Entrenamiento final completado exitosamente
2025-10-27 20:59:58,450 - INFO - __main__ 117 - 📊 Mejores hiperparámetros utilizados: {'num_iterations': 844, 'num_leaves': 272, 'learning_rate': 0.10013019702598346, 'feature_fraction': 0.5859297600103615, 'bagging_fraction': 1.0, 'min_child_samples': 29, 'max_depth': 10, 'reg_lambda': 1.634368536567913, 'reg_alpha': 2.591381940083626, 'min_gain_to_split': 4.10868687763755, 'scale_pos_weight': 97, 'pos_bagging_fraction': 1.0, 'neg_bagging_fraction': 0.01, 'bagging_freq': 1, 'objective': 'binary', 'metric': 'None', 'random_state': 839071}
2025-10-27 20:59:58,451 - INFO - __main__ 118 - 🎯 Períodos de entrenamiento: ['202101', '202102', '202103', '202104']
2025-10-27 20:59:58,451 - INFO - __main__ 119 - 🔮 Período de predicción: 202106
2025-10-27 20:59:58,451 - INFO - __main__ 122 - 📁 Archivo de salida: predict/lgb_optimization_cv_competencia01_l_20251027_205958.csv
2025-10-27 20:59:58,451 - INFO - __main__ 123 - 📝 Log detallado: logs/log_lgb_optimization_cv_competencia01_l_2025-10-27_20-56-30.log
2025-10-27 20:59:58,452 - INFO - __main__ 126 - >>> Ejecución finalizada. Revisar logs para mas detalles.
