2025-10-11 01:00:54,270 - INFO - __main__ 37 - Inicio de ejecucion.
2025-10-11 01:00:54,270 - INFO - __main__ 39 - Número de trials por estudio: 1
2025-10-11 01:00:54,271 - INFO - __name__ 14 - Cargando dataset desde ./data/competencia_01.csv
2025-10-11 01:01:03,935 - INFO - __name__ 17 - Dataset cargado con 978439 filas y 155 columnas
2025-10-11 01:01:03,936 - INFO - __main__ 49 - Archivo de features encontrado: data/df_fe_lgb_optimization_cv_competencia01_i_prueba.csv. Cargando desde disco.
2025-10-11 01:02:38,902 - INFO - __main__ 56 - Feature Engineering completado: (978439, 725)
2025-10-11 01:02:49,116 - INFO - __name__ 101 - Conversión completada:
2025-10-11 01:02:49,126 - INFO - __name__ 102 -   Original - CONTINUA: 642830, BAJA+1: 4575, BAJA+2: 3938
2025-10-11 01:02:49,127 - INFO - __name__ 103 -   Binario - 0: 642830, 1: 8513
2025-10-11 01:02:49,128 - INFO - __name__ 104 -   Distribución: 1.31% casos positivos
2025-10-11 01:02:50,086 - INFO - src.optimization_cv 286 - Iniciando optimización con CV - 1 trials
2025-10-11 01:02:50,087 - INFO - src.optimization_cv 287 - Configuración CV: períodos=['202102', '202103']
2025-10-11 01:03:59,419 - INFO - src.optimization_cv 261 - Trial 0: Ganancia CV = 97,024,589 ± 7,239,432 
2025-10-11 01:03:59,420 - INFO - src.optimization_cv 262 - Trial 0: Mejor iteración en CV: 94 
2025-10-11 01:03:59,429 - INFO - src.optimization_cv 149 - Iteración 0 guardada. Ganancia promedio CV: 97,024,589 
2025-10-11 01:03:59,647 - INFO - src.optimization_cv 300 - === OPTIMIZACIÓN CON CV COMPLETADA ===
2025-10-11 01:03:59,648 - INFO - src.optimization_cv 301 - Número de trials completados: 1
2025-10-11 01:03:59,649 - INFO - src.optimization_cv 302 - Mejor ganancia promedio = 97,024,589
2025-10-11 01:03:59,649 - INFO - src.optimization_cv 303 - Mejores parámetros: {'num_iterations': 727, 'num_leaves': 1546, 'learn_rate': 0.01377248700202528, 'feature_fraction': 0.7004420516149855, 'bagging_fraction': 0.4520455044767435, 'min_child_samples': 4790, 'max_depth': 9, 'reg_lambda': 5.861224056620561, 'reg_alpha': 3.638578257008687, 'min_gain_to_split': 0.06455459651999176}
2025-10-11 01:03:59,650 - INFO - __main__ 68 - === ANÁLISIS DE RESULTADOS ===
2025-10-11 01:03:59,740 - INFO - __main__ 72 - Top 5 mejores trials:
2025-10-11 01:03:59,746 - INFO - __main__ 74 -   Trial 0: 97,024,589
2025-10-11 01:03:59,747 - INFO - __main__ 76 - === OPTIMIZACIÓN COMPLETADA ===
2025-10-11 01:03:59,747 - INFO - __main__ 79 - === EVALUACIÓN EN CONJUNTO DE TEST ===
2025-10-11 01:03:59,748 - INFO - src.best_params 34 - Mejores hiperparámetros cargados desde resultados/lgb_optimization_cv_competencia01_i_prueba_iteraciones.json
2025-10-11 01:03:59,749 - INFO - src.best_params 35 - Mejor ganancia encontrada: 97,024,589
2025-10-11 01:03:59,749 - INFO - src.best_params 36 - Trial número: 0
2025-10-11 01:03:59,749 - INFO - src.best_params 37 - Parámetros: {'num_iterations': 727, 'num_leaves': 1546, 'learn_rate': 0.01377248700202528, 'feature_fraction': 0.7004420516149855, 'bagging_fraction': 0.4520455044767435, 'min_child_samples': 4790, 'max_depth': 9, 'reg_lambda': 5.861224056620561, 'reg_alpha': 3.638578257008687, 'min_gain_to_split': 0.06455459651999176}
2025-10-11 01:03:59,750 - INFO - src.optimization 448 - === EVALUACIÓN EN CONJUNTO DE TEST ===
2025-10-11 01:03:59,751 - INFO - src.optimization 449 - Período de test: 202104
2025-10-11 01:04:08,436 - INFO - src.optimization 461 - Entrenando modelo con mejores hiperparámetros...
2025-10-11 01:04:08,438 - INFO - src.optimization 462 - Dimensiones df_train_completo: (325264, 726), Dimensiones df_test: (163418, 726)
2025-10-11 01:04:09,269 - INFO - src.optimization 471 - Tipo de dato de train_data: <class 'lightgbm.basic.Dataset'>, Dimensiones de train_data: (325264, 724)
