2025-10-11 09:15:05,463 - INFO - __main__ 37 - Inicio de ejecucion.
2025-10-11 09:15:05,464 - INFO - __main__ 39 - Número de trials por estudio: 50
2025-10-11 09:15:05,464 - INFO - __name__ 14 - Cargando dataset desde ./data/competencia_01.csv
2025-10-11 09:15:15,417 - INFO - __name__ 17 - Dataset cargado con 978439 filas y 155 columnas
2025-10-11 09:15:15,417 - INFO - __main__ 49 - Archivo de features encontrado: data/df_fe_lgb_optimization_cv_competencia01_k.csv. Cargando desde disco.
2025-10-11 09:16:34,739 - INFO - __main__ 56 - Feature Engineering completado: (978439, 725)
2025-10-11 09:16:39,806 - INFO - __name__ 101 - Conversión completada:
2025-10-11 09:16:39,812 - INFO - __name__ 102 -   Original - CONTINUA: 642830, BAJA+1: 4575, BAJA+2: 3938
2025-10-11 09:16:39,812 - INFO - __name__ 103 -   Binario - 0: 642830, 1: 8513
2025-10-11 09:16:39,813 - INFO - __name__ 104 -   Distribución: 1.31% casos positivos
2025-10-11 09:16:40,826 - INFO - src.optimization_cv 286 - Iniciando optimización con CV - 50 trials
2025-10-11 09:16:40,828 - INFO - src.optimization_cv 287 - Configuración CV: períodos=['202101', '202102', '202103']
2025-10-11 09:19:32,649 - INFO - src.optimization_cv 261 - Trial 0: Ganancia CV = 151,013,119 ± 7,666,021 
2025-10-11 09:19:32,652 - INFO - src.optimization_cv 262 - Trial 0: Mejor iteración en CV: 192 
2025-10-11 09:19:32,663 - INFO - src.optimization_cv 149 - Iteración 0 guardada. Ganancia promedio CV: 151,013,119 
2025-10-11 09:22:07,918 - INFO - src.optimization_cv 261 - Trial 1: Ganancia CV = 163,215,439 ± 6,706,311 
2025-10-11 09:22:07,928 - INFO - src.optimization_cv 262 - Trial 1: Mejor iteración en CV: 106 
2025-10-11 09:22:07,935 - INFO - src.optimization_cv 149 - Iteración 1 guardada. Ganancia promedio CV: 163,215,439 
2025-10-11 09:25:42,859 - INFO - src.optimization_cv 261 - Trial 2: Ganancia CV = 159,502,074 ± 12,082,880 
2025-10-11 09:25:42,867 - INFO - src.optimization_cv 262 - Trial 2: Mejor iteración en CV: 215 
2025-10-11 09:25:42,888 - INFO - src.optimization_cv 149 - Iteración 2 guardada. Ganancia promedio CV: 159,502,074 
2025-10-11 09:29:52,209 - INFO - src.optimization_cv 261 - Trial 3: Ganancia CV = 146,244,219 ± 10,169,416 
2025-10-11 09:29:52,213 - INFO - src.optimization_cv 262 - Trial 3: Mejor iteración en CV: 255 
2025-10-11 09:29:52,222 - INFO - src.optimization_cv 149 - Iteración 3 guardada. Ganancia promedio CV: 146,244,219 
2025-10-11 09:31:28,667 - INFO - src.optimization_cv 261 - Trial 4: Ganancia CV = 150,281,612 ± 8,315,001 
2025-10-11 09:31:28,680 - INFO - src.optimization_cv 262 - Trial 4: Mejor iteración en CV: 66 
2025-10-11 09:31:28,704 - INFO - src.optimization_cv 149 - Iteración 4 guardada. Ganancia promedio CV: 150,281,612 
2025-10-11 09:33:56,941 - INFO - src.optimization_cv 261 - Trial 5: Ganancia CV = 157,862,605 ± 12,169,289 
2025-10-11 09:33:56,950 - INFO - src.optimization_cv 262 - Trial 5: Mejor iteración en CV: 85 
2025-10-11 09:33:56,966 - INFO - src.optimization_cv 149 - Iteración 5 guardada. Ganancia promedio CV: 157,862,605 
2025-10-11 09:36:07,383 - INFO - src.optimization_cv 261 - Trial 6: Ganancia CV = 153,886,540 ± 11,162,298 
2025-10-11 09:36:07,389 - INFO - src.optimization_cv 262 - Trial 6: Mejor iteración en CV: 62 
2025-10-11 09:36:07,408 - INFO - src.optimization_cv 149 - Iteración 6 guardada. Ganancia promedio CV: 153,886,540 
2025-10-11 09:38:10,444 - INFO - src.optimization_cv 261 - Trial 7: Ganancia CV = 147,301,568 ± 8,246,206 
2025-10-11 09:38:10,455 - INFO - src.optimization_cv 262 - Trial 7: Mejor iteración en CV: 73 
2025-10-11 09:38:10,483 - INFO - src.optimization_cv 149 - Iteración 7 guardada. Ganancia promedio CV: 147,301,568 
2025-10-11 09:41:35,400 - INFO - src.optimization_cv 261 - Trial 8: Ganancia CV = 162,229,067 ± 6,794,475 
2025-10-11 09:41:35,403 - INFO - src.optimization_cv 262 - Trial 8: Mejor iteración en CV: 119 
2025-10-11 09:41:35,411 - INFO - src.optimization_cv 149 - Iteración 8 guardada. Ganancia promedio CV: 162,229,067 
2025-10-11 09:44:16,058 - INFO - src.optimization_cv 261 - Trial 9: Ganancia CV = 145,348,874 ± 10,320,617 
2025-10-11 09:44:16,072 - INFO - src.optimization_cv 262 - Trial 9: Mejor iteración en CV: 118 
2025-10-11 09:44:16,096 - INFO - src.optimization_cv 149 - Iteración 9 guardada. Ganancia promedio CV: 145,348,874 
2025-10-11 09:47:36,727 - INFO - src.optimization_cv 261 - Trial 10: Ganancia CV = 161,662,966 ± 6,376,200 
2025-10-11 09:47:36,730 - INFO - src.optimization_cv 262 - Trial 10: Mejor iteración en CV: 88 
2025-10-11 09:47:36,743 - INFO - src.optimization_cv 149 - Iteración 10 guardada. Ganancia promedio CV: 161,662,966 
2025-10-11 09:50:14,741 - INFO - src.optimization_cv 261 - Trial 11: Ganancia CV = 161,744,877 ± 6,248,767 
2025-10-11 09:50:14,742 - INFO - src.optimization_cv 262 - Trial 11: Mejor iteración en CV: 72 
2025-10-11 09:50:14,753 - INFO - src.optimization_cv 149 - Iteración 11 guardada. Ganancia promedio CV: 161,744,877 
2025-10-11 09:52:58,282 - INFO - src.optimization_cv 261 - Trial 12: Ganancia CV = 160,905,556 ± 8,044,604 
2025-10-11 09:52:58,286 - INFO - src.optimization_cv 262 - Trial 12: Mejor iteración en CV: 89 
2025-10-11 09:52:58,300 - INFO - src.optimization_cv 149 - Iteración 12 guardada. Ganancia promedio CV: 160,905,556 
2025-10-11 09:55:14,135 - INFO - src.optimization_cv 261 - Trial 13: Ganancia CV = 153,534,696 ± 5,505,472 
2025-10-11 09:55:14,137 - INFO - src.optimization_cv 262 - Trial 13: Mejor iteración en CV: 91 
2025-10-11 09:55:14,145 - INFO - src.optimization_cv 149 - Iteración 13 guardada. Ganancia promedio CV: 153,534,696 
2025-10-11 09:57:07,259 - INFO - src.optimization_cv 261 - Trial 14: Ganancia CV = 154,627,667 ± 7,341,497 
2025-10-11 09:57:07,269 - INFO - src.optimization_cv 262 - Trial 14: Mejor iteración en CV: 59 
2025-10-11 09:57:07,291 - INFO - src.optimization_cv 149 - Iteración 14 guardada. Ganancia promedio CV: 154,627,667 
2025-10-11 09:59:18,835 - INFO - src.optimization_cv 261 - Trial 15: Ganancia CV = 142,759,092 ± 8,841,115 
2025-10-11 09:59:18,840 - INFO - src.optimization_cv 262 - Trial 15: Mejor iteración en CV: 184 
2025-10-11 09:59:18,859 - INFO - src.optimization_cv 149 - Iteración 15 guardada. Ganancia promedio CV: 142,759,092 
2025-10-11 10:03:56,544 - INFO - src.optimization_cv 261 - Trial 16: Ganancia CV = 165,325,909 ± 7,319,038 
2025-10-11 10:03:56,548 - INFO - src.optimization_cv 262 - Trial 16: Mejor iteración en CV: 196 
2025-10-11 10:03:56,566 - INFO - src.optimization_cv 149 - Iteración 16 guardada. Ganancia promedio CV: 165,325,909 
2025-10-11 10:06:43,345 - INFO - src.optimization_cv 261 - Trial 17: Ganancia CV = 159,648,528 ± 8,662,664 
2025-10-11 10:06:43,349 - INFO - src.optimization_cv 262 - Trial 17: Mejor iteración en CV: 105 
2025-10-11 10:06:43,364 - INFO - src.optimization_cv 149 - Iteración 17 guardada. Ganancia promedio CV: 159,648,528 
2025-10-11 10:08:38,426 - INFO - src.optimization_cv 261 - Trial 18: Ganancia CV = 159,366,413 ± 10,670,059 
2025-10-11 10:08:38,442 - INFO - src.optimization_cv 262 - Trial 18: Mejor iteración en CV: 62 
2025-10-11 10:08:38,465 - INFO - src.optimization_cv 149 - Iteración 18 guardada. Ganancia promedio CV: 159,366,413 
2025-10-11 10:10:11,899 - INFO - src.optimization_cv 261 - Trial 19: Ganancia CV = 150,984,078 ± 9,316,692 
2025-10-11 10:10:11,904 - INFO - src.optimization_cv 262 - Trial 19: Mejor iteración en CV: 50 
2025-10-11 10:10:11,923 - INFO - src.optimization_cv 149 - Iteración 19 guardada. Ganancia promedio CV: 150,984,078 
2025-10-11 10:12:52,467 - INFO - src.optimization_cv 261 - Trial 20: Ganancia CV = 156,357,134 ± 8,350,045 
2025-10-11 10:12:52,470 - INFO - src.optimization_cv 262 - Trial 20: Mejor iteración en CV: 126 
2025-10-11 10:12:52,484 - INFO - src.optimization_cv 149 - Iteración 20 guardada. Ganancia promedio CV: 156,357,134 
2025-10-11 10:16:20,984 - INFO - src.optimization_cv 261 - Trial 21: Ganancia CV = 164,658,889 ± 8,013,356 
2025-10-11 10:16:20,990 - INFO - src.optimization_cv 262 - Trial 21: Mejor iteración en CV: 125 
2025-10-11 10:16:21,012 - INFO - src.optimization_cv 149 - Iteración 21 guardada. Ganancia promedio CV: 164,658,889 
2025-10-11 10:19:27,292 - INFO - src.optimization_cv 261 - Trial 22: Ganancia CV = 165,254,000 ± 7,333,709 
2025-10-11 10:19:27,297 - INFO - src.optimization_cv 262 - Trial 22: Mejor iteración en CV: 97 
2025-10-11 10:19:27,318 - INFO - src.optimization_cv 149 - Iteración 22 guardada. Ganancia promedio CV: 165,254,000 
2025-10-11 10:22:02,926 - INFO - src.optimization_cv 261 - Trial 23: Ganancia CV = 162,824,899 ± 7,535,194 
2025-10-11 10:22:02,929 - INFO - src.optimization_cv 262 - Trial 23: Mejor iteración en CV: 88 
2025-10-11 10:22:02,946 - INFO - src.optimization_cv 149 - Iteración 23 guardada. Ganancia promedio CV: 162,824,899 
2025-10-11 10:25:58,061 - INFO - src.optimization_cv 261 - Trial 24: Ganancia CV = 167,180,000 ± 6,890,442 
2025-10-11 10:25:58,065 - INFO - src.optimization_cv 262 - Trial 24: Mejor iteración en CV: 85 
2025-10-11 10:25:58,080 - INFO - src.optimization_cv 149 - Iteración 24 guardada. Ganancia promedio CV: 167,180,000 
2025-10-11 10:29:31,093 - INFO - src.optimization_cv 261 - Trial 25: Ganancia CV = 165,852,440 ± 6,929,076 
2025-10-11 10:29:31,101 - INFO - src.optimization_cv 262 - Trial 25: Mejor iteración en CV: 90 
2025-10-11 10:29:31,122 - INFO - src.optimization_cv 149 - Iteración 25 guardada. Ganancia promedio CV: 165,852,440 
2025-10-11 10:33:34,261 - INFO - src.optimization_cv 261 - Trial 26: Ganancia CV = 168,091,955 ± 7,042,449 
2025-10-11 10:33:34,267 - INFO - src.optimization_cv 262 - Trial 26: Mejor iteración en CV: 88 
2025-10-11 10:33:34,287 - INFO - src.optimization_cv 149 - Iteración 26 guardada. Ganancia promedio CV: 168,091,955 
2025-10-11 10:37:42,974 - INFO - src.optimization_cv 261 - Trial 27: Ganancia CV = 168,771,464 ± 7,747,183 
2025-10-11 10:37:42,982 - INFO - src.optimization_cv 262 - Trial 27: Mejor iteración en CV: 111 
2025-10-11 10:37:43,009 - INFO - src.optimization_cv 149 - Iteración 27 guardada. Ganancia promedio CV: 168,771,464 
2025-10-11 10:39:56,858 - INFO - src.optimization_cv 261 - Trial 28: Ganancia CV = 160,475,154 ± 9,128,314 
2025-10-11 10:39:56,864 - INFO - src.optimization_cv 262 - Trial 28: Mejor iteración en CV: 51 
2025-10-11 10:39:56,890 - INFO - src.optimization_cv 149 - Iteración 28 guardada. Ganancia promedio CV: 160,475,154 
2025-10-11 10:43:17,778 - INFO - src.optimization_cv 261 - Trial 29: Ganancia CV = 165,494,857 ± 7,757,431 
2025-10-11 10:43:17,789 - INFO - src.optimization_cv 262 - Trial 29: Mejor iteración en CV: 83 
2025-10-11 10:43:17,820 - INFO - src.optimization_cv 149 - Iteración 29 guardada. Ganancia promedio CV: 165,494,857 
2025-10-11 10:45:40,001 - INFO - src.optimization_cv 261 - Trial 30: Ganancia CV = 161,679,848 ± 7,948,500 
2025-10-11 10:45:40,007 - INFO - src.optimization_cv 262 - Trial 30: Mejor iteración en CV: 78 
2025-10-11 10:45:40,031 - INFO - src.optimization_cv 149 - Iteración 30 guardada. Ganancia promedio CV: 161,679,848 
2025-10-11 10:48:55,423 - INFO - src.optimization_cv 261 - Trial 31: Ganancia CV = 165,210,813 ± 6,845,166 
2025-10-11 10:48:55,426 - INFO - src.optimization_cv 262 - Trial 31: Mejor iteración en CV: 90 
2025-10-11 10:48:55,446 - INFO - src.optimization_cv 149 - Iteración 31 guardada. Ganancia promedio CV: 165,210,813 
2025-10-11 10:53:02,423 - INFO - src.optimization_cv 261 - Trial 32: Ganancia CV = 168,550,323 ± 8,262,946 
2025-10-11 10:53:02,429 - INFO - src.optimization_cv 262 - Trial 32: Mejor iteración en CV: 92 
2025-10-11 10:53:02,456 - INFO - src.optimization_cv 149 - Iteración 32 guardada. Ganancia promedio CV: 168,550,323 
2025-10-11 10:55:25,421 - INFO - src.optimization_cv 261 - Trial 33: Ganancia CV = 158,515,486 ± 6,679,648 
2025-10-11 10:55:25,425 - INFO - src.optimization_cv 262 - Trial 33: Mejor iteración en CV: 69 
2025-10-11 10:55:25,449 - INFO - src.optimization_cv 149 - Iteración 33 guardada. Ganancia promedio CV: 158,515,486 
2025-10-11 10:59:27,176 - INFO - src.optimization_cv 261 - Trial 34: Ganancia CV = 164,258,225 ± 7,551,911 
2025-10-11 10:59:27,183 - INFO - src.optimization_cv 262 - Trial 34: Mejor iteración en CV: 150 
2025-10-11 10:59:27,208 - INFO - src.optimization_cv 149 - Iteración 34 guardada. Ganancia promedio CV: 164,258,225 
2025-10-11 11:02:32,732 - INFO - src.optimization_cv 261 - Trial 35: Ganancia CV = 165,271,147 ± 7,431,792 
2025-10-11 11:02:32,737 - INFO - src.optimization_cv 262 - Trial 35: Mejor iteración en CV: 149 
2025-10-11 11:02:32,763 - INFO - src.optimization_cv 149 - Iteración 35 guardada. Ganancia promedio CV: 165,271,147 
2025-10-11 11:05:29,765 - INFO - src.optimization_cv 261 - Trial 36: Ganancia CV = 165,740,660 ± 7,051,985 
2025-10-11 11:05:29,775 - INFO - src.optimization_cv 262 - Trial 36: Mejor iteración en CV: 96 
2025-10-11 11:05:29,809 - INFO - src.optimization_cv 149 - Iteración 36 guardada. Ganancia promedio CV: 165,740,660 
2025-10-11 11:08:13,938 - INFO - src.optimization_cv 261 - Trial 37: Ganancia CV = 161,486,812 ± 7,384,335 
2025-10-11 11:08:13,949 - INFO - src.optimization_cv 262 - Trial 37: Mejor iteración en CV: 100 
2025-10-11 11:08:13,982 - INFO - src.optimization_cv 149 - Iteración 37 guardada. Ganancia promedio CV: 161,486,812 
2025-10-11 11:10:50,372 - INFO - src.optimization_cv 261 - Trial 38: Ganancia CV = 158,957,299 ± 7,208,521 
2025-10-11 11:10:50,381 - INFO - src.optimization_cv 262 - Trial 38: Mejor iteración en CV: 76 
2025-10-11 11:10:50,415 - INFO - src.optimization_cv 149 - Iteración 38 guardada. Ganancia promedio CV: 158,957,299 
2025-10-11 11:13:06,562 - INFO - src.optimization_cv 261 - Trial 39: Ganancia CV = 159,553,838 ± 10,665,173 
2025-10-11 11:13:06,570 - INFO - src.optimization_cv 262 - Trial 39: Mejor iteración en CV: 110 
2025-10-11 11:13:06,601 - INFO - src.optimization_cv 149 - Iteración 39 guardada. Ganancia promedio CV: 159,553,838 
2025-10-11 11:15:55,409 - INFO - src.optimization_cv 261 - Trial 40: Ganancia CV = 164,161,784 ± 7,148,905 
2025-10-11 11:15:55,421 - INFO - src.optimization_cv 262 - Trial 40: Mejor iteración en CV: 73 
2025-10-11 11:15:55,455 - INFO - src.optimization_cv 149 - Iteración 40 guardada. Ganancia promedio CV: 164,161,784 
2025-10-11 11:19:08,526 - INFO - src.optimization_cv 261 - Trial 41: Ganancia CV = 165,622,411 ± 7,279,893 
2025-10-11 11:19:08,530 - INFO - src.optimization_cv 262 - Trial 41: Mejor iteración en CV: 72 
2025-10-11 11:19:08,549 - INFO - src.optimization_cv 149 - Iteración 41 guardada. Ganancia promedio CV: 165,622,411 
2025-10-11 11:21:42,639 - INFO - src.optimization_cv 261 - Trial 42: Ganancia CV = 161,710,400 ± 7,871,871 
2025-10-11 11:21:42,648 - INFO - src.optimization_cv 262 - Trial 42: Mejor iteración en CV: 49 
2025-10-11 11:21:42,682 - INFO - src.optimization_cv 149 - Iteración 42 guardada. Ganancia promedio CV: 161,710,400 
2025-10-11 11:25:20,504 - INFO - src.optimization_cv 261 - Trial 43: Ganancia CV = 163,575,119 ± 7,358,598 
2025-10-11 11:25:20,508 - INFO - src.optimization_cv 262 - Trial 43: Mejor iteración en CV: 108 
2025-10-11 11:25:20,526 - INFO - src.optimization_cv 149 - Iteración 43 guardada. Ganancia promedio CV: 163,575,119 
2025-10-11 11:27:42,919 - INFO - src.optimization_cv 261 - Trial 44: Ganancia CV = 161,381,120 ± 12,359,316 
2025-10-11 11:27:42,926 - INFO - src.optimization_cv 262 - Trial 44: Mejor iteración en CV: 149 
2025-10-11 11:27:42,955 - INFO - src.optimization_cv 149 - Iteración 44 guardada. Ganancia promedio CV: 161,381,120 
2025-10-11 11:30:24,402 - INFO - src.optimization_cv 261 - Trial 45: Ganancia CV = 163,337,200 ± 7,008,078 
2025-10-11 11:30:24,406 - INFO - src.optimization_cv 262 - Trial 45: Mejor iteración en CV: 89 
2025-10-11 11:30:24,424 - INFO - src.optimization_cv 149 - Iteración 45 guardada. Ganancia promedio CV: 163,337,200 
2025-10-11 11:33:38,239 - INFO - src.optimization_cv 261 - Trial 46: Ganancia CV = 160,739,419 ± 6,408,522 
2025-10-11 11:33:38,245 - INFO - src.optimization_cv 262 - Trial 46: Mejor iteración en CV: 116 
2025-10-11 11:33:38,275 - INFO - src.optimization_cv 149 - Iteración 46 guardada. Ganancia promedio CV: 160,739,419 
2025-10-11 11:35:28,919 - INFO - src.optimization_cv 261 - Trial 47: Ganancia CV = 159,729,375 ± 6,363,029 
2025-10-11 11:35:28,923 - INFO - src.optimization_cv 262 - Trial 47: Mejor iteración en CV: 31 
2025-10-11 11:35:28,945 - INFO - src.optimization_cv 149 - Iteración 47 guardada. Ganancia promedio CV: 159,729,375 
2025-10-11 11:39:15,698 - INFO - src.optimization_cv 261 - Trial 48: Ganancia CV = 156,571,697 ± 10,148,269 
2025-10-11 11:39:15,709 - INFO - src.optimization_cv 262 - Trial 48: Mejor iteración en CV: 184 
2025-10-11 11:39:15,747 - INFO - src.optimization_cv 149 - Iteración 48 guardada. Ganancia promedio CV: 156,571,697 
2025-10-11 11:42:42,832 - INFO - src.optimization_cv 261 - Trial 49: Ganancia CV = 161,405,169 ± 9,682,660 
2025-10-11 11:42:42,840 - INFO - src.optimization_cv 262 - Trial 49: Mejor iteración en CV: 129 
2025-10-11 11:42:42,865 - INFO - src.optimization_cv 149 - Iteración 49 guardada. Ganancia promedio CV: 161,405,169 
2025-10-11 11:42:44,228 - INFO - src.optimization_cv 300 - === OPTIMIZACIÓN CON CV COMPLETADA ===
2025-10-11 11:42:44,249 - INFO - src.optimization_cv 301 - Número de trials completados: 50
2025-10-11 11:42:44,251 - INFO - src.optimization_cv 302 - Mejor ganancia promedio = 168,771,464
2025-10-11 11:42:44,252 - INFO - src.optimization_cv 303 - Mejores parámetros: {'num_iterations': 554, 'num_leaves': 893, 'learn_rate': 0.07589287795334473, 'feature_fraction': 0.9922971655965048, 'bagging_fraction': 0.5840012741507785, 'min_child_samples': 248, 'max_depth': 14, 'reg_lambda': 5.095324721298434, 'reg_alpha': 4.537668668813456, 'min_gain_to_split': 0.10901523006932262}
2025-10-11 11:42:44,254 - INFO - __main__ 68 - === ANÁLISIS DE RESULTADOS ===
2025-10-11 11:42:44,466 - INFO - __main__ 72 - Top 5 mejores trials:
2025-10-11 11:42:44,476 - INFO - __main__ 74 -   Trial 27: 168,771,464
2025-10-11 11:42:44,477 - INFO - __main__ 74 -   Trial 32: 168,550,323
2025-10-11 11:42:44,477 - INFO - __main__ 74 -   Trial 26: 168,091,955
2025-10-11 11:42:44,478 - INFO - __main__ 74 -   Trial 24: 167,180,000
2025-10-11 11:42:44,479 - INFO - __main__ 74 -   Trial 25: 165,852,440
2025-10-11 11:42:44,479 - INFO - __main__ 76 - === OPTIMIZACIÓN COMPLETADA ===
2025-10-11 11:42:44,480 - INFO - __main__ 79 - === EVALUACIÓN EN CONJUNTO DE TEST ===
2025-10-11 11:42:44,486 - INFO - src.best_params 34 - Mejores hiperparámetros cargados desde resultados/lgb_optimization_cv_competencia01_k_iteraciones.json
2025-10-11 11:42:44,486 - INFO - src.best_params 35 - Mejor ganancia encontrada: 168,771,464
2025-10-11 11:42:44,487 - INFO - src.best_params 36 - Trial número: 27
2025-10-11 11:42:44,487 - INFO - src.best_params 37 - Parámetros: {'num_iterations': 554, 'num_leaves': 893, 'learn_rate': 0.07589287795334473, 'feature_fraction': 0.9922971655965048, 'bagging_fraction': 0.5840012741507785, 'min_child_samples': 248, 'max_depth': 14, 'reg_lambda': 5.095324721298434, 'reg_alpha': 4.537668668813456, 'min_gain_to_split': 0.10901523006932262}
2025-10-11 11:42:44,489 - INFO - src.optimization 448 - === EVALUACIÓN EN CONJUNTO DE TEST ===
2025-10-11 11:42:44,489 - INFO - src.optimization 449 - Período de test: 202104
2025-10-11 11:42:59,384 - INFO - src.optimization 461 - Entrenando modelo con mejores hiperparámetros...
2025-10-11 11:42:59,385 - INFO - src.optimization 462 - Dimensiones df_train_completo: (486791, 726), Dimensiones df_test: (163418, 726)
2025-10-11 11:43:03,622 - INFO - src.optimization 471 - Tipo de dato de train_data: <class 'lightgbm.basic.Dataset'>, Dimensiones de train_data: (486791, 724)
2025-10-11 11:44:19,984 - INFO - src.optimization 430 - Ganancia: 358,260,000---Total Predicciones positivas: 10,087
2025-10-11 11:44:19,989 - INFO - __main__ 90 - === RESUMEN DE EVALUACIÓN EN TEST ===
2025-10-11 11:44:19,989 - INFO - __main__ 91 - ✅ Ganancia en test: 358,260,000
2025-10-11 11:44:19,990 - INFO - __main__ 92 - 🔍 Umbral óptimo encontrado: 0.0450
2025-10-11 11:44:19,990 - INFO - __main__ 93 - 🎯 Predicciones positivas: 10,087 (6.17%)
2025-10-11 11:44:19,990 - INFO - __main__ 97 - === ENTRENAMIENTO FINAL ===
2025-10-11 11:44:19,990 - INFO - __main__ 98 - Preparar datos para entrenamiento final
2025-10-11 11:44:19,991 - INFO - src.final_training 296 - Preparando datos para entrenamiento final
2025-10-11 11:44:19,991 - INFO - src.final_training 297 - Períodos de entrenamiento: ['202101', '202102', '202103', '202104']
2025-10-11 11:44:19,992 - INFO - src.final_training 298 - Período de predicción: 202106
2025-10-11 11:44:31,049 - INFO - src.final_training 308 - Registros de entrenamiento: 650,209
2025-10-11 11:44:31,051 - INFO - src.final_training 309 - Registros de predicción: 164,313
2025-10-11 11:44:48,404 - INFO - src.final_training 327 - Features utilizadas: 724
2025-10-11 11:44:48,464 - INFO - src.final_training 328 - Distribución del target - 0: 642,830, 1: 7,379
2025-10-11 11:44:49,013 - INFO - __main__ 110 - Entrenar modelo final
2025-10-11 11:44:49,014 - INFO - src.final_training 187 - Iniciando entrenamiento del modelo final
2025-10-11 11:44:49,016 - INFO - src.final_training 198 - Parámetros del modelo: {'objective': 'binary', 'metric': 'None', 'random_state': 839071, 'verbose': -1, 'num_iterations': 554, 'num_leaves': 893, 'learn_rate': 0.07589287795334473, 'feature_fraction': 0.9922971655965048, 'bagging_fraction': 0.5840012741507785, 'min_child_samples': 248, 'max_depth': 14, 'reg_lambda': 5.095324721298434, 'reg_alpha': 4.537668668813456, 'min_gain_to_split': 0.10901523006932262}
2025-10-11 11:47:14,019 - INFO - src.final_training 223 - Modelo final guardado en: resultados/modelo_final_lgb_optimization_cv_competencia01_k_2025-10-11_11-47-13.txt
2025-10-11 11:47:14,020 - INFO - src.final_training 225 - Entrenamiento del modelo final completado
2025-10-11 11:47:14,242 - INFO - __main__ 115 - Generar predicciones finales
2025-10-11 11:47:14,243 - INFO - src.final_training 241 - Generando predicciones finales
2025-10-11 11:47:17,098 - INFO - src.final_training 254 - Predicciones de probabilidad guardadas en: resultados/predicciones_probabilidad_lgb_optimization_cv_competencia01_k_2025-10-11_11-47-16.csv
2025-10-11 11:47:17,114 - INFO - src.final_training 276 - Predicciones generadas:
2025-10-11 11:47:17,114 - INFO - src.final_training 277 -   Total clientes: 164,313
2025-10-11 11:47:17,115 - INFO - src.final_training 278 -   Predicciones positivas: 10,142 (6.17%)
2025-10-11 11:47:17,115 - INFO - src.final_training 279 -   Predicciones negativas: 154,171
2025-10-11 11:47:17,115 - INFO - src.final_training 280 -   Porcentaje solicitado: 0.0617
2025-10-11 11:47:17,116 - INFO - __main__ 120 - Guardar predicciones
2025-10-11 11:47:17,227 - INFO - src.output_manager 42 - Predicciones guardadas en: predict/lgb_optimization_cv_competencia01_k_20251011_114717.csv
2025-10-11 11:47:17,228 - INFO - src.output_manager 43 - Formato del archivo:
2025-10-11 11:47:17,229 - INFO - src.output_manager 44 -   Columnas: ['numero_de_cliente', 'predict']
2025-10-11 11:47:17,229 - INFO - src.output_manager 45 -   Registros: 164,313
2025-10-11 11:47:17,229 - INFO - src.output_manager 46 -   Primeras filas:
2025-10-11 11:47:17,287 - INFO - src.output_manager 47 -    numero_de_cliente  predict
0          249350768        0
1          249432306        0
2          249565688        0
3          249596175        0
4          249695645        0
2025-10-11 11:47:17,287 - INFO - __main__ 124 - === RESUMEN FINAL ===
2025-10-11 11:47:17,288 - INFO - __main__ 125 - ✅ Entrenamiento final completado exitosamente
2025-10-11 11:47:17,288 - INFO - __main__ 126 - 📊 Mejores hiperparámetros utilizados: {'num_iterations': 554, 'num_leaves': 893, 'learn_rate': 0.07589287795334473, 'feature_fraction': 0.9922971655965048, 'bagging_fraction': 0.5840012741507785, 'min_child_samples': 248, 'max_depth': 14, 'reg_lambda': 5.095324721298434, 'reg_alpha': 4.537668668813456, 'min_gain_to_split': 0.10901523006932262}
2025-10-11 11:47:17,289 - INFO - __main__ 127 - 🎯 Períodos de entrenamiento: ['202101', '202102', '202103', '202104']
2025-10-11 11:47:17,289 - INFO - __main__ 128 - 🔮 Período de predicción: 202106
2025-10-11 11:47:17,289 - INFO - __main__ 131 - 📁 Archivo de salida: predict/lgb_optimization_cv_competencia01_k_20251011_114717.csv
2025-10-11 11:47:17,289 - INFO - __main__ 132 - 📝 Log detallado: logs/log_lgb_optimization_cv_competencia01_k_2025-10-11_09-15-05.log
2025-10-11 11:47:17,290 - INFO - __main__ 135 - >>> Ejecución finalizada. Revisar logs para mas detalles.
