2025-10-05 23:59:03,048 - INFO - __main__ 36 - Inicio de ejecucion.
2025-10-05 23:59:03,049 - INFO - __name__ 14 - Cargando dataset desde ./data/competencia_01.csv
2025-10-05 23:59:13,123 - INFO - __name__ 17 - Dataset cargado con 978439 filas y 155 columnas
2025-10-05 23:59:13,472 - INFO - __name__ 30 - Realizando feature engineering con 2 lags para 1 atributos
2025-10-05 23:59:19,310 - INFO - __name__ 60 - Feature engineering completado. DataFrame resultante con 157 columnas
2025-10-05 23:59:19,374 - INFO - __name__ 494 - Operación 'lag' aplicada. Nombre de nuevas variables: ['mcuentas_saldo_lag_1', 'mcuentas_saldo_lag_2']
2025-10-05 23:59:19,374 - INFO - __name__ 84 - Realizando feature engineering de delta lag con 1 lags para 1 atributos
2025-10-05 23:59:25,555 - INFO - __name__ 115 - Feature engineering de delta lag completado. DataFrame resultante con 158 columnas
2025-10-05 23:59:25,688 - INFO - __name__ 498 - Operación 'delta_lag' aplicada. Nombre de nuevas variables: ['mcuentas_saldo_delta_lag_1']
2025-10-05 23:59:25,688 - INFO - __name__ 138 - Realizando feature engineering con percentiles para 1 atributos
2025-10-05 23:59:32,159 - INFO - __name__ 167 - Feature engineering completado. DataFrame resultante con 159 columnas
2025-10-05 23:59:32,300 - INFO - __name__ 501 - Operación 'percentil' aplicada. Nombre de nuevas variables: ['mcuentas_saldo_percentil']
2025-10-05 23:59:32,301 - INFO - __name__ 193 - Realizando feature engineering con máximo de los últimos 3 meses para 9 atributos
2025-10-05 23:59:39,250 - INFO - __name__ 227 - Feature engineering completado. DataFrame resultante con 168 columnas
2025-10-05 23:59:39,395 - INFO - __name__ 505 - Operación 'max' aplicada. Nombre de nuevas variables: ['mrentabilidad_max_ult_3m', 'mactivos_margen_max_ult_3m', 'mcomisiones_mantenimiento_max_ult_3m', 'mcuentas_saldo_max_ult_3m', 'mtarjeta_visa_consumo_max_ult_3m', 'mtarjeta_master_consumo_max_ult_3m', 'mpasivos_margen_max_ult_3m', 'mttarjeta_visa_debitos_automaticos_max_ult_3m', 'mttarjeta_master_debitos_automaticos_max_ult_3m']
2025-10-05 23:59:39,400 - INFO - __name__ 251 - Realizando feature engineering con mínimo de los últimos 2 meses para 9 atributos
2025-10-05 23:59:47,540 - INFO - __name__ 285 - Feature engineering completado. DataFrame resultante con 177 columnas
2025-10-05 23:59:47,678 - INFO - __name__ 509 - Operación 'min' aplicada. Nombre de nuevas variables: ['mrentabilidad_min_ult_2m', 'mactivos_margen_min_ult_2m', 'mcomisiones_mantenimiento_min_ult_2m', 'mcuentas_saldo_min_ult_2m', 'mtarjeta_visa_consumo_min_ult_2m', 'mtarjeta_master_consumo_min_ult_2m', 'mpasivos_margen_min_ult_2m', 'mttarjeta_visa_debitos_automaticos_min_ult_2m', 'mttarjeta_master_debitos_automaticos_min_ult_2m']
2025-10-05 23:59:47,679 - INFO - __name__ 306 - Realizando feature engineering de ratios para 2 combinaciones
2025-10-05 23:59:48,522 - INFO - __name__ 322 - Feature engineering de ratios completado. DataFrame resultante con 179 columnas
2025-10-05 23:59:48,672 - INFO - __name__ 481 - Operación 'ratios' aplicada. Nombre de nuevas variables: ['prop_rentabilidad_anual', 'monto_promedio_transferencias_emitidas']
2025-10-05 23:59:48,672 - INFO - __main__ 61 - Feature Engineering completado: (978439, 179)
2025-10-05 23:59:49,267 - INFO - __name__ 54 - Conversión completada:
2025-10-05 23:59:49,268 - INFO - __name__ 55 -   Original - CONTINUA: 642830, BAJA+1: 4575, BAJA+2: 3938
2025-10-05 23:59:49,268 - INFO - __name__ 56 -   Binario - 0: 642830, 1: 8513
2025-10-05 23:59:49,268 - INFO - __name__ 57 -   Distribución: 1.31% casos positivos
2025-10-05 23:59:49,343 - INFO - src.optimization 190 - Iniciando optimización con 5 trials
2025-10-05 23:59:49,343 - INFO - src.optimization 191 - Configuración: TRAIN=202102, VALID=202103, SEMILLA=[839071, 666557, 390653, 408341, 858577]
