2025-10-07 00:58:49,807 - INFO - __main__ 36 - Inicio de ejecucion.
2025-10-07 00:58:49,809 - INFO - __main__ 38 - Número de trials por estudio: 100
2025-10-07 00:58:49,813 - INFO - __name__ 14 - Cargando dataset desde ./data/competencia_01.csv
2025-10-07 00:58:59,988 - INFO - __name__ 17 - Dataset cargado con 978439 filas y 155 columnas
2025-10-07 00:59:00,354 - INFO - __name__ 30 - Realizando feature engineering con 2 lags para 137 atributos
2025-10-07 00:59:00,355 - WARNING - __name__ 45 - El atributo mtarjeta_visa_debitos_automaticos no existe en el DataFrame
2025-10-07 00:59:22,546 - INFO - __name__ 60 - Feature engineering completado. DataFrame resultante con 427 columnas
2025-10-07 00:59:22,593 - INFO - __name__ 634 - Operación 'lag' aplicada. Nombre de nuevas variables: ['cproductos_lag_1', 'cproductos_lag_2', 'ccuenta_corriente_lag_1', 'ccuenta_corriente_lag_2', 'ccaja_ahorro_lag_1', 'ccaja_ahorro_lag_2', 'ctarjeta_debito_lag_1', 'ctarjeta_debito_lag_2', 'ctarjeta_debito_transacciones_lag_1', 'ctarjeta_debito_transacciones_lag_2', 'ctarjeta_visa_lag_1', 'ctarjeta_visa_lag_2', 'ctarjeta_visa_transacciones_lag_1', 'ctarjeta_visa_transacciones_lag_2', 'ctarjeta_master_lag_1', 'ctarjeta_master_lag_2', 'ctarjeta_master_transacciones_lag_1', 'ctarjeta_master_transacciones_lag_2', 'cprestamos_personales_lag_1', 'cprestamos_personales_lag_2', 'cprestamos_prendarios_lag_1', 'cprestamos_prendarios_lag_2', 'cprestamos_hipotecarios_lag_1', 'cprestamos_hipotecarios_lag_2', 'cplazo_fijo_lag_1', 'cplazo_fijo_lag_2', 'cinversion1_lag_1', 'cinversion1_lag_2', 'cinversion2_lag_1', 'cinversion2_lag_2', 'cseguro_vida_lag_1', 'cseguro_vida_lag_2', 'cseguro_auto_lag_1', 'cseguro_auto_lag_2', 'cseguro_vivienda_lag_1', 'cseguro_vivienda_lag_2', 'cseguro_accidentes_personales_lag_1', 'cseguro_accidentes_personales_lag_2', 'cpayroll_trx_lag_1', 'cpayroll_trx_lag_2', 'cpayroll2_trx_lag_1', 'cpayroll2_trx_lag_2', 'ccuenta_debitos_automaticos_lag_1', 'ccuenta_debitos_automaticos_lag_2', 'ctarjeta_visa_debitos_automaticos_lag_1', 'ctarjeta_visa_debitos_automaticos_lag_2', 'ctarjeta_master_debitos_automaticos_lag_1', 'ctarjeta_master_debitos_automaticos_lag_2', 'cpagodeservicios_lag_1', 'cpagodeservicios_lag_2', 'cpagomiscuentas_lag_1', 'cpagomiscuentas_lag_2', 'ccajeros_propios_descuentos_lag_1', 'ccajeros_propios_descuentos_lag_2', 'ctarjeta_visa_descuentos_lag_1', 'ctarjeta_visa_descuentos_lag_2', 'ctarjeta_master_descuentos_lag_1', 'ctarjeta_master_descuentos_lag_2', 'ccomisiones_mantenimiento_lag_1', 'ccomisiones_mantenimiento_lag_2', 'ccomisiones_otras_lag_1', 'ccomisiones_otras_lag_2', 'cforex_lag_1', 'cforex_lag_2', 'cforex_buy_lag_1', 'cforex_buy_lag_2', 'ctransferencias_recibidas_lag_1', 'ctransferencias_recibidas_lag_2', 'ctransferencias_emitidas_lag_1', 'ctransferencias_emitidas_lag_2', 'cextraccion_autoservicio_lag_1', 'cextraccion_autoservicio_lag_2', 'ccheques_depositados_lag_1', 'ccheques_depositados_lag_2', 'ccheques_emitidos_lag_1', 'ccheques_emitidos_lag_2', 'ccheques_depositados_rechazados_lag_1', 'ccheques_depositados_rechazados_lag_2', 'ccheques_emitidos_rechazados_lag_1', 'ccheques_emitidos_rechazados_lag_2', 'ccallcenter_transacciones_lag_1', 'ccallcenter_transacciones_lag_2', 'chomebanking_transacciones_lag_1', 'chomebanking_transacciones_lag_2', 'ccajas_transacciones_lag_1', 'ccajas_transacciones_lag_2', 'ccajas_consultas_lag_1', 'ccajas_consultas_lag_2', 'ccajas_depositos_lag_1', 'ccajas_depositos_lag_2', 'ccajas_extracciones_lag_1', 'ccajas_extracciones_lag_2', 'ccajas_otras_lag_1', 'ccajas_otras_lag_2', 'catm_trx_lag_1', 'catm_trx_lag_2', 'catm_trx_other_lag_1', 'catm_trx_other_lag_2', 'ctrx_quarter_lag_1', 'ctrx_quarter_lag_2', 'cmobile_app_trx_lag_1', 'cmobile_app_trx_lag_2', 'Master_cconsumos_lag_1', 'Master_cconsumos_lag_2', 'Master_cadelantosefectivo_lag_1', 'Master_cadelantosefectivo_lag_2', 'Visa_cconsumos_lag_1', 'Visa_cconsumos_lag_2', 'Visa_cadelantosefectivo_lag_1', 'Visa_cadelantosefectivo_lag_2', 'Master_Fvencimiento_lag_1', 'Master_Fvencimiento_lag_2', 'Master_Finiciomora_lag_1', 'Master_Finiciomora_lag_2', 'Master_fultimo_cierre_lag_1', 'Master_fultimo_cierre_lag_2', 'Master_fechaalta_lag_1', 'Master_fechaalta_lag_2', 'Visa_Fvencimiento_lag_1', 'Visa_Fvencimiento_lag_2', 'Visa_Finiciomora_lag_1', 'Visa_Finiciomora_lag_2', 'Visa_fultimo_cierre_lag_1', 'Visa_fultimo_cierre_lag_2', 'Visa_fechaalta_lag_1', 'Visa_fechaalta_lag_2', 'mrentabilidad_lag_1', 'mrentabilidad_lag_2', 'mrentabilidad_annual_lag_1', 'mrentabilidad_annual_lag_2', 'mcomisiones_lag_1', 'mcomisiones_lag_2', 'mactivos_margen_lag_1', 'mactivos_margen_lag_2', 'mpasivos_margen_lag_1', 'mpasivos_margen_lag_2', 'mcuenta_corriente_adicional_lag_1', 'mcuenta_corriente_adicional_lag_2', 'mcuenta_corriente_lag_1', 'mcuenta_corriente_lag_2', 'mcaja_ahorro_lag_1', 'mcaja_ahorro_lag_2', 'mcaja_ahorro_adicional_lag_1', 'mcaja_ahorro_adicional_lag_2', 'mcaja_ahorro_dolares_lag_1', 'mcaja_ahorro_dolares_lag_2', 'mcuentas_saldo_lag_1', 'mcuentas_saldo_lag_2', 'mautoservicio_lag_1', 'mautoservicio_lag_2', 'mtarjeta_visa_consumo_lag_1', 'mtarjeta_visa_consumo_lag_2', 'mtarjeta_master_consumo_lag_1', 'mtarjeta_master_consumo_lag_2', 'mprestamos_personales_lag_1', 'mprestamos_personales_lag_2', 'mprestamos_prendarios_lag_1', 'mprestamos_prendarios_lag_2', 'mprestamos_hipotecarios_lag_1', 'mprestamos_hipotecarios_lag_2', 'mplazo_fijo_dolares_lag_1', 'mplazo_fijo_dolares_lag_2', 'mplazo_fijo_pesos_lag_1', 'mplazo_fijo_pesos_lag_2', 'minversion1_pesos_lag_1', 'minversion1_pesos_lag_2', 'minversion1_dolares_lag_1', 'minversion1_dolares_lag_2', 'minversion2_lag_1', 'minversion2_lag_2', 'mpayroll_lag_1', 'mpayroll_lag_2', 'mpayroll2_lag_1', 'mpayroll2_lag_2', 'mcuenta_debitos_automaticos_lag_1', 'mcuenta_debitos_automaticos_lag_2', 'mtarjeta_visa_debitos_automaticos_lag_1', 'mtarjeta_visa_debitos_automaticos_lag_2', 'mttarjeta_master_debitos_automaticos_lag_1', 'mttarjeta_master_debitos_automaticos_lag_2', 'mpagodeservicios_lag_1', 'mpagodeservicios_lag_2', 'mpagomiscuentas_lag_1', 'mpagomiscuentas_lag_2', 'mcajeros_propios_descuentos_lag_1', 'mcajeros_propios_descuentos_lag_2', 'mtarjeta_visa_descuentos_lag_1', 'mtarjeta_visa_descuentos_lag_2', 'mtarjeta_master_descuentos_lag_1', 'mtarjeta_master_descuentos_lag_2', 'mcomisiones_mantenimiento_lag_1', 'mcomisiones_mantenimiento_lag_2', 'mcomisiones_otras_lag_1', 'mcomisiones_otras_lag_2', 'mforex_buy_lag_1', 'mforex_buy_lag_2', 'mforex_sell_lag_1', 'mforex_sell_lag_2', 'mtransferencias_recibidas_lag_1', 'mtransferencias_recibidas_lag_2', 'mtransferencias_emitidas_lag_1', 'mtransferencias_emitidas_lag_2', 'mextraccion_autoservicio_lag_1', 'mextraccion_autoservicio_lag_2', 'mcheques_depositados_lag_1', 'mcheques_depositados_lag_2', 'mcheques_emitidos_lag_1', 'mcheques_emitidos_lag_2', 'mcheques_depositados_rechazados_lag_1', 'mcheques_depositados_rechazados_lag_2', 'mcheques_emitidos_rechazados_lag_1', 'mcheques_emitidos_rechazados_lag_2', 'matm_lag_1', 'matm_lag_2', 'matm_other_lag_1', 'matm_other_lag_2', 'Master_mfinanciacion_limite_lag_1', 'Master_mfinanciacion_limite_lag_2', 'Master_msaldototal_lag_1', 'Master_msaldototal_lag_2', 'Master_msaldopesos_lag_1', 'Master_msaldopesos_lag_2', 'Master_msaldodolares_lag_1', 'Master_msaldodolares_lag_2', 'Master_mconsumospesos_lag_1', 'Master_mconsumospesos_lag_2', 'Master_mconsumosdolares_lag_1', 'Master_mconsumosdolares_lag_2', 'Master_mlimitecompra_lag_1', 'Master_mlimitecompra_lag_2', 'Master_madelantopesos_lag_1', 'Master_madelantopesos_lag_2', 'Master_madelantodolares_lag_1', 'Master_madelantodolares_lag_2', 'Master_mpagado_lag_1', 'Master_mpagado_lag_2', 'Master_mpagospesos_lag_1', 'Master_mpagospesos_lag_2', 'Master_mpagosdolares_lag_1', 'Master_mpagosdolares_lag_2', 'Master_mconsumototal_lag_1', 'Master_mconsumototal_lag_2', 'Master_mpagominimo_lag_1', 'Master_mpagominimo_lag_2', 'Visa_mfinanciacion_limite_lag_1', 'Visa_mfinanciacion_limite_lag_2', 'Visa_msaldototal_lag_1', 'Visa_msaldototal_lag_2', 'Visa_msaldopesos_lag_1', 'Visa_msaldopesos_lag_2', 'Visa_msaldodolares_lag_1', 'Visa_msaldodolares_lag_2', 'Visa_mconsumospesos_lag_1', 'Visa_mconsumospesos_lag_2', 'Visa_mconsumosdolares_lag_1', 'Visa_mconsumosdolares_lag_2', 'Visa_mlimitecompra_lag_1', 'Visa_mlimitecompra_lag_2', 'Visa_madelantopesos_lag_1', 'Visa_madelantopesos_lag_2', 'Visa_madelantodolares_lag_1', 'Visa_madelantodolares_lag_2', 'Visa_mpagado_lag_1', 'Visa_mpagado_lag_2', 'Visa_mpagospesos_lag_1', 'Visa_mpagospesos_lag_2', 'Visa_mpagosdolares_lag_1', 'Visa_mpagosdolares_lag_2', 'Visa_mconsumototal_lag_1', 'Visa_mconsumototal_lag_2', 'Visa_mpagominimo_lag_1', 'Visa_mpagominimo_lag_2', 'cforex_sell_lag_1', 'cforex_sell_lag_2']
2025-10-07 00:59:22,596 - INFO - __name__ 84 - Realizando feature engineering de delta lag con 2 lags para 137 atributos
2025-10-07 00:59:22,605 - WARNING - __name__ 102 - El atributo mtarjeta_visa_debitos_automaticos no existe en el DataFrame
2025-10-07 01:00:28,686 - INFO - __name__ 115 - Feature engineering de delta lag completado. DataFrame resultante con 699 columnas
2025-10-07 01:00:28,862 - INFO - __name__ 638 - Operación 'delta_lag' aplicada. Nombre de nuevas variables: ['cproductos_delta_lag_1', 'cproductos_delta_lag_2', 'ccuenta_corriente_delta_lag_1', 'ccuenta_corriente_delta_lag_2', 'ccaja_ahorro_delta_lag_1', 'ccaja_ahorro_delta_lag_2', 'ctarjeta_debito_delta_lag_1', 'ctarjeta_debito_delta_lag_2', 'ctarjeta_debito_transacciones_delta_lag_1', 'ctarjeta_debito_transacciones_delta_lag_2', 'ctarjeta_visa_delta_lag_1', 'ctarjeta_visa_delta_lag_2', 'ctarjeta_visa_transacciones_delta_lag_1', 'ctarjeta_visa_transacciones_delta_lag_2', 'ctarjeta_master_delta_lag_1', 'ctarjeta_master_delta_lag_2', 'ctarjeta_master_transacciones_delta_lag_1', 'ctarjeta_master_transacciones_delta_lag_2', 'cprestamos_personales_delta_lag_1', 'cprestamos_personales_delta_lag_2', 'cprestamos_prendarios_delta_lag_1', 'cprestamos_prendarios_delta_lag_2', 'cprestamos_hipotecarios_delta_lag_1', 'cprestamos_hipotecarios_delta_lag_2', 'cplazo_fijo_delta_lag_1', 'cplazo_fijo_delta_lag_2', 'cinversion1_delta_lag_1', 'cinversion1_delta_lag_2', 'cinversion2_delta_lag_1', 'cinversion2_delta_lag_2', 'cseguro_vida_delta_lag_1', 'cseguro_vida_delta_lag_2', 'cseguro_auto_delta_lag_1', 'cseguro_auto_delta_lag_2', 'cseguro_vivienda_delta_lag_1', 'cseguro_vivienda_delta_lag_2', 'cseguro_accidentes_personales_delta_lag_1', 'cseguro_accidentes_personales_delta_lag_2', 'cpayroll_trx_delta_lag_1', 'cpayroll_trx_delta_lag_2', 'cpayroll2_trx_delta_lag_1', 'cpayroll2_trx_delta_lag_2', 'ccuenta_debitos_automaticos_delta_lag_1', 'ccuenta_debitos_automaticos_delta_lag_2', 'ctarjeta_visa_debitos_automaticos_delta_lag_1', 'ctarjeta_visa_debitos_automaticos_delta_lag_2', 'ctarjeta_master_debitos_automaticos_delta_lag_1', 'ctarjeta_master_debitos_automaticos_delta_lag_2', 'cpagodeservicios_delta_lag_1', 'cpagodeservicios_delta_lag_2', 'cpagomiscuentas_delta_lag_1', 'cpagomiscuentas_delta_lag_2', 'ccajeros_propios_descuentos_delta_lag_1', 'ccajeros_propios_descuentos_delta_lag_2', 'ctarjeta_visa_descuentos_delta_lag_1', 'ctarjeta_visa_descuentos_delta_lag_2', 'ctarjeta_master_descuentos_delta_lag_1', 'ctarjeta_master_descuentos_delta_lag_2', 'ccomisiones_mantenimiento_delta_lag_1', 'ccomisiones_mantenimiento_delta_lag_2', 'ccomisiones_otras_delta_lag_1', 'ccomisiones_otras_delta_lag_2', 'cforex_delta_lag_1', 'cforex_delta_lag_2', 'cforex_buy_delta_lag_1', 'cforex_buy_delta_lag_2', 'ctransferencias_recibidas_delta_lag_1', 'ctransferencias_recibidas_delta_lag_2', 'ctransferencias_emitidas_delta_lag_1', 'ctransferencias_emitidas_delta_lag_2', 'cextraccion_autoservicio_delta_lag_1', 'cextraccion_autoservicio_delta_lag_2', 'ccheques_depositados_delta_lag_1', 'ccheques_depositados_delta_lag_2', 'ccheques_emitidos_delta_lag_1', 'ccheques_emitidos_delta_lag_2', 'ccheques_depositados_rechazados_delta_lag_1', 'ccheques_depositados_rechazados_delta_lag_2', 'ccheques_emitidos_rechazados_delta_lag_1', 'ccheques_emitidos_rechazados_delta_lag_2', 'ccallcenter_transacciones_delta_lag_1', 'ccallcenter_transacciones_delta_lag_2', 'chomebanking_transacciones_delta_lag_1', 'chomebanking_transacciones_delta_lag_2', 'ccajas_transacciones_delta_lag_1', 'ccajas_transacciones_delta_lag_2', 'ccajas_consultas_delta_lag_1', 'ccajas_consultas_delta_lag_2', 'ccajas_depositos_delta_lag_1', 'ccajas_depositos_delta_lag_2', 'ccajas_extracciones_delta_lag_1', 'ccajas_extracciones_delta_lag_2', 'ccajas_otras_delta_lag_1', 'ccajas_otras_delta_lag_2', 'catm_trx_delta_lag_1', 'catm_trx_delta_lag_2', 'catm_trx_other_delta_lag_1', 'catm_trx_other_delta_lag_2', 'ctrx_quarter_delta_lag_1', 'ctrx_quarter_delta_lag_2', 'cmobile_app_trx_delta_lag_1', 'cmobile_app_trx_delta_lag_2', 'Master_cconsumos_delta_lag_1', 'Master_cconsumos_delta_lag_2', 'Master_cadelantosefectivo_delta_lag_1', 'Master_cadelantosefectivo_delta_lag_2', 'Visa_cconsumos_delta_lag_1', 'Visa_cconsumos_delta_lag_2', 'Visa_cadelantosefectivo_delta_lag_1', 'Visa_cadelantosefectivo_delta_lag_2', 'Master_Fvencimiento_delta_lag_1', 'Master_Fvencimiento_delta_lag_2', 'Master_Finiciomora_delta_lag_1', 'Master_Finiciomora_delta_lag_2', 'Master_fultimo_cierre_delta_lag_1', 'Master_fultimo_cierre_delta_lag_2', 'Master_fechaalta_delta_lag_1', 'Master_fechaalta_delta_lag_2', 'Visa_Fvencimiento_delta_lag_1', 'Visa_Fvencimiento_delta_lag_2', 'Visa_Finiciomora_delta_lag_1', 'Visa_Finiciomora_delta_lag_2', 'Visa_fultimo_cierre_delta_lag_1', 'Visa_fultimo_cierre_delta_lag_2', 'Visa_fechaalta_delta_lag_1', 'Visa_fechaalta_delta_lag_2', 'mrentabilidad_delta_lag_1', 'mrentabilidad_delta_lag_2', 'mrentabilidad_annual_delta_lag_1', 'mrentabilidad_annual_delta_lag_2', 'mcomisiones_delta_lag_1', 'mcomisiones_delta_lag_2', 'mactivos_margen_delta_lag_1', 'mactivos_margen_delta_lag_2', 'mpasivos_margen_delta_lag_1', 'mpasivos_margen_delta_lag_2', 'mcuenta_corriente_adicional_delta_lag_1', 'mcuenta_corriente_adicional_delta_lag_2', 'mcuenta_corriente_delta_lag_1', 'mcuenta_corriente_delta_lag_2', 'mcaja_ahorro_delta_lag_1', 'mcaja_ahorro_delta_lag_2', 'mcaja_ahorro_adicional_delta_lag_1', 'mcaja_ahorro_adicional_delta_lag_2', 'mcaja_ahorro_dolares_delta_lag_1', 'mcaja_ahorro_dolares_delta_lag_2', 'mcuentas_saldo_delta_lag_1', 'mcuentas_saldo_delta_lag_2', 'mautoservicio_delta_lag_1', 'mautoservicio_delta_lag_2', 'mtarjeta_visa_consumo_delta_lag_1', 'mtarjeta_visa_consumo_delta_lag_2', 'mtarjeta_master_consumo_delta_lag_1', 'mtarjeta_master_consumo_delta_lag_2', 'mprestamos_personales_delta_lag_1', 'mprestamos_personales_delta_lag_2', 'mprestamos_prendarios_delta_lag_1', 'mprestamos_prendarios_delta_lag_2', 'mprestamos_hipotecarios_delta_lag_1', 'mprestamos_hipotecarios_delta_lag_2', 'mplazo_fijo_dolares_delta_lag_1', 'mplazo_fijo_dolares_delta_lag_2', 'mplazo_fijo_pesos_delta_lag_1', 'mplazo_fijo_pesos_delta_lag_2', 'minversion1_pesos_delta_lag_1', 'minversion1_pesos_delta_lag_2', 'minversion1_dolares_delta_lag_1', 'minversion1_dolares_delta_lag_2', 'minversion2_delta_lag_1', 'minversion2_delta_lag_2', 'mpayroll_delta_lag_1', 'mpayroll_delta_lag_2', 'mpayroll2_delta_lag_1', 'mpayroll2_delta_lag_2', 'mcuenta_debitos_automaticos_delta_lag_1', 'mcuenta_debitos_automaticos_delta_lag_2', 'mtarjeta_visa_debitos_automaticos_delta_lag_1', 'mtarjeta_visa_debitos_automaticos_delta_lag_2', 'mttarjeta_master_debitos_automaticos_delta_lag_1', 'mttarjeta_master_debitos_automaticos_delta_lag_2', 'mpagodeservicios_delta_lag_1', 'mpagodeservicios_delta_lag_2', 'mpagomiscuentas_delta_lag_1', 'mpagomiscuentas_delta_lag_2', 'mcajeros_propios_descuentos_delta_lag_1', 'mcajeros_propios_descuentos_delta_lag_2', 'mtarjeta_visa_descuentos_delta_lag_1', 'mtarjeta_visa_descuentos_delta_lag_2', 'mtarjeta_master_descuentos_delta_lag_1', 'mtarjeta_master_descuentos_delta_lag_2', 'mcomisiones_mantenimiento_delta_lag_1', 'mcomisiones_mantenimiento_delta_lag_2', 'mcomisiones_otras_delta_lag_1', 'mcomisiones_otras_delta_lag_2', 'mforex_buy_delta_lag_1', 'mforex_buy_delta_lag_2', 'mforex_sell_delta_lag_1', 'mforex_sell_delta_lag_2', 'mtransferencias_recibidas_delta_lag_1', 'mtransferencias_recibidas_delta_lag_2', 'mtransferencias_emitidas_delta_lag_1', 'mtransferencias_emitidas_delta_lag_2', 'mextraccion_autoservicio_delta_lag_1', 'mextraccion_autoservicio_delta_lag_2', 'mcheques_depositados_delta_lag_1', 'mcheques_depositados_delta_lag_2', 'mcheques_emitidos_delta_lag_1', 'mcheques_emitidos_delta_lag_2', 'mcheques_depositados_rechazados_delta_lag_1', 'mcheques_depositados_rechazados_delta_lag_2', 'mcheques_emitidos_rechazados_delta_lag_1', 'mcheques_emitidos_rechazados_delta_lag_2', 'matm_delta_lag_1', 'matm_delta_lag_2', 'matm_other_delta_lag_1', 'matm_other_delta_lag_2', 'Master_mfinanciacion_limite_delta_lag_1', 'Master_mfinanciacion_limite_delta_lag_2', 'Master_msaldototal_delta_lag_1', 'Master_msaldototal_delta_lag_2', 'Master_msaldopesos_delta_lag_1', 'Master_msaldopesos_delta_lag_2', 'Master_msaldodolares_delta_lag_1', 'Master_msaldodolares_delta_lag_2', 'Master_mconsumospesos_delta_lag_1', 'Master_mconsumospesos_delta_lag_2', 'Master_mconsumosdolares_delta_lag_1', 'Master_mconsumosdolares_delta_lag_2', 'Master_mlimitecompra_delta_lag_1', 'Master_mlimitecompra_delta_lag_2', 'Master_madelantopesos_delta_lag_1', 'Master_madelantopesos_delta_lag_2', 'Master_madelantodolares_delta_lag_1', 'Master_madelantodolares_delta_lag_2', 'Master_mpagado_delta_lag_1', 'Master_mpagado_delta_lag_2', 'Master_mpagospesos_delta_lag_1', 'Master_mpagospesos_delta_lag_2', 'Master_mpagosdolares_delta_lag_1', 'Master_mpagosdolares_delta_lag_2', 'Master_mconsumototal_delta_lag_1', 'Master_mconsumototal_delta_lag_2', 'Master_mpagominimo_delta_lag_1', 'Master_mpagominimo_delta_lag_2', 'Visa_mfinanciacion_limite_delta_lag_1', 'Visa_mfinanciacion_limite_delta_lag_2', 'Visa_msaldototal_delta_lag_1', 'Visa_msaldototal_delta_lag_2', 'Visa_msaldopesos_delta_lag_1', 'Visa_msaldopesos_delta_lag_2', 'Visa_msaldodolares_delta_lag_1', 'Visa_msaldodolares_delta_lag_2', 'Visa_mconsumospesos_delta_lag_1', 'Visa_mconsumospesos_delta_lag_2', 'Visa_mconsumosdolares_delta_lag_1', 'Visa_mconsumosdolares_delta_lag_2', 'Visa_mlimitecompra_delta_lag_1', 'Visa_mlimitecompra_delta_lag_2', 'Visa_madelantopesos_delta_lag_1', 'Visa_madelantopesos_delta_lag_2', 'Visa_madelantodolares_delta_lag_1', 'Visa_madelantodolares_delta_lag_2', 'Visa_mpagado_delta_lag_1', 'Visa_mpagado_delta_lag_2', 'Visa_mpagospesos_delta_lag_1', 'Visa_mpagospesos_delta_lag_2', 'Visa_mpagosdolares_delta_lag_1', 'Visa_mpagosdolares_delta_lag_2', 'Visa_mconsumototal_delta_lag_1', 'Visa_mconsumototal_delta_lag_2', 'Visa_mpagominimo_delta_lag_1', 'Visa_mpagominimo_delta_lag_2', 'cforex_sell_delta_lag_1', 'cforex_sell_delta_lag_2']
2025-10-07 01:00:28,864 - INFO - __name__ 428 - Realizando feature engineering de cambio categórico con 2 lags para 13 atributos
2025-10-07 01:02:15,289 - INFO - __name__ 455 - Feature engineering de cambio categórico completado. DataFrame resultante con 725 columnas
2025-10-07 01:02:15,614 - INFO - __name__ 653 - Operación 'cambio_estado' aplicada. Nombre de nuevas variables: ['active_quarter_cambio_lag_1', 'active_quarter_cambio_lag_2', 'cliente_vip_cambio_lag_1', 'cliente_vip_cambio_lag_2', 'internet_cambio_lag_1', 'internet_cambio_lag_2', 'tcuentas_cambio_lag_1', 'tcuentas_cambio_lag_2', 'cdescubierto_preacordado_cambio_lag_1', 'cdescubierto_preacordado_cambio_lag_2', 'ccaja_seguridad_cambio_lag_1', 'ccaja_seguridad_cambio_lag_2', 'tcallcenter_cambio_lag_1', 'tcallcenter_cambio_lag_2', 'thomebanking_cambio_lag_1', 'thomebanking_cambio_lag_2', 'tmobile_app_cambio_lag_1', 'tmobile_app_cambio_lag_2', 'Master_delinquency_cambio_lag_1', 'Master_delinquency_cambio_lag_2', 'Master_status_cambio_lag_1', 'Master_status_cambio_lag_2', 'Visa_delinquency_cambio_lag_1', 'Visa_delinquency_cambio_lag_2', 'Visa_status_cambio_lag_1', 'Visa_status_cambio_lag_2']
2025-10-07 01:02:15,617 - INFO - __main__ 48 - Feature Engineering completado: (978439, 725)
2025-10-07 01:02:22,255 - INFO - __name__ 54 - Conversión completada:
2025-10-07 01:02:22,256 - INFO - __name__ 55 -   Original - CONTINUA: 642830, BAJA+1: 4575, BAJA+2: 3938
2025-10-07 01:02:22,256 - INFO - __name__ 56 -   Binario - 0: 642830, 1: 8513
2025-10-07 01:02:22,257 - INFO - __name__ 57 -   Distribución: 1.31% casos positivos
2025-10-07 01:02:23,003 - INFO - src.optimization 184 - Iniciando optimización con 100 trials
2025-10-07 01:02:23,004 - INFO - src.optimization 185 - Configuración: TRAIN=202102, VALID=202103, SEMILLA=[839071, 666557, 390653, 408341, 858577]
2025-10-07 01:02:49,807 - INFO - src.optimization 158 - Iteración 0 guardada en resultados/lgb_optimization_competencia01b_iteraciones.json
2025-10-07 01:02:49,807 - INFO - src.optimization 159 - Ganancia: 908,020,000---Parámetros: {params}
2025-10-07 01:03:17,153 - INFO - src.optimization 158 - Iteración 1 guardada en resultados/lgb_optimization_competencia01b_iteraciones.json
2025-10-07 01:03:17,154 - INFO - src.optimization 159 - Ganancia: 909,920,000---Parámetros: {params}
2025-10-07 01:03:37,253 - INFO - src.optimization 158 - Iteración 2 guardada en resultados/lgb_optimization_competencia01b_iteraciones.json
2025-10-07 01:03:37,254 - INFO - src.optimization 159 - Ganancia: 896,440,000---Parámetros: {params}
2025-10-07 01:04:12,323 - INFO - src.optimization 158 - Iteración 3 guardada en resultados/lgb_optimization_competencia01b_iteraciones.json
2025-10-07 01:04:12,324 - INFO - src.optimization 159 - Ganancia: 901,660,000---Parámetros: {params}
2025-10-07 01:04:41,830 - INFO - src.optimization 158 - Iteración 4 guardada en resultados/lgb_optimization_competencia01b_iteraciones.json
2025-10-07 01:04:41,832 - INFO - src.optimization 159 - Ganancia: 897,020,000---Parámetros: {params}
2025-10-07 01:05:13,025 - INFO - src.optimization 158 - Iteración 5 guardada en resultados/lgb_optimization_competencia01b_iteraciones.json
2025-10-07 01:05:13,025 - INFO - src.optimization 159 - Ganancia: 907,220,000---Parámetros: {params}
2025-10-07 01:05:34,749 - INFO - src.optimization 158 - Iteración 6 guardada en resultados/lgb_optimization_competencia01b_iteraciones.json
2025-10-07 01:05:34,751 - INFO - src.optimization 159 - Ganancia: 891,460,000---Parámetros: {params}
2025-10-07 01:05:58,469 - INFO - src.optimization 158 - Iteración 7 guardada en resultados/lgb_optimization_competencia01b_iteraciones.json
2025-10-07 01:05:58,469 - INFO - src.optimization 159 - Ganancia: 905,540,000---Parámetros: {params}
2025-10-07 01:06:31,338 - INFO - src.optimization 158 - Iteración 8 guardada en resultados/lgb_optimization_competencia01b_iteraciones.json
2025-10-07 01:06:31,339 - INFO - src.optimization 159 - Ganancia: 914,240,000---Parámetros: {params}
2025-10-07 01:06:54,855 - INFO - src.optimization 158 - Iteración 9 guardada en resultados/lgb_optimization_competencia01b_iteraciones.json
2025-10-07 01:06:54,857 - INFO - src.optimization 159 - Ganancia: 910,640,000---Parámetros: {params}
2025-10-07 01:07:16,184 - INFO - src.optimization 158 - Iteración 10 guardada en resultados/lgb_optimization_competencia01b_iteraciones.json
2025-10-07 01:07:16,185 - INFO - src.optimization 159 - Ganancia: 863,640,000---Parámetros: {params}
2025-10-07 01:07:40,190 - INFO - src.optimization 158 - Iteración 11 guardada en resultados/lgb_optimization_competencia01b_iteraciones.json
2025-10-07 01:07:40,192 - INFO - src.optimization 159 - Ganancia: 857,760,000---Parámetros: {params}
2025-10-07 01:08:03,950 - INFO - src.optimization 158 - Iteración 12 guardada en resultados/lgb_optimization_competencia01b_iteraciones.json
2025-10-07 01:08:03,950 - INFO - src.optimization 159 - Ganancia: 898,840,000---Parámetros: {params}
2025-10-07 01:08:29,043 - INFO - src.optimization 158 - Iteración 13 guardada en resultados/lgb_optimization_competencia01b_iteraciones.json
2025-10-07 01:08:29,044 - INFO - src.optimization 159 - Ganancia: 898,640,000---Parámetros: {params}
2025-10-07 01:08:51,536 - INFO - src.optimization 158 - Iteración 14 guardada en resultados/lgb_optimization_competencia01b_iteraciones.json
2025-10-07 01:08:51,537 - INFO - src.optimization 159 - Ganancia: 871,380,000---Parámetros: {params}
2025-10-07 01:09:27,422 - INFO - src.optimization 158 - Iteración 15 guardada en resultados/lgb_optimization_competencia01b_iteraciones.json
2025-10-07 01:09:27,423 - INFO - src.optimization 159 - Ganancia: 918,600,000---Parámetros: {params}
2025-10-07 01:09:59,681 - INFO - src.optimization 158 - Iteración 16 guardada en resultados/lgb_optimization_competencia01b_iteraciones.json
2025-10-07 01:09:59,683 - INFO - src.optimization 159 - Ganancia: 894,460,000---Parámetros: {params}
2025-10-07 01:10:38,361 - INFO - src.optimization 158 - Iteración 17 guardada en resultados/lgb_optimization_competencia01b_iteraciones.json
2025-10-07 01:10:38,363 - INFO - src.optimization 159 - Ganancia: 900,080,000---Parámetros: {params}
2025-10-07 01:11:10,571 - INFO - src.optimization 158 - Iteración 18 guardada en resultados/lgb_optimization_competencia01b_iteraciones.json
2025-10-07 01:11:10,574 - INFO - src.optimization 159 - Ganancia: 904,380,000---Parámetros: {params}
2025-10-07 01:11:47,608 - INFO - src.optimization 158 - Iteración 19 guardada en resultados/lgb_optimization_competencia01b_iteraciones.json
2025-10-07 01:11:47,609 - INFO - src.optimization 159 - Ganancia: 907,540,000---Parámetros: {params}
2025-10-07 01:12:14,377 - INFO - src.optimization 158 - Iteración 20 guardada en resultados/lgb_optimization_competencia01b_iteraciones.json
2025-10-07 01:12:14,377 - INFO - src.optimization 159 - Ganancia: 803,040,000---Parámetros: {params}
2025-10-07 01:12:44,922 - INFO - src.optimization 158 - Iteración 21 guardada en resultados/lgb_optimization_competencia01b_iteraciones.json
2025-10-07 01:12:44,924 - INFO - src.optimization 159 - Ganancia: 912,300,000---Parámetros: {params}
2025-10-07 01:13:12,546 - INFO - src.optimization 158 - Iteración 22 guardada en resultados/lgb_optimization_competencia01b_iteraciones.json
2025-10-07 01:13:12,547 - INFO - src.optimization 159 - Ganancia: 896,220,000---Parámetros: {params}
2025-10-07 01:13:45,624 - INFO - src.optimization 158 - Iteración 23 guardada en resultados/lgb_optimization_competencia01b_iteraciones.json
2025-10-07 01:13:45,626 - INFO - src.optimization 159 - Ganancia: 895,620,000---Parámetros: {params}
2025-10-07 01:14:21,147 - INFO - src.optimization 158 - Iteración 24 guardada en resultados/lgb_optimization_competencia01b_iteraciones.json
2025-10-07 01:14:21,149 - INFO - src.optimization 159 - Ganancia: 905,860,000---Parámetros: {params}
2025-10-07 01:14:49,136 - INFO - src.optimization 158 - Iteración 25 guardada en resultados/lgb_optimization_competencia01b_iteraciones.json
2025-10-07 01:14:49,137 - INFO - src.optimization 159 - Ganancia: 892,680,000---Parámetros: {params}
2025-10-07 01:15:30,433 - INFO - src.optimization 158 - Iteración 26 guardada en resultados/lgb_optimization_competencia01b_iteraciones.json
2025-10-07 01:15:30,435 - INFO - src.optimization 159 - Ganancia: 900,060,000---Parámetros: {params}
2025-10-07 01:16:02,926 - INFO - src.optimization 158 - Iteración 27 guardada en resultados/lgb_optimization_competencia01b_iteraciones.json
2025-10-07 01:16:02,927 - INFO - src.optimization 159 - Ganancia: 910,880,000---Parámetros: {params}
2025-10-07 01:16:25,478 - INFO - src.optimization 158 - Iteración 28 guardada en resultados/lgb_optimization_competencia01b_iteraciones.json
2025-10-07 01:16:25,480 - INFO - src.optimization 159 - Ganancia: 913,460,000---Parámetros: {params}
2025-10-07 01:16:48,142 - INFO - src.optimization 158 - Iteración 29 guardada en resultados/lgb_optimization_competencia01b_iteraciones.json
2025-10-07 01:16:48,143 - INFO - src.optimization 159 - Ganancia: 920,440,000---Parámetros: {params}
2025-10-07 01:17:13,075 - INFO - src.optimization 158 - Iteración 30 guardada en resultados/lgb_optimization_competencia01b_iteraciones.json
2025-10-07 01:17:13,076 - INFO - src.optimization 159 - Ganancia: 905,840,000---Parámetros: {params}
2025-10-07 01:17:37,918 - INFO - src.optimization 158 - Iteración 31 guardada en resultados/lgb_optimization_competencia01b_iteraciones.json
2025-10-07 01:17:37,919 - INFO - src.optimization 159 - Ganancia: 919,400,000---Parámetros: {params}
2025-10-07 01:18:02,534 - INFO - src.optimization 158 - Iteración 32 guardada en resultados/lgb_optimization_competencia01b_iteraciones.json
2025-10-07 01:18:02,535 - INFO - src.optimization 159 - Ganancia: 920,040,000---Parámetros: {params}
2025-10-07 01:18:22,517 - INFO - src.optimization 158 - Iteración 33 guardada en resultados/lgb_optimization_competencia01b_iteraciones.json
2025-10-07 01:18:22,517 - INFO - src.optimization 159 - Ganancia: 910,800,000---Parámetros: {params}
2025-10-07 01:18:42,716 - INFO - src.optimization 158 - Iteración 34 guardada en resultados/lgb_optimization_competencia01b_iteraciones.json
2025-10-07 01:18:42,717 - INFO - src.optimization 159 - Ganancia: 898,940,000---Parámetros: {params}
2025-10-07 01:19:08,025 - INFO - src.optimization 158 - Iteración 35 guardada en resultados/lgb_optimization_competencia01b_iteraciones.json
2025-10-07 01:19:08,027 - INFO - src.optimization 159 - Ganancia: 916,200,000---Parámetros: {params}
2025-10-07 01:19:32,358 - INFO - src.optimization 158 - Iteración 36 guardada en resultados/lgb_optimization_competencia01b_iteraciones.json
2025-10-07 01:19:32,358 - INFO - src.optimization 159 - Ganancia: 904,760,000---Parámetros: {params}
2025-10-07 01:19:59,022 - INFO - src.optimization 158 - Iteración 37 guardada en resultados/lgb_optimization_competencia01b_iteraciones.json
2025-10-07 01:19:59,024 - INFO - src.optimization 159 - Ganancia: 915,000,000---Parámetros: {params}
2025-10-07 01:20:26,863 - INFO - src.optimization 158 - Iteración 38 guardada en resultados/lgb_optimization_competencia01b_iteraciones.json
2025-10-07 01:20:26,865 - INFO - src.optimization 159 - Ganancia: 910,360,000---Parámetros: {params}
2025-10-07 01:20:56,706 - INFO - src.optimization 158 - Iteración 39 guardada en resultados/lgb_optimization_competencia01b_iteraciones.json
2025-10-07 01:20:56,708 - INFO - src.optimization 159 - Ganancia: 929,520,000---Parámetros: {params}
2025-10-07 01:21:24,962 - INFO - src.optimization 158 - Iteración 40 guardada en resultados/lgb_optimization_competencia01b_iteraciones.json
2025-10-07 01:21:24,965 - INFO - src.optimization 159 - Ganancia: 930,760,000---Parámetros: {params}
2025-10-07 01:21:54,048 - INFO - src.optimization 158 - Iteración 41 guardada en resultados/lgb_optimization_competencia01b_iteraciones.json
2025-10-07 01:21:54,049 - INFO - src.optimization 159 - Ganancia: 925,880,000---Parámetros: {params}
2025-10-07 01:22:20,798 - INFO - src.optimization 158 - Iteración 42 guardada en resultados/lgb_optimization_competencia01b_iteraciones.json
2025-10-07 01:22:20,800 - INFO - src.optimization 159 - Ganancia: 928,240,000---Parámetros: {params}
2025-10-07 01:22:45,505 - INFO - src.optimization 158 - Iteración 43 guardada en resultados/lgb_optimization_competencia01b_iteraciones.json
2025-10-07 01:22:45,508 - INFO - src.optimization 159 - Ganancia: 925,700,000---Parámetros: {params}
2025-10-07 01:23:13,035 - INFO - src.optimization 158 - Iteración 44 guardada en resultados/lgb_optimization_competencia01b_iteraciones.json
2025-10-07 01:23:13,036 - INFO - src.optimization 159 - Ganancia: 926,040,000---Parámetros: {params}
2025-10-07 01:23:39,436 - INFO - src.optimization 158 - Iteración 45 guardada en resultados/lgb_optimization_competencia01b_iteraciones.json
2025-10-07 01:23:39,437 - INFO - src.optimization 159 - Ganancia: 926,480,000---Parámetros: {params}
2025-10-07 01:24:07,705 - INFO - src.optimization 158 - Iteración 46 guardada en resultados/lgb_optimization_competencia01b_iteraciones.json
2025-10-07 01:24:07,708 - INFO - src.optimization 159 - Ganancia: 901,840,000---Parámetros: {params}
2025-10-07 01:24:32,541 - INFO - src.optimization 158 - Iteración 47 guardada en resultados/lgb_optimization_competencia01b_iteraciones.json
2025-10-07 01:24:32,542 - INFO - src.optimization 159 - Ganancia: 898,360,000---Parámetros: {params}
2025-10-07 01:25:00,590 - INFO - src.optimization 158 - Iteración 48 guardada en resultados/lgb_optimization_competencia01b_iteraciones.json
2025-10-07 01:25:00,592 - INFO - src.optimization 159 - Ganancia: 920,440,000---Parámetros: {params}
2025-10-07 01:25:31,770 - INFO - src.optimization 158 - Iteración 49 guardada en resultados/lgb_optimization_competencia01b_iteraciones.json
2025-10-07 01:25:31,771 - INFO - src.optimization 159 - Ganancia: 917,900,000---Parámetros: {params}
2025-10-07 01:25:58,955 - INFO - src.optimization 158 - Iteración 50 guardada en resultados/lgb_optimization_competencia01b_iteraciones.json
2025-10-07 01:25:58,956 - INFO - src.optimization 159 - Ganancia: 923,480,000---Parámetros: {params}
2025-10-07 01:26:22,023 - INFO - src.optimization 158 - Iteración 51 guardada en resultados/lgb_optimization_competencia01b_iteraciones.json
2025-10-07 01:26:22,024 - INFO - src.optimization 159 - Ganancia: 914,360,000---Parámetros: {params}
2025-10-07 01:26:49,571 - INFO - src.optimization 158 - Iteración 52 guardada en resultados/lgb_optimization_competencia01b_iteraciones.json
2025-10-07 01:26:49,573 - INFO - src.optimization 159 - Ganancia: 935,040,000---Parámetros: {params}
2025-10-07 01:27:15,911 - INFO - src.optimization 158 - Iteración 53 guardada en resultados/lgb_optimization_competencia01b_iteraciones.json
2025-10-07 01:27:15,912 - INFO - src.optimization 159 - Ganancia: 921,380,000---Parámetros: {params}
2025-10-07 01:27:47,430 - INFO - src.optimization 158 - Iteración 54 guardada en resultados/lgb_optimization_competencia01b_iteraciones.json
2025-10-07 01:27:47,431 - INFO - src.optimization 159 - Ganancia: 925,580,000---Parámetros: {params}
2025-10-07 01:28:16,710 - INFO - src.optimization 158 - Iteración 55 guardada en resultados/lgb_optimization_competencia01b_iteraciones.json
2025-10-07 01:28:16,711 - INFO - src.optimization 159 - Ganancia: 934,520,000---Parámetros: {params}
2025-10-07 01:28:47,622 - INFO - src.optimization 158 - Iteración 56 guardada en resultados/lgb_optimization_competencia01b_iteraciones.json
2025-10-07 01:28:47,623 - INFO - src.optimization 159 - Ganancia: 927,180,000---Parámetros: {params}
2025-10-07 01:29:17,027 - INFO - src.optimization 158 - Iteración 57 guardada en resultados/lgb_optimization_competencia01b_iteraciones.json
2025-10-07 01:29:17,028 - INFO - src.optimization 159 - Ganancia: 910,260,000---Parámetros: {params}
2025-10-07 01:29:47,135 - INFO - src.optimization 158 - Iteración 58 guardada en resultados/lgb_optimization_competencia01b_iteraciones.json
2025-10-07 01:29:47,136 - INFO - src.optimization 159 - Ganancia: 913,300,000---Parámetros: {params}
2025-10-07 01:30:14,775 - INFO - src.optimization 158 - Iteración 59 guardada en resultados/lgb_optimization_competencia01b_iteraciones.json
2025-10-07 01:30:14,776 - INFO - src.optimization 159 - Ganancia: 888,680,000---Parámetros: {params}
2025-10-07 01:30:41,151 - INFO - src.optimization 158 - Iteración 60 guardada en resultados/lgb_optimization_competencia01b_iteraciones.json
2025-10-07 01:30:41,152 - INFO - src.optimization 159 - Ganancia: 902,160,000---Parámetros: {params}
2025-10-07 01:31:10,161 - INFO - src.optimization 158 - Iteración 61 guardada en resultados/lgb_optimization_competencia01b_iteraciones.json
2025-10-07 01:31:10,162 - INFO - src.optimization 159 - Ganancia: 921,060,000---Parámetros: {params}
2025-10-07 01:31:35,358 - INFO - src.optimization 158 - Iteración 62 guardada en resultados/lgb_optimization_competencia01b_iteraciones.json
2025-10-07 01:31:35,359 - INFO - src.optimization 159 - Ganancia: 906,600,000---Parámetros: {params}
2025-10-07 01:32:07,167 - INFO - src.optimization 158 - Iteración 63 guardada en resultados/lgb_optimization_competencia01b_iteraciones.json
2025-10-07 01:32:07,169 - INFO - src.optimization 159 - Ganancia: 918,100,000---Parámetros: {params}
2025-10-07 01:32:40,412 - INFO - src.optimization 158 - Iteración 64 guardada en resultados/lgb_optimization_competencia01b_iteraciones.json
2025-10-07 01:32:40,414 - INFO - src.optimization 159 - Ganancia: 930,600,000---Parámetros: {params}
2025-10-07 01:33:11,868 - INFO - src.optimization 158 - Iteración 65 guardada en resultados/lgb_optimization_competencia01b_iteraciones.json
2025-10-07 01:33:11,868 - INFO - src.optimization 159 - Ganancia: 921,340,000---Parámetros: {params}
2025-10-07 01:33:36,517 - INFO - src.optimization 158 - Iteración 66 guardada en resultados/lgb_optimization_competencia01b_iteraciones.json
2025-10-07 01:33:36,518 - INFO - src.optimization 159 - Ganancia: 910,020,000---Parámetros: {params}
2025-10-07 01:34:04,075 - INFO - src.optimization 158 - Iteración 67 guardada en resultados/lgb_optimization_competencia01b_iteraciones.json
2025-10-07 01:34:04,076 - INFO - src.optimization 159 - Ganancia: 911,940,000---Parámetros: {params}
2025-10-07 01:34:29,804 - INFO - src.optimization 158 - Iteración 68 guardada en resultados/lgb_optimization_competencia01b_iteraciones.json
2025-10-07 01:34:29,805 - INFO - src.optimization 159 - Ganancia: 895,220,000---Parámetros: {params}
2025-10-07 01:34:50,861 - INFO - src.optimization 158 - Iteración 69 guardada en resultados/lgb_optimization_competencia01b_iteraciones.json
2025-10-07 01:34:50,863 - INFO - src.optimization 159 - Ganancia: 874,040,000---Parámetros: {params}
2025-10-07 01:35:22,362 - INFO - src.optimization 158 - Iteración 70 guardada en resultados/lgb_optimization_competencia01b_iteraciones.json
2025-10-07 01:35:22,364 - INFO - src.optimization 159 - Ganancia: 912,520,000---Parámetros: {params}
2025-10-07 01:35:47,761 - INFO - src.optimization 158 - Iteración 71 guardada en resultados/lgb_optimization_competencia01b_iteraciones.json
2025-10-07 01:35:47,763 - INFO - src.optimization 159 - Ganancia: 912,420,000---Parámetros: {params}
2025-10-07 01:36:10,740 - INFO - src.optimization 158 - Iteración 72 guardada en resultados/lgb_optimization_competencia01b_iteraciones.json
2025-10-07 01:36:10,741 - INFO - src.optimization 159 - Ganancia: 898,760,000---Parámetros: {params}
2025-10-07 01:36:32,757 - INFO - src.optimization 158 - Iteración 73 guardada en resultados/lgb_optimization_competencia01b_iteraciones.json
2025-10-07 01:36:32,758 - INFO - src.optimization 159 - Ganancia: 919,960,000---Parámetros: {params}
2025-10-07 01:36:59,948 - INFO - src.optimization 158 - Iteración 74 guardada en resultados/lgb_optimization_competencia01b_iteraciones.json
2025-10-07 01:36:59,949 - INFO - src.optimization 159 - Ganancia: 923,980,000---Parámetros: {params}
2025-10-07 01:37:24,313 - INFO - src.optimization 158 - Iteración 75 guardada en resultados/lgb_optimization_competencia01b_iteraciones.json
2025-10-07 01:37:24,314 - INFO - src.optimization 159 - Ganancia: 933,120,000---Parámetros: {params}
2025-10-07 01:37:49,427 - INFO - src.optimization 158 - Iteración 76 guardada en resultados/lgb_optimization_competencia01b_iteraciones.json
2025-10-07 01:37:49,428 - INFO - src.optimization 159 - Ganancia: 929,760,000---Parámetros: {params}
2025-10-07 01:38:13,427 - INFO - src.optimization 158 - Iteración 77 guardada en resultados/lgb_optimization_competencia01b_iteraciones.json
2025-10-07 01:38:13,428 - INFO - src.optimization 159 - Ganancia: 923,880,000---Parámetros: {params}
2025-10-07 01:38:40,711 - INFO - src.optimization 158 - Iteración 78 guardada en resultados/lgb_optimization_competencia01b_iteraciones.json
2025-10-07 01:38:40,712 - INFO - src.optimization 159 - Ganancia: 910,160,000---Parámetros: {params}
2025-10-07 01:39:06,896 - INFO - src.optimization 158 - Iteración 79 guardada en resultados/lgb_optimization_competencia01b_iteraciones.json
2025-10-07 01:39:06,896 - INFO - src.optimization 159 - Ganancia: 920,760,000---Parámetros: {params}
2025-10-07 01:39:28,280 - INFO - src.optimization 158 - Iteración 80 guardada en resultados/lgb_optimization_competencia01b_iteraciones.json
2025-10-07 01:39:28,281 - INFO - src.optimization 159 - Ganancia: 860,380,000---Parámetros: {params}
2025-10-07 01:39:50,955 - INFO - src.optimization 158 - Iteración 81 guardada en resultados/lgb_optimization_competencia01b_iteraciones.json
2025-10-07 01:39:50,956 - INFO - src.optimization 159 - Ganancia: 921,400,000---Parámetros: {params}
2025-10-07 01:40:11,541 - INFO - src.optimization 158 - Iteración 82 guardada en resultados/lgb_optimization_competencia01b_iteraciones.json
2025-10-07 01:40:11,542 - INFO - src.optimization 159 - Ganancia: 912,540,000---Parámetros: {params}
2025-10-07 01:40:36,628 - INFO - src.optimization 158 - Iteración 83 guardada en resultados/lgb_optimization_competencia01b_iteraciones.json
2025-10-07 01:40:36,629 - INFO - src.optimization 159 - Ganancia: 923,260,000---Parámetros: {params}
2025-10-07 01:40:59,154 - INFO - src.optimization 158 - Iteración 84 guardada en resultados/lgb_optimization_competencia01b_iteraciones.json
2025-10-07 01:40:59,156 - INFO - src.optimization 159 - Ganancia: 920,420,000---Parámetros: {params}
2025-10-07 01:41:21,352 - INFO - src.optimization 158 - Iteración 85 guardada en resultados/lgb_optimization_competencia01b_iteraciones.json
2025-10-07 01:41:21,352 - INFO - src.optimization 159 - Ganancia: 919,100,000---Parámetros: {params}
2025-10-07 01:41:42,156 - INFO - src.optimization 158 - Iteración 86 guardada en resultados/lgb_optimization_competencia01b_iteraciones.json
2025-10-07 01:41:42,158 - INFO - src.optimization 159 - Ganancia: 909,600,000---Parámetros: {params}
2025-10-07 01:42:02,124 - INFO - src.optimization 158 - Iteración 87 guardada en resultados/lgb_optimization_competencia01b_iteraciones.json
2025-10-07 01:42:02,125 - INFO - src.optimization 159 - Ganancia: 908,120,000---Parámetros: {params}
2025-10-07 01:42:27,136 - INFO - src.optimization 158 - Iteración 88 guardada en resultados/lgb_optimization_competencia01b_iteraciones.json
2025-10-07 01:42:27,136 - INFO - src.optimization 159 - Ganancia: 924,740,000---Parámetros: {params}
2025-10-07 01:42:50,796 - INFO - src.optimization 158 - Iteración 89 guardada en resultados/lgb_optimization_competencia01b_iteraciones.json
2025-10-07 01:42:50,796 - INFO - src.optimization 159 - Ganancia: 907,920,000---Parámetros: {params}
2025-10-07 01:43:18,227 - INFO - src.optimization 158 - Iteración 90 guardada en resultados/lgb_optimization_competencia01b_iteraciones.json
2025-10-07 01:43:18,229 - INFO - src.optimization 159 - Ganancia: 907,600,000---Parámetros: {params}
2025-10-07 01:43:39,947 - INFO - src.optimization 158 - Iteración 91 guardada en resultados/lgb_optimization_competencia01b_iteraciones.json
2025-10-07 01:43:39,948 - INFO - src.optimization 159 - Ganancia: 923,360,000---Parámetros: {params}
2025-10-07 01:44:03,348 - INFO - src.optimization 158 - Iteración 92 guardada en resultados/lgb_optimization_competencia01b_iteraciones.json
2025-10-07 01:44:03,348 - INFO - src.optimization 159 - Ganancia: 922,120,000---Parámetros: {params}
2025-10-07 01:44:26,545 - INFO - src.optimization 158 - Iteración 93 guardada en resultados/lgb_optimization_competencia01b_iteraciones.json
2025-10-07 01:44:26,547 - INFO - src.optimization 159 - Ganancia: 927,660,000---Parámetros: {params}
2025-10-07 01:44:49,109 - INFO - src.optimization 158 - Iteración 94 guardada en resultados/lgb_optimization_competencia01b_iteraciones.json
2025-10-07 01:44:49,112 - INFO - src.optimization 159 - Ganancia: 895,080,000---Parámetros: {params}
2025-10-07 01:45:09,957 - INFO - src.optimization 158 - Iteración 95 guardada en resultados/lgb_optimization_competencia01b_iteraciones.json
2025-10-07 01:45:09,959 - INFO - src.optimization 159 - Ganancia: 920,460,000---Parámetros: {params}
2025-10-07 01:45:30,410 - INFO - src.optimization 158 - Iteración 96 guardada en resultados/lgb_optimization_competencia01b_iteraciones.json
2025-10-07 01:45:30,410 - INFO - src.optimization 159 - Ganancia: 893,500,000---Parámetros: {params}
2025-10-07 01:45:51,404 - INFO - src.optimization 158 - Iteración 97 guardada en resultados/lgb_optimization_competencia01b_iteraciones.json
2025-10-07 01:45:51,406 - INFO - src.optimization 159 - Ganancia: 913,840,000---Parámetros: {params}
2025-10-07 01:46:15,725 - INFO - src.optimization 158 - Iteración 98 guardada en resultados/lgb_optimization_competencia01b_iteraciones.json
2025-10-07 01:46:15,727 - INFO - src.optimization 159 - Ganancia: 924,340,000---Parámetros: {params}
2025-10-07 01:46:37,096 - INFO - src.optimization 158 - Iteración 99 guardada en resultados/lgb_optimization_competencia01b_iteraciones.json
2025-10-07 01:46:37,098 - INFO - src.optimization 159 - Ganancia: 907,100,000---Parámetros: {params}
2025-10-07 01:46:37,690 - INFO - src.optimization 200 - Mejor ganancia: 935,040,000
2025-10-07 01:46:37,691 - INFO - src.optimization 201 - Mejores parámetros: {'num_iterations': 922, 'num_leaves': 122, 'learn_rate': 0.05872198377780562, 'feature_fraction': 0.4246270828559966, 'bagging_fraction': 0.5240709104221627, 'min_child_samples': 17, 'max_depth': 9, 'reg_lambda': 8.887485537925697, 'reg_alpha': 3.3739476153647137}
2025-10-07 01:46:37,696 - INFO - __main__ 57 - === ANÁLISIS DE RESULTADOS ===
2025-10-07 01:46:37,879 - INFO - __main__ 61 - Top 5 mejores trials:
2025-10-07 01:46:37,889 - INFO - __main__ 63 -   Trial 52: 935,040,000
2025-10-07 01:46:37,890 - INFO - __main__ 63 -   Trial 55: 934,520,000
2025-10-07 01:46:37,890 - INFO - __main__ 63 -   Trial 75: 933,120,000
2025-10-07 01:46:37,890 - INFO - __main__ 63 -   Trial 40: 930,760,000
2025-10-07 01:46:37,891 - INFO - __main__ 63 -   Trial 64: 930,600,000
2025-10-07 01:46:37,891 - INFO - __main__ 65 - === OPTIMIZACIÓN COMPLETADA ===
2025-10-07 01:46:37,891 - INFO - __main__ 68 - === EVALUACIÓN EN CONJUNTO DE TEST ===
2025-10-07 01:46:37,896 - INFO - src.best_params 34 - Mejores hiperparámetros cargados desde resultados/lgb_optimization_competencia01b_iteraciones.json
2025-10-07 01:46:37,897 - INFO - src.best_params 35 - Mejor ganancia encontrada: 935,040,000
2025-10-07 01:46:37,897 - INFO - src.best_params 36 - Trial número: 52
2025-10-07 01:46:37,897 - INFO - src.best_params 37 - Parámetros: {'num_iterations': 922, 'num_leaves': 122, 'learn_rate': 0.05872198377780562, 'feature_fraction': 0.4246270828559966, 'bagging_fraction': 0.5240709104221627, 'min_child_samples': 17, 'max_depth': 9, 'reg_lambda': 8.887485537925697, 'reg_alpha': 3.3739476153647137}
2025-10-07 01:46:37,898 - INFO - src.optimization 220 - === EVALUACIÓN EN CONJUNTO DE TEST ===
2025-10-07 01:46:37,899 - INFO - src.optimization 221 - Período de test: 202104
2025-10-07 01:46:41,784 - INFO - src.optimization 238 - Entrenando modelo con mejores hiperparámetros...
2025-10-07 01:46:41,784 - INFO - src.optimization 239 - Dimensiones df_train_completo: (325264, 725), Dimensiones df_test: (163418, 725)
2025-10-07 01:46:42,916 - INFO - src.optimization 246 - Tipo de dato de train_data: <class 'lightgbm.basic.Dataset'>, Tipo de dato de test_data: <class 'lightgbm.basic.Dataset'>
2025-10-07 01:46:42,917 - INFO - src.optimization 247 - Dimensiones de train_data: (325264, 724), Dimensiones de test_data: (163418, 724)
2025-10-07 01:47:27,076 - INFO - src.optimization 319 - Ganancia: 970,120,000---Total Predicciones positivas: 17,054
2025-10-07 01:47:27,079 - INFO - __main__ 79 - === RESUMEN DE EVALUACIÓN EN TEST ===
2025-10-07 01:47:27,079 - INFO - __main__ 80 - ✅ Ganancia en test: 970,120,000
2025-10-07 01:47:27,080 - INFO - __main__ 81 - 🎯 Predicciones positivas: 17,054 (10.44%)
2025-10-07 01:47:27,080 - INFO - __main__ 85 - === ENTRENAMIENTO FINAL ===
2025-10-07 01:47:27,080 - INFO - __main__ 86 - Preparar datos para entrenamiento final
2025-10-07 01:47:27,082 - INFO - src.final_training 25 - Preparando datos para entrenamiento final
2025-10-07 01:47:27,083 - INFO - src.final_training 26 - Períodos de entrenamiento: ['202101', '202102', '202103', '202104']
2025-10-07 01:47:27,083 - INFO - src.final_training 27 - Período de predicción: 202106
2025-10-07 01:47:31,952 - INFO - src.final_training 38 - Registros de entrenamiento: 650,209
2025-10-07 01:47:31,953 - INFO - src.final_training 39 - Registros de predicción: 164,313
2025-10-07 01:47:34,603 - INFO - __name__ 30 - Realizando feature engineering con 2 lags para 137 atributos
2025-10-07 01:47:34,607 - WARNING - __name__ 45 - El atributo mtarjeta_visa_debitos_automaticos no existe en el DataFrame
2025-10-07 01:48:04,065 - INFO - __name__ 60 - Feature engineering completado. DataFrame resultante con 997 columnas
2025-10-07 01:48:04,244 - INFO - __name__ 634 - Operación 'lag' aplicada. Nombre de nuevas variables: ['cproductos_lag_1', 'cproductos_lag_2', 'ccuenta_corriente_lag_1', 'ccuenta_corriente_lag_2', 'ccaja_ahorro_lag_1', 'ccaja_ahorro_lag_2', 'ctarjeta_debito_lag_1', 'ctarjeta_debito_lag_2', 'ctarjeta_debito_transacciones_lag_1', 'ctarjeta_debito_transacciones_lag_2', 'ctarjeta_visa_lag_1', 'ctarjeta_visa_lag_2', 'ctarjeta_visa_transacciones_lag_1', 'ctarjeta_visa_transacciones_lag_2', 'ctarjeta_master_lag_1', 'ctarjeta_master_lag_2', 'ctarjeta_master_transacciones_lag_1', 'ctarjeta_master_transacciones_lag_2', 'cprestamos_personales_lag_1', 'cprestamos_personales_lag_2', 'cprestamos_prendarios_lag_1', 'cprestamos_prendarios_lag_2', 'cprestamos_hipotecarios_lag_1', 'cprestamos_hipotecarios_lag_2', 'cplazo_fijo_lag_1', 'cplazo_fijo_lag_2', 'cinversion1_lag_1', 'cinversion1_lag_2', 'cinversion2_lag_1', 'cinversion2_lag_2', 'cseguro_vida_lag_1', 'cseguro_vida_lag_2', 'cseguro_auto_lag_1', 'cseguro_auto_lag_2', 'cseguro_vivienda_lag_1', 'cseguro_vivienda_lag_2', 'cseguro_accidentes_personales_lag_1', 'cseguro_accidentes_personales_lag_2', 'cpayroll_trx_lag_1', 'cpayroll_trx_lag_2', 'cpayroll2_trx_lag_1', 'cpayroll2_trx_lag_2', 'ccuenta_debitos_automaticos_lag_1', 'ccuenta_debitos_automaticos_lag_2', 'ctarjeta_visa_debitos_automaticos_lag_1', 'ctarjeta_visa_debitos_automaticos_lag_2', 'ctarjeta_master_debitos_automaticos_lag_1', 'ctarjeta_master_debitos_automaticos_lag_2', 'cpagodeservicios_lag_1', 'cpagodeservicios_lag_2', 'cpagomiscuentas_lag_1', 'cpagomiscuentas_lag_2', 'ccajeros_propios_descuentos_lag_1', 'ccajeros_propios_descuentos_lag_2', 'ctarjeta_visa_descuentos_lag_1', 'ctarjeta_visa_descuentos_lag_2', 'ctarjeta_master_descuentos_lag_1', 'ctarjeta_master_descuentos_lag_2', 'ccomisiones_mantenimiento_lag_1', 'ccomisiones_mantenimiento_lag_2', 'ccomisiones_otras_lag_1', 'ccomisiones_otras_lag_2', 'cforex_lag_1', 'cforex_lag_2', 'cforex_buy_lag_1', 'cforex_buy_lag_2', 'ctransferencias_recibidas_lag_1', 'ctransferencias_recibidas_lag_2', 'ctransferencias_emitidas_lag_1', 'ctransferencias_emitidas_lag_2', 'cextraccion_autoservicio_lag_1', 'cextraccion_autoservicio_lag_2', 'ccheques_depositados_lag_1', 'ccheques_depositados_lag_2', 'ccheques_emitidos_lag_1', 'ccheques_emitidos_lag_2', 'ccheques_depositados_rechazados_lag_1', 'ccheques_depositados_rechazados_lag_2', 'ccheques_emitidos_rechazados_lag_1', 'ccheques_emitidos_rechazados_lag_2', 'ccallcenter_transacciones_lag_1', 'ccallcenter_transacciones_lag_2', 'chomebanking_transacciones_lag_1', 'chomebanking_transacciones_lag_2', 'ccajas_transacciones_lag_1', 'ccajas_transacciones_lag_2', 'ccajas_consultas_lag_1', 'ccajas_consultas_lag_2', 'ccajas_depositos_lag_1', 'ccajas_depositos_lag_2', 'ccajas_extracciones_lag_1', 'ccajas_extracciones_lag_2', 'ccajas_otras_lag_1', 'ccajas_otras_lag_2', 'catm_trx_lag_1', 'catm_trx_lag_2', 'catm_trx_other_lag_1', 'catm_trx_other_lag_2', 'ctrx_quarter_lag_1', 'ctrx_quarter_lag_2', 'cmobile_app_trx_lag_1', 'cmobile_app_trx_lag_2', 'Master_cconsumos_lag_1', 'Master_cconsumos_lag_2', 'Master_cadelantosefectivo_lag_1', 'Master_cadelantosefectivo_lag_2', 'Visa_cconsumos_lag_1', 'Visa_cconsumos_lag_2', 'Visa_cadelantosefectivo_lag_1', 'Visa_cadelantosefectivo_lag_2', 'Master_Fvencimiento_lag_1', 'Master_Fvencimiento_lag_2', 'Master_Finiciomora_lag_1', 'Master_Finiciomora_lag_2', 'Master_fultimo_cierre_lag_1', 'Master_fultimo_cierre_lag_2', 'Master_fechaalta_lag_1', 'Master_fechaalta_lag_2', 'Visa_Fvencimiento_lag_1', 'Visa_Fvencimiento_lag_2', 'Visa_Finiciomora_lag_1', 'Visa_Finiciomora_lag_2', 'Visa_fultimo_cierre_lag_1', 'Visa_fultimo_cierre_lag_2', 'Visa_fechaalta_lag_1', 'Visa_fechaalta_lag_2', 'mrentabilidad_lag_1', 'mrentabilidad_lag_2', 'mrentabilidad_annual_lag_1', 'mrentabilidad_annual_lag_2', 'mcomisiones_lag_1', 'mcomisiones_lag_2', 'mactivos_margen_lag_1', 'mactivos_margen_lag_2', 'mpasivos_margen_lag_1', 'mpasivos_margen_lag_2', 'mcuenta_corriente_adicional_lag_1', 'mcuenta_corriente_adicional_lag_2', 'mcuenta_corriente_lag_1', 'mcuenta_corriente_lag_2', 'mcaja_ahorro_lag_1', 'mcaja_ahorro_lag_2', 'mcaja_ahorro_adicional_lag_1', 'mcaja_ahorro_adicional_lag_2', 'mcaja_ahorro_dolares_lag_1', 'mcaja_ahorro_dolares_lag_2', 'mcuentas_saldo_lag_1', 'mcuentas_saldo_lag_2', 'mautoservicio_lag_1', 'mautoservicio_lag_2', 'mtarjeta_visa_consumo_lag_1', 'mtarjeta_visa_consumo_lag_2', 'mtarjeta_master_consumo_lag_1', 'mtarjeta_master_consumo_lag_2', 'mprestamos_personales_lag_1', 'mprestamos_personales_lag_2', 'mprestamos_prendarios_lag_1', 'mprestamos_prendarios_lag_2', 'mprestamos_hipotecarios_lag_1', 'mprestamos_hipotecarios_lag_2', 'mplazo_fijo_dolares_lag_1', 'mplazo_fijo_dolares_lag_2', 'mplazo_fijo_pesos_lag_1', 'mplazo_fijo_pesos_lag_2', 'minversion1_pesos_lag_1', 'minversion1_pesos_lag_2', 'minversion1_dolares_lag_1', 'minversion1_dolares_lag_2', 'minversion2_lag_1', 'minversion2_lag_2', 'mpayroll_lag_1', 'mpayroll_lag_2', 'mpayroll2_lag_1', 'mpayroll2_lag_2', 'mcuenta_debitos_automaticos_lag_1', 'mcuenta_debitos_automaticos_lag_2', 'mtarjeta_visa_debitos_automaticos_lag_1', 'mtarjeta_visa_debitos_automaticos_lag_2', 'mttarjeta_master_debitos_automaticos_lag_1', 'mttarjeta_master_debitos_automaticos_lag_2', 'mpagodeservicios_lag_1', 'mpagodeservicios_lag_2', 'mpagomiscuentas_lag_1', 'mpagomiscuentas_lag_2', 'mcajeros_propios_descuentos_lag_1', 'mcajeros_propios_descuentos_lag_2', 'mtarjeta_visa_descuentos_lag_1', 'mtarjeta_visa_descuentos_lag_2', 'mtarjeta_master_descuentos_lag_1', 'mtarjeta_master_descuentos_lag_2', 'mcomisiones_mantenimiento_lag_1', 'mcomisiones_mantenimiento_lag_2', 'mcomisiones_otras_lag_1', 'mcomisiones_otras_lag_2', 'mforex_buy_lag_1', 'mforex_buy_lag_2', 'mforex_sell_lag_1', 'mforex_sell_lag_2', 'mtransferencias_recibidas_lag_1', 'mtransferencias_recibidas_lag_2', 'mtransferencias_emitidas_lag_1', 'mtransferencias_emitidas_lag_2', 'mextraccion_autoservicio_lag_1', 'mextraccion_autoservicio_lag_2', 'mcheques_depositados_lag_1', 'mcheques_depositados_lag_2', 'mcheques_emitidos_lag_1', 'mcheques_emitidos_lag_2', 'mcheques_depositados_rechazados_lag_1', 'mcheques_depositados_rechazados_lag_2', 'mcheques_emitidos_rechazados_lag_1', 'mcheques_emitidos_rechazados_lag_2', 'matm_lag_1', 'matm_lag_2', 'matm_other_lag_1', 'matm_other_lag_2', 'Master_mfinanciacion_limite_lag_1', 'Master_mfinanciacion_limite_lag_2', 'Master_msaldototal_lag_1', 'Master_msaldototal_lag_2', 'Master_msaldopesos_lag_1', 'Master_msaldopesos_lag_2', 'Master_msaldodolares_lag_1', 'Master_msaldodolares_lag_2', 'Master_mconsumospesos_lag_1', 'Master_mconsumospesos_lag_2', 'Master_mconsumosdolares_lag_1', 'Master_mconsumosdolares_lag_2', 'Master_mlimitecompra_lag_1', 'Master_mlimitecompra_lag_2', 'Master_madelantopesos_lag_1', 'Master_madelantopesos_lag_2', 'Master_madelantodolares_lag_1', 'Master_madelantodolares_lag_2', 'Master_mpagado_lag_1', 'Master_mpagado_lag_2', 'Master_mpagospesos_lag_1', 'Master_mpagospesos_lag_2', 'Master_mpagosdolares_lag_1', 'Master_mpagosdolares_lag_2', 'Master_mconsumototal_lag_1', 'Master_mconsumototal_lag_2', 'Master_mpagominimo_lag_1', 'Master_mpagominimo_lag_2', 'Visa_mfinanciacion_limite_lag_1', 'Visa_mfinanciacion_limite_lag_2', 'Visa_msaldototal_lag_1', 'Visa_msaldototal_lag_2', 'Visa_msaldopesos_lag_1', 'Visa_msaldopesos_lag_2', 'Visa_msaldodolares_lag_1', 'Visa_msaldodolares_lag_2', 'Visa_mconsumospesos_lag_1', 'Visa_mconsumospesos_lag_2', 'Visa_mconsumosdolares_lag_1', 'Visa_mconsumosdolares_lag_2', 'Visa_mlimitecompra_lag_1', 'Visa_mlimitecompra_lag_2', 'Visa_madelantopesos_lag_1', 'Visa_madelantopesos_lag_2', 'Visa_madelantodolares_lag_1', 'Visa_madelantodolares_lag_2', 'Visa_mpagado_lag_1', 'Visa_mpagado_lag_2', 'Visa_mpagospesos_lag_1', 'Visa_mpagospesos_lag_2', 'Visa_mpagosdolares_lag_1', 'Visa_mpagosdolares_lag_2', 'Visa_mconsumototal_lag_1', 'Visa_mconsumototal_lag_2', 'Visa_mpagominimo_lag_1', 'Visa_mpagominimo_lag_2', 'cforex_sell_lag_1', 'cforex_sell_lag_2']
2025-10-07 01:48:04,252 - INFO - __name__ 84 - Realizando feature engineering de delta lag con 2 lags para 137 atributos
2025-10-07 01:48:04,254 - WARNING - __name__ 102 - El atributo mtarjeta_visa_debitos_automaticos no existe en el DataFrame
2025-10-07 01:48:36,856 - INFO - __name__ 115 - Feature engineering de delta lag completado. DataFrame resultante con 1269 columnas
2025-10-07 01:48:37,141 - INFO - __name__ 638 - Operación 'delta_lag' aplicada. Nombre de nuevas variables: ['cproductos_delta_lag_1', 'cproductos_delta_lag_2', 'ccuenta_corriente_delta_lag_1', 'ccuenta_corriente_delta_lag_2', 'ccaja_ahorro_delta_lag_1', 'ccaja_ahorro_delta_lag_2', 'ctarjeta_debito_delta_lag_1', 'ctarjeta_debito_delta_lag_2', 'ctarjeta_debito_transacciones_delta_lag_1', 'ctarjeta_debito_transacciones_delta_lag_2', 'ctarjeta_visa_delta_lag_1', 'ctarjeta_visa_delta_lag_2', 'ctarjeta_visa_transacciones_delta_lag_1', 'ctarjeta_visa_transacciones_delta_lag_2', 'ctarjeta_master_delta_lag_1', 'ctarjeta_master_delta_lag_2', 'ctarjeta_master_transacciones_delta_lag_1', 'ctarjeta_master_transacciones_delta_lag_2', 'cprestamos_personales_delta_lag_1', 'cprestamos_personales_delta_lag_2', 'cprestamos_prendarios_delta_lag_1', 'cprestamos_prendarios_delta_lag_2', 'cprestamos_hipotecarios_delta_lag_1', 'cprestamos_hipotecarios_delta_lag_2', 'cplazo_fijo_delta_lag_1', 'cplazo_fijo_delta_lag_2', 'cinversion1_delta_lag_1', 'cinversion1_delta_lag_2', 'cinversion2_delta_lag_1', 'cinversion2_delta_lag_2', 'cseguro_vida_delta_lag_1', 'cseguro_vida_delta_lag_2', 'cseguro_auto_delta_lag_1', 'cseguro_auto_delta_lag_2', 'cseguro_vivienda_delta_lag_1', 'cseguro_vivienda_delta_lag_2', 'cseguro_accidentes_personales_delta_lag_1', 'cseguro_accidentes_personales_delta_lag_2', 'cpayroll_trx_delta_lag_1', 'cpayroll_trx_delta_lag_2', 'cpayroll2_trx_delta_lag_1', 'cpayroll2_trx_delta_lag_2', 'ccuenta_debitos_automaticos_delta_lag_1', 'ccuenta_debitos_automaticos_delta_lag_2', 'ctarjeta_visa_debitos_automaticos_delta_lag_1', 'ctarjeta_visa_debitos_automaticos_delta_lag_2', 'ctarjeta_master_debitos_automaticos_delta_lag_1', 'ctarjeta_master_debitos_automaticos_delta_lag_2', 'cpagodeservicios_delta_lag_1', 'cpagodeservicios_delta_lag_2', 'cpagomiscuentas_delta_lag_1', 'cpagomiscuentas_delta_lag_2', 'ccajeros_propios_descuentos_delta_lag_1', 'ccajeros_propios_descuentos_delta_lag_2', 'ctarjeta_visa_descuentos_delta_lag_1', 'ctarjeta_visa_descuentos_delta_lag_2', 'ctarjeta_master_descuentos_delta_lag_1', 'ctarjeta_master_descuentos_delta_lag_2', 'ccomisiones_mantenimiento_delta_lag_1', 'ccomisiones_mantenimiento_delta_lag_2', 'ccomisiones_otras_delta_lag_1', 'ccomisiones_otras_delta_lag_2', 'cforex_delta_lag_1', 'cforex_delta_lag_2', 'cforex_buy_delta_lag_1', 'cforex_buy_delta_lag_2', 'ctransferencias_recibidas_delta_lag_1', 'ctransferencias_recibidas_delta_lag_2', 'ctransferencias_emitidas_delta_lag_1', 'ctransferencias_emitidas_delta_lag_2', 'cextraccion_autoservicio_delta_lag_1', 'cextraccion_autoservicio_delta_lag_2', 'ccheques_depositados_delta_lag_1', 'ccheques_depositados_delta_lag_2', 'ccheques_emitidos_delta_lag_1', 'ccheques_emitidos_delta_lag_2', 'ccheques_depositados_rechazados_delta_lag_1', 'ccheques_depositados_rechazados_delta_lag_2', 'ccheques_emitidos_rechazados_delta_lag_1', 'ccheques_emitidos_rechazados_delta_lag_2', 'ccallcenter_transacciones_delta_lag_1', 'ccallcenter_transacciones_delta_lag_2', 'chomebanking_transacciones_delta_lag_1', 'chomebanking_transacciones_delta_lag_2', 'ccajas_transacciones_delta_lag_1', 'ccajas_transacciones_delta_lag_2', 'ccajas_consultas_delta_lag_1', 'ccajas_consultas_delta_lag_2', 'ccajas_depositos_delta_lag_1', 'ccajas_depositos_delta_lag_2', 'ccajas_extracciones_delta_lag_1', 'ccajas_extracciones_delta_lag_2', 'ccajas_otras_delta_lag_1', 'ccajas_otras_delta_lag_2', 'catm_trx_delta_lag_1', 'catm_trx_delta_lag_2', 'catm_trx_other_delta_lag_1', 'catm_trx_other_delta_lag_2', 'ctrx_quarter_delta_lag_1', 'ctrx_quarter_delta_lag_2', 'cmobile_app_trx_delta_lag_1', 'cmobile_app_trx_delta_lag_2', 'Master_cconsumos_delta_lag_1', 'Master_cconsumos_delta_lag_2', 'Master_cadelantosefectivo_delta_lag_1', 'Master_cadelantosefectivo_delta_lag_2', 'Visa_cconsumos_delta_lag_1', 'Visa_cconsumos_delta_lag_2', 'Visa_cadelantosefectivo_delta_lag_1', 'Visa_cadelantosefectivo_delta_lag_2', 'Master_Fvencimiento_delta_lag_1', 'Master_Fvencimiento_delta_lag_2', 'Master_Finiciomora_delta_lag_1', 'Master_Finiciomora_delta_lag_2', 'Master_fultimo_cierre_delta_lag_1', 'Master_fultimo_cierre_delta_lag_2', 'Master_fechaalta_delta_lag_1', 'Master_fechaalta_delta_lag_2', 'Visa_Fvencimiento_delta_lag_1', 'Visa_Fvencimiento_delta_lag_2', 'Visa_Finiciomora_delta_lag_1', 'Visa_Finiciomora_delta_lag_2', 'Visa_fultimo_cierre_delta_lag_1', 'Visa_fultimo_cierre_delta_lag_2', 'Visa_fechaalta_delta_lag_1', 'Visa_fechaalta_delta_lag_2', 'mrentabilidad_delta_lag_1', 'mrentabilidad_delta_lag_2', 'mrentabilidad_annual_delta_lag_1', 'mrentabilidad_annual_delta_lag_2', 'mcomisiones_delta_lag_1', 'mcomisiones_delta_lag_2', 'mactivos_margen_delta_lag_1', 'mactivos_margen_delta_lag_2', 'mpasivos_margen_delta_lag_1', 'mpasivos_margen_delta_lag_2', 'mcuenta_corriente_adicional_delta_lag_1', 'mcuenta_corriente_adicional_delta_lag_2', 'mcuenta_corriente_delta_lag_1', 'mcuenta_corriente_delta_lag_2', 'mcaja_ahorro_delta_lag_1', 'mcaja_ahorro_delta_lag_2', 'mcaja_ahorro_adicional_delta_lag_1', 'mcaja_ahorro_adicional_delta_lag_2', 'mcaja_ahorro_dolares_delta_lag_1', 'mcaja_ahorro_dolares_delta_lag_2', 'mcuentas_saldo_delta_lag_1', 'mcuentas_saldo_delta_lag_2', 'mautoservicio_delta_lag_1', 'mautoservicio_delta_lag_2', 'mtarjeta_visa_consumo_delta_lag_1', 'mtarjeta_visa_consumo_delta_lag_2', 'mtarjeta_master_consumo_delta_lag_1', 'mtarjeta_master_consumo_delta_lag_2', 'mprestamos_personales_delta_lag_1', 'mprestamos_personales_delta_lag_2', 'mprestamos_prendarios_delta_lag_1', 'mprestamos_prendarios_delta_lag_2', 'mprestamos_hipotecarios_delta_lag_1', 'mprestamos_hipotecarios_delta_lag_2', 'mplazo_fijo_dolares_delta_lag_1', 'mplazo_fijo_dolares_delta_lag_2', 'mplazo_fijo_pesos_delta_lag_1', 'mplazo_fijo_pesos_delta_lag_2', 'minversion1_pesos_delta_lag_1', 'minversion1_pesos_delta_lag_2', 'minversion1_dolares_delta_lag_1', 'minversion1_dolares_delta_lag_2', 'minversion2_delta_lag_1', 'minversion2_delta_lag_2', 'mpayroll_delta_lag_1', 'mpayroll_delta_lag_2', 'mpayroll2_delta_lag_1', 'mpayroll2_delta_lag_2', 'mcuenta_debitos_automaticos_delta_lag_1', 'mcuenta_debitos_automaticos_delta_lag_2', 'mtarjeta_visa_debitos_automaticos_delta_lag_1', 'mtarjeta_visa_debitos_automaticos_delta_lag_2', 'mttarjeta_master_debitos_automaticos_delta_lag_1', 'mttarjeta_master_debitos_automaticos_delta_lag_2', 'mpagodeservicios_delta_lag_1', 'mpagodeservicios_delta_lag_2', 'mpagomiscuentas_delta_lag_1', 'mpagomiscuentas_delta_lag_2', 'mcajeros_propios_descuentos_delta_lag_1', 'mcajeros_propios_descuentos_delta_lag_2', 'mtarjeta_visa_descuentos_delta_lag_1', 'mtarjeta_visa_descuentos_delta_lag_2', 'mtarjeta_master_descuentos_delta_lag_1', 'mtarjeta_master_descuentos_delta_lag_2', 'mcomisiones_mantenimiento_delta_lag_1', 'mcomisiones_mantenimiento_delta_lag_2', 'mcomisiones_otras_delta_lag_1', 'mcomisiones_otras_delta_lag_2', 'mforex_buy_delta_lag_1', 'mforex_buy_delta_lag_2', 'mforex_sell_delta_lag_1', 'mforex_sell_delta_lag_2', 'mtransferencias_recibidas_delta_lag_1', 'mtransferencias_recibidas_delta_lag_2', 'mtransferencias_emitidas_delta_lag_1', 'mtransferencias_emitidas_delta_lag_2', 'mextraccion_autoservicio_delta_lag_1', 'mextraccion_autoservicio_delta_lag_2', 'mcheques_depositados_delta_lag_1', 'mcheques_depositados_delta_lag_2', 'mcheques_emitidos_delta_lag_1', 'mcheques_emitidos_delta_lag_2', 'mcheques_depositados_rechazados_delta_lag_1', 'mcheques_depositados_rechazados_delta_lag_2', 'mcheques_emitidos_rechazados_delta_lag_1', 'mcheques_emitidos_rechazados_delta_lag_2', 'matm_delta_lag_1', 'matm_delta_lag_2', 'matm_other_delta_lag_1', 'matm_other_delta_lag_2', 'Master_mfinanciacion_limite_delta_lag_1', 'Master_mfinanciacion_limite_delta_lag_2', 'Master_msaldototal_delta_lag_1', 'Master_msaldototal_delta_lag_2', 'Master_msaldopesos_delta_lag_1', 'Master_msaldopesos_delta_lag_2', 'Master_msaldodolares_delta_lag_1', 'Master_msaldodolares_delta_lag_2', 'Master_mconsumospesos_delta_lag_1', 'Master_mconsumospesos_delta_lag_2', 'Master_mconsumosdolares_delta_lag_1', 'Master_mconsumosdolares_delta_lag_2', 'Master_mlimitecompra_delta_lag_1', 'Master_mlimitecompra_delta_lag_2', 'Master_madelantopesos_delta_lag_1', 'Master_madelantopesos_delta_lag_2', 'Master_madelantodolares_delta_lag_1', 'Master_madelantodolares_delta_lag_2', 'Master_mpagado_delta_lag_1', 'Master_mpagado_delta_lag_2', 'Master_mpagospesos_delta_lag_1', 'Master_mpagospesos_delta_lag_2', 'Master_mpagosdolares_delta_lag_1', 'Master_mpagosdolares_delta_lag_2', 'Master_mconsumototal_delta_lag_1', 'Master_mconsumototal_delta_lag_2', 'Master_mpagominimo_delta_lag_1', 'Master_mpagominimo_delta_lag_2', 'Visa_mfinanciacion_limite_delta_lag_1', 'Visa_mfinanciacion_limite_delta_lag_2', 'Visa_msaldototal_delta_lag_1', 'Visa_msaldototal_delta_lag_2', 'Visa_msaldopesos_delta_lag_1', 'Visa_msaldopesos_delta_lag_2', 'Visa_msaldodolares_delta_lag_1', 'Visa_msaldodolares_delta_lag_2', 'Visa_mconsumospesos_delta_lag_1', 'Visa_mconsumospesos_delta_lag_2', 'Visa_mconsumosdolares_delta_lag_1', 'Visa_mconsumosdolares_delta_lag_2', 'Visa_mlimitecompra_delta_lag_1', 'Visa_mlimitecompra_delta_lag_2', 'Visa_madelantopesos_delta_lag_1', 'Visa_madelantopesos_delta_lag_2', 'Visa_madelantodolares_delta_lag_1', 'Visa_madelantodolares_delta_lag_2', 'Visa_mpagado_delta_lag_1', 'Visa_mpagado_delta_lag_2', 'Visa_mpagospesos_delta_lag_1', 'Visa_mpagospesos_delta_lag_2', 'Visa_mpagosdolares_delta_lag_1', 'Visa_mpagosdolares_delta_lag_2', 'Visa_mconsumototal_delta_lag_1', 'Visa_mconsumototal_delta_lag_2', 'Visa_mpagominimo_delta_lag_1', 'Visa_mpagominimo_delta_lag_2', 'cforex_sell_delta_lag_1', 'cforex_sell_delta_lag_2']
2025-10-07 01:48:37,143 - INFO - __name__ 428 - Realizando feature engineering de cambio categórico con 2 lags para 13 atributos
2025-10-07 01:49:23,359 - INFO - __name__ 455 - Feature engineering de cambio categórico completado. DataFrame resultante con 1295 columnas
2025-10-07 01:49:23,667 - INFO - __name__ 653 - Operación 'cambio_estado' aplicada. Nombre de nuevas variables: ['active_quarter_cambio_lag_1', 'active_quarter_cambio_lag_2', 'cliente_vip_cambio_lag_1', 'cliente_vip_cambio_lag_2', 'internet_cambio_lag_1', 'internet_cambio_lag_2', 'tcuentas_cambio_lag_1', 'tcuentas_cambio_lag_2', 'cdescubierto_preacordado_cambio_lag_1', 'cdescubierto_preacordado_cambio_lag_2', 'ccaja_seguridad_cambio_lag_1', 'ccaja_seguridad_cambio_lag_2', 'tcallcenter_cambio_lag_1', 'tcallcenter_cambio_lag_2', 'thomebanking_cambio_lag_1', 'thomebanking_cambio_lag_2', 'tmobile_app_cambio_lag_1', 'tmobile_app_cambio_lag_2', 'Master_delinquency_cambio_lag_1', 'Master_delinquency_cambio_lag_2', 'Master_status_cambio_lag_1', 'Master_status_cambio_lag_2', 'Visa_delinquency_cambio_lag_1', 'Visa_delinquency_cambio_lag_2', 'Visa_status_cambio_lag_1', 'Visa_status_cambio_lag_2']
2025-10-07 01:49:23,893 - INFO - src.final_training 48 - Feature Engineering completado sobre DF_predict: (164313, 1295)
2025-10-07 01:49:35,661 - INFO - __name__ 30 - Realizando feature engineering con 2 lags para 137 atributos
2025-10-07 01:49:35,737 - WARNING - __name__ 45 - El atributo mtarjeta_visa_debitos_automaticos no existe en el DataFrame
2025-10-07 01:51:36,625 - INFO - __name__ 60 - Feature engineering completado. DataFrame resultante con 997 columnas
2025-10-07 01:51:36,993 - INFO - __name__ 634 - Operación 'lag' aplicada. Nombre de nuevas variables: ['cproductos_lag_1', 'cproductos_lag_2', 'ccuenta_corriente_lag_1', 'ccuenta_corriente_lag_2', 'ccaja_ahorro_lag_1', 'ccaja_ahorro_lag_2', 'ctarjeta_debito_lag_1', 'ctarjeta_debito_lag_2', 'ctarjeta_debito_transacciones_lag_1', 'ctarjeta_debito_transacciones_lag_2', 'ctarjeta_visa_lag_1', 'ctarjeta_visa_lag_2', 'ctarjeta_visa_transacciones_lag_1', 'ctarjeta_visa_transacciones_lag_2', 'ctarjeta_master_lag_1', 'ctarjeta_master_lag_2', 'ctarjeta_master_transacciones_lag_1', 'ctarjeta_master_transacciones_lag_2', 'cprestamos_personales_lag_1', 'cprestamos_personales_lag_2', 'cprestamos_prendarios_lag_1', 'cprestamos_prendarios_lag_2', 'cprestamos_hipotecarios_lag_1', 'cprestamos_hipotecarios_lag_2', 'cplazo_fijo_lag_1', 'cplazo_fijo_lag_2', 'cinversion1_lag_1', 'cinversion1_lag_2', 'cinversion2_lag_1', 'cinversion2_lag_2', 'cseguro_vida_lag_1', 'cseguro_vida_lag_2', 'cseguro_auto_lag_1', 'cseguro_auto_lag_2', 'cseguro_vivienda_lag_1', 'cseguro_vivienda_lag_2', 'cseguro_accidentes_personales_lag_1', 'cseguro_accidentes_personales_lag_2', 'cpayroll_trx_lag_1', 'cpayroll_trx_lag_2', 'cpayroll2_trx_lag_1', 'cpayroll2_trx_lag_2', 'ccuenta_debitos_automaticos_lag_1', 'ccuenta_debitos_automaticos_lag_2', 'ctarjeta_visa_debitos_automaticos_lag_1', 'ctarjeta_visa_debitos_automaticos_lag_2', 'ctarjeta_master_debitos_automaticos_lag_1', 'ctarjeta_master_debitos_automaticos_lag_2', 'cpagodeservicios_lag_1', 'cpagodeservicios_lag_2', 'cpagomiscuentas_lag_1', 'cpagomiscuentas_lag_2', 'ccajeros_propios_descuentos_lag_1', 'ccajeros_propios_descuentos_lag_2', 'ctarjeta_visa_descuentos_lag_1', 'ctarjeta_visa_descuentos_lag_2', 'ctarjeta_master_descuentos_lag_1', 'ctarjeta_master_descuentos_lag_2', 'ccomisiones_mantenimiento_lag_1', 'ccomisiones_mantenimiento_lag_2', 'ccomisiones_otras_lag_1', 'ccomisiones_otras_lag_2', 'cforex_lag_1', 'cforex_lag_2', 'cforex_buy_lag_1', 'cforex_buy_lag_2', 'ctransferencias_recibidas_lag_1', 'ctransferencias_recibidas_lag_2', 'ctransferencias_emitidas_lag_1', 'ctransferencias_emitidas_lag_2', 'cextraccion_autoservicio_lag_1', 'cextraccion_autoservicio_lag_2', 'ccheques_depositados_lag_1', 'ccheques_depositados_lag_2', 'ccheques_emitidos_lag_1', 'ccheques_emitidos_lag_2', 'ccheques_depositados_rechazados_lag_1', 'ccheques_depositados_rechazados_lag_2', 'ccheques_emitidos_rechazados_lag_1', 'ccheques_emitidos_rechazados_lag_2', 'ccallcenter_transacciones_lag_1', 'ccallcenter_transacciones_lag_2', 'chomebanking_transacciones_lag_1', 'chomebanking_transacciones_lag_2', 'ccajas_transacciones_lag_1', 'ccajas_transacciones_lag_2', 'ccajas_consultas_lag_1', 'ccajas_consultas_lag_2', 'ccajas_depositos_lag_1', 'ccajas_depositos_lag_2', 'ccajas_extracciones_lag_1', 'ccajas_extracciones_lag_2', 'ccajas_otras_lag_1', 'ccajas_otras_lag_2', 'catm_trx_lag_1', 'catm_trx_lag_2', 'catm_trx_other_lag_1', 'catm_trx_other_lag_2', 'ctrx_quarter_lag_1', 'ctrx_quarter_lag_2', 'cmobile_app_trx_lag_1', 'cmobile_app_trx_lag_2', 'Master_cconsumos_lag_1', 'Master_cconsumos_lag_2', 'Master_cadelantosefectivo_lag_1', 'Master_cadelantosefectivo_lag_2', 'Visa_cconsumos_lag_1', 'Visa_cconsumos_lag_2', 'Visa_cadelantosefectivo_lag_1', 'Visa_cadelantosefectivo_lag_2', 'Master_Fvencimiento_lag_1', 'Master_Fvencimiento_lag_2', 'Master_Finiciomora_lag_1', 'Master_Finiciomora_lag_2', 'Master_fultimo_cierre_lag_1', 'Master_fultimo_cierre_lag_2', 'Master_fechaalta_lag_1', 'Master_fechaalta_lag_2', 'Visa_Fvencimiento_lag_1', 'Visa_Fvencimiento_lag_2', 'Visa_Finiciomora_lag_1', 'Visa_Finiciomora_lag_2', 'Visa_fultimo_cierre_lag_1', 'Visa_fultimo_cierre_lag_2', 'Visa_fechaalta_lag_1', 'Visa_fechaalta_lag_2', 'mrentabilidad_lag_1', 'mrentabilidad_lag_2', 'mrentabilidad_annual_lag_1', 'mrentabilidad_annual_lag_2', 'mcomisiones_lag_1', 'mcomisiones_lag_2', 'mactivos_margen_lag_1', 'mactivos_margen_lag_2', 'mpasivos_margen_lag_1', 'mpasivos_margen_lag_2', 'mcuenta_corriente_adicional_lag_1', 'mcuenta_corriente_adicional_lag_2', 'mcuenta_corriente_lag_1', 'mcuenta_corriente_lag_2', 'mcaja_ahorro_lag_1', 'mcaja_ahorro_lag_2', 'mcaja_ahorro_adicional_lag_1', 'mcaja_ahorro_adicional_lag_2', 'mcaja_ahorro_dolares_lag_1', 'mcaja_ahorro_dolares_lag_2', 'mcuentas_saldo_lag_1', 'mcuentas_saldo_lag_2', 'mautoservicio_lag_1', 'mautoservicio_lag_2', 'mtarjeta_visa_consumo_lag_1', 'mtarjeta_visa_consumo_lag_2', 'mtarjeta_master_consumo_lag_1', 'mtarjeta_master_consumo_lag_2', 'mprestamos_personales_lag_1', 'mprestamos_personales_lag_2', 'mprestamos_prendarios_lag_1', 'mprestamos_prendarios_lag_2', 'mprestamos_hipotecarios_lag_1', 'mprestamos_hipotecarios_lag_2', 'mplazo_fijo_dolares_lag_1', 'mplazo_fijo_dolares_lag_2', 'mplazo_fijo_pesos_lag_1', 'mplazo_fijo_pesos_lag_2', 'minversion1_pesos_lag_1', 'minversion1_pesos_lag_2', 'minversion1_dolares_lag_1', 'minversion1_dolares_lag_2', 'minversion2_lag_1', 'minversion2_lag_2', 'mpayroll_lag_1', 'mpayroll_lag_2', 'mpayroll2_lag_1', 'mpayroll2_lag_2', 'mcuenta_debitos_automaticos_lag_1', 'mcuenta_debitos_automaticos_lag_2', 'mtarjeta_visa_debitos_automaticos_lag_1', 'mtarjeta_visa_debitos_automaticos_lag_2', 'mttarjeta_master_debitos_automaticos_lag_1', 'mttarjeta_master_debitos_automaticos_lag_2', 'mpagodeservicios_lag_1', 'mpagodeservicios_lag_2', 'mpagomiscuentas_lag_1', 'mpagomiscuentas_lag_2', 'mcajeros_propios_descuentos_lag_1', 'mcajeros_propios_descuentos_lag_2', 'mtarjeta_visa_descuentos_lag_1', 'mtarjeta_visa_descuentos_lag_2', 'mtarjeta_master_descuentos_lag_1', 'mtarjeta_master_descuentos_lag_2', 'mcomisiones_mantenimiento_lag_1', 'mcomisiones_mantenimiento_lag_2', 'mcomisiones_otras_lag_1', 'mcomisiones_otras_lag_2', 'mforex_buy_lag_1', 'mforex_buy_lag_2', 'mforex_sell_lag_1', 'mforex_sell_lag_2', 'mtransferencias_recibidas_lag_1', 'mtransferencias_recibidas_lag_2', 'mtransferencias_emitidas_lag_1', 'mtransferencias_emitidas_lag_2', 'mextraccion_autoservicio_lag_1', 'mextraccion_autoservicio_lag_2', 'mcheques_depositados_lag_1', 'mcheques_depositados_lag_2', 'mcheques_emitidos_lag_1', 'mcheques_emitidos_lag_2', 'mcheques_depositados_rechazados_lag_1', 'mcheques_depositados_rechazados_lag_2', 'mcheques_emitidos_rechazados_lag_1', 'mcheques_emitidos_rechazados_lag_2', 'matm_lag_1', 'matm_lag_2', 'matm_other_lag_1', 'matm_other_lag_2', 'Master_mfinanciacion_limite_lag_1', 'Master_mfinanciacion_limite_lag_2', 'Master_msaldototal_lag_1', 'Master_msaldototal_lag_2', 'Master_msaldopesos_lag_1', 'Master_msaldopesos_lag_2', 'Master_msaldodolares_lag_1', 'Master_msaldodolares_lag_2', 'Master_mconsumospesos_lag_1', 'Master_mconsumospesos_lag_2', 'Master_mconsumosdolares_lag_1', 'Master_mconsumosdolares_lag_2', 'Master_mlimitecompra_lag_1', 'Master_mlimitecompra_lag_2', 'Master_madelantopesos_lag_1', 'Master_madelantopesos_lag_2', 'Master_madelantodolares_lag_1', 'Master_madelantodolares_lag_2', 'Master_mpagado_lag_1', 'Master_mpagado_lag_2', 'Master_mpagospesos_lag_1', 'Master_mpagospesos_lag_2', 'Master_mpagosdolares_lag_1', 'Master_mpagosdolares_lag_2', 'Master_mconsumototal_lag_1', 'Master_mconsumototal_lag_2', 'Master_mpagominimo_lag_1', 'Master_mpagominimo_lag_2', 'Visa_mfinanciacion_limite_lag_1', 'Visa_mfinanciacion_limite_lag_2', 'Visa_msaldototal_lag_1', 'Visa_msaldototal_lag_2', 'Visa_msaldopesos_lag_1', 'Visa_msaldopesos_lag_2', 'Visa_msaldodolares_lag_1', 'Visa_msaldodolares_lag_2', 'Visa_mconsumospesos_lag_1', 'Visa_mconsumospesos_lag_2', 'Visa_mconsumosdolares_lag_1', 'Visa_mconsumosdolares_lag_2', 'Visa_mlimitecompra_lag_1', 'Visa_mlimitecompra_lag_2', 'Visa_madelantopesos_lag_1', 'Visa_madelantopesos_lag_2', 'Visa_madelantodolares_lag_1', 'Visa_madelantodolares_lag_2', 'Visa_mpagado_lag_1', 'Visa_mpagado_lag_2', 'Visa_mpagospesos_lag_1', 'Visa_mpagospesos_lag_2', 'Visa_mpagosdolares_lag_1', 'Visa_mpagosdolares_lag_2', 'Visa_mconsumototal_lag_1', 'Visa_mconsumototal_lag_2', 'Visa_mpagominimo_lag_1', 'Visa_mpagominimo_lag_2', 'cforex_sell_lag_1', 'cforex_sell_lag_2']
2025-10-07 01:51:37,001 - INFO - __name__ 84 - Realizando feature engineering de delta lag con 2 lags para 137 atributos
2025-10-07 01:51:37,015 - WARNING - __name__ 102 - El atributo mtarjeta_visa_debitos_automaticos no existe en el DataFrame
2025-10-07 01:55:48,654 - INFO - __name__ 115 - Feature engineering de delta lag completado. DataFrame resultante con 1269 columnas
2025-10-07 01:55:49,300 - INFO - __name__ 638 - Operación 'delta_lag' aplicada. Nombre de nuevas variables: ['cproductos_delta_lag_1', 'cproductos_delta_lag_2', 'ccuenta_corriente_delta_lag_1', 'ccuenta_corriente_delta_lag_2', 'ccaja_ahorro_delta_lag_1', 'ccaja_ahorro_delta_lag_2', 'ctarjeta_debito_delta_lag_1', 'ctarjeta_debito_delta_lag_2', 'ctarjeta_debito_transacciones_delta_lag_1', 'ctarjeta_debito_transacciones_delta_lag_2', 'ctarjeta_visa_delta_lag_1', 'ctarjeta_visa_delta_lag_2', 'ctarjeta_visa_transacciones_delta_lag_1', 'ctarjeta_visa_transacciones_delta_lag_2', 'ctarjeta_master_delta_lag_1', 'ctarjeta_master_delta_lag_2', 'ctarjeta_master_transacciones_delta_lag_1', 'ctarjeta_master_transacciones_delta_lag_2', 'cprestamos_personales_delta_lag_1', 'cprestamos_personales_delta_lag_2', 'cprestamos_prendarios_delta_lag_1', 'cprestamos_prendarios_delta_lag_2', 'cprestamos_hipotecarios_delta_lag_1', 'cprestamos_hipotecarios_delta_lag_2', 'cplazo_fijo_delta_lag_1', 'cplazo_fijo_delta_lag_2', 'cinversion1_delta_lag_1', 'cinversion1_delta_lag_2', 'cinversion2_delta_lag_1', 'cinversion2_delta_lag_2', 'cseguro_vida_delta_lag_1', 'cseguro_vida_delta_lag_2', 'cseguro_auto_delta_lag_1', 'cseguro_auto_delta_lag_2', 'cseguro_vivienda_delta_lag_1', 'cseguro_vivienda_delta_lag_2', 'cseguro_accidentes_personales_delta_lag_1', 'cseguro_accidentes_personales_delta_lag_2', 'cpayroll_trx_delta_lag_1', 'cpayroll_trx_delta_lag_2', 'cpayroll2_trx_delta_lag_1', 'cpayroll2_trx_delta_lag_2', 'ccuenta_debitos_automaticos_delta_lag_1', 'ccuenta_debitos_automaticos_delta_lag_2', 'ctarjeta_visa_debitos_automaticos_delta_lag_1', 'ctarjeta_visa_debitos_automaticos_delta_lag_2', 'ctarjeta_master_debitos_automaticos_delta_lag_1', 'ctarjeta_master_debitos_automaticos_delta_lag_2', 'cpagodeservicios_delta_lag_1', 'cpagodeservicios_delta_lag_2', 'cpagomiscuentas_delta_lag_1', 'cpagomiscuentas_delta_lag_2', 'ccajeros_propios_descuentos_delta_lag_1', 'ccajeros_propios_descuentos_delta_lag_2', 'ctarjeta_visa_descuentos_delta_lag_1', 'ctarjeta_visa_descuentos_delta_lag_2', 'ctarjeta_master_descuentos_delta_lag_1', 'ctarjeta_master_descuentos_delta_lag_2', 'ccomisiones_mantenimiento_delta_lag_1', 'ccomisiones_mantenimiento_delta_lag_2', 'ccomisiones_otras_delta_lag_1', 'ccomisiones_otras_delta_lag_2', 'cforex_delta_lag_1', 'cforex_delta_lag_2', 'cforex_buy_delta_lag_1', 'cforex_buy_delta_lag_2', 'ctransferencias_recibidas_delta_lag_1', 'ctransferencias_recibidas_delta_lag_2', 'ctransferencias_emitidas_delta_lag_1', 'ctransferencias_emitidas_delta_lag_2', 'cextraccion_autoservicio_delta_lag_1', 'cextraccion_autoservicio_delta_lag_2', 'ccheques_depositados_delta_lag_1', 'ccheques_depositados_delta_lag_2', 'ccheques_emitidos_delta_lag_1', 'ccheques_emitidos_delta_lag_2', 'ccheques_depositados_rechazados_delta_lag_1', 'ccheques_depositados_rechazados_delta_lag_2', 'ccheques_emitidos_rechazados_delta_lag_1', 'ccheques_emitidos_rechazados_delta_lag_2', 'ccallcenter_transacciones_delta_lag_1', 'ccallcenter_transacciones_delta_lag_2', 'chomebanking_transacciones_delta_lag_1', 'chomebanking_transacciones_delta_lag_2', 'ccajas_transacciones_delta_lag_1', 'ccajas_transacciones_delta_lag_2', 'ccajas_consultas_delta_lag_1', 'ccajas_consultas_delta_lag_2', 'ccajas_depositos_delta_lag_1', 'ccajas_depositos_delta_lag_2', 'ccajas_extracciones_delta_lag_1', 'ccajas_extracciones_delta_lag_2', 'ccajas_otras_delta_lag_1', 'ccajas_otras_delta_lag_2', 'catm_trx_delta_lag_1', 'catm_trx_delta_lag_2', 'catm_trx_other_delta_lag_1', 'catm_trx_other_delta_lag_2', 'ctrx_quarter_delta_lag_1', 'ctrx_quarter_delta_lag_2', 'cmobile_app_trx_delta_lag_1', 'cmobile_app_trx_delta_lag_2', 'Master_cconsumos_delta_lag_1', 'Master_cconsumos_delta_lag_2', 'Master_cadelantosefectivo_delta_lag_1', 'Master_cadelantosefectivo_delta_lag_2', 'Visa_cconsumos_delta_lag_1', 'Visa_cconsumos_delta_lag_2', 'Visa_cadelantosefectivo_delta_lag_1', 'Visa_cadelantosefectivo_delta_lag_2', 'Master_Fvencimiento_delta_lag_1', 'Master_Fvencimiento_delta_lag_2', 'Master_Finiciomora_delta_lag_1', 'Master_Finiciomora_delta_lag_2', 'Master_fultimo_cierre_delta_lag_1', 'Master_fultimo_cierre_delta_lag_2', 'Master_fechaalta_delta_lag_1', 'Master_fechaalta_delta_lag_2', 'Visa_Fvencimiento_delta_lag_1', 'Visa_Fvencimiento_delta_lag_2', 'Visa_Finiciomora_delta_lag_1', 'Visa_Finiciomora_delta_lag_2', 'Visa_fultimo_cierre_delta_lag_1', 'Visa_fultimo_cierre_delta_lag_2', 'Visa_fechaalta_delta_lag_1', 'Visa_fechaalta_delta_lag_2', 'mrentabilidad_delta_lag_1', 'mrentabilidad_delta_lag_2', 'mrentabilidad_annual_delta_lag_1', 'mrentabilidad_annual_delta_lag_2', 'mcomisiones_delta_lag_1', 'mcomisiones_delta_lag_2', 'mactivos_margen_delta_lag_1', 'mactivos_margen_delta_lag_2', 'mpasivos_margen_delta_lag_1', 'mpasivos_margen_delta_lag_2', 'mcuenta_corriente_adicional_delta_lag_1', 'mcuenta_corriente_adicional_delta_lag_2', 'mcuenta_corriente_delta_lag_1', 'mcuenta_corriente_delta_lag_2', 'mcaja_ahorro_delta_lag_1', 'mcaja_ahorro_delta_lag_2', 'mcaja_ahorro_adicional_delta_lag_1', 'mcaja_ahorro_adicional_delta_lag_2', 'mcaja_ahorro_dolares_delta_lag_1', 'mcaja_ahorro_dolares_delta_lag_2', 'mcuentas_saldo_delta_lag_1', 'mcuentas_saldo_delta_lag_2', 'mautoservicio_delta_lag_1', 'mautoservicio_delta_lag_2', 'mtarjeta_visa_consumo_delta_lag_1', 'mtarjeta_visa_consumo_delta_lag_2', 'mtarjeta_master_consumo_delta_lag_1', 'mtarjeta_master_consumo_delta_lag_2', 'mprestamos_personales_delta_lag_1', 'mprestamos_personales_delta_lag_2', 'mprestamos_prendarios_delta_lag_1', 'mprestamos_prendarios_delta_lag_2', 'mprestamos_hipotecarios_delta_lag_1', 'mprestamos_hipotecarios_delta_lag_2', 'mplazo_fijo_dolares_delta_lag_1', 'mplazo_fijo_dolares_delta_lag_2', 'mplazo_fijo_pesos_delta_lag_1', 'mplazo_fijo_pesos_delta_lag_2', 'minversion1_pesos_delta_lag_1', 'minversion1_pesos_delta_lag_2', 'minversion1_dolares_delta_lag_1', 'minversion1_dolares_delta_lag_2', 'minversion2_delta_lag_1', 'minversion2_delta_lag_2', 'mpayroll_delta_lag_1', 'mpayroll_delta_lag_2', 'mpayroll2_delta_lag_1', 'mpayroll2_delta_lag_2', 'mcuenta_debitos_automaticos_delta_lag_1', 'mcuenta_debitos_automaticos_delta_lag_2', 'mtarjeta_visa_debitos_automaticos_delta_lag_1', 'mtarjeta_visa_debitos_automaticos_delta_lag_2', 'mttarjeta_master_debitos_automaticos_delta_lag_1', 'mttarjeta_master_debitos_automaticos_delta_lag_2', 'mpagodeservicios_delta_lag_1', 'mpagodeservicios_delta_lag_2', 'mpagomiscuentas_delta_lag_1', 'mpagomiscuentas_delta_lag_2', 'mcajeros_propios_descuentos_delta_lag_1', 'mcajeros_propios_descuentos_delta_lag_2', 'mtarjeta_visa_descuentos_delta_lag_1', 'mtarjeta_visa_descuentos_delta_lag_2', 'mtarjeta_master_descuentos_delta_lag_1', 'mtarjeta_master_descuentos_delta_lag_2', 'mcomisiones_mantenimiento_delta_lag_1', 'mcomisiones_mantenimiento_delta_lag_2', 'mcomisiones_otras_delta_lag_1', 'mcomisiones_otras_delta_lag_2', 'mforex_buy_delta_lag_1', 'mforex_buy_delta_lag_2', 'mforex_sell_delta_lag_1', 'mforex_sell_delta_lag_2', 'mtransferencias_recibidas_delta_lag_1', 'mtransferencias_recibidas_delta_lag_2', 'mtransferencias_emitidas_delta_lag_1', 'mtransferencias_emitidas_delta_lag_2', 'mextraccion_autoservicio_delta_lag_1', 'mextraccion_autoservicio_delta_lag_2', 'mcheques_depositados_delta_lag_1', 'mcheques_depositados_delta_lag_2', 'mcheques_emitidos_delta_lag_1', 'mcheques_emitidos_delta_lag_2', 'mcheques_depositados_rechazados_delta_lag_1', 'mcheques_depositados_rechazados_delta_lag_2', 'mcheques_emitidos_rechazados_delta_lag_1', 'mcheques_emitidos_rechazados_delta_lag_2', 'matm_delta_lag_1', 'matm_delta_lag_2', 'matm_other_delta_lag_1', 'matm_other_delta_lag_2', 'Master_mfinanciacion_limite_delta_lag_1', 'Master_mfinanciacion_limite_delta_lag_2', 'Master_msaldototal_delta_lag_1', 'Master_msaldototal_delta_lag_2', 'Master_msaldopesos_delta_lag_1', 'Master_msaldopesos_delta_lag_2', 'Master_msaldodolares_delta_lag_1', 'Master_msaldodolares_delta_lag_2', 'Master_mconsumospesos_delta_lag_1', 'Master_mconsumospesos_delta_lag_2', 'Master_mconsumosdolares_delta_lag_1', 'Master_mconsumosdolares_delta_lag_2', 'Master_mlimitecompra_delta_lag_1', 'Master_mlimitecompra_delta_lag_2', 'Master_madelantopesos_delta_lag_1', 'Master_madelantopesos_delta_lag_2', 'Master_madelantodolares_delta_lag_1', 'Master_madelantodolares_delta_lag_2', 'Master_mpagado_delta_lag_1', 'Master_mpagado_delta_lag_2', 'Master_mpagospesos_delta_lag_1', 'Master_mpagospesos_delta_lag_2', 'Master_mpagosdolares_delta_lag_1', 'Master_mpagosdolares_delta_lag_2', 'Master_mconsumototal_delta_lag_1', 'Master_mconsumototal_delta_lag_2', 'Master_mpagominimo_delta_lag_1', 'Master_mpagominimo_delta_lag_2', 'Visa_mfinanciacion_limite_delta_lag_1', 'Visa_mfinanciacion_limite_delta_lag_2', 'Visa_msaldototal_delta_lag_1', 'Visa_msaldototal_delta_lag_2', 'Visa_msaldopesos_delta_lag_1', 'Visa_msaldopesos_delta_lag_2', 'Visa_msaldodolares_delta_lag_1', 'Visa_msaldodolares_delta_lag_2', 'Visa_mconsumospesos_delta_lag_1', 'Visa_mconsumospesos_delta_lag_2', 'Visa_mconsumosdolares_delta_lag_1', 'Visa_mconsumosdolares_delta_lag_2', 'Visa_mlimitecompra_delta_lag_1', 'Visa_mlimitecompra_delta_lag_2', 'Visa_madelantopesos_delta_lag_1', 'Visa_madelantopesos_delta_lag_2', 'Visa_madelantodolares_delta_lag_1', 'Visa_madelantodolares_delta_lag_2', 'Visa_mpagado_delta_lag_1', 'Visa_mpagado_delta_lag_2', 'Visa_mpagospesos_delta_lag_1', 'Visa_mpagospesos_delta_lag_2', 'Visa_mpagosdolares_delta_lag_1', 'Visa_mpagosdolares_delta_lag_2', 'Visa_mconsumototal_delta_lag_1', 'Visa_mconsumototal_delta_lag_2', 'Visa_mpagominimo_delta_lag_1', 'Visa_mpagominimo_delta_lag_2', 'cforex_sell_delta_lag_1', 'cforex_sell_delta_lag_2']
2025-10-07 01:55:49,305 - INFO - __name__ 428 - Realizando feature engineering de cambio categórico con 2 lags para 13 atributos
2025-10-07 02:02:40,658 - INFO - __name__ 455 - Feature engineering de cambio categórico completado. DataFrame resultante con 1295 columnas
2025-10-07 02:02:41,652 - INFO - __name__ 653 - Operación 'cambio_estado' aplicada. Nombre de nuevas variables: ['active_quarter_cambio_lag_1', 'active_quarter_cambio_lag_2', 'cliente_vip_cambio_lag_1', 'cliente_vip_cambio_lag_2', 'internet_cambio_lag_1', 'internet_cambio_lag_2', 'tcuentas_cambio_lag_1', 'tcuentas_cambio_lag_2', 'cdescubierto_preacordado_cambio_lag_1', 'cdescubierto_preacordado_cambio_lag_2', 'ccaja_seguridad_cambio_lag_1', 'ccaja_seguridad_cambio_lag_2', 'tcallcenter_cambio_lag_1', 'tcallcenter_cambio_lag_2', 'thomebanking_cambio_lag_1', 'thomebanking_cambio_lag_2', 'tmobile_app_cambio_lag_1', 'tmobile_app_cambio_lag_2', 'Master_delinquency_cambio_lag_1', 'Master_delinquency_cambio_lag_2', 'Master_status_cambio_lag_1', 'Master_status_cambio_lag_2', 'Visa_delinquency_cambio_lag_1', 'Visa_delinquency_cambio_lag_2', 'Visa_status_cambio_lag_1', 'Visa_status_cambio_lag_2']
2025-10-07 02:02:42,301 - INFO - src.final_training 51 - Feature Engineering completado sobre DF_train: (650209, 1295)
2025-10-07 02:03:09,673 - INFO - src.final_training 64 - Features utilizadas: 1,294
2025-10-07 02:03:09,764 - INFO - src.final_training 65 - Distribución del target - 0: 642,830, 1: 7,379
2025-10-07 02:03:11,549 - INFO - __main__ 90 - Entrenar modelo final
2025-10-07 02:03:11,549 - INFO - src.final_training 81 - Iniciando entrenamiento del modelo final
2025-10-07 02:03:11,553 - INFO - src.final_training 92 - Parámetros del modelo: {'objective': 'binary', 'metric': 'None', 'random_state': 839071, 'verbose': -1, 'num_iterations': 922, 'num_leaves': 122, 'learn_rate': 0.05872198377780562, 'feature_fraction': 0.4246270828559966, 'bagging_fraction': 0.5240709104221627, 'min_child_samples': 17, 'max_depth': 9, 'reg_lambda': 8.887485537925697, 'reg_alpha': 3.3739476153647137}
2025-10-07 02:11:43,382 - INFO - src.final_training 109 - Entrenamiento del modelo final completado
2025-10-07 02:11:44,657 - INFO - __main__ 94 - Generar predicciones finales
2025-10-07 02:11:44,658 - INFO - src.final_training 125 - Generando predicciones finales
2025-10-07 02:12:03,537 - INFO - src.final_training 144 - Predicciones generadas:
2025-10-07 02:12:03,537 - INFO - src.final_training 145 -   Total clientes: 164,313
2025-10-07 02:12:03,538 - INFO - src.final_training 146 -   Predicciones positivas: 6,649 (4.05%)
2025-10-07 02:12:03,538 - INFO - src.final_training 147 -   Predicciones negativas: 157,664
2025-10-07 02:12:03,538 - INFO - src.final_training 148 -   Umbral utilizado: 0.025
2025-10-07 02:12:03,539 - INFO - __main__ 98 - Guardar predicciones
2025-10-07 02:12:03,720 - INFO - src.output_manager 42 - Predicciones guardadas en: predict/lgb_optimization_competencia01b_20251007_021203.csv
2025-10-07 02:12:03,721 - INFO - src.output_manager 43 - Formato del archivo:
2025-10-07 02:12:03,721 - INFO - src.output_manager 44 -   Columnas: ['numero_de_cliente', 'predict']
2025-10-07 02:12:03,721 - INFO - src.output_manager 45 -   Registros: 164,313
2025-10-07 02:12:03,721 - INFO - src.output_manager 46 -   Primeras filas:
2025-10-07 02:12:03,747 - INFO - src.output_manager 47 -    numero_de_cliente  predict
0          483290656        0
1          483358769        0
2          483613799        0
3          483653834        0
4          483746011        0
2025-10-07 02:12:03,747 - INFO - __main__ 102 - === RESUMEN FINAL ===
2025-10-07 02:12:03,747 - INFO - __main__ 103 - ✅ Entrenamiento final completado exitosamente
2025-10-07 02:12:03,748 - INFO - __main__ 104 - 📊 Mejores hiperparámetros utilizados: {'num_iterations': 922, 'num_leaves': 122, 'learn_rate': 0.05872198377780562, 'feature_fraction': 0.4246270828559966, 'bagging_fraction': 0.5240709104221627, 'min_child_samples': 17, 'max_depth': 9, 'reg_lambda': 8.887485537925697, 'reg_alpha': 3.3739476153647137}
2025-10-07 02:12:03,749 - INFO - __main__ 105 - 🎯 Períodos de entrenamiento: ['202101', '202102', '202103', '202104']
2025-10-07 02:12:03,749 - INFO - __main__ 106 - 🔮 Período de predicción: 202106
2025-10-07 02:12:03,749 - INFO - __main__ 107 - 📁 Archivo de salida: predict/lgb_optimization_competencia01b_20251007_021203.csv
2025-10-07 02:12:03,749 - INFO - __main__ 108 - 📝 Log detallado: logs/log_lgb_optimization_competencia01b_2025-10-07_00-58-49.log
2025-10-07 02:12:03,749 - INFO - __main__ 111 - >>> Ejecución finalizada. Revisar logs para mas detalles.
