2025-10-03 14:55:11,422 - INFO - __main__ 36 - Inicio de ejecucion.
2025-10-03 14:55:11,423 - INFO - __name__ 14 - Cargando dataset desde ./data/competencia_01.csv
2025-10-03 14:55:21,932 - INFO - __name__ 17 - Dataset cargado con 978439 filas y 155 columnas
2025-10-03 14:55:21,932 - INFO - __name__ 27 - Realizando feature engineering con 2 lags para 3 atributos
2025-10-03 14:55:30,132 - INFO - __name__ 57 - Feature engineering completado. DataFrame resultante con 161 columnas
2025-10-03 14:55:30,134 - INFO - __main__ 46 - Feature Engineering completado: (978439, 161)
2025-10-03 14:55:30,904 - INFO - __name__ 54 - Conversión completada:
2025-10-03 14:55:30,904 - INFO - __name__ 55 -   Original - CONTINUA: 642830, BAJA+1: 4575, BAJA+2: 3938
2025-10-03 14:55:30,905 - INFO - __name__ 56 -   Binario - 0: 642830, 1: 8513
2025-10-03 14:55:30,905 - INFO - __name__ 57 -   Distribución: 1.31% casos positivos
2025-10-03 14:55:31,069 - INFO - src.optimization 190 - Iniciando optimización con 5 trials
2025-10-03 14:55:31,070 - INFO - src.optimization 191 - Configuración: TRAIN=202102, VALID=202103, SEMILLA=[12, 13, 14, 15, 16]
2025-10-03 14:55:36,389 - INFO - src.optimization 164 - Iteración 0 guardada en resultados/lgb_optimization_competencia01_iteraciones.json
2025-10-03 14:55:36,389 - INFO - src.optimization 165 - Ganancia: 863,160,000---Parámetros: {params}
2025-10-03 14:55:41,285 - INFO - src.optimization 164 - Iteración 1 guardada en resultados/lgb_optimization_competencia01_iteraciones.json
2025-10-03 14:55:41,285 - INFO - src.optimization 165 - Ganancia: 874,220,000---Parámetros: {params}
2025-10-03 14:55:45,204 - INFO - src.optimization 164 - Iteración 2 guardada en resultados/lgb_optimization_competencia01_iteraciones.json
2025-10-03 14:55:45,204 - INFO - src.optimization 165 - Ganancia: 830,600,000---Parámetros: {params}
2025-10-03 14:55:49,721 - INFO - src.optimization 164 - Iteración 3 guardada en resultados/lgb_optimization_competencia01_iteraciones.json
2025-10-03 14:55:49,722 - INFO - src.optimization 165 - Ganancia: 823,280,000---Parámetros: {params}
2025-10-03 14:55:56,809 - INFO - src.optimization 164 - Iteración 4 guardada en resultados/lgb_optimization_competencia01_iteraciones.json
2025-10-03 14:55:56,809 - INFO - src.optimization 165 - Ganancia: 925,020,000---Parámetros: {params}
2025-10-03 14:55:56,863 - INFO - src.optimization 206 - Mejor ganancia: 925,020,000
2025-10-03 14:55:56,863 - INFO - src.optimization 207 - Mejores parámetros: {'num_leaves': 218, 'learn_rate': 0.10843283260735086, 'feature_fraction': 0.40983160377394134, 'bagging_fraction': 0.797220400295908, 'min_child_samples': 18, 'max_depth': 15, 'reg_lambda': 8.35982328963073, 'reg_alpha': 4.8564029026374556}
2025-10-03 14:55:56,864 - INFO - __main__ 55 - === ANÁLISIS DE RESULTADOS ===
2025-10-03 14:55:56,892 - INFO - __main__ 59 - Top 5 mejores trials:
2025-10-03 14:55:56,899 - INFO - __main__ 61 -   Trial 4: 925,020,000
2025-10-03 14:55:56,899 - INFO - __main__ 61 -   Trial 1: 874,220,000
2025-10-03 14:55:56,900 - INFO - __main__ 61 -   Trial 0: 863,160,000
2025-10-03 14:55:56,900 - INFO - __main__ 61 -   Trial 2: 830,600,000
2025-10-03 14:55:56,900 - INFO - __main__ 61 -   Trial 3: 823,280,000
2025-10-03 14:55:56,901 - INFO - __main__ 63 - === OPTIMIZACIÓN COMPLETADA ===
2025-10-03 14:55:56,901 - INFO - __main__ 66 - === EVALUACIÓN EN CONJUNTO DE TEST ===
2025-10-03 14:55:56,902 - INFO - src.best_params 34 - Mejores hiperparámetros cargados desde resultados/lgb_optimization_competencia01_iteraciones.json
2025-10-03 14:55:56,903 - INFO - src.best_params 35 - Mejor ganancia encontrada: 932,240,000
2025-10-03 14:55:56,903 - INFO - src.best_params 36 - Trial número: 4
2025-10-03 14:55:56,903 - INFO - src.best_params 37 - Parámetros: {'num_leaves': 262, 'learn_rate': 0.16696571034433907, 'feature_fraction': 0.7198509637373903, 'bagging_fraction': 0.4733795979028113, 'min_child_samples': 24, 'max_depth': 6, 'reg_lambda': 3.3607967363491964, 'reg_alpha': 5.533180037908927}
2025-10-03 14:55:56,903 - INFO - src.optimization 226 - === EVALUACIÓN EN CONJUNTO DE TEST ===
2025-10-03 14:55:56,904 - INFO - src.optimization 227 - Período de test: 202104
2025-10-03 14:55:57,733 - INFO - src.optimization 244 - Entrenando modelo con mejores hiperparámetros...
2025-10-03 14:55:57,734 - INFO - src.optimization 245 - Dimensiones df_train_completo: (325264, 161), Dimensiones df_test: (163418, 161)
2025-10-03 14:55:57,895 - INFO - src.optimization 252 - Tipo de dato de train_data: <class 'lightgbm.basic.Dataset'>, Tipo de dato de test_data: <class 'lightgbm.basic.Dataset'>
2025-10-03 14:55:57,896 - INFO - src.optimization 253 - Dimensiones de train_data: (325264, 160), Dimensiones de test_data: (163418, 160)
2025-10-03 14:56:03,266 - INFO - src.optimization 325 - Ganancia: 950,660,000---Total Predicciones positivas: 17,707
2025-10-03 14:56:03,266 - INFO - __main__ 77 - === RESUMEN DE EVALUACIÓN EN TEST ===
2025-10-03 14:56:03,266 - INFO - __main__ 78 - ✅ Ganancia en test: 950,660,000
2025-10-03 14:56:03,266 - INFO - __main__ 79 - 🎯 Predicciones positivas: 17,707 (10.84%)
2025-10-03 14:56:03,267 - INFO - __main__ 83 - === ENTRENAMIENTO FINAL ===
2025-10-03 14:56:03,267 - INFO - __main__ 84 - Preparar datos para entrenamiento final
2025-10-03 14:56:03,268 - INFO - src.final_training 25 - Preparando datos para entrenamiento final
2025-10-03 14:56:03,268 - INFO - src.final_training 26 - Períodos de entrenamiento: ['202101', '202102', '202103', '202104']
2025-10-03 14:56:03,268 - INFO - src.final_training 27 - Período de predicción: 202106
2025-10-03 14:56:04,124 - INFO - src.final_training 38 - Registros de entrenamiento: 650,209
2025-10-03 14:56:04,124 - INFO - src.final_training 39 - Registros de predicción: 164,313
2025-10-03 14:56:04,327 - INFO - __name__ 27 - Realizando feature engineering con 2 lags para 3 atributos
2025-10-03 14:56:05,715 - INFO - __name__ 57 - Feature engineering completado. DataFrame resultante con 167 columnas
2025-10-03 14:56:05,724 - INFO - src.final_training 53 - Feature Engineering completado sobre DF_predict: (164313, 167)
2025-10-03 14:56:05,816 - INFO - src.final_training 59 - Features utilizadas: 166
2025-10-03 14:56:05,819 - INFO - src.final_training 60 - Distribución del target - 0: 642,830, 1: 7,379
2025-10-03 14:56:05,880 - INFO - __main__ 88 - Entrenar modelo final
2025-10-03 14:56:05,880 - INFO - src.final_training 76 - Iniciando entrenamiento del modelo final
2025-10-03 14:56:05,881 - INFO - src.final_training 87 - Parámetros del modelo: {'objective': 'binary', 'metric': 'None', 'random_state': 12, 'verbose': -1, 'num_leaves': 262, 'learn_rate': 0.16696571034433907, 'feature_fraction': 0.7198509637373903, 'bagging_fraction': 0.4733795979028113, 'min_child_samples': 24, 'max_depth': 6, 'reg_lambda': 3.3607967363491964, 'reg_alpha': 5.533180037908927}
2025-10-03 14:56:12,709 - INFO - src.final_training 104 - Entrenamiento del modelo final completado
2025-10-03 14:56:12,712 - INFO - __main__ 92 - Generar predicciones finales
2025-10-03 14:56:12,713 - INFO - src.final_training 120 - Generando predicciones finales
