2025-10-05 23:18:53,723 - INFO - __main__ 36 - Inicio de ejecucion.
2025-10-05 23:18:53,724 - INFO - __name__ 14 - Cargando dataset desde ./data/competencia_01.csv
2025-10-05 23:19:04,108 - INFO - __name__ 17 - Dataset cargado con 978439 filas y 155 columnas
2025-10-05 23:19:04,505 - INFO - __name__ 30 - Realizando feature engineering con 2 lags para 1 atributos
2025-10-05 23:19:10,950 - INFO - __name__ 60 - Feature engineering completado. DataFrame resultante con 157 columnas
2025-10-05 23:19:11,015 - INFO - __name__ 392 - Operación 'lag' aplicada. Nombre de nuevas variables: ['mcuentas_saldo_lag_1', 'mcuentas_saldo_lag_2']
2025-10-05 23:19:11,016 - INFO - __name__ 84 - Realizando feature engineering de delta lag con 1 lags para 1 atributos
2025-10-05 23:19:11,016 - WARNING - __name__ 102 - El atributo col3 no existe en el DataFrame
2025-10-05 23:19:14,458 - INFO - __name__ 115 - Feature engineering de delta lag completado. DataFrame resultante con 157 columnas
2025-10-05 23:19:14,586 - INFO - __name__ 396 - Operación 'delta_lag' aplicada. Nombre de nuevas variables: ['col3_delta_lag_1']
2025-10-05 23:19:14,586 - INFO - __name__ 138 - Realizando feature engineering con percentiles para 1 atributos
2025-10-05 23:19:20,108 - INFO - __name__ 167 - Feature engineering completado. DataFrame resultante con 158 columnas
2025-10-05 23:19:20,201 - INFO - __name__ 399 - Operación 'percentil' aplicada. Nombre de nuevas variables: ['mcuentas_saldo_percentil']
2025-10-05 23:19:20,201 - INFO - __name__ 193 - Realizando feature engineering con máximo de los últimos 3 meses para 9 atributos
2025-10-05 23:19:26,653 - INFO - __name__ 227 - Feature engineering completado. DataFrame resultante con 167 columnas
2025-10-05 23:19:26,788 - INFO - __name__ 403 - Operación 'max' aplicada. Nombre de nuevas variables: ['mrentabilidad_max_ult_3m', 'mactivos_margen_max_ult_3m', 'mcomisiones_mantenimiento_max_ult_3m', 'mcuentas_saldo_max_ult_3m', 'mtarjeta_visa_consumo_max_ult_3m', 'mtarjeta_master_consumo_max_ult_3m', 'mpasivos_margen_max_ult_3m', 'mttarjeta_visa_debitos_automaticos_max_ult_3m', 'mttarjeta_master_debitos_automaticos_max_ult_3m']
2025-10-05 23:19:26,789 - INFO - __name__ 251 - Realizando feature engineering con mínimo de los últimos 2 meses para 9 atributos
2025-10-05 23:19:33,957 - INFO - __name__ 285 - Feature engineering completado. DataFrame resultante con 176 columnas
2025-10-05 23:19:34,084 - INFO - __name__ 407 - Operación 'min' aplicada. Nombre de nuevas variables: ['mrentabilidad_min_ult_2m', 'mactivos_margen_min_ult_2m', 'mcomisiones_mantenimiento_min_ult_2m', 'mcuentas_saldo_min_ult_2m', 'mtarjeta_visa_consumo_min_ult_2m', 'mtarjeta_master_consumo_min_ult_2m', 'mpasivos_margen_min_ult_2m', 'mttarjeta_visa_debitos_automaticos_min_ult_2m', 'mttarjeta_master_debitos_automaticos_min_ult_2m']
2025-10-05 23:19:34,085 - INFO - __main__ 61 - Feature Engineering completado: (978439, 176)
2025-10-05 23:19:34,672 - INFO - __name__ 54 - Conversión completada:
2025-10-05 23:19:34,673 - INFO - __name__ 55 -   Original - CONTINUA: 642830, BAJA+1: 4575, BAJA+2: 3938
2025-10-05 23:19:34,673 - INFO - __name__ 56 -   Binario - 0: 642830, 1: 8513
2025-10-05 23:19:34,673 - INFO - __name__ 57 -   Distribución: 1.31% casos positivos
2025-10-05 23:19:34,844 - INFO - src.optimization 190 - Iniciando optimización con 5 trials
2025-10-05 23:19:34,844 - INFO - src.optimization 191 - Configuración: TRAIN=202102, VALID=202103, SEMILLA=[839071, 666557, 390653, 408341, 858577]
2025-10-05 23:19:40,562 - INFO - src.optimization 164 - Iteración 0 guardada en resultados/lgb_optimization_competencia01_iteraciones.json
2025-10-05 23:19:40,563 - INFO - src.optimization 165 - Ganancia: 842,000,000---Parámetros: {params}
2025-10-05 23:19:47,518 - INFO - src.optimization 164 - Iteración 1 guardada en resultados/lgb_optimization_competencia01_iteraciones.json
2025-10-05 23:19:47,519 - INFO - src.optimization 165 - Ganancia: 881,580,000---Parámetros: {params}
2025-10-05 23:19:53,411 - INFO - src.optimization 164 - Iteración 2 guardada en resultados/lgb_optimization_competencia01_iteraciones.json
2025-10-05 23:19:53,412 - INFO - src.optimization 165 - Ganancia: 917,860,000---Parámetros: {params}
2025-10-05 23:19:57,902 - INFO - src.optimization 164 - Iteración 3 guardada en resultados/lgb_optimization_competencia01_iteraciones.json
2025-10-05 23:19:57,903 - INFO - src.optimization 165 - Ganancia: 907,840,000---Parámetros: {params}
2025-10-05 23:20:03,418 - INFO - src.optimization 164 - Iteración 4 guardada en resultados/lgb_optimization_competencia01_iteraciones.json
2025-10-05 23:20:03,419 - INFO - src.optimization 165 - Ganancia: 922,780,000---Parámetros: {params}
2025-10-05 23:20:03,507 - INFO - src.optimization 206 - Mejor ganancia: 922,780,000
2025-10-05 23:20:03,507 - INFO - src.optimization 207 - Mejores parámetros: {'num_leaves': 241, 'learn_rate': 0.0418895886747198, 'feature_fraction': 0.5838360781703231, 'bagging_fraction': 0.528328450142355, 'min_child_samples': 52, 'max_depth': 7, 'reg_lambda': 4.374199749886704, 'reg_alpha': 1.7653091103214136}
2025-10-05 23:20:03,507 - INFO - __main__ 70 - === ANÁLISIS DE RESULTADOS ===
2025-10-05 23:20:03,523 - INFO - __main__ 74 - Top 5 mejores trials:
2025-10-05 23:20:03,525 - INFO - __main__ 76 -   Trial 4: 922,780,000
2025-10-05 23:20:03,526 - INFO - __main__ 76 -   Trial 2: 917,860,000
2025-10-05 23:20:03,526 - INFO - __main__ 76 -   Trial 3: 907,840,000
2025-10-05 23:20:03,526 - INFO - __main__ 76 -   Trial 1: 881,580,000
2025-10-05 23:20:03,527 - INFO - __main__ 76 -   Trial 0: 842,000,000
2025-10-05 23:20:03,527 - INFO - __main__ 78 - === OPTIMIZACIÓN COMPLETADA ===
2025-10-05 23:20:03,527 - INFO - __main__ 81 - === EVALUACIÓN EN CONJUNTO DE TEST ===
2025-10-05 23:20:03,531 - INFO - src.best_params 34 - Mejores hiperparámetros cargados desde resultados/lgb_optimization_competencia01_iteraciones.json
2025-10-05 23:20:03,531 - INFO - src.best_params 35 - Mejor ganancia encontrada: 937,540,000
2025-10-05 23:20:03,531 - INFO - src.best_params 36 - Trial número: 4
2025-10-05 23:20:03,532 - INFO - src.best_params 37 - Parámetros: {'num_leaves': 281, 'learn_rate': 0.13210960528380272, 'feature_fraction': 0.9343322734520908, 'bagging_fraction': 0.9783627110386529, 'min_child_samples': 34, 'max_depth': 10, 'reg_lambda': 8.53190995969013, 'reg_alpha': 6.127109289381761}
2025-10-05 23:20:03,532 - INFO - src.optimization 226 - === EVALUACIÓN EN CONJUNTO DE TEST ===
2025-10-05 23:20:03,532 - INFO - src.optimization 227 - Período de test: 202104
2025-10-05 23:20:04,334 - INFO - src.optimization 244 - Entrenando modelo con mejores hiperparámetros...
2025-10-05 23:20:04,335 - INFO - src.optimization 245 - Dimensiones df_train_completo: (325264, 176), Dimensiones df_test: (163418, 176)
2025-10-05 23:20:04,515 - INFO - src.optimization 252 - Tipo de dato de train_data: <class 'lightgbm.basic.Dataset'>, Tipo de dato de test_data: <class 'lightgbm.basic.Dataset'>
2025-10-05 23:20:04,516 - INFO - src.optimization 253 - Dimensiones de train_data: (325264, 175), Dimensiones de test_data: (163418, 175)
2025-10-05 23:20:14,803 - INFO - src.optimization 325 - Ganancia: 980,220,000---Total Predicciones positivas: 17,309
2025-10-05 23:20:14,804 - INFO - __main__ 92 - === RESUMEN DE EVALUACIÓN EN TEST ===
2025-10-05 23:20:14,804 - INFO - __main__ 93 - ✅ Ganancia en test: 980,220,000
2025-10-05 23:20:14,804 - INFO - __main__ 94 - 🎯 Predicciones positivas: 17,309 (10.59%)
2025-10-05 23:20:14,804 - INFO - __main__ 98 - === ENTRENAMIENTO FINAL ===
2025-10-05 23:20:14,805 - INFO - __main__ 99 - Preparar datos para entrenamiento final
2025-10-05 23:20:14,805 - INFO - src.final_training 25 - Preparando datos para entrenamiento final
2025-10-05 23:20:14,805 - INFO - src.final_training 26 - Períodos de entrenamiento: ['202101', '202102', '202103', '202104']
2025-10-05 23:20:14,805 - INFO - src.final_training 27 - Período de predicción: 202106
2025-10-05 23:20:15,760 - INFO - src.final_training 38 - Registros de entrenamiento: 650,209
2025-10-05 23:20:15,760 - INFO - src.final_training 39 - Registros de predicción: 164,313
2025-10-05 23:20:15,919 - INFO - __name__ 30 - Realizando feature engineering con 2 lags para 1 atributos
2025-10-05 23:20:17,351 - INFO - __name__ 60 - Feature engineering completado. DataFrame resultante con 178 columnas
2025-10-05 23:20:17,362 - INFO - __name__ 392 - Operación 'lag' aplicada. Nombre de nuevas variables: ['mcuentas_saldo_lag_1', 'mcuentas_saldo_lag_2']
2025-10-05 23:20:17,362 - INFO - __name__ 84 - Realizando feature engineering de delta lag con 1 lags para 1 atributos
2025-10-05 23:20:17,363 - WARNING - __name__ 102 - El atributo col3 no existe en el DataFrame
2025-10-05 23:20:18,194 - INFO - __name__ 115 - Feature engineering de delta lag completado. DataFrame resultante con 178 columnas
2025-10-05 23:20:18,208 - INFO - __name__ 396 - Operación 'delta_lag' aplicada. Nombre de nuevas variables: ['col3_delta_lag_1']
2025-10-05 23:20:18,208 - INFO - __name__ 138 - Realizando feature engineering con percentiles para 1 atributos
2025-10-05 23:20:19,695 - INFO - __name__ 167 - Feature engineering completado. DataFrame resultante con 179 columnas
2025-10-05 23:20:19,705 - INFO - __name__ 399 - Operación 'percentil' aplicada. Nombre de nuevas variables: ['mcuentas_saldo_percentil']
2025-10-05 23:20:19,705 - INFO - __name__ 193 - Realizando feature engineering con máximo de los últimos 3 meses para 9 atributos
2025-10-05 23:20:21,189 - INFO - __name__ 227 - Feature engineering completado. DataFrame resultante con 188 columnas
2025-10-05 23:20:21,200 - INFO - __name__ 403 - Operación 'max' aplicada. Nombre de nuevas variables: ['mrentabilidad_max_ult_3m', 'mactivos_margen_max_ult_3m', 'mcomisiones_mantenimiento_max_ult_3m', 'mcuentas_saldo_max_ult_3m', 'mtarjeta_visa_consumo_max_ult_3m', 'mtarjeta_master_consumo_max_ult_3m', 'mpasivos_margen_max_ult_3m', 'mttarjeta_visa_debitos_automaticos_max_ult_3m', 'mttarjeta_master_debitos_automaticos_max_ult_3m']
2025-10-05 23:20:21,200 - INFO - __name__ 251 - Realizando feature engineering con mínimo de los últimos 2 meses para 9 atributos
2025-10-05 23:20:22,745 - INFO - __name__ 285 - Feature engineering completado. DataFrame resultante con 197 columnas
2025-10-05 23:20:22,756 - INFO - __name__ 407 - Operación 'min' aplicada. Nombre de nuevas variables: ['mrentabilidad_min_ult_2m', 'mactivos_margen_min_ult_2m', 'mcomisiones_mantenimiento_min_ult_2m', 'mcuentas_saldo_min_ult_2m', 'mtarjeta_visa_consumo_min_ult_2m', 'mtarjeta_master_consumo_min_ult_2m', 'mpasivos_margen_min_ult_2m', 'mttarjeta_visa_debitos_automaticos_min_ult_2m', 'mttarjeta_master_debitos_automaticos_min_ult_2m']
2025-10-05 23:20:22,766 - INFO - src.final_training 48 - Feature Engineering completado sobre DF_predict: (164313, 197)
2025-10-05 23:20:23,397 - INFO - __name__ 30 - Realizando feature engineering con 2 lags para 1 atributos
2025-10-05 23:20:29,324 - INFO - __name__ 60 - Feature engineering completado. DataFrame resultante con 178 columnas
2025-10-05 23:20:29,401 - INFO - __name__ 392 - Operación 'lag' aplicada. Nombre de nuevas variables: ['mcuentas_saldo_lag_1', 'mcuentas_saldo_lag_2']
2025-10-05 23:20:29,401 - INFO - __name__ 84 - Realizando feature engineering de delta lag con 1 lags para 1 atributos
2025-10-05 23:20:29,402 - WARNING - __name__ 102 - El atributo col3 no existe en el DataFrame
2025-10-05 23:20:32,678 - INFO - __name__ 115 - Feature engineering de delta lag completado. DataFrame resultante con 178 columnas
2025-10-05 23:20:32,775 - INFO - __name__ 396 - Operación 'delta_lag' aplicada. Nombre de nuevas variables: ['col3_delta_lag_1']
2025-10-05 23:20:32,775 - INFO - __name__ 138 - Realizando feature engineering con percentiles para 1 atributos
2025-10-05 23:20:38,458 - INFO - __name__ 167 - Feature engineering completado. DataFrame resultante con 179 columnas
2025-10-05 23:20:38,582 - INFO - __name__ 399 - Operación 'percentil' aplicada. Nombre de nuevas variables: ['mcuentas_saldo_percentil']
2025-10-05 23:20:38,582 - INFO - __name__ 193 - Realizando feature engineering con máximo de los últimos 3 meses para 9 atributos
2025-10-05 23:20:44,990 - INFO - __name__ 227 - Feature engineering completado. DataFrame resultante con 188 columnas
2025-10-05 23:20:45,090 - INFO - __name__ 403 - Operación 'max' aplicada. Nombre de nuevas variables: ['mrentabilidad_max_ult_3m', 'mactivos_margen_max_ult_3m', 'mcomisiones_mantenimiento_max_ult_3m', 'mcuentas_saldo_max_ult_3m', 'mtarjeta_visa_consumo_max_ult_3m', 'mtarjeta_master_consumo_max_ult_3m', 'mpasivos_margen_max_ult_3m', 'mttarjeta_visa_debitos_automaticos_max_ult_3m', 'mttarjeta_master_debitos_automaticos_max_ult_3m']
2025-10-05 23:20:45,090 - INFO - __name__ 251 - Realizando feature engineering con mínimo de los últimos 2 meses para 9 atributos
2025-10-05 23:20:52,336 - INFO - __name__ 285 - Feature engineering completado. DataFrame resultante con 197 columnas
2025-10-05 23:20:52,424 - INFO - __name__ 407 - Operación 'min' aplicada. Nombre de nuevas variables: ['mrentabilidad_min_ult_2m', 'mactivos_margen_min_ult_2m', 'mcomisiones_mantenimiento_min_ult_2m', 'mcuentas_saldo_min_ult_2m', 'mtarjeta_visa_consumo_min_ult_2m', 'mtarjeta_master_consumo_min_ult_2m', 'mpasivos_margen_min_ult_2m', 'mttarjeta_visa_debitos_automaticos_min_ult_2m', 'mttarjeta_master_debitos_automaticos_min_ult_2m']
2025-10-05 23:20:52,473 - INFO - src.final_training 51 - Feature Engineering completado sobre DF_train: (650209, 197)
2025-10-05 23:20:52,957 - INFO - src.final_training 64 - Features utilizadas: 196
2025-10-05 23:20:52,962 - INFO - src.final_training 65 - Distribución del target - 0: 642,830, 1: 7,379
2025-10-05 23:20:53,160 - INFO - __main__ 103 - Entrenar modelo final
2025-10-05 23:20:53,161 - INFO - src.final_training 81 - Iniciando entrenamiento del modelo final
2025-10-05 23:20:53,161 - INFO - src.final_training 92 - Parámetros del modelo: {'objective': 'binary', 'metric': 'None', 'random_state': 839071, 'verbose': -1, 'num_leaves': 281, 'learn_rate': 0.13210960528380272, 'feature_fraction': 0.9343322734520908, 'bagging_fraction': 0.9783627110386529, 'min_child_samples': 34, 'max_depth': 10, 'reg_lambda': 8.53190995969013, 'reg_alpha': 6.127109289381761}
2025-10-05 23:21:13,001 - INFO - src.final_training 109 - Entrenamiento del modelo final completado
2025-10-05 23:21:13,128 - INFO - __main__ 107 - Generar predicciones finales
2025-10-05 23:21:13,128 - INFO - src.final_training 125 - Generando predicciones finales
2025-10-05 23:21:13,562 - INFO - src.final_training 144 - Predicciones generadas:
2025-10-05 23:21:13,563 - INFO - src.final_training 145 -   Total clientes: 164,313
2025-10-05 23:21:13,563 - INFO - src.final_training 146 -   Predicciones positivas: 13,007 (7.92%)
2025-10-05 23:21:13,563 - INFO - src.final_training 147 -   Predicciones negativas: 151,306
2025-10-05 23:21:13,563 - INFO - src.final_training 148 -   Umbral utilizado: 0.025
2025-10-05 23:21:13,564 - INFO - __main__ 111 - Guardar predicciones
2025-10-05 23:21:13,698 - INFO - src.output_manager 42 - Predicciones guardadas en: predict/lgb_optimization_competencia01_20251005_232113.csv
2025-10-05 23:21:13,698 - INFO - src.output_manager 43 - Formato del archivo:
2025-10-05 23:21:13,699 - INFO - src.output_manager 44 -   Columnas: ['numero_de_cliente', 'predict']
2025-10-05 23:21:13,699 - INFO - src.output_manager 45 -   Registros: 164,313
2025-10-05 23:21:13,699 - INFO - src.output_manager 46 -   Primeras filas:
2025-10-05 23:21:13,707 - INFO - src.output_manager 47 -    numero_de_cliente  predict
0          249371844        0
1          249388625        0
2          249560145        1
3          249592742        0
4          249905817        1
2025-10-05 23:21:13,707 - INFO - __main__ 115 - === RESUMEN FINAL ===
2025-10-05 23:21:13,708 - INFO - __main__ 116 - ✅ Entrenamiento final completado exitosamente
2025-10-05 23:21:13,708 - INFO - __main__ 117 - 📊 Mejores hiperparámetros utilizados: {'num_leaves': 281, 'learn_rate': 0.13210960528380272, 'feature_fraction': 0.9343322734520908, 'bagging_fraction': 0.9783627110386529, 'min_child_samples': 34, 'max_depth': 10, 'reg_lambda': 8.53190995969013, 'reg_alpha': 6.127109289381761}
2025-10-05 23:21:13,709 - INFO - __main__ 118 - 🎯 Períodos de entrenamiento: ['202101', '202102', '202103', '202104']
2025-10-05 23:21:13,709 - INFO - __main__ 119 - 🔮 Período de predicción: 202106
2025-10-05 23:21:13,709 - INFO - __main__ 120 - 📁 Archivo de salida: predict/lgb_optimization_competencia01_20251005_232113.csv
2025-10-05 23:21:13,709 - INFO - __main__ 121 - 📝 Log detallado: logs/log_lgb_optimization_competencia01_2025-10-05_23-18-53.log
2025-10-05 23:21:13,710 - INFO - __main__ 124 - >>> Ejecución finalizada. Revisar logs para mas detalles.
