2025-10-02 23:46:44,139 - INFO - __main__ 36 - Inicio de ejecucion.
2025-10-02 23:46:44,140 - INFO - __name__ 14 - Cargando dataset desde ./data/competencia_01.csv
2025-10-02 23:46:55,043 - INFO - __name__ 17 - Dataset cargado con 978439 filas y 155 columnas
2025-10-02 23:46:55,043 - INFO - __name__ 27 - Realizando feature engineering con 2 lags para 3 atributos
2025-10-02 23:47:01,220 - INFO - __name__ 57 - Feature engineering completado. DataFrame resultante con 161 columnas
2025-10-02 23:47:01,220 - INFO - __main__ 46 - Feature Engineering completado: (978439, 161)
2025-10-02 23:47:01,777 - INFO - __name__ 54 - Conversión completada:
2025-10-02 23:47:01,777 - INFO - __name__ 55 -   Original - CONTINUA: 642830, BAJA+1: 4575, BAJA+2: 3938
2025-10-02 23:47:01,777 - INFO - __name__ 56 -   Binario - 0: 642830, 1: 8513
2025-10-02 23:47:01,777 - INFO - __name__ 57 -   Distribución: 1.31% casos positivos
2025-10-02 23:47:01,911 - INFO - src.optimization 190 - Iniciando optimización con 5 trials
2025-10-02 23:47:01,911 - INFO - src.optimization 191 - Configuración: TRAIN=202102, VALID=202103, SEMILLA=[12, 13, 14, 15, 16]
2025-10-02 23:47:02,687 - INFO - src.optimization 66 - Dimensiones df_train: (162155, 161), Dimensiones df_val: (163109, 161)
2025-10-02 23:47:02,688 - INFO - src.optimization 67 - Dimensiones df: (978439, 161)
2025-10-02 23:47:02,860 - INFO - src.optimization 85 - Mes train: 202102, Mes validacion: 202103
2025-10-02 23:47:02,861 - INFO - src.optimization 86 - Dimensiones de X_train: (162155, 160), Dimensiones de X_val: (163109, 160)
2025-10-02 23:47:02,861 - INFO - src.optimization 87 - Tipo de dato de train_data: <class 'lightgbm.basic.Dataset'>, Tipo de dato de val_data: <class 'lightgbm.basic.Dataset'>
2025-10-02 23:47:02,861 - INFO - src.optimization 88 - Dimensiones de train_data: (162155, 160), Dimensiones de val_data: (163109, 160)
2025-10-02 23:47:06,362 - INFO - src.optimization 164 - Iteración 0 guardada en resultados/lgb_optimization_competencia01_iteraciones.json
2025-10-02 23:47:06,362 - INFO - src.optimization 165 - Ganancia: 874,820,000---Parámetros: {params}
2025-10-02 23:47:07,199 - INFO - src.optimization 66 - Dimensiones df_train: (162155, 161), Dimensiones df_val: (163109, 161)
2025-10-02 23:47:07,199 - INFO - src.optimization 67 - Dimensiones df: (978439, 161)
2025-10-02 23:47:07,342 - INFO - src.optimization 85 - Mes train: 202102, Mes validacion: 202103
2025-10-02 23:47:07,343 - INFO - src.optimization 86 - Dimensiones de X_train: (162155, 160), Dimensiones de X_val: (163109, 160)
2025-10-02 23:47:07,343 - INFO - src.optimization 87 - Tipo de dato de train_data: <class 'lightgbm.basic.Dataset'>, Tipo de dato de val_data: <class 'lightgbm.basic.Dataset'>
2025-10-02 23:47:07,343 - INFO - src.optimization 88 - Dimensiones de train_data: (162155, 160), Dimensiones de val_data: (163109, 160)
2025-10-02 23:47:11,980 - INFO - src.optimization 164 - Iteración 1 guardada en resultados/lgb_optimization_competencia01_iteraciones.json
2025-10-02 23:47:11,980 - INFO - src.optimization 165 - Ganancia: 886,180,000---Parámetros: {params}
2025-10-02 23:47:12,758 - INFO - src.optimization 66 - Dimensiones df_train: (162155, 161), Dimensiones df_val: (163109, 161)
2025-10-02 23:47:12,758 - INFO - src.optimization 67 - Dimensiones df: (978439, 161)
2025-10-02 23:47:12,899 - INFO - src.optimization 85 - Mes train: 202102, Mes validacion: 202103
2025-10-02 23:47:12,900 - INFO - src.optimization 86 - Dimensiones de X_train: (162155, 160), Dimensiones de X_val: (163109, 160)
2025-10-02 23:47:12,900 - INFO - src.optimization 87 - Tipo de dato de train_data: <class 'lightgbm.basic.Dataset'>, Tipo de dato de val_data: <class 'lightgbm.basic.Dataset'>
2025-10-02 23:47:12,901 - INFO - src.optimization 88 - Dimensiones de train_data: (162155, 160), Dimensiones de val_data: (163109, 160)
2025-10-02 23:47:17,558 - INFO - src.optimization 164 - Iteración 2 guardada en resultados/lgb_optimization_competencia01_iteraciones.json
2025-10-02 23:47:17,559 - INFO - src.optimization 165 - Ganancia: 819,140,000---Parámetros: {params}
2025-10-02 23:47:18,380 - INFO - src.optimization 66 - Dimensiones df_train: (162155, 161), Dimensiones df_val: (163109, 161)
2025-10-02 23:47:18,381 - INFO - src.optimization 67 - Dimensiones df: (978439, 161)
2025-10-02 23:47:18,513 - INFO - src.optimization 85 - Mes train: 202102, Mes validacion: 202103
2025-10-02 23:47:18,514 - INFO - src.optimization 86 - Dimensiones de X_train: (162155, 160), Dimensiones de X_val: (163109, 160)
2025-10-02 23:47:18,514 - INFO - src.optimization 87 - Tipo de dato de train_data: <class 'lightgbm.basic.Dataset'>, Tipo de dato de val_data: <class 'lightgbm.basic.Dataset'>
2025-10-02 23:47:18,514 - INFO - src.optimization 88 - Dimensiones de train_data: (162155, 160), Dimensiones de val_data: (163109, 160)
2025-10-02 23:47:23,056 - INFO - src.optimization 164 - Iteración 3 guardada en resultados/lgb_optimization_competencia01_iteraciones.json
2025-10-02 23:47:23,056 - INFO - src.optimization 165 - Ganancia: 907,360,000---Parámetros: {params}
2025-10-02 23:47:23,883 - INFO - src.optimization 66 - Dimensiones df_train: (162155, 161), Dimensiones df_val: (163109, 161)
2025-10-02 23:47:23,884 - INFO - src.optimization 67 - Dimensiones df: (978439, 161)
2025-10-02 23:47:24,023 - INFO - src.optimization 85 - Mes train: 202102, Mes validacion: 202103
2025-10-02 23:47:24,024 - INFO - src.optimization 86 - Dimensiones de X_train: (162155, 160), Dimensiones de X_val: (163109, 160)
2025-10-02 23:47:24,024 - INFO - src.optimization 87 - Tipo de dato de train_data: <class 'lightgbm.basic.Dataset'>, Tipo de dato de val_data: <class 'lightgbm.basic.Dataset'>
2025-10-02 23:47:24,025 - INFO - src.optimization 88 - Dimensiones de train_data: (162155, 160), Dimensiones de val_data: (163109, 160)
2025-10-02 23:47:28,192 - INFO - src.optimization 164 - Iteración 4 guardada en resultados/lgb_optimization_competencia01_iteraciones.json
2025-10-02 23:47:28,192 - INFO - src.optimization 165 - Ganancia: 901,820,000---Parámetros: {params}
2025-10-02 23:47:28,249 - INFO - src.optimization 206 - Mejor ganancia: 907,360,000
2025-10-02 23:47:28,250 - INFO - src.optimization 207 - Mejores parámetros: {'num_leaves': 220, 'learn_rate': 0.08589980091526893, 'feature_fraction': 0.4005453674644927, 'bagging_fraction': 0.5415242155604083, 'min_child_samples': 78, 'max_depth': 10, 'reg_lambda': 0.032616652977148775, 'reg_alpha': 1.0560309067751206}
2025-10-02 23:47:28,250 - INFO - __main__ 55 - === ANÁLISIS DE RESULTADOS ===
2025-10-02 23:47:28,278 - INFO - __main__ 59 - Top 5 mejores trials:
2025-10-02 23:47:28,282 - INFO - __main__ 61 -   Trial 3: 907,360,000
2025-10-02 23:47:28,283 - INFO - __main__ 61 -   Trial 4: 901,820,000
2025-10-02 23:47:28,283 - INFO - __main__ 61 -   Trial 1: 886,180,000
2025-10-02 23:47:28,284 - INFO - __main__ 61 -   Trial 0: 874,820,000
2025-10-02 23:47:28,284 - INFO - __main__ 61 -   Trial 2: 819,140,000
2025-10-02 23:47:28,285 - INFO - __main__ 63 - === OPTIMIZACIÓN COMPLETADA ===
2025-10-02 23:47:28,285 - INFO - __main__ 66 - === EVALUACIÓN EN CONJUNTO DE TEST ===
2025-10-02 23:47:28,287 - INFO - src.best_params 34 - Mejores hiperparámetros cargados desde resultados/lgb_optimization_competencia01_iteraciones.json
2025-10-02 23:47:28,287 - INFO - src.best_params 35 - Mejor ganancia encontrada: 922,480,000
2025-10-02 23:47:28,288 - INFO - src.best_params 36 - Trial número: 0
2025-10-02 23:47:28,288 - INFO - src.best_params 37 - Parámetros: {'num_leaves': 191, 'learn_rate': 0.113191648428107, 'feature_fraction': 0.40414336897346326, 'bagging_fraction': 0.9945927237292073, 'min_child_samples': 58, 'max_depth': 11, 'reg_lambda': 3.6544717851890427, 'reg_alpha': 1.637336590281906}
2025-10-02 23:47:28,288 - INFO - src.optimization 226 - === EVALUACIÓN EN CONJUNTO DE TEST ===
2025-10-02 23:47:28,289 - INFO - src.optimization 227 - Período de test: 202104
