2025-10-03 00:19:01,730 - INFO - __main__ 36 - Inicio de ejecucion.
2025-10-03 00:19:01,731 - INFO - __name__ 14 - Cargando dataset desde ./data/competencia_01.csv
2025-10-03 00:19:12,059 - INFO - __name__ 17 - Dataset cargado con 978439 filas y 155 columnas
2025-10-03 00:19:12,060 - INFO - __name__ 27 - Realizando feature engineering con 2 lags para 3 atributos
2025-10-03 00:19:19,061 - INFO - __name__ 57 - Feature engineering completado. DataFrame resultante con 161 columnas
2025-10-03 00:19:19,061 - INFO - __main__ 46 - Feature Engineering completado: (978439, 161)
2025-10-03 00:19:19,661 - INFO - __name__ 54 - Conversión completada:
2025-10-03 00:19:19,662 - INFO - __name__ 55 -   Original - CONTINUA: 642830, BAJA+1: 4575, BAJA+2: 3938
2025-10-03 00:19:19,662 - INFO - __name__ 56 -   Binario - 0: 642830, 1: 8513
2025-10-03 00:19:19,663 - INFO - __name__ 57 -   Distribución: 1.31% casos positivos
2025-10-03 00:19:19,798 - INFO - src.optimization 190 - Iniciando optimización con 5 trials
2025-10-03 00:19:19,799 - INFO - src.optimization 191 - Configuración: TRAIN=202102, VALID=202103, SEMILLA=[12, 13, 14, 15, 16]
2025-10-03 00:19:20,536 - INFO - src.optimization 66 - Dimensiones df_train: (162155, 161), Dimensiones df_val: (163109, 161)
2025-10-03 00:19:20,537 - INFO - src.optimization 67 - Dimensiones df: (978439, 161)
2025-10-03 00:19:24,982 - INFO - src.optimization 164 - Iteración 0 guardada en resultados/lgb_optimization_competencia01_iteraciones.json
2025-10-03 00:19:24,982 - INFO - src.optimization 165 - Ganancia: 842,040,000---Parámetros: {params}
2025-10-03 00:19:25,755 - INFO - src.optimization 66 - Dimensiones df_train: (162155, 161), Dimensiones df_val: (163109, 161)
2025-10-03 00:19:25,755 - INFO - src.optimization 67 - Dimensiones df: (978439, 161)
2025-10-03 00:19:30,658 - INFO - src.optimization 164 - Iteración 1 guardada en resultados/lgb_optimization_competencia01_iteraciones.json
2025-10-03 00:19:30,659 - INFO - src.optimization 165 - Ganancia: 814,340,000---Parámetros: {params}
2025-10-03 00:19:31,435 - INFO - src.optimization 66 - Dimensiones df_train: (162155, 161), Dimensiones df_val: (163109, 161)
2025-10-03 00:19:31,435 - INFO - src.optimization 67 - Dimensiones df: (978439, 161)
2025-10-03 00:19:35,142 - INFO - src.optimization 164 - Iteración 2 guardada en resultados/lgb_optimization_competencia01_iteraciones.json
2025-10-03 00:19:35,142 - INFO - src.optimization 165 - Ganancia: 887,080,000---Parámetros: {params}
2025-10-03 00:19:35,941 - INFO - src.optimization 66 - Dimensiones df_train: (162155, 161), Dimensiones df_val: (163109, 161)
2025-10-03 00:19:35,941 - INFO - src.optimization 67 - Dimensiones df: (978439, 161)
2025-10-03 00:19:38,989 - INFO - src.optimization 164 - Iteración 3 guardada en resultados/lgb_optimization_competencia01_iteraciones.json
2025-10-03 00:19:38,989 - INFO - src.optimization 165 - Ganancia: 877,780,000---Parámetros: {params}
2025-10-03 00:19:39,773 - INFO - src.optimization 66 - Dimensiones df_train: (162155, 161), Dimensiones df_val: (163109, 161)
2025-10-03 00:19:39,773 - INFO - src.optimization 67 - Dimensiones df: (978439, 161)
2025-10-03 00:19:44,728 - INFO - src.optimization 164 - Iteración 4 guardada en resultados/lgb_optimization_competencia01_iteraciones.json
2025-10-03 00:19:44,728 - INFO - src.optimization 165 - Ganancia: 894,340,000---Parámetros: {params}
2025-10-03 00:19:44,785 - INFO - src.optimization 206 - Mejor ganancia: 894,340,000
2025-10-03 00:19:44,786 - INFO - src.optimization 207 - Mejores parámetros: {'num_leaves': 148, 'learn_rate': 0.1350565500160377, 'feature_fraction': 0.8824786168672765, 'bagging_fraction': 0.4591044607413734, 'min_child_samples': 70, 'max_depth': 14, 'reg_lambda': 2.358500328471853, 'reg_alpha': 8.792864090125088}
2025-10-03 00:19:44,786 - INFO - __main__ 55 - === ANÁLISIS DE RESULTADOS ===
2025-10-03 00:19:44,811 - INFO - __main__ 59 - Top 5 mejores trials:
2025-10-03 00:19:44,813 - INFO - __main__ 61 -   Trial 4: 894,340,000
2025-10-03 00:19:44,814 - INFO - __main__ 61 -   Trial 2: 887,080,000
2025-10-03 00:19:44,814 - INFO - __main__ 61 -   Trial 3: 877,780,000
2025-10-03 00:19:44,815 - INFO - __main__ 61 -   Trial 0: 842,040,000
2025-10-03 00:19:44,815 - INFO - __main__ 61 -   Trial 1: 814,340,000
2025-10-03 00:19:44,815 - INFO - __main__ 63 - === OPTIMIZACIÓN COMPLETADA ===
2025-10-03 00:19:44,815 - INFO - __main__ 66 - === EVALUACIÓN EN CONJUNTO DE TEST ===
2025-10-03 00:19:44,817 - INFO - src.best_params 34 - Mejores hiperparámetros cargados desde resultados/lgb_optimization_competencia01_iteraciones.json
2025-10-03 00:19:44,817 - INFO - src.best_params 35 - Mejor ganancia encontrada: 922,480,000
2025-10-03 00:19:44,817 - INFO - src.best_params 36 - Trial número: 0
2025-10-03 00:19:44,818 - INFO - src.best_params 37 - Parámetros: {'num_leaves': 191, 'learn_rate': 0.113191648428107, 'feature_fraction': 0.40414336897346326, 'bagging_fraction': 0.9945927237292073, 'min_child_samples': 58, 'max_depth': 11, 'reg_lambda': 3.6544717851890427, 'reg_alpha': 1.637336590281906}
2025-10-03 00:19:44,818 - INFO - src.optimization 226 - === EVALUACIÓN EN CONJUNTO DE TEST ===
2025-10-03 00:19:44,818 - INFO - src.optimization 227 - Período de test: 202104
