2025-10-03 00:53:03,108 - INFO - __main__ 36 - Inicio de ejecucion.
2025-10-03 00:53:03,109 - INFO - __name__ 14 - Cargando dataset desde ./data/competencia_01.csv
2025-10-03 00:53:13,552 - INFO - __name__ 17 - Dataset cargado con 978439 filas y 155 columnas
2025-10-03 00:53:13,552 - INFO - __name__ 27 - Realizando feature engineering con 2 lags para 3 atributos
2025-10-03 00:53:20,252 - INFO - __name__ 57 - Feature engineering completado. DataFrame resultante con 161 columnas
2025-10-03 00:53:20,252 - INFO - __main__ 46 - Feature Engineering completado: (978439, 161)
2025-10-03 00:53:20,873 - INFO - __name__ 54 - Conversión completada:
2025-10-03 00:53:20,873 - INFO - __name__ 55 -   Original - CONTINUA: 642830, BAJA+1: 4575, BAJA+2: 3938
2025-10-03 00:53:20,873 - INFO - __name__ 56 -   Binario - 0: 642830, 1: 8513
2025-10-03 00:53:20,874 - INFO - __name__ 57 -   Distribución: 1.31% casos positivos
2025-10-03 00:53:21,019 - INFO - src.optimization 190 - Iniciando optimización con 5 trials
2025-10-03 00:53:21,020 - INFO - src.optimization 191 - Configuración: TRAIN=202102, VALID=202103, SEMILLA=[12, 13, 14, 15, 16]
2025-10-03 00:53:25,931 - INFO - src.optimization 164 - Iteración 0 guardada en resultados/lgb_optimization_competencia01_iteraciones.json
2025-10-03 00:53:25,931 - INFO - src.optimization 165 - Ganancia: 849,240,000---Parámetros: {params}
2025-10-03 00:53:30,585 - INFO - src.optimization 164 - Iteración 1 guardada en resultados/lgb_optimization_competencia01_iteraciones.json
2025-10-03 00:53:30,585 - INFO - src.optimization 165 - Ganancia: 812,740,000---Parámetros: {params}
2025-10-03 00:53:40,784 - INFO - src.optimization 164 - Iteración 2 guardada en resultados/lgb_optimization_competencia01_iteraciones.json
2025-10-03 00:53:40,785 - INFO - src.optimization 165 - Ganancia: 892,600,000---Parámetros: {params}
2025-10-03 00:53:50,761 - INFO - src.optimization 164 - Iteración 3 guardada en resultados/lgb_optimization_competencia01_iteraciones.json
2025-10-03 00:53:50,761 - INFO - src.optimization 165 - Ganancia: 911,100,000---Parámetros: {params}
2025-10-03 00:54:00,374 - INFO - src.optimization 164 - Iteración 4 guardada en resultados/lgb_optimization_competencia01_iteraciones.json
2025-10-03 00:54:00,375 - INFO - src.optimization 165 - Ganancia: 898,180,000---Parámetros: {params}
2025-10-03 00:54:00,462 - INFO - src.optimization 206 - Mejor ganancia: 911,100,000
2025-10-03 00:54:00,463 - INFO - src.optimization 207 - Mejores parámetros: {'num_leaves': 118, 'learn_rate': 0.08651743309954173, 'feature_fraction': 0.591385615731349, 'bagging_fraction': 0.657078060555816, 'min_child_samples': 85, 'max_depth': 14, 'reg_lambda': 4.747526959027439, 'reg_alpha': 6.138769987436782}
2025-10-03 00:54:00,463 - INFO - __main__ 55 - === ANÁLISIS DE RESULTADOS ===
2025-10-03 00:54:00,480 - INFO - __main__ 59 - Top 5 mejores trials:
2025-10-03 00:54:00,482 - INFO - __main__ 61 -   Trial 3: 911,100,000
2025-10-03 00:54:00,482 - INFO - __main__ 61 -   Trial 4: 898,180,000
2025-10-03 00:54:00,483 - INFO - __main__ 61 -   Trial 2: 892,600,000
2025-10-03 00:54:00,483 - INFO - __main__ 61 -   Trial 0: 849,240,000
2025-10-03 00:54:00,484 - INFO - __main__ 61 -   Trial 1: 812,740,000
2025-10-03 00:54:00,484 - INFO - __main__ 63 - === OPTIMIZACIÓN COMPLETADA ===
2025-10-03 00:54:00,485 - INFO - __main__ 66 - === EVALUACIÓN EN CONJUNTO DE TEST ===
2025-10-03 00:54:00,486 - INFO - src.best_params 34 - Mejores hiperparámetros cargados desde resultados/lgb_optimization_competencia01_iteraciones.json
2025-10-03 00:54:00,487 - INFO - src.best_params 35 - Mejor ganancia encontrada: 932,240,000
2025-10-03 00:54:00,487 - INFO - src.best_params 36 - Trial número: 4
2025-10-03 00:54:00,487 - INFO - src.best_params 37 - Parámetros: {'num_leaves': 262, 'learn_rate': 0.16696571034433907, 'feature_fraction': 0.7198509637373903, 'bagging_fraction': 0.4733795979028113, 'min_child_samples': 24, 'max_depth': 6, 'reg_lambda': 3.3607967363491964, 'reg_alpha': 5.533180037908927}
2025-10-03 00:54:00,488 - INFO - src.optimization 226 - === EVALUACIÓN EN CONJUNTO DE TEST ===
2025-10-03 00:54:00,488 - INFO - src.optimization 227 - Período de test: 202104
2025-10-03 00:54:02,006 - INFO - src.optimization 244 - Entrenando modelo con mejores hiperparámetros...
2025-10-03 00:54:02,007 - INFO - src.optimization 245 - Dimensiones df_train_completo: (325264, 161), Dimensiones df_test: (163418, 161)
2025-10-03 00:54:02,258 - INFO - src.optimization 252 - Tipo de dato de train_data: <class 'lightgbm.basic.Dataset'>, Tipo de dato de test_data: <class 'lightgbm.basic.Dataset'>
2025-10-03 00:54:02,258 - INFO - src.optimization 253 - Dimensiones de train_data: (325264, 160), Dimensiones de test_data: (163418, 160)
2025-10-03 00:54:08,552 - INFO - src.optimization 325 - Ganancia: 945,840,000---Total Predicciones positivas: 17,828
2025-10-03 00:54:08,552 - INFO - __main__ 77 - === RESUMEN DE EVALUACIÓN EN TEST ===
2025-10-03 00:54:08,552 - INFO - __main__ 78 - ✅ Ganancia en test: 945,840,000
2025-10-03 00:54:08,552 - INFO - __main__ 79 - 🎯 Predicciones positivas: 17,828 (10.91%)
2025-10-03 00:54:08,553 - INFO - __main__ 83 - === ENTRENAMIENTO FINAL ===
2025-10-03 00:54:08,553 - INFO - __main__ 84 - Preparar datos para entrenamiento final
2025-10-03 00:54:08,553 - INFO - src.final_training 24 - Preparando datos para entrenamiento final
2025-10-03 00:54:08,553 - INFO - src.final_training 25 - Períodos de entrenamiento: ['202101', '202102', '202103', '202104']
2025-10-03 00:54:08,553 - INFO - src.final_training 26 - Período de predicción: 202106
2025-10-03 00:54:09,472 - INFO - src.final_training 37 - Registros de entrenamiento: 650,209
2025-10-03 00:54:09,472 - INFO - src.final_training 38 - Registros de predicción: 164,313
