2025-11-12 11:55:16,767 - INFO - __main__ 158 - Script iniciado directamente.
2025-11-12 11:55:16,767 - INFO - __main__ 46 - Inicio de ejecucion.
2025-11-12 11:55:16,767 - INFO - __main__ 48 - Número de trials por estudio: 50
2025-11-12 11:55:23,519 - INFO - __main__ 71 - Archivo de features no encontrado
2025-11-12 11:55:23,519 - INFO - __main__ 74 - Cargando datos desde GCS: gs://guijomter_bukito3/Compe_02/datasets/competencia_02.csv
2025-11-12 11:55:23,519 - INFO - src.loader_p 22 - Descargando dataset desde gs://guijomter_bukito3/Compe_02/datasets/competencia_02.csv a /tmp/tmpo3hhslrt.csv
2025-11-12 11:56:14,585 - INFO - src.loader_p 30 - Dataset descargado. Cargando en polars...
2025-11-12 11:56:24,505 - INFO - src.loader_p 35 - Dataset cargado con 4717958 filas y 155 columnas
2025-11-12 11:56:24,506 - INFO - __main__ 77 - Ejecutando feature engineering.
2025-11-12 11:56:24,506 - INFO - src.features_p 693 - Iniciando pipeline de 5 etapas...
2025-11-12 11:56:24,506 - INFO - src.features_p 700 - --- Ejecutando etapa: fe_orden_1 ---
2025-11-12 11:56:24,564 - INFO - src.features_p 128 - Realizando feature engineering con ranking normalizado para 1 atributos
2025-11-12 11:56:47,683 - INFO - src.features_p 149 - Feature engineering completado. DataFrame resultante con 156 columnas
2025-11-12 11:56:47,684 - INFO - src.features_p 658 - Operación 'rank' aplicada. Nuevas columnas generadas.
2025-11-12 11:56:47,684 - INFO - src.features_p 379 - Realizando feature engineering de sumas para 35 combinaciones
2025-11-12 11:57:03,370 - INFO - src.features_p 416 - Feature engineering de sumas completado. DataFrame resultante con 191 columnas
2025-11-12 11:57:03,371 - INFO - src.features_p 519 - Realizando feature engineering de 'is_negative' para 1 atributos
2025-11-12 11:57:15,129 - INFO - src.features_p 542 - Feature engineering de 'is_negative' completado. DataFrame resultante con 192 columnas
2025-11-12 11:57:15,130 - INFO - src.features_p 677 - Operación 'is_negative' aplicada. Nuevas columnas generadas.
2025-11-12 11:57:15,130 - INFO - src.features_p 473 - Realizando feature engineering de 'greatest' (máximo entre columnas) para 3 grupos
2025-11-12 11:57:26,705 - INFO - src.features_p 510 - Feature engineering de 'greatest' completado. DataFrame resultante con 195 columnas
2025-11-12 11:57:26,706 - INFO - src.features_p 427 - Realizando feature engineering de restas para 2 combinaciones
2025-11-12 11:57:39,329 - INFO - src.features_p 464 - Feature engineering de restas completado. DataFrame resultante con 197 columnas
2025-11-12 11:57:39,330 - INFO - src.features_p 275 - Realizando feature engineering de cambio categórico con 2 lags para 13 atributos
2025-11-12 11:58:14,203 - INFO - src.features_p 301 - Feature engineering de cambio categórico completado. DataFrame resultante con 223 columnas
2025-11-12 11:58:14,204 - INFO - src.features_p 674 - Operación 'cambio_estado' aplicada. Nuevas columnas generadas.
2025-11-12 11:58:14,204 - INFO - src.features_p 338 - Realizando feature engineering de slope (tendencia) de últimos 4 meses para 1 atributos
2025-11-12 11:58:42,865 - INFO - src.features_p 370 - Feature engineering de slope completado. DataFrame resultante con 224 columnas
2025-11-12 11:58:42,866 - INFO - src.features_p 670 - Operación 'slope' aplicada. Nuevas columnas generadas.
2025-11-12 11:58:42,867 - INFO - src.features_p 15 - Realizando feature engineering con 3 lags para 136 atributos
2025-11-12 11:58:42,868 - WARNING - src.features_p 27 - El atributo mtarjeta_visa_debitos_automaticos no existe en el DataFrame
2025-11-12 12:00:05,010 - INFO - src.features_p 39 - Feature engineering completado. DataFrame resultante con 629 columnas
2025-11-12 12:00:05,012 - INFO - src.features_p 648 - Operación 'lag' aplicada. Nuevas columnas generadas.
2025-11-12 12:00:05,012 - INFO - src.features_p 45 - Realizando feature engineering de delta lag con 3 lags para 136 atributos
2025-11-12 12:00:05,017 - WARNING - src.features_p 60 - El atributo mtarjeta_visa_debitos_automaticos no existe en el DataFrame
2025-11-12 12:02:26,095 - INFO - src.features_p 70 - Feature engineering de delta lag completado. DataFrame resultante con 1034 columnas
2025-11-12 12:02:26,098 - INFO - src.features_p 652 - Operación 'delta_lag' aplicada. Nuevas columnas generadas.
2025-11-12 12:02:26,098 - INFO - src.features_p 704 - Etapa 'fe_orden_1' completada. Shape actual: (4717958, 1034)
2025-11-12 12:02:26,098 - INFO - src.features_p 700 - --- Ejecutando etapa: fe_orden_2 ---
2025-11-12 12:02:26,129 - INFO - src.features_p 379 - Realizando feature engineering de sumas para 5 combinaciones
2025-11-12 12:03:46,832 - INFO - src.features_p 416 - Feature engineering de sumas completado. DataFrame resultante con 1039 columnas
2025-11-12 12:03:46,832 - INFO - src.features_p 519 - Realizando feature engineering de 'is_negative' para 3 atributos
2025-11-12 12:05:10,754 - INFO - src.features_p 542 - Feature engineering de 'is_negative' completado. DataFrame resultante con 1042 columnas
2025-11-12 12:05:10,757 - INFO - src.features_p 677 - Operación 'is_negative' aplicada. Nuevas columnas generadas.
2025-11-12 12:05:10,757 - INFO - src.features_p 338 - Realizando feature engineering de slope (tendencia) de últimos 4 meses para 11 atributos
2025-11-12 12:08:28,796 - INFO - src.features_p 370 - Feature engineering de slope completado. DataFrame resultante con 1053 columnas
2025-11-12 12:08:28,801 - INFO - src.features_p 670 - Operación 'slope' aplicada. Nuevas columnas generadas.
2025-11-12 12:08:28,801 - INFO - src.features_p 15 - Realizando feature engineering con 3 lags para 42 atributos
2025-11-12 12:12:05,012 - INFO - src.features_p 39 - Feature engineering completado. DataFrame resultante con 1179 columnas
2025-11-12 12:12:05,015 - INFO - src.features_p 648 - Operación 'lag' aplicada. Nuevas columnas generadas.
2025-11-12 12:12:05,016 - INFO - src.features_p 45 - Realizando feature engineering de delta lag con 3 lags para 42 atributos
2025-11-12 12:16:12,180 - INFO - src.features_p 70 - Feature engineering de delta lag completado. DataFrame resultante con 1305 columnas
2025-11-12 12:16:12,184 - INFO - src.features_p 652 - Operación 'delta_lag' aplicada. Nuevas columnas generadas.
2025-11-12 12:16:12,186 - INFO - src.features_p 704 - Etapa 'fe_orden_2' completada. Shape actual: (4717958, 1305)
2025-11-12 12:16:12,186 - INFO - src.features_p 700 - --- Ejecutando etapa: fe_orden_3 ---
2025-11-12 12:16:12,217 - INFO - src.features_p 379 - Realizando feature engineering de sumas para 2 combinaciones
2025-11-12 12:17:54,468 - INFO - src.features_p 416 - Feature engineering de sumas completado. DataFrame resultante con 1307 columnas
2025-11-12 12:17:54,469 - INFO - src.features_p 338 - Realizando feature engineering de slope (tendencia) de últimos 4 meses para 5 atributos
2025-11-12 12:22:03,375 - INFO - src.features_p 370 - Feature engineering de slope completado. DataFrame resultante con 1312 columnas
2025-11-12 12:22:03,379 - INFO - src.features_p 670 - Operación 'slope' aplicada. Nuevas columnas generadas.
2025-11-12 12:22:03,379 - INFO - src.features_p 15 - Realizando feature engineering con 3 lags para 3 atributos
2025-11-12 12:26:11,669 - INFO - src.features_p 39 - Feature engineering completado. DataFrame resultante con 1321 columnas
2025-11-12 12:26:11,673 - INFO - src.features_p 648 - Operación 'lag' aplicada. Nuevas columnas generadas.
2025-11-12 12:26:11,673 - INFO - src.features_p 45 - Realizando feature engineering de delta lag con 3 lags para 3 atributos
2025-11-12 12:30:26,261 - INFO - src.features_p 70 - Feature engineering de delta lag completado. DataFrame resultante con 1330 columnas
2025-11-12 12:30:26,292 - INFO - src.features_p 652 - Operación 'delta_lag' aplicada. Nuevas columnas generadas.
2025-11-12 12:30:26,296 - INFO - src.features_p 704 - Etapa 'fe_orden_3' completada. Shape actual: (4717958, 1330)
2025-11-12 12:30:26,296 - INFO - src.features_p 700 - --- Ejecutando etapa: fe_orden_4 ---
2025-11-12 12:30:26,379 - INFO - src.features_p 338 - Realizando feature engineering de slope (tendencia) de últimos 4 meses para 2 atributos
2025-11-12 12:34:57,983 - INFO - src.features_p 370 - Feature engineering de slope completado. DataFrame resultante con 1332 columnas
2025-11-12 12:34:57,984 - INFO - src.features_p 670 - Operación 'slope' aplicada. Nuevas columnas generadas.
2025-11-12 12:34:57,984 - INFO - src.features_p 15 - Realizando feature engineering con 3 lags para 2 atributos
2025-11-12 12:39:29,480 - INFO - src.features_p 39 - Feature engineering completado. DataFrame resultante con 1338 columnas
2025-11-12 12:39:29,483 - INFO - src.features_p 648 - Operación 'lag' aplicada. Nuevas columnas generadas.
2025-11-12 12:39:29,484 - INFO - src.features_p 45 - Realizando feature engineering de delta lag con 3 lags para 2 atributos
2025-11-12 12:43:51,268 - INFO - src.features_p 70 - Feature engineering de delta lag completado. DataFrame resultante con 1344 columnas
2025-11-12 12:43:51,272 - INFO - src.features_p 652 - Operación 'delta_lag' aplicada. Nuevas columnas generadas.
2025-11-12 12:43:51,276 - INFO - src.features_p 704 - Etapa 'fe_orden_4' completada. Shape actual: (4717958, 1344)
2025-11-12 12:43:51,276 - INFO - src.features_p 700 - --- Ejecutando etapa: fe_orden_final ---
2025-11-12 12:43:51,306 - INFO - src.features_p 158 - Eliminando 1 columnas
2025-11-12 12:43:51,699 - INFO - src.features_p 173 - Columnas eliminadas. DataFrame resultante con 1343 columnas
2025-11-12 12:43:51,699 - INFO - src.features_p 680 - Operación 'drop' aplicada. Columnas eliminadas: ['mcuentas_saldo']
2025-11-12 12:43:51,700 - INFO - src.features_p 704 - Etapa 'fe_orden_final' completada. Shape actual: (4717958, 1343)
2025-11-12 12:43:51,700 - INFO - src.features_p 710 - Pipeline de feature engineering finalizado exitosamente.
2025-11-12 12:44:06,599 - INFO - src.loader_p 116 - Conversión completada:
2025-11-12 12:44:06,600 - INFO - src.loader_p 117 -   Original - CONTINUA: 4349938, BAJA+1: 20234, BAJA+2: 19505
2025-11-12 12:44:06,600 - INFO - src.loader_p 118 -   Binario - 0: 4349938, 1: 39739
2025-11-12 12:44:06,600 - INFO - src.loader_p 120 -   Distribución: 0.91% casos positivos
2025-11-12 12:44:06,600 - INFO - __main__ 86 - Guardando features en: gs://guijomter_bukito3/Compe_02/data/df_fe_Compe_02_V1_2ob.parquet
2025-11-12 12:44:06,600 - INFO - src.bucket_utils_p 50 - Guardando Parquet temporal en: /tmp/df_fe_Compe_02_V1_2ob.parquet
2025-11-12 12:46:38,110 - INFO - src.bucket_utils_p 53 - Guardado local completado.
2025-11-12 12:46:38,110 - INFO - src.bucket_utils_p 56 - Subiendo a GCS: gs://guijomter_bukito3/Compe_02/data/df_fe_Compe_02_V1_2ob.parquet
2025-11-12 12:47:15,791 - INFO - src.bucket_utils_p 63 - ¡Subida completada!
2025-11-12 12:47:16,653 - INFO - src.bucket_utils_p 69 - Archivo temporal /tmp/df_fe_Compe_02_V1_2ob.parquet eliminado.
2025-11-12 12:47:16,654 - INFO - __main__ 89 - Feature Engineering completado: (4717958, 1344)
2025-11-12 12:47:16,654 - INFO - src.optimization_p 600 - Iniciando optimización con 50 trials
2025-11-12 12:47:16,654 - INFO - src.optimization_p 601 - Configuración: TRAIN=['201901', '201902', '201903', '201904', '201905', '201906', '201907', '201908', '201909', '201910', '201911', '201912', '202001', '202002', '202011', '202012'], VALID=202101, SEMILLA=[839071, 666557]
2025-11-12 12:47:16,889 - INFO - src.optimization_p 560 - 🆕 No se encontró base de datos previa
2025-11-12 12:47:16,889 - INFO - src.optimization_p 561 - 📁 Creando nueva base de datos: /home/guijomter/buckets/b1/Compe_02/optuna_db/Compe_02_V1_2ob.db
2025-11-12 12:47:50,495 - INFO - src.optimization_p 572 - ✅ Nuevo estudio creado: Compe_02_V1_2ob
2025-11-12 12:47:50,495 - INFO - src.optimization_p 573 - 💾 Storage: sqlite:////home/guijomter/buckets/b1/Compe_02/optuna_db/Compe_02_V1_2ob.db
2025-11-12 12:47:50,711 - INFO - src.optimization_p 614 - 🆕 Nueva optimización: 50 trials
2025-11-12 12:48:16,492 - INFO - src.optimization_p 793 - Undersampling aplicado: tasa=0.03, registros originales=2179640 (C May: 2160176 / C Min: 19464), registros finales=148433 (CMay : 128969 / CMin: 19464)
2025-11-12 12:49:25,027 - INFO - src.optimization_p 133 - Iteración 0 guardada en resultados/Compe_02_V1_2ob_iteraciones.json
2025-11-12 12:49:25,027 - INFO - src.optimization_p 134 - Ganancia: 224,009,540---Parámetros: {params}
2025-11-12 12:49:25,027 - INFO - src.optimization_p 471 - Trial 0: Ganancia Media = 224,009,540
2025-11-12 12:49:54,650 - INFO - src.optimization_p 793 - Undersampling aplicado: tasa=0.03, registros originales=2179640 (C May: 2160176 / C Min: 19464), registros finales=148535 (CMay : 129071 / CMin: 19464)
2025-11-12 12:50:40,340 - INFO - src.optimization_p 133 - Iteración 1 guardada en resultados/Compe_02_V1_2ob_iteraciones.json
2025-11-12 12:50:40,340 - INFO - src.optimization_p 134 - Ganancia: 219,266,613---Parámetros: {params}
2025-11-12 12:50:40,340 - INFO - src.optimization_p 471 - Trial 1: Ganancia Media = 219,266,613
2025-11-12 12:51:09,984 - INFO - src.optimization_p 793 - Undersampling aplicado: tasa=0.03, registros originales=2179640 (C May: 2160176 / C Min: 19464), registros finales=148424 (CMay : 128960 / CMin: 19464)
2025-11-12 12:52:04,172 - INFO - src.optimization_p 133 - Iteración 2 guardada en resultados/Compe_02_V1_2ob_iteraciones.json
2025-11-12 12:52:04,172 - INFO - src.optimization_p 134 - Ganancia: 213,195,175---Parámetros: {params}
2025-11-12 12:52:04,172 - INFO - src.optimization_p 471 - Trial 2: Ganancia Media = 213,195,175
2025-11-12 12:52:33,306 - INFO - src.optimization_p 793 - Undersampling aplicado: tasa=0.03, registros originales=2179640 (C May: 2160176 / C Min: 19464), registros finales=148124 (CMay : 128660 / CMin: 19464)
2025-11-12 12:53:36,086 - INFO - src.optimization_p 133 - Iteración 3 guardada en resultados/Compe_02_V1_2ob_iteraciones.json
2025-11-12 12:53:36,086 - INFO - src.optimization_p 134 - Ganancia: 220,849,271---Parámetros: {params}
2025-11-12 12:53:36,087 - INFO - src.optimization_p 471 - Trial 3: Ganancia Media = 220,849,271
2025-11-12 12:54:05,166 - INFO - src.optimization_p 793 - Undersampling aplicado: tasa=0.03, registros originales=2179640 (C May: 2160176 / C Min: 19464), registros finales=148333 (CMay : 128869 / CMin: 19464)
2025-11-12 12:55:05,846 - INFO - src.optimization_p 133 - Iteración 4 guardada en resultados/Compe_02_V1_2ob_iteraciones.json
2025-11-12 12:55:05,846 - INFO - src.optimization_p 134 - Ganancia: 226,402,727---Parámetros: {params}
2025-11-12 12:55:05,846 - INFO - src.optimization_p 471 - Trial 4: Ganancia Media = 226,402,727
2025-11-12 12:55:35,324 - INFO - src.optimization_p 793 - Undersampling aplicado: tasa=0.03, registros originales=2179640 (C May: 2160176 / C Min: 19464), registros finales=148714 (CMay : 129250 / CMin: 19464)
2025-11-12 12:56:14,558 - INFO - src.optimization_p 133 - Iteración 5 guardada en resultados/Compe_02_V1_2ob_iteraciones.json
2025-11-12 12:56:14,558 - INFO - src.optimization_p 134 - Ganancia: 210,266,294---Parámetros: {params}
2025-11-12 12:56:14,558 - INFO - src.optimization_p 471 - Trial 5: Ganancia Media = 210,266,294
2025-11-12 12:56:43,331 - INFO - src.optimization_p 793 - Undersampling aplicado: tasa=0.03, registros originales=2179640 (C May: 2160176 / C Min: 19464), registros finales=148038 (CMay : 128574 / CMin: 19464)
2025-11-12 12:57:29,981 - INFO - src.optimization_p 133 - Iteración 6 guardada en resultados/Compe_02_V1_2ob_iteraciones.json
2025-11-12 12:57:29,982 - INFO - src.optimization_p 134 - Ganancia: 230,419,421---Parámetros: {params}
2025-11-12 12:57:29,982 - INFO - src.optimization_p 471 - Trial 6: Ganancia Media = 230,419,421
2025-11-12 12:57:59,280 - INFO - src.optimization_p 793 - Undersampling aplicado: tasa=0.03, registros originales=2179640 (C May: 2160176 / C Min: 19464), registros finales=148540 (CMay : 129076 / CMin: 19464)
2025-11-12 12:58:56,568 - INFO - src.optimization_p 133 - Iteración 7 guardada en resultados/Compe_02_V1_2ob_iteraciones.json
2025-11-12 12:58:56,568 - INFO - src.optimization_p 134 - Ganancia: 205,504,416---Parámetros: {params}
2025-11-12 12:58:56,568 - INFO - src.optimization_p 471 - Trial 7: Ganancia Media = 205,504,416
2025-11-12 12:59:25,665 - INFO - src.optimization_p 793 - Undersampling aplicado: tasa=0.03, registros originales=2179640 (C May: 2160176 / C Min: 19464), registros finales=148534 (CMay : 129070 / CMin: 19464)
2025-11-12 13:00:15,473 - INFO - src.optimization_p 133 - Iteración 8 guardada en resultados/Compe_02_V1_2ob_iteraciones.json
2025-11-12 13:00:15,473 - INFO - src.optimization_p 134 - Ganancia: 233,471,658---Parámetros: {params}
2025-11-12 13:00:15,473 - INFO - src.optimization_p 471 - Trial 8: Ganancia Media = 233,471,658
2025-11-12 13:00:43,718 - INFO - src.optimization_p 793 - Undersampling aplicado: tasa=0.03, registros originales=2179640 (C May: 2160176 / C Min: 19464), registros finales=148732 (CMay : 129268 / CMin: 19464)
2025-11-12 13:01:25,058 - INFO - src.optimization_p 133 - Iteración 9 guardada en resultados/Compe_02_V1_2ob_iteraciones.json
2025-11-12 13:01:25,058 - INFO - src.optimization_p 134 - Ganancia: 227,501,319---Parámetros: {params}
2025-11-12 13:01:25,058 - INFO - src.optimization_p 471 - Trial 9: Ganancia Media = 227,501,319
2025-11-12 13:01:53,672 - INFO - src.optimization_p 793 - Undersampling aplicado: tasa=0.03, registros originales=2179640 (C May: 2160176 / C Min: 19464), registros finales=148426 (CMay : 128962 / CMin: 19464)
2025-11-12 13:02:44,954 - INFO - src.optimization_p 133 - Iteración 10 guardada en resultados/Compe_02_V1_2ob_iteraciones.json
2025-11-12 13:02:44,955 - INFO - src.optimization_p 134 - Ganancia: 227,712,977---Parámetros: {params}
2025-11-12 13:02:44,955 - INFO - src.optimization_p 471 - Trial 10: Ganancia Media = 227,712,977
2025-11-12 13:03:13,161 - INFO - src.optimization_p 793 - Undersampling aplicado: tasa=0.03, registros originales=2179640 (C May: 2160176 / C Min: 19464), registros finales=148366 (CMay : 128902 / CMin: 19464)
2025-11-12 13:03:57,785 - INFO - src.optimization_p 133 - Iteración 11 guardada en resultados/Compe_02_V1_2ob_iteraciones.json
2025-11-12 13:03:57,785 - INFO - src.optimization_p 134 - Ganancia: 226,654,925---Parámetros: {params}
2025-11-12 13:03:57,786 - INFO - src.optimization_p 471 - Trial 11: Ganancia Media = 226,654,925
2025-11-12 13:04:26,007 - INFO - src.optimization_p 793 - Undersampling aplicado: tasa=0.03, registros originales=2179640 (C May: 2160176 / C Min: 19464), registros finales=148663 (CMay : 129199 / CMin: 19464)
2025-11-12 13:05:10,105 - INFO - src.optimization_p 133 - Iteración 12 guardada en resultados/Compe_02_V1_2ob_iteraciones.json
2025-11-12 13:05:10,106 - INFO - src.optimization_p 134 - Ganancia: 224,997,153---Parámetros: {params}
2025-11-12 13:05:10,106 - INFO - src.optimization_p 471 - Trial 12: Ganancia Media = 224,997,153
2025-11-12 13:05:42,083 - INFO - src.optimization_p 793 - Undersampling aplicado: tasa=0.03, registros originales=2179640 (C May: 2160176 / C Min: 19464), registros finales=148506 (CMay : 129042 / CMin: 19464)
2025-11-12 13:06:35,550 - INFO - src.optimization_p 133 - Iteración 13 guardada en resultados/Compe_02_V1_2ob_iteraciones.json
2025-11-12 13:06:35,551 - INFO - src.optimization_p 134 - Ganancia: 231,675,055---Parámetros: {params}
2025-11-12 13:06:35,551 - INFO - src.optimization_p 471 - Trial 13: Ganancia Media = 231,675,055
2025-11-12 13:07:04,650 - INFO - src.optimization_p 793 - Undersampling aplicado: tasa=0.03, registros originales=2179640 (C May: 2160176 / C Min: 19464), registros finales=148571 (CMay : 129107 / CMin: 19464)
2025-11-12 13:07:56,063 - INFO - src.optimization_p 133 - Iteración 14 guardada en resultados/Compe_02_V1_2ob_iteraciones.json
2025-11-12 13:07:56,063 - INFO - src.optimization_p 134 - Ganancia: 233,411,818---Parámetros: {params}
2025-11-12 13:07:56,063 - INFO - src.optimization_p 471 - Trial 14: Ganancia Media = 233,411,818
2025-11-12 13:08:24,982 - INFO - src.optimization_p 793 - Undersampling aplicado: tasa=0.03, registros originales=2179640 (C May: 2160176 / C Min: 19464), registros finales=148482 (CMay : 129018 / CMin: 19464)
2025-11-12 13:09:24,959 - INFO - src.optimization_p 133 - Iteración 15 guardada en resultados/Compe_02_V1_2ob_iteraciones.json
2025-11-12 13:09:24,959 - INFO - src.optimization_p 134 - Ganancia: 232,148,292---Parámetros: {params}
2025-11-12 13:09:24,959 - INFO - src.optimization_p 471 - Trial 15: Ganancia Media = 232,148,292
2025-11-12 13:09:53,947 - INFO - src.optimization_p 793 - Undersampling aplicado: tasa=0.03, registros originales=2179640 (C May: 2160176 / C Min: 19464), registros finales=148781 (CMay : 129317 / CMin: 19464)
2025-11-12 13:11:20,474 - INFO - src.optimization_p 133 - Iteración 16 guardada en resultados/Compe_02_V1_2ob_iteraciones.json
2025-11-12 13:11:20,474 - INFO - src.optimization_p 134 - Ganancia: 246,970,190---Parámetros: {params}
2025-11-12 13:11:20,475 - INFO - src.optimization_p 471 - Trial 16: Ganancia Media = 246,970,190
2025-11-12 13:11:52,811 - INFO - src.optimization_p 793 - Undersampling aplicado: tasa=0.03, registros originales=2179640 (C May: 2160176 / C Min: 19464), registros finales=147887 (CMay : 128423 / CMin: 19464)
2025-11-12 13:12:40,336 - INFO - src.optimization_p 133 - Iteración 17 guardada en resultados/Compe_02_V1_2ob_iteraciones.json
2025-11-12 13:12:40,336 - INFO - src.optimization_p 134 - Ganancia: 219,980,190---Parámetros: {params}
2025-11-12 13:12:40,336 - INFO - src.optimization_p 471 - Trial 17: Ganancia Media = 219,980,190
2025-11-12 13:13:09,437 - INFO - src.optimization_p 793 - Undersampling aplicado: tasa=0.03, registros originales=2179640 (C May: 2160176 / C Min: 19464), registros finales=148131 (CMay : 128667 / CMin: 19464)
2025-11-12 13:14:07,899 - INFO - src.optimization_p 133 - Iteración 18 guardada en resultados/Compe_02_V1_2ob_iteraciones.json
2025-11-12 13:14:07,899 - INFO - src.optimization_p 134 - Ganancia: 230,112,458---Parámetros: {params}
2025-11-12 13:14:07,899 - INFO - src.optimization_p 471 - Trial 18: Ganancia Media = 230,112,458
2025-11-12 13:14:37,171 - INFO - src.optimization_p 793 - Undersampling aplicado: tasa=0.03, registros originales=2179640 (C May: 2160176 / C Min: 19464), registros finales=148599 (CMay : 129135 / CMin: 19464)
2025-11-12 13:15:22,841 - INFO - src.optimization_p 133 - Iteración 19 guardada en resultados/Compe_02_V1_2ob_iteraciones.json
2025-11-12 13:15:22,841 - INFO - src.optimization_p 134 - Ganancia: 216,256,204---Parámetros: {params}
2025-11-12 13:15:22,841 - INFO - src.optimization_p 471 - Trial 19: Ganancia Media = 216,256,204
2025-11-12 13:15:51,936 - INFO - src.optimization_p 793 - Undersampling aplicado: tasa=0.03, registros originales=2179640 (C May: 2160176 / C Min: 19464), registros finales=148829 (CMay : 129365 / CMin: 19464)
2025-11-12 13:16:43,149 - INFO - src.optimization_p 133 - Iteración 20 guardada en resultados/Compe_02_V1_2ob_iteraciones.json
2025-11-12 13:16:43,149 - INFO - src.optimization_p 134 - Ganancia: 226,640,889---Parámetros: {params}
2025-11-12 13:16:43,150 - INFO - src.optimization_p 471 - Trial 20: Ganancia Media = 226,640,889
2025-11-12 13:17:13,001 - INFO - src.optimization_p 793 - Undersampling aplicado: tasa=0.03, registros originales=2179640 (C May: 2160176 / C Min: 19464), registros finales=148650 (CMay : 129186 / CMin: 19464)
2025-11-12 13:18:04,673 - INFO - src.optimization_p 133 - Iteración 21 guardada en resultados/Compe_02_V1_2ob_iteraciones.json
2025-11-12 13:18:04,673 - INFO - src.optimization_p 134 - Ganancia: 226,194,765---Parámetros: {params}
2025-11-12 13:18:04,673 - INFO - src.optimization_p 471 - Trial 21: Ganancia Media = 226,194,765
2025-11-12 13:18:34,776 - INFO - src.optimization_p 793 - Undersampling aplicado: tasa=0.03, registros originales=2179640 (C May: 2160176 / C Min: 19464), registros finales=149011 (CMay : 129547 / CMin: 19464)
2025-11-12 13:19:33,960 - INFO - src.optimization_p 133 - Iteración 22 guardada en resultados/Compe_02_V1_2ob_iteraciones.json
2025-11-12 13:19:33,961 - INFO - src.optimization_p 134 - Ganancia: 225,481,119---Parámetros: {params}
2025-11-12 13:19:33,961 - INFO - src.optimization_p 471 - Trial 22: Ganancia Media = 225,481,119
2025-11-12 13:20:04,754 - INFO - src.optimization_p 793 - Undersampling aplicado: tasa=0.03, registros originales=2179640 (C May: 2160176 / C Min: 19464), registros finales=147959 (CMay : 128495 / CMin: 19464)
2025-11-12 13:20:42,623 - INFO - src.optimization_p 133 - Iteración 23 guardada en resultados/Compe_02_V1_2ob_iteraciones.json
2025-11-12 13:20:42,623 - INFO - src.optimization_p 134 - Ganancia: 200,781,469---Parámetros: {params}
2025-11-12 13:20:42,623 - INFO - src.optimization_p 471 - Trial 23: Ganancia Media = 200,781,469
2025-11-12 13:21:14,580 - INFO - src.optimization_p 793 - Undersampling aplicado: tasa=0.03, registros originales=2179640 (C May: 2160176 / C Min: 19464), registros finales=147726 (CMay : 128262 / CMin: 19464)
2025-11-12 13:22:08,886 - INFO - src.optimization_p 133 - Iteración 24 guardada en resultados/Compe_02_V1_2ob_iteraciones.json
2025-11-12 13:22:08,886 - INFO - src.optimization_p 134 - Ganancia: 222,329,071---Parámetros: {params}
2025-11-12 13:22:08,886 - INFO - src.optimization_p 471 - Trial 24: Ganancia Media = 222,329,071
2025-11-12 13:22:38,949 - INFO - src.optimization_p 793 - Undersampling aplicado: tasa=0.03, registros originales=2179640 (C May: 2160176 / C Min: 19464), registros finales=147855 (CMay : 128391 / CMin: 19464)
2025-11-12 13:23:47,405 - INFO - src.optimization_p 133 - Iteración 25 guardada en resultados/Compe_02_V1_2ob_iteraciones.json
2025-11-12 13:23:47,406 - INFO - src.optimization_p 134 - Ganancia: 227,095,634---Parámetros: {params}
2025-11-12 13:23:47,406 - INFO - src.optimization_p 471 - Trial 25: Ganancia Media = 227,095,634
2025-11-12 13:24:16,670 - INFO - src.optimization_p 793 - Undersampling aplicado: tasa=0.03, registros originales=2179640 (C May: 2160176 / C Min: 19464), registros finales=148369 (CMay : 128905 / CMin: 19464)
2025-11-12 13:25:06,778 - INFO - src.optimization_p 133 - Iteración 26 guardada en resultados/Compe_02_V1_2ob_iteraciones.json
2025-11-12 13:25:06,779 - INFO - src.optimization_p 134 - Ganancia: 231,745,524---Parámetros: {params}
2025-11-12 13:25:06,779 - INFO - src.optimization_p 471 - Trial 26: Ganancia Media = 231,745,524
2025-11-12 13:25:35,412 - INFO - src.optimization_p 793 - Undersampling aplicado: tasa=0.03, registros originales=2179640 (C May: 2160176 / C Min: 19464), registros finales=148600 (CMay : 129136 / CMin: 19464)
2025-11-12 13:26:34,972 - INFO - src.optimization_p 133 - Iteración 27 guardada en resultados/Compe_02_V1_2ob_iteraciones.json
2025-11-12 13:26:34,972 - INFO - src.optimization_p 134 - Ganancia: 233,965,385---Parámetros: {params}
2025-11-12 13:26:34,972 - INFO - src.optimization_p 471 - Trial 27: Ganancia Media = 233,965,385
2025-11-12 13:27:04,009 - INFO - src.optimization_p 793 - Undersampling aplicado: tasa=0.03, registros originales=2179640 (C May: 2160176 / C Min: 19464), registros finales=148370 (CMay : 128906 / CMin: 19464)
2025-11-12 13:27:50,274 - INFO - src.optimization_p 133 - Iteración 28 guardada en resultados/Compe_02_V1_2ob_iteraciones.json
2025-11-12 13:27:50,275 - INFO - src.optimization_p 134 - Ganancia: 226,886,384---Parámetros: {params}
2025-11-12 13:27:50,275 - INFO - src.optimization_p 471 - Trial 28: Ganancia Media = 226,886,384
2025-11-12 13:28:19,140 - INFO - src.optimization_p 793 - Undersampling aplicado: tasa=0.03, registros originales=2179640 (C May: 2160176 / C Min: 19464), registros finales=147901 (CMay : 128437 / CMin: 19464)
2025-11-12 13:29:10,013 - INFO - src.optimization_p 133 - Iteración 29 guardada en resultados/Compe_02_V1_2ob_iteraciones.json
2025-11-12 13:29:10,013 - INFO - src.optimization_p 134 - Ganancia: 214,598,092---Parámetros: {params}
2025-11-12 13:29:10,013 - INFO - src.optimization_p 471 - Trial 29: Ganancia Media = 214,598,092
2025-11-12 13:29:38,660 - INFO - src.optimization_p 793 - Undersampling aplicado: tasa=0.03, registros originales=2179640 (C May: 2160176 / C Min: 19464), registros finales=148214 (CMay : 128750 / CMin: 19464)
2025-11-12 13:30:29,690 - INFO - src.optimization_p 133 - Iteración 30 guardada en resultados/Compe_02_V1_2ob_iteraciones.json
2025-11-12 13:30:29,690 - INFO - src.optimization_p 134 - Ganancia: 227,652,687---Parámetros: {params}
2025-11-12 13:30:29,691 - INFO - src.optimization_p 471 - Trial 30: Ganancia Media = 227,652,687
2025-11-12 13:30:58,666 - INFO - src.optimization_p 793 - Undersampling aplicado: tasa=0.03, registros originales=2179640 (C May: 2160176 / C Min: 19464), registros finales=148535 (CMay : 129071 / CMin: 19464)
2025-11-12 13:31:46,907 - INFO - src.optimization_p 133 - Iteración 31 guardada en resultados/Compe_02_V1_2ob_iteraciones.json
2025-11-12 13:31:46,907 - INFO - src.optimization_p 134 - Ganancia: 223,588,531---Parámetros: {params}
2025-11-12 13:31:46,908 - INFO - src.optimization_p 471 - Trial 31: Ganancia Media = 223,588,531
2025-11-12 13:32:17,495 - INFO - src.optimization_p 793 - Undersampling aplicado: tasa=0.03, registros originales=2179640 (C May: 2160176 / C Min: 19464), registros finales=148652 (CMay : 129188 / CMin: 19464)
2025-11-12 13:33:14,653 - INFO - src.optimization_p 133 - Iteración 32 guardada en resultados/Compe_02_V1_2ob_iteraciones.json
2025-11-12 13:33:14,653 - INFO - src.optimization_p 134 - Ganancia: 220,444,156---Parámetros: {params}
2025-11-12 13:33:14,653 - INFO - src.optimization_p 471 - Trial 32: Ganancia Media = 220,444,156
2025-11-12 13:33:43,435 - INFO - src.optimization_p 793 - Undersampling aplicado: tasa=0.03, registros originales=2179640 (C May: 2160176 / C Min: 19464), registros finales=148268 (CMay : 128804 / CMin: 19464)
2025-11-12 13:34:41,906 - INFO - src.optimization_p 133 - Iteración 33 guardada en resultados/Compe_02_V1_2ob_iteraciones.json
2025-11-12 13:34:41,906 - INFO - src.optimization_p 134 - Ganancia: 234,991,399---Parámetros: {params}
2025-11-12 13:34:41,906 - INFO - src.optimization_p 471 - Trial 33: Ganancia Media = 234,991,399
2025-11-12 13:35:12,730 - INFO - src.optimization_p 793 - Undersampling aplicado: tasa=0.03, registros originales=2179640 (C May: 2160176 / C Min: 19464), registros finales=148845 (CMay : 129381 / CMin: 19464)
2025-11-12 13:36:04,441 - INFO - src.optimization_p 133 - Iteración 34 guardada en resultados/Compe_02_V1_2ob_iteraciones.json
2025-11-12 13:36:04,441 - INFO - src.optimization_p 134 - Ganancia: 233,306,404---Parámetros: {params}
2025-11-12 13:36:04,441 - INFO - src.optimization_p 471 - Trial 34: Ganancia Media = 233,306,404
2025-11-12 13:36:33,098 - INFO - src.optimization_p 793 - Undersampling aplicado: tasa=0.03, registros originales=2179640 (C May: 2160176 / C Min: 19464), registros finales=148208 (CMay : 128744 / CMin: 19464)
2025-11-12 13:37:30,676 - INFO - src.optimization_p 133 - Iteración 35 guardada en resultados/Compe_02_V1_2ob_iteraciones.json
2025-11-12 13:37:30,676 - INFO - src.optimization_p 134 - Ganancia: 239,067,892---Parámetros: {params}
2025-11-12 13:37:30,676 - INFO - src.optimization_p 471 - Trial 35: Ganancia Media = 239,067,892
2025-11-12 13:37:59,276 - INFO - src.optimization_p 793 - Undersampling aplicado: tasa=0.03, registros originales=2179640 (C May: 2160176 / C Min: 19464), registros finales=148183 (CMay : 128719 / CMin: 19464)
2025-11-12 13:38:53,756 - INFO - src.optimization_p 133 - Iteración 36 guardada en resultados/Compe_02_V1_2ob_iteraciones.json
2025-11-12 13:38:53,757 - INFO - src.optimization_p 134 - Ganancia: 239,895,095---Parámetros: {params}
2025-11-12 13:38:53,757 - INFO - src.optimization_p 471 - Trial 36: Ganancia Media = 239,895,095
2025-11-12 13:39:22,439 - INFO - src.optimization_p 793 - Undersampling aplicado: tasa=0.03, registros originales=2179640 (C May: 2160176 / C Min: 19464), registros finales=148260 (CMay : 128796 / CMin: 19464)
2025-11-12 13:40:12,614 - INFO - src.optimization_p 133 - Iteración 37 guardada en resultados/Compe_02_V1_2ob_iteraciones.json
2025-11-12 13:40:12,614 - INFO - src.optimization_p 134 - Ganancia: 228,892,967---Parámetros: {params}
2025-11-12 13:40:12,614 - INFO - src.optimization_p 471 - Trial 37: Ganancia Media = 228,892,967
2025-11-12 13:40:40,773 - INFO - src.optimization_p 793 - Undersampling aplicado: tasa=0.03, registros originales=2179640 (C May: 2160176 / C Min: 19464), registros finales=148907 (CMay : 129443 / CMin: 19464)
2025-11-12 13:41:30,466 - INFO - src.optimization_p 133 - Iteración 38 guardada en resultados/Compe_02_V1_2ob_iteraciones.json
2025-11-12 13:41:30,466 - INFO - src.optimization_p 134 - Ganancia: 230,725,524---Parámetros: {params}
2025-11-12 13:41:30,466 - INFO - src.optimization_p 471 - Trial 38: Ganancia Media = 230,725,524
2025-11-12 13:41:58,903 - INFO - src.optimization_p 793 - Undersampling aplicado: tasa=0.03, registros originales=2179640 (C May: 2160176 / C Min: 19464), registros finales=148807 (CMay : 129343 / CMin: 19464)
2025-11-12 13:43:07,096 - INFO - src.optimization_p 133 - Iteración 39 guardada en resultados/Compe_02_V1_2ob_iteraciones.json
2025-11-12 13:43:07,097 - INFO - src.optimization_p 134 - Ganancia: 233,008,541---Parámetros: {params}
2025-11-12 13:43:07,097 - INFO - src.optimization_p 471 - Trial 39: Ganancia Media = 233,008,541
2025-11-12 13:43:35,986 - INFO - src.optimization_p 793 - Undersampling aplicado: tasa=0.03, registros originales=2179640 (C May: 2160176 / C Min: 19464), registros finales=148565 (CMay : 129101 / CMin: 19464)
2025-11-12 13:44:30,717 - INFO - src.optimization_p 133 - Iteración 40 guardada en resultados/Compe_02_V1_2ob_iteraciones.json
2025-11-12 13:44:30,718 - INFO - src.optimization_p 134 - Ganancia: 223,711,489---Parámetros: {params}
2025-11-12 13:44:30,718 - INFO - src.optimization_p 471 - Trial 40: Ganancia Media = 223,711,489
2025-11-12 13:44:59,294 - INFO - src.optimization_p 793 - Undersampling aplicado: tasa=0.03, registros originales=2179640 (C May: 2160176 / C Min: 19464), registros finales=147853 (CMay : 128389 / CMin: 19464)
2025-11-12 13:46:07,295 - INFO - src.optimization_p 133 - Iteración 41 guardada en resultados/Compe_02_V1_2ob_iteraciones.json
2025-11-12 13:46:07,295 - INFO - src.optimization_p 134 - Ganancia: 232,474,136---Parámetros: {params}
2025-11-12 13:46:07,295 - INFO - src.optimization_p 471 - Trial 41: Ganancia Media = 232,474,136
2025-11-12 13:46:36,053 - INFO - src.optimization_p 793 - Undersampling aplicado: tasa=0.03, registros originales=2179640 (C May: 2160176 / C Min: 19464), registros finales=148506 (CMay : 129042 / CMin: 19464)
2025-11-12 13:47:29,532 - INFO - src.optimization_p 133 - Iteración 42 guardada en resultados/Compe_02_V1_2ob_iteraciones.json
2025-11-12 13:47:29,532 - INFO - src.optimization_p 134 - Ganancia: 236,846,903---Parámetros: {params}
2025-11-12 13:47:29,532 - INFO - src.optimization_p 471 - Trial 42: Ganancia Media = 236,846,903
2025-11-12 13:47:58,325 - INFO - src.optimization_p 793 - Undersampling aplicado: tasa=0.03, registros originales=2179640 (C May: 2160176 / C Min: 19464), registros finales=148337 (CMay : 128873 / CMin: 19464)
2025-11-12 13:48:48,579 - INFO - src.optimization_p 133 - Iteración 43 guardada en resultados/Compe_02_V1_2ob_iteraciones.json
2025-11-12 13:48:48,579 - INFO - src.optimization_p 134 - Ganancia: 231,387,502---Parámetros: {params}
2025-11-12 13:48:48,580 - INFO - src.optimization_p 471 - Trial 43: Ganancia Media = 231,387,502
2025-11-12 13:49:16,700 - INFO - src.optimization_p 793 - Undersampling aplicado: tasa=0.03, registros originales=2179640 (C May: 2160176 / C Min: 19464), registros finales=148074 (CMay : 128610 / CMin: 19464)
2025-11-12 13:50:01,388 - INFO - src.optimization_p 133 - Iteración 44 guardada en resultados/Compe_02_V1_2ob_iteraciones.json
2025-11-12 13:50:01,388 - INFO - src.optimization_p 134 - Ganancia: 229,637,592---Parámetros: {params}
2025-11-12 13:50:01,388 - INFO - src.optimization_p 471 - Trial 44: Ganancia Media = 229,637,592
2025-11-12 13:50:30,295 - INFO - src.optimization_p 793 - Undersampling aplicado: tasa=0.03, registros originales=2179640 (C May: 2160176 / C Min: 19464), registros finales=148176 (CMay : 128712 / CMin: 19464)
2025-11-12 13:51:15,043 - INFO - src.optimization_p 133 - Iteración 45 guardada en resultados/Compe_02_V1_2ob_iteraciones.json
2025-11-12 13:51:15,043 - INFO - src.optimization_p 134 - Ganancia: 229,739,650---Parámetros: {params}
2025-11-12 13:51:15,043 - INFO - src.optimization_p 471 - Trial 45: Ganancia Media = 229,739,650
2025-11-12 13:51:43,558 - INFO - src.optimization_p 793 - Undersampling aplicado: tasa=0.03, registros originales=2179640 (C May: 2160176 / C Min: 19464), registros finales=148841 (CMay : 129377 / CMin: 19464)
2025-11-12 13:52:33,169 - INFO - src.optimization_p 133 - Iteración 46 guardada en resultados/Compe_02_V1_2ob_iteraciones.json
2025-11-12 13:52:33,169 - INFO - src.optimization_p 134 - Ganancia: 230,252,458---Parámetros: {params}
2025-11-12 13:52:33,169 - INFO - src.optimization_p 471 - Trial 46: Ganancia Media = 230,252,458
2025-11-12 13:53:01,977 - INFO - src.optimization_p 793 - Undersampling aplicado: tasa=0.03, registros originales=2179640 (C May: 2160176 / C Min: 19464), registros finales=147907 (CMay : 128443 / CMin: 19464)
2025-11-12 13:53:39,709 - INFO - src.optimization_p 133 - Iteración 47 guardada en resultados/Compe_02_V1_2ob_iteraciones.json
2025-11-12 13:53:39,709 - INFO - src.optimization_p 134 - Ganancia: 222,362,797---Parámetros: {params}
2025-11-12 13:53:39,709 - INFO - src.optimization_p 471 - Trial 47: Ganancia Media = 222,362,797
2025-11-12 13:54:08,323 - INFO - src.optimization_p 793 - Undersampling aplicado: tasa=0.03, registros originales=2179640 (C May: 2160176 / C Min: 19464), registros finales=148609 (CMay : 129145 / CMin: 19464)
2025-11-12 13:55:11,613 - INFO - src.optimization_p 133 - Iteración 48 guardada en resultados/Compe_02_V1_2ob_iteraciones.json
2025-11-12 13:55:11,613 - INFO - src.optimization_p 134 - Ganancia: 235,248,971---Parámetros: {params}
2025-11-12 13:55:11,613 - INFO - src.optimization_p 471 - Trial 48: Ganancia Media = 235,248,971
2025-11-12 13:55:40,437 - INFO - src.optimization_p 793 - Undersampling aplicado: tasa=0.03, registros originales=2179640 (C May: 2160176 / C Min: 19464), registros finales=148630 (CMay : 129166 / CMin: 19464)
2025-11-12 13:56:43,291 - INFO - src.optimization_p 133 - Iteración 49 guardada en resultados/Compe_02_V1_2ob_iteraciones.json
2025-11-12 13:56:43,291 - INFO - src.optimization_p 134 - Ganancia: 236,556,364---Parámetros: {params}
2025-11-12 13:56:43,291 - INFO - src.optimization_p 471 - Trial 49: Ganancia Media = 236,556,364
2025-11-12 13:56:47,932 - INFO - src.optimization_p 620 - 🏆 Mejor ganancia: 246,970,190
2025-11-12 13:56:48,871 - INFO - src.optimization_p 621 - Mejores parámetros: {'num_iterations': 576, 'num_leaves': 130, 'learning_rate': 0.04605047463832957, 'feature_fraction': 0.2559381748417554, 'min_child_samples': 10, 'max_depth': 20, 'reg_lambda': 9.981441220639478, 'reg_alpha': 3.726584938957065, 'min_gain_to_split': 0.1871581788079515}
2025-11-12 13:56:48,871 - INFO - __main__ 96 - === ANÁLISIS DE RESULTADOS ===
2025-11-12 13:56:50,195 - INFO - __main__ 100 - Top 5 mejores trials:
2025-11-12 13:56:50,196 - INFO - __main__ 102 -   Trial 16: 246,970,190
2025-11-12 13:56:50,196 - INFO - __main__ 102 -   Trial 36: 239,895,095
2025-11-12 13:56:50,197 - INFO - __main__ 102 -   Trial 35: 239,067,892
2025-11-12 13:56:50,197 - INFO - __main__ 102 -   Trial 42: 236,846,903
2025-11-12 13:56:50,197 - INFO - __main__ 102 -   Trial 49: 236,556,364
2025-11-12 13:56:50,197 - INFO - __main__ 104 - === OPTIMIZACIÓN COMPLETADA ===
2025-11-12 13:56:50,197 - INFO - __main__ 107 - === EVALUACIÓN EN CONJUNTO DE TEST ===
2025-11-12 13:56:50,198 - INFO - src.best_params 49 - Mejores hiperparámetros cargados desde resultados/Compe_02_V1_2ob_iteraciones.json
2025-11-12 13:56:50,198 - INFO - src.best_params 50 - Mejor ganancia encontrada: 246,970,190
2025-11-12 13:56:50,198 - INFO - src.best_params 51 - Trial número: 16
2025-11-12 13:56:50,198 - INFO - src.best_params 52 - Parámetros: {'num_iterations': 576, 'num_leaves': 130, 'learning_rate': 0.04605047463832957, 'feature_fraction': 0.2559381748417554, 'min_child_samples': 10, 'max_depth': 20, 'reg_lambda': 9.981441220639478, 'reg_alpha': 3.726584938957065, 'min_gain_to_split': 0.1871581788079515, 'bagging_freq': 1, 'objective': 'binary', 'metric': 'None', 'random_state': 839071}
2025-11-12 13:56:50,198 - INFO - src.optimization_p 319 - === EVALUACIÓN EN CONJUNTO DE TEST ===
2025-11-12 13:56:50,198 - INFO - src.optimization_p 320 - Período de test: 202102
2025-11-12 13:56:57,628 - INFO - src.optimization_p 793 - Undersampling aplicado: tasa=0.03, registros originales=2341167 (C May: 2320264 / C Min: 20903), registros finales=164351 (CMay : 143448 / CMin: 20903)
2025-11-12 13:56:58,530 - INFO - src.optimization_p 336 - Entrenando modelo con mejores hiperparámetros...
2025-11-12 13:56:58,530 - INFO - src.optimization_p 337 - Dimensiones df_train_completo: (164351, 1344), Dimensiones df_test: (162155, 1344)
2025-11-12 13:56:58,879 - INFO - src.optimization_p 346 - Tipo de dato de train_data: <class 'lightgbm.basic.Dataset'>, Dimensiones de train_data: (164351, 1342)
2025-11-12 13:58:51,403 - INFO - src.optimization_p 349 - Modelo final para test entrenado. Calculando ganancia en Test...
2025-11-12 13:58:57,001 - INFO - src.optimization_p 302 - Ganancia: 284,680,000---Total Predicciones positivas: 9,126
2025-11-12 13:58:57,001 - INFO - __main__ 119 - === RESUMEN DE EVALUACIÓN EN TEST ===
2025-11-12 13:58:57,001 - INFO - __main__ 120 - ✅ Ganancia en test: 284,680,000
2025-11-12 13:58:57,002 - INFO - __main__ 121 - 🔍 Umbral óptimo encontrado: 0.4000
2025-11-12 13:58:57,002 - INFO - __main__ 122 - 🎯 Predicciones positivas: 9,126 (5.63%)
2025-11-12 13:58:57,002 - INFO - __main__ 126 - === ENTRENAMIENTO FINAL ===
2025-11-12 13:58:57,002 - INFO - __main__ 127 - Preparar datos para entrenamiento final
2025-11-12 13:58:57,002 - INFO - src.final_training_p 352 - Preparando datos para entrenamiento final
2025-11-12 13:58:57,002 - INFO - src.final_training_p 353 - Períodos de entrenamiento: ['201901', '201902', '201903', '201904', '201905', '201906', '201907', '201908', '201909', '201910', '201911', '201912', '202001', '202002', '202011', '202012', '202101', '202102']
2025-11-12 13:58:57,002 - INFO - src.final_training_p 354 - Período de predicción: 202106
2025-11-12 13:59:00,225 - INFO - src.final_training_p 366 - Registros de entrenamiento: 2,503,322
2025-11-12 13:59:00,225 - INFO - src.final_training_p 367 - Registros de predicción: 164,313
2025-11-12 13:59:04,753 - INFO - src.optimization_p 793 - Undersampling aplicado: tasa=0.03, registros originales=2503322 (C May: 2480569 / C Min: 22753), registros finales=184929 (CMay : 162176 / CMin: 22753)
2025-11-12 13:59:06,614 - INFO - src.final_training_p 382 - Features utilizadas: 1,342
2025-11-12 13:59:06,616 - INFO - src.final_training_p 383 - Distribución del target - 0: 162,176, 1: 22,753
2025-11-12 13:59:06,629 - INFO - __main__ 132 - Entrenar modelo final
2025-11-12 13:59:06,630 - INFO - src.final_training_p 240 - Iniciando entrenamiento del modelo final
2025-11-12 14:01:11,858 - INFO - src.final_training_p 271 - Modelo final (semilla 839071) guardado en: resultados/Compe_02_V1_2ob/modelo_final_semilla_839071_2025-11-12_14-01-11.txt
2025-11-12 14:03:12,908 - INFO - src.final_training_p 271 - Modelo final (semilla 666557) guardado en: resultados/Compe_02_V1_2ob/modelo_final_semilla_666557_2025-11-12_14-03-12.txt
2025-11-12 14:03:12,908 - INFO - src.final_training_p 275 - Entrenamiento de modelos finales completado
2025-11-12 14:03:12,912 - INFO - __main__ 136 - Generar predicciones finales
2025-11-12 14:03:12,913 - INFO - src.final_training_p 294 - Generando predicciones finales (promedio de seeds)
2025-11-12 14:03:22,296 - INFO - src.final_training_p 313 - Predicciones de probabilidad guardadas en: resultados/predicciones_probabilidad_Compe_02_V1_2ob_varias_seeds_2025-11-12_14-03-22.csv
2025-11-12 14:03:22,302 - INFO - src.final_training_p 335 - Predicciones generadas:
2025-11-12 14:03:22,302 - INFO - src.final_training_p 336 -   Total clientes: 164,313
2025-11-12 14:03:22,303 - INFO - src.final_training_p 337 -   Predicciones positivas: 13,298 (8.09%)
2025-11-12 14:03:22,303 - INFO - src.final_training_p 338 -   Predicciones negativas: 151,015
2025-11-12 14:03:22,303 - INFO - src.final_training_p 339 -   Porcentaje solicitado: 0.0809
2025-11-12 14:03:22,303 - INFO - __main__ 140 - Guardar predicciones
2025-11-12 14:03:22,382 - INFO - src.output_manager_p 51 - Predicciones guardadas en: predict/Compe_02_V1_2ob_20251112_140322.csv
2025-11-12 14:03:22,382 - INFO - src.output_manager_p 52 - Formato del archivo:
2025-11-12 14:03:22,382 - INFO - src.output_manager_p 53 -   Columnas: ['numero_de_cliente', 'predict']
2025-11-12 14:03:22,382 - INFO - src.output_manager_p 54 -   Registros: 164,313
2025-11-12 14:03:22,382 - INFO - src.output_manager_p 55 -   Primeras filas:
2025-11-12 14:03:22,394 - INFO - src.output_manager_p 57 - 
shape: (5, 2)
┌───────────────────┬─────────┐
│ numero_de_cliente ┆ predict │
│ ---               ┆ ---     │
│ i64               ┆ i64     │
╞═══════════════════╪═════════╡
│ 249565688         ┆ 0       │
│ 249596175         ┆ 0       │
│ 249843690         ┆ 0       │
│ 250272786         ┆ 0       │
│ 251050628         ┆ 0       │
└───────────────────┴─────────┘
2025-11-12 14:03:22,394 - INFO - __main__ 144 - === RESUMEN FINAL ===
2025-11-12 14:03:22,394 - INFO - __main__ 145 - ✅ Entrenamiento final completado exitosamente
2025-11-12 14:03:22,394 - INFO - __main__ 146 - 📊 Mejores hiperparámetros utilizados: {'num_iterations': 576, 'num_leaves': 130, 'learning_rate': 0.04605047463832957, 'feature_fraction': 0.2559381748417554, 'min_child_samples': 10, 'max_depth': 20, 'reg_lambda': 9.981441220639478, 'reg_alpha': 3.726584938957065, 'min_gain_to_split': 0.1871581788079515, 'bagging_freq': 1, 'objective': 'binary', 'metric': 'None', 'random_state': 666557}
2025-11-12 14:03:22,394 - INFO - __main__ 147 - 🎯 Períodos de entrenamiento: ['201901', '201902', '201903', '201904', '201905', '201906', '201907', '201908', '201909', '201910', '201911', '201912', '202001', '202002', '202011', '202012', '202101', '202102']
2025-11-12 14:03:22,394 - INFO - __main__ 148 - 🔮 Período de predicción: 202106
2025-11-12 14:03:22,394 - INFO - __main__ 151 - 📁 Archivo de salida: predict/Compe_02_V1_2ob_20251112_140322.csv
2025-11-12 14:03:22,395 - INFO - __main__ 152 - 📝 Log detallado: /home/guijomter/buckets/b1/Compe_02/logs/log_Compe_02_V1_2ob_2025-11-12_11-55-16.log
2025-11-12 14:03:22,395 - INFO - __main__ 155 - >>> Ejecución finalizada. Revisar logs para mas detalles.
2025-11-12 14:03:22,434 - INFO - __main__ 164 - Ejecución finalizada.
