2025-10-10 13:26:31,871 - INFO - __main__ 37 - Inicio de ejecucion.
2025-10-10 13:26:31,871 - INFO - __main__ 39 - Número de trials por estudio: 50
2025-10-10 13:26:31,872 - INFO - __name__ 14 - Cargando dataset desde ./data/competencia_01.csv
2025-10-10 13:26:41,857 - INFO - __name__ 17 - Dataset cargado con 978439 filas y 155 columnas
2025-10-10 13:26:41,859 - INFO - __main__ 49 - Archivo de features encontrado: data/df_fe_lgb_optimization_cv_competencia01_d.csv. Cargando desde disco.
2025-10-10 13:28:02,873 - INFO - __main__ 56 - Feature Engineering completado: (968650, 726)
2025-10-10 13:28:07,539 - INFO - __name__ 54 - Conversión completada:
2025-10-10 13:28:07,553 - INFO - __name__ 55 -   Original - CONTINUA: 636501, BAJA+1: 4439, BAJA+2: 3848
2025-10-10 13:28:07,553 - INFO - __name__ 56 -   Binario - 0: 636501, 1: 8287
2025-10-10 13:28:07,555 - INFO - __name__ 57 -   Distribución: 1.29% casos positivos
2025-10-10 13:28:08,643 - INFO - src.optimization_cv 161 - Iniciando optimización con CV - 50 trials
2025-10-10 13:28:08,644 - INFO - src.optimization_cv 162 - Configuración CV: períodos=['202102', '202103']
2025-10-10 13:30:51,731 - INFO - src.optimization_cv 90 - Trial 0: Ganancia CV = 322,054,614 ± 17,685,813 
2025-10-10 13:30:51,737 - INFO - src.optimization_cv 91 - Trial 0: Mejor iteración en CV: 328 
2025-10-10 13:30:51,749 - INFO - src.optimization_cv 146 - Iteración 0 guardada. Ganancia promedio CV: 322,054,614 
2025-10-10 13:32:35,296 - INFO - src.optimization_cv 90 - Trial 1: Ganancia CV = 340,203,191 ± 11,766,179 
2025-10-10 13:32:35,297 - INFO - src.optimization_cv 91 - Trial 1: Mejor iteración en CV: 93 
2025-10-10 13:32:35,302 - INFO - src.optimization_cv 146 - Iteración 1 guardada. Ganancia promedio CV: 340,203,191 
2025-10-10 13:34:04,408 - INFO - src.optimization_cv 90 - Trial 2: Ganancia CV = 333,383,506 ± 17,805,916 
2025-10-10 13:34:04,410 - INFO - src.optimization_cv 91 - Trial 2: Mejor iteración en CV: 153 
2025-10-10 13:34:04,418 - INFO - src.optimization_cv 146 - Iteración 2 guardada. Ganancia promedio CV: 333,383,506 
2025-10-10 13:34:49,853 - INFO - src.optimization_cv 90 - Trial 3: Ganancia CV = 288,010,429 ± 10,270,363 
2025-10-10 13:34:49,856 - INFO - src.optimization_cv 91 - Trial 3: Mejor iteración en CV: 27 
2025-10-10 13:34:49,862 - INFO - src.optimization_cv 146 - Iteración 3 guardada. Ganancia promedio CV: 288,010,429 
2025-10-10 13:36:09,456 - INFO - src.optimization_cv 90 - Trial 4: Ganancia CV = 327,161,657 ± 17,101,824 
2025-10-10 13:36:09,458 - INFO - src.optimization_cv 91 - Trial 4: Mejor iteración en CV: 139 
2025-10-10 13:36:09,470 - INFO - src.optimization_cv 146 - Iteración 4 guardada. Ganancia promedio CV: 327,161,657 
2025-10-10 13:37:29,767 - INFO - src.optimization_cv 90 - Trial 5: Ganancia CV = 331,105,000 ± 18,347,095 
2025-10-10 13:37:29,770 - INFO - src.optimization_cv 91 - Trial 5: Mejor iteración en CV: 75 
2025-10-10 13:37:29,787 - INFO - src.optimization_cv 146 - Iteración 5 guardada. Ganancia promedio CV: 331,105,000 
2025-10-10 13:38:38,957 - INFO - src.optimization_cv 90 - Trial 6: Ganancia CV = 329,206,925 ± 13,075,888 
2025-10-10 13:38:38,961 - INFO - src.optimization_cv 91 - Trial 6: Mejor iteración en CV: 66 
2025-10-10 13:38:38,976 - INFO - src.optimization_cv 146 - Iteración 6 guardada. Ganancia promedio CV: 329,206,925 
2025-10-10 13:40:22,768 - INFO - src.optimization_cv 90 - Trial 7: Ganancia CV = 317,203,516 ± 14,010,580 
2025-10-10 13:40:22,771 - INFO - src.optimization_cv 91 - Trial 7: Mejor iteración en CV: 189 
2025-10-10 13:40:22,785 - INFO - src.optimization_cv 146 - Iteración 7 guardada. Ganancia promedio CV: 317,203,516 
2025-10-10 13:42:41,915 - INFO - src.optimization_cv 90 - Trial 8: Ganancia CV = 337,710,512 ± 11,884,153 
2025-10-10 13:42:41,919 - INFO - src.optimization_cv 91 - Trial 8: Mejor iteración en CV: 128 
2025-10-10 13:42:41,931 - INFO - src.optimization_cv 146 - Iteración 8 guardada. Ganancia promedio CV: 337,710,512 
2025-10-10 13:44:36,556 - INFO - src.optimization_cv 90 - Trial 9: Ganancia CV = 323,241,029 ± 16,996,613 
2025-10-10 13:44:36,560 - INFO - src.optimization_cv 91 - Trial 9: Mejor iteración en CV: 271 
2025-10-10 13:44:36,572 - INFO - src.optimization_cv 146 - Iteración 9 guardada. Ganancia promedio CV: 323,241,029 
2025-10-10 13:45:45,261 - INFO - src.optimization_cv 90 - Trial 10: Ganancia CV = 322,362,240 ± 11,131,765 
2025-10-10 13:45:45,264 - INFO - src.optimization_cv 91 - Trial 10: Mejor iteración en CV: 24 
2025-10-10 13:45:45,277 - INFO - src.optimization_cv 146 - Iteración 10 guardada. Ganancia promedio CV: 322,362,240 
2025-10-10 13:47:30,734 - INFO - src.optimization_cv 90 - Trial 11: Ganancia CV = 330,989,315 ± 11,304,203 
2025-10-10 13:47:30,737 - INFO - src.optimization_cv 91 - Trial 11: Mejor iteración en CV: 72 
2025-10-10 13:47:30,751 - INFO - src.optimization_cv 146 - Iteración 11 guardada. Ganancia promedio CV: 330,989,315 
2025-10-10 13:49:13,430 - INFO - src.optimization_cv 90 - Trial 12: Ganancia CV = 338,359,349 ± 12,483,202 
2025-10-10 13:49:13,433 - INFO - src.optimization_cv 91 - Trial 12: Mejor iteración en CV: 85 
2025-10-10 13:49:13,452 - INFO - src.optimization_cv 146 - Iteración 12 guardada. Ganancia promedio CV: 338,359,349 
2025-10-10 13:50:58,403 - INFO - src.optimization_cv 90 - Trial 13: Ganancia CV = 338,766,042 ± 12,973,391 
2025-10-10 13:50:58,407 - INFO - src.optimization_cv 91 - Trial 13: Mejor iteración en CV: 95 
2025-10-10 13:50:58,417 - INFO - src.optimization_cv 146 - Iteración 13 guardada. Ganancia promedio CV: 338,766,042 
2025-10-10 13:52:34,186 - INFO - src.optimization_cv 90 - Trial 14: Ganancia CV = 337,640,000 ± 15,506,606 
2025-10-10 13:52:34,189 - INFO - src.optimization_cv 91 - Trial 14: Mejor iteración en CV: 91 
2025-10-10 13:52:34,206 - INFO - src.optimization_cv 146 - Iteración 14 guardada. Ganancia promedio CV: 337,640,000 
2025-10-10 13:54:33,364 - INFO - src.optimization_cv 90 - Trial 15: Ganancia CV = 335,458,282 ± 18,585,367 
2025-10-10 13:54:33,368 - INFO - src.optimization_cv 91 - Trial 15: Mejor iteración en CV: 162 
2025-10-10 13:54:33,385 - INFO - src.optimization_cv 146 - Iteración 15 guardada. Ganancia promedio CV: 335,458,282 
2025-10-10 13:55:40,134 - INFO - src.optimization_cv 90 - Trial 16: Ganancia CV = 331,912,966 ± 17,448,600 
2025-10-10 13:55:40,142 - INFO - src.optimization_cv 91 - Trial 16: Mejor iteración en CV: 57 
2025-10-10 13:55:40,171 - INFO - src.optimization_cv 146 - Iteración 16 guardada. Ganancia promedio CV: 331,912,966 
2025-10-10 13:57:00,634 - INFO - src.optimization_cv 90 - Trial 17: Ganancia CV = 330,170,947 ± 10,487,792 
2025-10-10 13:57:00,639 - INFO - src.optimization_cv 91 - Trial 17: Mejor iteración en CV: 37 
2025-10-10 13:57:00,655 - INFO - src.optimization_cv 146 - Iteración 17 guardada. Ganancia promedio CV: 330,170,947 
2025-10-10 13:58:44,050 - INFO - src.optimization_cv 90 - Trial 18: Ganancia CV = 312,867,307 ± 16,389,669 
2025-10-10 13:58:44,054 - INFO - src.optimization_cv 91 - Trial 18: Mejor iteración en CV: 253 
2025-10-10 13:58:44,073 - INFO - src.optimization_cv 146 - Iteración 18 guardada. Ganancia promedio CV: 312,867,307 
2025-10-10 13:59:56,131 - INFO - src.optimization_cv 90 - Trial 19: Ganancia CV = 335,382,857 ± 11,401,393 
2025-10-10 13:59:56,135 - INFO - src.optimization_cv 91 - Trial 19: Mejor iteración en CV: 48 
2025-10-10 13:59:56,156 - INFO - src.optimization_cv 146 - Iteración 19 guardada. Ganancia promedio CV: 335,382,857 
2025-10-10 14:01:35,905 - INFO - src.optimization_cv 90 - Trial 20: Ganancia CV = 334,693,748 ± 12,834,831 
2025-10-10 14:01:35,908 - INFO - src.optimization_cv 91 - Trial 20: Mejor iteración en CV: 118 
2025-10-10 14:01:35,929 - INFO - src.optimization_cv 146 - Iteración 20 guardada. Ganancia promedio CV: 334,693,748 
2025-10-10 14:03:23,832 - INFO - src.optimization_cv 90 - Trial 21: Ganancia CV = 339,331,435 ± 12,534,735 
2025-10-10 14:03:23,833 - INFO - src.optimization_cv 91 - Trial 21: Mejor iteración en CV: 84 
2025-10-10 14:03:23,840 - INFO - src.optimization_cv 146 - Iteración 21 guardada. Ganancia promedio CV: 339,331,435 
2025-10-10 14:05:11,417 - INFO - src.optimization_cv 90 - Trial 22: Ganancia CV = 339,503,354 ± 12,053,391 
2025-10-10 14:05:11,423 - INFO - src.optimization_cv 91 - Trial 22: Mejor iteración en CV: 98 
2025-10-10 14:05:11,447 - INFO - src.optimization_cv 146 - Iteración 22 guardada. Ganancia promedio CV: 339,503,354 
2025-10-10 14:06:40,307 - INFO - src.optimization_cv 90 - Trial 23: Ganancia CV = 336,364,150 ± 15,864,639 
2025-10-10 14:06:40,312 - INFO - src.optimization_cv 91 - Trial 23: Mejor iteración en CV: 79 
2025-10-10 14:06:40,331 - INFO - src.optimization_cv 146 - Iteración 23 guardada. Ganancia promedio CV: 336,364,150 
2025-10-10 14:07:40,526 - INFO - src.optimization_cv 90 - Trial 24: Ganancia CV = 332,630,977 ± 13,592,819 
2025-10-10 14:07:40,527 - INFO - src.optimization_cv 91 - Trial 24: Mejor iteración en CV: 42 
2025-10-10 14:07:40,543 - INFO - src.optimization_cv 146 - Iteración 24 guardada. Ganancia promedio CV: 332,630,977 
2025-10-10 14:09:52,258 - INFO - src.optimization_cv 90 - Trial 25: Ganancia CV = 337,861,814 ± 12,310,329 
2025-10-10 14:09:52,259 - INFO - src.optimization_cv 91 - Trial 25: Mejor iteración en CV: 160 
2025-10-10 14:09:52,272 - INFO - src.optimization_cv 146 - Iteración 25 guardada. Ganancia promedio CV: 337,861,814 
2025-10-10 14:11:24,640 - INFO - src.optimization_cv 90 - Trial 26: Ganancia CV = 330,424,594 ± 17,881,190 
2025-10-10 14:11:24,649 - INFO - src.optimization_cv 91 - Trial 26: Mejor iteración en CV: 100 
2025-10-10 14:11:24,677 - INFO - src.optimization_cv 146 - Iteración 26 guardada. Ganancia promedio CV: 330,424,594 
2025-10-10 14:13:08,763 - INFO - src.optimization_cv 90 - Trial 27: Ganancia CV = 340,511,592 ± 13,826,967 
2025-10-10 14:13:08,774 - INFO - src.optimization_cv 91 - Trial 27: Mejor iteración en CV: 97 
2025-10-10 14:13:08,787 - INFO - src.optimization_cv 146 - Iteración 27 guardada. Ganancia promedio CV: 340,511,592 
2025-10-10 14:14:30,094 - INFO - src.optimization_cv 90 - Trial 28: Ganancia CV = 336,322,244 ± 16,606,314 
2025-10-10 14:14:30,098 - INFO - src.optimization_cv 91 - Trial 28: Mejor iteración en CV: 81 
2025-10-10 14:14:30,118 - INFO - src.optimization_cv 146 - Iteración 28 guardada. Ganancia promedio CV: 336,322,244 
2025-10-10 14:15:25,783 - INFO - src.optimization_cv 90 - Trial 29: Ganancia CV = 333,767,830 ± 15,438,175 
2025-10-10 14:15:25,787 - INFO - src.optimization_cv 91 - Trial 29: Mejor iteración en CV: 46 
2025-10-10 14:15:25,812 - INFO - src.optimization_cv 146 - Iteración 29 guardada. Ganancia promedio CV: 333,767,830 
2025-10-10 14:17:32,414 - INFO - src.optimization_cv 90 - Trial 30: Ganancia CV = 341,064,594 ± 14,881,216 
2025-10-10 14:17:32,421 - INFO - src.optimization_cv 91 - Trial 30: Mejor iteración en CV: 174 
2025-10-10 14:17:32,442 - INFO - src.optimization_cv 146 - Iteración 30 guardada. Ganancia promedio CV: 341,064,594 
2025-10-10 14:19:10,197 - INFO - src.optimization_cv 90 - Trial 31: Ganancia CV = 333,339,491 ± 15,922,264 
2025-10-10 14:19:10,200 - INFO - src.optimization_cv 91 - Trial 31: Mejor iteración en CV: 109 
2025-10-10 14:19:10,220 - INFO - src.optimization_cv 146 - Iteración 31 guardada. Ganancia promedio CV: 333,339,491 
2025-10-10 14:20:28,785 - INFO - src.optimization_cv 90 - Trial 32: Ganancia CV = 333,251,147 ± 16,900,353 
2025-10-10 14:20:28,787 - INFO - src.optimization_cv 91 - Trial 32: Mejor iteración en CV: 74 
2025-10-10 14:20:28,809 - INFO - src.optimization_cv 146 - Iteración 32 guardada. Ganancia promedio CV: 333,251,147 
2025-10-10 14:22:09,165 - INFO - src.optimization_cv 90 - Trial 33: Ganancia CV = 335,843,618 ± 17,595,996 
2025-10-10 14:22:09,167 - INFO - src.optimization_cv 91 - Trial 33: Mejor iteración en CV: 135 
2025-10-10 14:22:09,185 - INFO - src.optimization_cv 146 - Iteración 33 guardada. Ganancia promedio CV: 335,843,618 
2025-10-10 14:24:12,174 - INFO - src.optimization_cv 90 - Trial 34: Ganancia CV = 333,520,261 ± 17,743,384 
2025-10-10 14:24:12,181 - INFO - src.optimization_cv 91 - Trial 34: Mejor iteración en CV: 137 
2025-10-10 14:24:12,205 - INFO - src.optimization_cv 146 - Iteración 34 guardada. Ganancia promedio CV: 333,520,261 
2025-10-10 14:25:50,611 - INFO - src.optimization_cv 90 - Trial 35: Ganancia CV = 337,953,057 ± 15,306,216 
2025-10-10 14:25:50,614 - INFO - src.optimization_cv 91 - Trial 35: Mejor iteración en CV: 105 
2025-10-10 14:25:50,632 - INFO - src.optimization_cv 146 - Iteración 35 guardada. Ganancia promedio CV: 337,953,057 
2025-10-10 14:26:55,734 - INFO - src.optimization_cv 90 - Trial 36: Ganancia CV = 330,946,065 ± 12,936,819 
2025-10-10 14:26:55,738 - INFO - src.optimization_cv 91 - Trial 36: Mejor iteración en CV: 61 
2025-10-10 14:26:55,762 - INFO - src.optimization_cv 146 - Iteración 36 guardada. Ganancia promedio CV: 330,946,065 
2025-10-10 14:29:14,964 - INFO - src.optimization_cv 90 - Trial 37: Ganancia CV = 336,736,000 ± 14,714,817 
2025-10-10 14:29:14,968 - INFO - src.optimization_cv 91 - Trial 37: Mejor iteración en CV: 167 
2025-10-10 14:29:14,988 - INFO - src.optimization_cv 146 - Iteración 37 guardada. Ganancia promedio CV: 336,736,000 
2025-10-10 14:30:32,757 - INFO - src.optimization_cv 90 - Trial 38: Ganancia CV = 330,081,651 ± 18,344,186 
2025-10-10 14:30:32,760 - INFO - src.optimization_cv 91 - Trial 38: Mejor iteración en CV: 62 
2025-10-10 14:30:32,780 - INFO - src.optimization_cv 146 - Iteración 38 guardada. Ganancia promedio CV: 330,081,651 
2025-10-10 14:31:38,155 - INFO - src.optimization_cv 90 - Trial 39: Ganancia CV = 334,368,049 ± 12,910,621 
2025-10-10 14:31:38,159 - INFO - src.optimization_cv 91 - Trial 39: Mejor iteración en CV: 81 
2025-10-10 14:31:38,187 - INFO - src.optimization_cv 146 - Iteración 39 guardada. Ganancia promedio CV: 334,368,049 
2025-10-10 14:33:49,783 - INFO - src.optimization_cv 90 - Trial 40: Ganancia CV = 338,416,820 ± 10,837,858 
2025-10-10 14:33:49,786 - INFO - src.optimization_cv 91 - Trial 40: Mejor iteración en CV: 199 
2025-10-10 14:33:49,812 - INFO - src.optimization_cv 146 - Iteración 40 guardada. Ganancia promedio CV: 338,416,820 
2025-10-10 14:35:18,533 - INFO - src.optimization_cv 90 - Trial 41: Ganancia CV = 334,500,400 ± 15,576,540 
2025-10-10 14:35:18,536 - INFO - src.optimization_cv 91 - Trial 41: Mejor iteración en CV: 69 
2025-10-10 14:35:18,560 - INFO - src.optimization_cv 146 - Iteración 41 guardada. Ganancia promedio CV: 334,500,400 
2025-10-10 14:37:43,120 - INFO - src.optimization_cv 90 - Trial 42: Ganancia CV = 337,937,109 ± 10,601,707 
2025-10-10 14:37:43,127 - INFO - src.optimization_cv 91 - Trial 42: Mejor iteración en CV: 100 
2025-10-10 14:37:43,154 - INFO - src.optimization_cv 146 - Iteración 42 guardada. Ganancia promedio CV: 337,937,109 
2025-10-10 14:39:46,030 - INFO - src.optimization_cv 90 - Trial 43: Ganancia CV = 338,133,879 ± 12,851,265 
2025-10-10 14:39:46,038 - INFO - src.optimization_cv 91 - Trial 43: Mejor iteración en CV: 65 
2025-10-10 14:39:46,069 - INFO - src.optimization_cv 146 - Iteración 43 guardada. Ganancia promedio CV: 338,133,879 
2025-10-10 14:41:13,058 - INFO - src.optimization_cv 90 - Trial 44: Ganancia CV = 333,712,174 ± 17,331,743 
2025-10-10 14:41:13,065 - INFO - src.optimization_cv 91 - Trial 44: Mejor iteración en CV: 114 
2025-10-10 14:41:13,102 - INFO - src.optimization_cv 146 - Iteración 44 guardada. Ganancia promedio CV: 333,712,174 
2025-10-10 14:43:28,977 - INFO - src.optimization_cv 90 - Trial 45: Ganancia CV = 337,190,238 ± 12,297,109 
2025-10-10 14:43:28,980 - INFO - src.optimization_cv 91 - Trial 45: Mejor iteración en CV: 83 
2025-10-10 14:43:28,995 - INFO - src.optimization_cv 146 - Iteración 45 guardada. Ganancia promedio CV: 337,190,238 
2025-10-10 14:44:47,213 - INFO - src.optimization_cv 90 - Trial 46: Ganancia CV = 333,366,069 ± 16,351,661 
2025-10-10 14:44:47,216 - INFO - src.optimization_cv 91 - Trial 46: Mejor iteración en CV: 57 
2025-10-10 14:44:47,233 - INFO - src.optimization_cv 146 - Iteración 46 guardada. Ganancia promedio CV: 333,366,069 
2025-10-10 14:46:18,603 - INFO - src.optimization_cv 90 - Trial 47: Ganancia CV = 334,864,000 ± 16,761,833 
2025-10-10 14:46:18,606 - INFO - src.optimization_cv 91 - Trial 47: Mejor iteración en CV: 65 
2025-10-10 14:46:18,626 - INFO - src.optimization_cv 146 - Iteración 47 guardada. Ganancia promedio CV: 334,864,000 
2025-10-10 14:48:09,662 - INFO - src.optimization_cv 90 - Trial 48: Ganancia CV = 316,724,395 ± 11,717,310 
2025-10-10 14:48:09,666 - INFO - src.optimization_cv 91 - Trial 48: Mejor iteración en CV: 171 
2025-10-10 14:48:09,683 - INFO - src.optimization_cv 146 - Iteración 48 guardada. Ganancia promedio CV: 316,724,395 
2025-10-10 14:50:15,590 - INFO - src.optimization_cv 90 - Trial 49: Ganancia CV = 334,228,532 ± 18,292,201 
2025-10-10 14:50:15,593 - INFO - src.optimization_cv 91 - Trial 49: Mejor iteración en CV: 157 
2025-10-10 14:50:15,610 - INFO - src.optimization_cv 146 - Iteración 49 guardada. Ganancia promedio CV: 334,228,532 
2025-10-10 14:50:16,073 - INFO - src.optimization_cv 175 - === OPTIMIZACIÓN CON CV COMPLETADA ===
2025-10-10 14:50:16,083 - INFO - src.optimization_cv 176 - Número de trials completados: 50
2025-10-10 14:50:16,084 - INFO - src.optimization_cv 177 - Mejor ganancia promedio = 341,064,594
2025-10-10 14:50:16,084 - INFO - src.optimization_cv 178 - Mejores parámetros: {'num_iterations': 831, 'num_leaves': 585, 'learn_rate': 0.10079048160581068, 'feature_fraction': 0.9137583552790043, 'bagging_fraction': 0.42470952800712797, 'min_child_samples': 4757, 'max_depth': 8, 'reg_lambda': 5.353741834422334, 'reg_alpha': 3.5582859578508126, 'min_gain_to_split': 0.1350800138009729}
2025-10-10 14:50:16,086 - INFO - __main__ 67 - === ANÁLISIS DE RESULTADOS ===
2025-10-10 14:50:16,177 - INFO - __main__ 71 - Top 5 mejores trials:
2025-10-10 14:50:16,183 - INFO - __main__ 73 -   Trial 30: 341,064,594
2025-10-10 14:50:16,183 - INFO - __main__ 73 -   Trial 27: 340,511,592
2025-10-10 14:50:16,184 - INFO - __main__ 73 -   Trial 1: 340,203,191
2025-10-10 14:50:16,184 - INFO - __main__ 73 -   Trial 22: 339,503,354
2025-10-10 14:50:16,185 - INFO - __main__ 73 -   Trial 21: 339,331,435
2025-10-10 14:50:16,185 - INFO - __main__ 75 - === OPTIMIZACIÓN COMPLETADA ===
2025-10-10 14:50:16,185 - INFO - __main__ 78 - === EVALUACIÓN EN CONJUNTO DE TEST ===
2025-10-10 14:50:16,188 - INFO - src.best_params 34 - Mejores hiperparámetros cargados desde resultados/lgb_optimization_cv_competencia01_d_iteraciones.json
2025-10-10 14:50:16,189 - INFO - src.best_params 35 - Mejor ganancia encontrada: 341,064,594
2025-10-10 14:50:16,189 - INFO - src.best_params 36 - Trial número: 30
2025-10-10 14:50:16,189 - INFO - src.best_params 37 - Parámetros: {'num_iterations': 831, 'num_leaves': 585, 'learn_rate': 0.10079048160581068, 'feature_fraction': 0.9137583552790043, 'bagging_fraction': 0.42470952800712797, 'min_child_samples': 4757, 'max_depth': 8, 'reg_lambda': 5.353741834422334, 'reg_alpha': 3.5582859578508126, 'min_gain_to_split': 0.1350800138009729}
2025-10-10 14:50:16,190 - INFO - src.optimization 301 - === EVALUACIÓN EN CONJUNTO DE TEST ===
2025-10-10 14:50:16,190 - INFO - src.optimization 302 - Período de test: 202104
2025-10-10 14:50:25,916 - INFO - src.optimization 319 - Entrenando modelo con mejores hiperparámetros...
2025-10-10 14:50:25,917 - INFO - src.optimization 320 - Dimensiones df_train_completo: (322010, 726), Dimensiones df_test: (161783, 726)
2025-10-10 14:50:27,968 - INFO - src.optimization 327 - Tipo de dato de train_data: <class 'lightgbm.basic.Dataset'>, Dimensiones de train_data: (322010, 725)
2025-10-10 14:51:39,891 - INFO - src.optimization 430 - Ganancia: 875,360,000---Total Predicciones positivas: 15,672
2025-10-10 14:51:39,896 - INFO - __main__ 89 - === RESUMEN DE EVALUACIÓN EN TEST ===
2025-10-10 14:51:39,898 - INFO - __main__ 90 - ✅ Ganancia en test: 875,360,000
2025-10-10 14:51:39,898 - INFO - __main__ 91 - 🔍 Umbral óptimo encontrado: 0.0350
2025-10-10 14:51:39,899 - INFO - __main__ 92 - 🎯 Predicciones positivas: 15,672 (9.69%)
2025-10-10 14:51:39,899 - INFO - __main__ 96 - === ENTRENAMIENTO FINAL ===
2025-10-10 14:51:39,899 - INFO - __main__ 97 - Preparar datos para entrenamiento final
2025-10-10 14:51:39,900 - INFO - src.final_training 25 - Preparando datos para entrenamiento final
2025-10-10 14:51:39,901 - INFO - src.final_training 26 - Períodos de entrenamiento: ['202101', '202102', '202103', '202104']
2025-10-10 14:51:39,901 - INFO - src.final_training 27 - Período de predicción: 202106
2025-10-10 14:52:00,374 - INFO - src.final_training 37 - Registros de entrenamiento: 643,704
2025-10-10 14:52:00,386 - INFO - src.final_training 38 - Registros de predicción: 162,669
2025-10-10 14:52:22,469 - INFO - src.final_training 55 - Features utilizadas: 725
2025-10-10 14:52:22,525 - INFO - src.final_training 56 - Distribución del target - 0: 636,501, 1: 7,203
2025-10-10 14:52:23,066 - INFO - __main__ 107 - Entrenar modelo final
2025-10-10 14:52:23,067 - INFO - src.final_training 76 - Iniciando entrenamiento del modelo final
2025-10-10 14:52:23,071 - INFO - src.final_training 87 - Parámetros del modelo: {'objective': 'binary', 'metric': 'None', 'random_state': 839071, 'verbose': -1, 'num_iterations': 831, 'num_leaves': 585, 'learn_rate': 0.10079048160581068, 'feature_fraction': 0.9137583552790043, 'bagging_fraction': 0.42470952800712797, 'min_child_samples': 4757, 'max_depth': 8, 'reg_lambda': 5.353741834422334, 'reg_alpha': 3.5582859578508126, 'min_gain_to_split': 0.1350800138009729}
2025-10-10 14:56:10,410 - INFO - src.final_training 112 - Modelo final guardado en: resultados/modelo_final_lgb_optimization_cv_competencia01_d_2025-10-10_14-56-10.txt
2025-10-10 14:56:10,411 - INFO - src.final_training 114 - Entrenamiento del modelo final completado
2025-10-10 14:56:10,564 - INFO - __main__ 111 - Generar predicciones finales
2025-10-10 14:56:10,565 - INFO - src.final_training 130 - Generando predicciones finales
2025-10-10 14:56:15,056 - INFO - src.final_training 143 - Predicciones de probabilidad guardadas en: resultados/predicciones_probabilidad_lgb_optimization_cv_competencia01_d_2025-10-10_14-56-14.csv
2025-10-10 14:56:15,069 - INFO - src.final_training 165 - Predicciones generadas:
2025-10-10 14:56:15,070 - INFO - src.final_training 166 -   Total clientes: 162,669
2025-10-10 14:56:15,070 - INFO - src.final_training 167 -   Predicciones positivas: 15,758 (9.69%)
2025-10-10 14:56:15,071 - INFO - src.final_training 168 -   Predicciones negativas: 146,911
2025-10-10 14:56:15,071 - INFO - src.final_training 169 -   Porcentaje solicitado: 0.0969
2025-10-10 14:56:15,071 - INFO - __main__ 116 - Guardar predicciones
2025-10-10 14:56:15,181 - INFO - src.output_manager 42 - Predicciones guardadas en: predict/lgb_optimization_cv_competencia01_d_20251010_145615.csv
2025-10-10 14:56:15,181 - INFO - src.output_manager 43 - Formato del archivo:
2025-10-10 14:56:15,182 - INFO - src.output_manager 44 -   Columnas: ['numero_de_cliente', 'predict']
2025-10-10 14:56:15,182 - INFO - src.output_manager 45 -   Registros: 162,669
2025-10-10 14:56:15,182 - INFO - src.output_manager 46 -   Primeras filas:
2025-10-10 14:56:15,223 - INFO - src.output_manager 47 -    numero_de_cliente  predict
0          480333243        0
1          480352791        0
2          480666088        0
3          480698394        0
4          480851101        0
2025-10-10 14:56:15,224 - INFO - __main__ 120 - === RESUMEN FINAL ===
2025-10-10 14:56:15,224 - INFO - __main__ 121 - ✅ Entrenamiento final completado exitosamente
2025-10-10 14:56:15,224 - INFO - __main__ 122 - 📊 Mejores hiperparámetros utilizados: {'num_iterations': 831, 'num_leaves': 585, 'learn_rate': 0.10079048160581068, 'feature_fraction': 0.9137583552790043, 'bagging_fraction': 0.42470952800712797, 'min_child_samples': 4757, 'max_depth': 8, 'reg_lambda': 5.353741834422334, 'reg_alpha': 3.5582859578508126, 'min_gain_to_split': 0.1350800138009729}
2025-10-10 14:56:15,225 - INFO - __main__ 123 - 🎯 Períodos de entrenamiento: ['202101', '202102', '202103', '202104']
2025-10-10 14:56:15,225 - INFO - __main__ 124 - 🔮 Período de predicción: 202106
2025-10-10 14:56:15,225 - INFO - __main__ 127 - 📁 Archivo de salida: predict/lgb_optimization_cv_competencia01_d_20251010_145615.csv
2025-10-10 14:56:15,225 - INFO - __main__ 128 - 📝 Log detallado: logs/log_lgb_optimization_cv_competencia01_d_2025-10-10_13-26-31.log
2025-10-10 14:56:15,226 - INFO - __main__ 131 - >>> Ejecución finalizada. Revisar logs para mas detalles.
