2025-10-10 11:11:27,736 - INFO - __main__ 37 - Inicio de ejecucion.
2025-10-10 11:11:27,736 - INFO - __main__ 39 - Número de trials por estudio: 75
2025-10-10 11:11:27,738 - INFO - __name__ 14 - Cargando dataset desde ./data/competencia_01.csv
2025-10-10 11:11:37,647 - INFO - __name__ 17 - Dataset cargado con 978439 filas y 155 columnas
2025-10-10 11:11:37,657 - INFO - __main__ 49 - Archivo de features encontrado: data/df_fe_lgb_optimization_cv_competencia01_c.csv. Cargando desde disco.
2025-10-10 11:12:57,062 - INFO - __main__ 56 - Feature Engineering completado: (978439, 725)
2025-10-10 11:13:03,188 - INFO - __name__ 54 - Conversión completada:
2025-10-10 11:13:03,201 - INFO - __name__ 55 -   Original - CONTINUA: 642830, BAJA+1: 4575, BAJA+2: 3938
2025-10-10 11:13:03,204 - INFO - __name__ 56 -   Binario - 0: 642830, 1: 8513
2025-10-10 11:13:03,210 - INFO - __name__ 57 -   Distribución: 1.31% casos positivos
2025-10-10 11:13:04,438 - INFO - __main__ 78 - === EVALUACIÓN EN CONJUNTO DE TEST ===
2025-10-10 11:13:04,470 - INFO - src.best_params 34 - Mejores hiperparámetros cargados desde resultados/lgb_optimization_cv_competencia01_c_iteraciones.json
2025-10-10 11:13:04,471 - INFO - src.best_params 35 - Mejor ganancia encontrada: 353,123,593
2025-10-10 11:13:04,472 - INFO - src.best_params 36 - Trial número: 72
2025-10-10 11:13:04,473 - INFO - src.best_params 37 - Parámetros: {'num_iterations': 549, 'num_leaves': 1656, 'learn_rate': 0.08357316215639495, 'feature_fraction': 0.8437359211810707, 'bagging_fraction': 0.4771318585702, 'min_child_samples': 308, 'max_depth': 9, 'reg_lambda': 5.107421374163707, 'reg_alpha': 3.9726811427968167, 'min_gain_to_split': 0.07424014953201251}
2025-10-10 11:13:04,479 - INFO - src.optimization 301 - === EVALUACIÓN EN CONJUNTO DE TEST ===
2025-10-10 11:13:04,479 - INFO - src.optimization 302 - Período de test: 202104
2025-10-10 11:13:08,275 - INFO - src.optimization 319 - Entrenando modelo con mejores hiperparámetros...
2025-10-10 11:13:08,275 - INFO - src.optimization 320 - Dimensiones df_train_completo: (325264, 725), Dimensiones df_test: (163418, 725)
2025-10-10 11:13:09,208 - INFO - src.optimization 327 - Tipo de dato de train_data: <class 'lightgbm.basic.Dataset'>, Dimensiones de train_data: (325264, 724)
