2025-10-08 00:09:16,757 - INFO - __main__ 36 - Inicio de ejecucion.
2025-10-08 00:09:16,757 - INFO - __main__ 38 - Número de trials por estudio: 100
2025-10-08 00:09:16,758 - INFO - __name__ 14 - Cargando dataset desde ./data/competencia_01.csv
2025-10-08 00:09:28,060 - INFO - __name__ 17 - Dataset cargado con 978439 filas y 155 columnas
2025-10-08 00:09:28,458 - INFO - __name__ 30 - Realizando feature engineering con 2 lags para 137 atributos
2025-10-08 00:09:28,459 - WARNING - __name__ 45 - El atributo mtarjeta_visa_debitos_automaticos no existe en el DataFrame
2025-10-08 00:09:57,833 - INFO - __name__ 60 - Feature engineering completado. DataFrame resultante con 427 columnas
2025-10-08 00:09:57,881 - INFO - __name__ 634 - Operación 'lag' aplicada. Nombre de nuevas variables: ['cproductos_lag_1', 'cproductos_lag_2', 'ccuenta_corriente_lag_1', 'ccuenta_corriente_lag_2', 'ccaja_ahorro_lag_1', 'ccaja_ahorro_lag_2', 'ctarjeta_debito_lag_1', 'ctarjeta_debito_lag_2', 'ctarjeta_debito_transacciones_lag_1', 'ctarjeta_debito_transacciones_lag_2', 'ctarjeta_visa_lag_1', 'ctarjeta_visa_lag_2', 'ctarjeta_visa_transacciones_lag_1', 'ctarjeta_visa_transacciones_lag_2', 'ctarjeta_master_lag_1', 'ctarjeta_master_lag_2', 'ctarjeta_master_transacciones_lag_1', 'ctarjeta_master_transacciones_lag_2', 'cprestamos_personales_lag_1', 'cprestamos_personales_lag_2', 'cprestamos_prendarios_lag_1', 'cprestamos_prendarios_lag_2', 'cprestamos_hipotecarios_lag_1', 'cprestamos_hipotecarios_lag_2', 'cplazo_fijo_lag_1', 'cplazo_fijo_lag_2', 'cinversion1_lag_1', 'cinversion1_lag_2', 'cinversion2_lag_1', 'cinversion2_lag_2', 'cseguro_vida_lag_1', 'cseguro_vida_lag_2', 'cseguro_auto_lag_1', 'cseguro_auto_lag_2', 'cseguro_vivienda_lag_1', 'cseguro_vivienda_lag_2', 'cseguro_accidentes_personales_lag_1', 'cseguro_accidentes_personales_lag_2', 'cpayroll_trx_lag_1', 'cpayroll_trx_lag_2', 'cpayroll2_trx_lag_1', 'cpayroll2_trx_lag_2', 'ccuenta_debitos_automaticos_lag_1', 'ccuenta_debitos_automaticos_lag_2', 'ctarjeta_visa_debitos_automaticos_lag_1', 'ctarjeta_visa_debitos_automaticos_lag_2', 'ctarjeta_master_debitos_automaticos_lag_1', 'ctarjeta_master_debitos_automaticos_lag_2', 'cpagodeservicios_lag_1', 'cpagodeservicios_lag_2', 'cpagomiscuentas_lag_1', 'cpagomiscuentas_lag_2', 'ccajeros_propios_descuentos_lag_1', 'ccajeros_propios_descuentos_lag_2', 'ctarjeta_visa_descuentos_lag_1', 'ctarjeta_visa_descuentos_lag_2', 'ctarjeta_master_descuentos_lag_1', 'ctarjeta_master_descuentos_lag_2', 'ccomisiones_mantenimiento_lag_1', 'ccomisiones_mantenimiento_lag_2', 'ccomisiones_otras_lag_1', 'ccomisiones_otras_lag_2', 'cforex_lag_1', 'cforex_lag_2', 'cforex_buy_lag_1', 'cforex_buy_lag_2', 'ctransferencias_recibidas_lag_1', 'ctransferencias_recibidas_lag_2', 'ctransferencias_emitidas_lag_1', 'ctransferencias_emitidas_lag_2', 'cextraccion_autoservicio_lag_1', 'cextraccion_autoservicio_lag_2', 'ccheques_depositados_lag_1', 'ccheques_depositados_lag_2', 'ccheques_emitidos_lag_1', 'ccheques_emitidos_lag_2', 'ccheques_depositados_rechazados_lag_1', 'ccheques_depositados_rechazados_lag_2', 'ccheques_emitidos_rechazados_lag_1', 'ccheques_emitidos_rechazados_lag_2', 'ccallcenter_transacciones_lag_1', 'ccallcenter_transacciones_lag_2', 'chomebanking_transacciones_lag_1', 'chomebanking_transacciones_lag_2', 'ccajas_transacciones_lag_1', 'ccajas_transacciones_lag_2', 'ccajas_consultas_lag_1', 'ccajas_consultas_lag_2', 'ccajas_depositos_lag_1', 'ccajas_depositos_lag_2', 'ccajas_extracciones_lag_1', 'ccajas_extracciones_lag_2', 'ccajas_otras_lag_1', 'ccajas_otras_lag_2', 'catm_trx_lag_1', 'catm_trx_lag_2', 'catm_trx_other_lag_1', 'catm_trx_other_lag_2', 'ctrx_quarter_lag_1', 'ctrx_quarter_lag_2', 'cmobile_app_trx_lag_1', 'cmobile_app_trx_lag_2', 'Master_cconsumos_lag_1', 'Master_cconsumos_lag_2', 'Master_cadelantosefectivo_lag_1', 'Master_cadelantosefectivo_lag_2', 'Visa_cconsumos_lag_1', 'Visa_cconsumos_lag_2', 'Visa_cadelantosefectivo_lag_1', 'Visa_cadelantosefectivo_lag_2', 'Master_Fvencimiento_lag_1', 'Master_Fvencimiento_lag_2', 'Master_Finiciomora_lag_1', 'Master_Finiciomora_lag_2', 'Master_fultimo_cierre_lag_1', 'Master_fultimo_cierre_lag_2', 'Master_fechaalta_lag_1', 'Master_fechaalta_lag_2', 'Visa_Fvencimiento_lag_1', 'Visa_Fvencimiento_lag_2', 'Visa_Finiciomora_lag_1', 'Visa_Finiciomora_lag_2', 'Visa_fultimo_cierre_lag_1', 'Visa_fultimo_cierre_lag_2', 'Visa_fechaalta_lag_1', 'Visa_fechaalta_lag_2', 'mrentabilidad_lag_1', 'mrentabilidad_lag_2', 'mrentabilidad_annual_lag_1', 'mrentabilidad_annual_lag_2', 'mcomisiones_lag_1', 'mcomisiones_lag_2', 'mactivos_margen_lag_1', 'mactivos_margen_lag_2', 'mpasivos_margen_lag_1', 'mpasivos_margen_lag_2', 'mcuenta_corriente_adicional_lag_1', 'mcuenta_corriente_adicional_lag_2', 'mcuenta_corriente_lag_1', 'mcuenta_corriente_lag_2', 'mcaja_ahorro_lag_1', 'mcaja_ahorro_lag_2', 'mcaja_ahorro_adicional_lag_1', 'mcaja_ahorro_adicional_lag_2', 'mcaja_ahorro_dolares_lag_1', 'mcaja_ahorro_dolares_lag_2', 'mcuentas_saldo_lag_1', 'mcuentas_saldo_lag_2', 'mautoservicio_lag_1', 'mautoservicio_lag_2', 'mtarjeta_visa_consumo_lag_1', 'mtarjeta_visa_consumo_lag_2', 'mtarjeta_master_consumo_lag_1', 'mtarjeta_master_consumo_lag_2', 'mprestamos_personales_lag_1', 'mprestamos_personales_lag_2', 'mprestamos_prendarios_lag_1', 'mprestamos_prendarios_lag_2', 'mprestamos_hipotecarios_lag_1', 'mprestamos_hipotecarios_lag_2', 'mplazo_fijo_dolares_lag_1', 'mplazo_fijo_dolares_lag_2', 'mplazo_fijo_pesos_lag_1', 'mplazo_fijo_pesos_lag_2', 'minversion1_pesos_lag_1', 'minversion1_pesos_lag_2', 'minversion1_dolares_lag_1', 'minversion1_dolares_lag_2', 'minversion2_lag_1', 'minversion2_lag_2', 'mpayroll_lag_1', 'mpayroll_lag_2', 'mpayroll2_lag_1', 'mpayroll2_lag_2', 'mcuenta_debitos_automaticos_lag_1', 'mcuenta_debitos_automaticos_lag_2', 'mtarjeta_visa_debitos_automaticos_lag_1', 'mtarjeta_visa_debitos_automaticos_lag_2', 'mttarjeta_master_debitos_automaticos_lag_1', 'mttarjeta_master_debitos_automaticos_lag_2', 'mpagodeservicios_lag_1', 'mpagodeservicios_lag_2', 'mpagomiscuentas_lag_1', 'mpagomiscuentas_lag_2', 'mcajeros_propios_descuentos_lag_1', 'mcajeros_propios_descuentos_lag_2', 'mtarjeta_visa_descuentos_lag_1', 'mtarjeta_visa_descuentos_lag_2', 'mtarjeta_master_descuentos_lag_1', 'mtarjeta_master_descuentos_lag_2', 'mcomisiones_mantenimiento_lag_1', 'mcomisiones_mantenimiento_lag_2', 'mcomisiones_otras_lag_1', 'mcomisiones_otras_lag_2', 'mforex_buy_lag_1', 'mforex_buy_lag_2', 'mforex_sell_lag_1', 'mforex_sell_lag_2', 'mtransferencias_recibidas_lag_1', 'mtransferencias_recibidas_lag_2', 'mtransferencias_emitidas_lag_1', 'mtransferencias_emitidas_lag_2', 'mextraccion_autoservicio_lag_1', 'mextraccion_autoservicio_lag_2', 'mcheques_depositados_lag_1', 'mcheques_depositados_lag_2', 'mcheques_emitidos_lag_1', 'mcheques_emitidos_lag_2', 'mcheques_depositados_rechazados_lag_1', 'mcheques_depositados_rechazados_lag_2', 'mcheques_emitidos_rechazados_lag_1', 'mcheques_emitidos_rechazados_lag_2', 'matm_lag_1', 'matm_lag_2', 'matm_other_lag_1', 'matm_other_lag_2', 'Master_mfinanciacion_limite_lag_1', 'Master_mfinanciacion_limite_lag_2', 'Master_msaldototal_lag_1', 'Master_msaldototal_lag_2', 'Master_msaldopesos_lag_1', 'Master_msaldopesos_lag_2', 'Master_msaldodolares_lag_1', 'Master_msaldodolares_lag_2', 'Master_mconsumospesos_lag_1', 'Master_mconsumospesos_lag_2', 'Master_mconsumosdolares_lag_1', 'Master_mconsumosdolares_lag_2', 'Master_mlimitecompra_lag_1', 'Master_mlimitecompra_lag_2', 'Master_madelantopesos_lag_1', 'Master_madelantopesos_lag_2', 'Master_madelantodolares_lag_1', 'Master_madelantodolares_lag_2', 'Master_mpagado_lag_1', 'Master_mpagado_lag_2', 'Master_mpagospesos_lag_1', 'Master_mpagospesos_lag_2', 'Master_mpagosdolares_lag_1', 'Master_mpagosdolares_lag_2', 'Master_mconsumototal_lag_1', 'Master_mconsumototal_lag_2', 'Master_mpagominimo_lag_1', 'Master_mpagominimo_lag_2', 'Visa_mfinanciacion_limite_lag_1', 'Visa_mfinanciacion_limite_lag_2', 'Visa_msaldototal_lag_1', 'Visa_msaldototal_lag_2', 'Visa_msaldopesos_lag_1', 'Visa_msaldopesos_lag_2', 'Visa_msaldodolares_lag_1', 'Visa_msaldodolares_lag_2', 'Visa_mconsumospesos_lag_1', 'Visa_mconsumospesos_lag_2', 'Visa_mconsumosdolares_lag_1', 'Visa_mconsumosdolares_lag_2', 'Visa_mlimitecompra_lag_1', 'Visa_mlimitecompra_lag_2', 'Visa_madelantopesos_lag_1', 'Visa_madelantopesos_lag_2', 'Visa_madelantodolares_lag_1', 'Visa_madelantodolares_lag_2', 'Visa_mpagado_lag_1', 'Visa_mpagado_lag_2', 'Visa_mpagospesos_lag_1', 'Visa_mpagospesos_lag_2', 'Visa_mpagosdolares_lag_1', 'Visa_mpagosdolares_lag_2', 'Visa_mconsumototal_lag_1', 'Visa_mconsumototal_lag_2', 'Visa_mpagominimo_lag_1', 'Visa_mpagominimo_lag_2', 'cforex_sell_lag_1', 'cforex_sell_lag_2']
2025-10-08 00:09:57,886 - INFO - __name__ 84 - Realizando feature engineering de delta lag con 2 lags para 137 atributos
2025-10-08 00:09:57,895 - WARNING - __name__ 102 - El atributo mtarjeta_visa_debitos_automaticos no existe en el DataFrame
2025-10-08 00:11:12,694 - INFO - __name__ 115 - Feature engineering de delta lag completado. DataFrame resultante con 699 columnas
2025-10-08 00:11:12,880 - INFO - __name__ 638 - Operación 'delta_lag' aplicada. Nombre de nuevas variables: ['cproductos_delta_lag_1', 'cproductos_delta_lag_2', 'ccuenta_corriente_delta_lag_1', 'ccuenta_corriente_delta_lag_2', 'ccaja_ahorro_delta_lag_1', 'ccaja_ahorro_delta_lag_2', 'ctarjeta_debito_delta_lag_1', 'ctarjeta_debito_delta_lag_2', 'ctarjeta_debito_transacciones_delta_lag_1', 'ctarjeta_debito_transacciones_delta_lag_2', 'ctarjeta_visa_delta_lag_1', 'ctarjeta_visa_delta_lag_2', 'ctarjeta_visa_transacciones_delta_lag_1', 'ctarjeta_visa_transacciones_delta_lag_2', 'ctarjeta_master_delta_lag_1', 'ctarjeta_master_delta_lag_2', 'ctarjeta_master_transacciones_delta_lag_1', 'ctarjeta_master_transacciones_delta_lag_2', 'cprestamos_personales_delta_lag_1', 'cprestamos_personales_delta_lag_2', 'cprestamos_prendarios_delta_lag_1', 'cprestamos_prendarios_delta_lag_2', 'cprestamos_hipotecarios_delta_lag_1', 'cprestamos_hipotecarios_delta_lag_2', 'cplazo_fijo_delta_lag_1', 'cplazo_fijo_delta_lag_2', 'cinversion1_delta_lag_1', 'cinversion1_delta_lag_2', 'cinversion2_delta_lag_1', 'cinversion2_delta_lag_2', 'cseguro_vida_delta_lag_1', 'cseguro_vida_delta_lag_2', 'cseguro_auto_delta_lag_1', 'cseguro_auto_delta_lag_2', 'cseguro_vivienda_delta_lag_1', 'cseguro_vivienda_delta_lag_2', 'cseguro_accidentes_personales_delta_lag_1', 'cseguro_accidentes_personales_delta_lag_2', 'cpayroll_trx_delta_lag_1', 'cpayroll_trx_delta_lag_2', 'cpayroll2_trx_delta_lag_1', 'cpayroll2_trx_delta_lag_2', 'ccuenta_debitos_automaticos_delta_lag_1', 'ccuenta_debitos_automaticos_delta_lag_2', 'ctarjeta_visa_debitos_automaticos_delta_lag_1', 'ctarjeta_visa_debitos_automaticos_delta_lag_2', 'ctarjeta_master_debitos_automaticos_delta_lag_1', 'ctarjeta_master_debitos_automaticos_delta_lag_2', 'cpagodeservicios_delta_lag_1', 'cpagodeservicios_delta_lag_2', 'cpagomiscuentas_delta_lag_1', 'cpagomiscuentas_delta_lag_2', 'ccajeros_propios_descuentos_delta_lag_1', 'ccajeros_propios_descuentos_delta_lag_2', 'ctarjeta_visa_descuentos_delta_lag_1', 'ctarjeta_visa_descuentos_delta_lag_2', 'ctarjeta_master_descuentos_delta_lag_1', 'ctarjeta_master_descuentos_delta_lag_2', 'ccomisiones_mantenimiento_delta_lag_1', 'ccomisiones_mantenimiento_delta_lag_2', 'ccomisiones_otras_delta_lag_1', 'ccomisiones_otras_delta_lag_2', 'cforex_delta_lag_1', 'cforex_delta_lag_2', 'cforex_buy_delta_lag_1', 'cforex_buy_delta_lag_2', 'ctransferencias_recibidas_delta_lag_1', 'ctransferencias_recibidas_delta_lag_2', 'ctransferencias_emitidas_delta_lag_1', 'ctransferencias_emitidas_delta_lag_2', 'cextraccion_autoservicio_delta_lag_1', 'cextraccion_autoservicio_delta_lag_2', 'ccheques_depositados_delta_lag_1', 'ccheques_depositados_delta_lag_2', 'ccheques_emitidos_delta_lag_1', 'ccheques_emitidos_delta_lag_2', 'ccheques_depositados_rechazados_delta_lag_1', 'ccheques_depositados_rechazados_delta_lag_2', 'ccheques_emitidos_rechazados_delta_lag_1', 'ccheques_emitidos_rechazados_delta_lag_2', 'ccallcenter_transacciones_delta_lag_1', 'ccallcenter_transacciones_delta_lag_2', 'chomebanking_transacciones_delta_lag_1', 'chomebanking_transacciones_delta_lag_2', 'ccajas_transacciones_delta_lag_1', 'ccajas_transacciones_delta_lag_2', 'ccajas_consultas_delta_lag_1', 'ccajas_consultas_delta_lag_2', 'ccajas_depositos_delta_lag_1', 'ccajas_depositos_delta_lag_2', 'ccajas_extracciones_delta_lag_1', 'ccajas_extracciones_delta_lag_2', 'ccajas_otras_delta_lag_1', 'ccajas_otras_delta_lag_2', 'catm_trx_delta_lag_1', 'catm_trx_delta_lag_2', 'catm_trx_other_delta_lag_1', 'catm_trx_other_delta_lag_2', 'ctrx_quarter_delta_lag_1', 'ctrx_quarter_delta_lag_2', 'cmobile_app_trx_delta_lag_1', 'cmobile_app_trx_delta_lag_2', 'Master_cconsumos_delta_lag_1', 'Master_cconsumos_delta_lag_2', 'Master_cadelantosefectivo_delta_lag_1', 'Master_cadelantosefectivo_delta_lag_2', 'Visa_cconsumos_delta_lag_1', 'Visa_cconsumos_delta_lag_2', 'Visa_cadelantosefectivo_delta_lag_1', 'Visa_cadelantosefectivo_delta_lag_2', 'Master_Fvencimiento_delta_lag_1', 'Master_Fvencimiento_delta_lag_2', 'Master_Finiciomora_delta_lag_1', 'Master_Finiciomora_delta_lag_2', 'Master_fultimo_cierre_delta_lag_1', 'Master_fultimo_cierre_delta_lag_2', 'Master_fechaalta_delta_lag_1', 'Master_fechaalta_delta_lag_2', 'Visa_Fvencimiento_delta_lag_1', 'Visa_Fvencimiento_delta_lag_2', 'Visa_Finiciomora_delta_lag_1', 'Visa_Finiciomora_delta_lag_2', 'Visa_fultimo_cierre_delta_lag_1', 'Visa_fultimo_cierre_delta_lag_2', 'Visa_fechaalta_delta_lag_1', 'Visa_fechaalta_delta_lag_2', 'mrentabilidad_delta_lag_1', 'mrentabilidad_delta_lag_2', 'mrentabilidad_annual_delta_lag_1', 'mrentabilidad_annual_delta_lag_2', 'mcomisiones_delta_lag_1', 'mcomisiones_delta_lag_2', 'mactivos_margen_delta_lag_1', 'mactivos_margen_delta_lag_2', 'mpasivos_margen_delta_lag_1', 'mpasivos_margen_delta_lag_2', 'mcuenta_corriente_adicional_delta_lag_1', 'mcuenta_corriente_adicional_delta_lag_2', 'mcuenta_corriente_delta_lag_1', 'mcuenta_corriente_delta_lag_2', 'mcaja_ahorro_delta_lag_1', 'mcaja_ahorro_delta_lag_2', 'mcaja_ahorro_adicional_delta_lag_1', 'mcaja_ahorro_adicional_delta_lag_2', 'mcaja_ahorro_dolares_delta_lag_1', 'mcaja_ahorro_dolares_delta_lag_2', 'mcuentas_saldo_delta_lag_1', 'mcuentas_saldo_delta_lag_2', 'mautoservicio_delta_lag_1', 'mautoservicio_delta_lag_2', 'mtarjeta_visa_consumo_delta_lag_1', 'mtarjeta_visa_consumo_delta_lag_2', 'mtarjeta_master_consumo_delta_lag_1', 'mtarjeta_master_consumo_delta_lag_2', 'mprestamos_personales_delta_lag_1', 'mprestamos_personales_delta_lag_2', 'mprestamos_prendarios_delta_lag_1', 'mprestamos_prendarios_delta_lag_2', 'mprestamos_hipotecarios_delta_lag_1', 'mprestamos_hipotecarios_delta_lag_2', 'mplazo_fijo_dolares_delta_lag_1', 'mplazo_fijo_dolares_delta_lag_2', 'mplazo_fijo_pesos_delta_lag_1', 'mplazo_fijo_pesos_delta_lag_2', 'minversion1_pesos_delta_lag_1', 'minversion1_pesos_delta_lag_2', 'minversion1_dolares_delta_lag_1', 'minversion1_dolares_delta_lag_2', 'minversion2_delta_lag_1', 'minversion2_delta_lag_2', 'mpayroll_delta_lag_1', 'mpayroll_delta_lag_2', 'mpayroll2_delta_lag_1', 'mpayroll2_delta_lag_2', 'mcuenta_debitos_automaticos_delta_lag_1', 'mcuenta_debitos_automaticos_delta_lag_2', 'mtarjeta_visa_debitos_automaticos_delta_lag_1', 'mtarjeta_visa_debitos_automaticos_delta_lag_2', 'mttarjeta_master_debitos_automaticos_delta_lag_1', 'mttarjeta_master_debitos_automaticos_delta_lag_2', 'mpagodeservicios_delta_lag_1', 'mpagodeservicios_delta_lag_2', 'mpagomiscuentas_delta_lag_1', 'mpagomiscuentas_delta_lag_2', 'mcajeros_propios_descuentos_delta_lag_1', 'mcajeros_propios_descuentos_delta_lag_2', 'mtarjeta_visa_descuentos_delta_lag_1', 'mtarjeta_visa_descuentos_delta_lag_2', 'mtarjeta_master_descuentos_delta_lag_1', 'mtarjeta_master_descuentos_delta_lag_2', 'mcomisiones_mantenimiento_delta_lag_1', 'mcomisiones_mantenimiento_delta_lag_2', 'mcomisiones_otras_delta_lag_1', 'mcomisiones_otras_delta_lag_2', 'mforex_buy_delta_lag_1', 'mforex_buy_delta_lag_2', 'mforex_sell_delta_lag_1', 'mforex_sell_delta_lag_2', 'mtransferencias_recibidas_delta_lag_1', 'mtransferencias_recibidas_delta_lag_2', 'mtransferencias_emitidas_delta_lag_1', 'mtransferencias_emitidas_delta_lag_2', 'mextraccion_autoservicio_delta_lag_1', 'mextraccion_autoservicio_delta_lag_2', 'mcheques_depositados_delta_lag_1', 'mcheques_depositados_delta_lag_2', 'mcheques_emitidos_delta_lag_1', 'mcheques_emitidos_delta_lag_2', 'mcheques_depositados_rechazados_delta_lag_1', 'mcheques_depositados_rechazados_delta_lag_2', 'mcheques_emitidos_rechazados_delta_lag_1', 'mcheques_emitidos_rechazados_delta_lag_2', 'matm_delta_lag_1', 'matm_delta_lag_2', 'matm_other_delta_lag_1', 'matm_other_delta_lag_2', 'Master_mfinanciacion_limite_delta_lag_1', 'Master_mfinanciacion_limite_delta_lag_2', 'Master_msaldototal_delta_lag_1', 'Master_msaldototal_delta_lag_2', 'Master_msaldopesos_delta_lag_1', 'Master_msaldopesos_delta_lag_2', 'Master_msaldodolares_delta_lag_1', 'Master_msaldodolares_delta_lag_2', 'Master_mconsumospesos_delta_lag_1', 'Master_mconsumospesos_delta_lag_2', 'Master_mconsumosdolares_delta_lag_1', 'Master_mconsumosdolares_delta_lag_2', 'Master_mlimitecompra_delta_lag_1', 'Master_mlimitecompra_delta_lag_2', 'Master_madelantopesos_delta_lag_1', 'Master_madelantopesos_delta_lag_2', 'Master_madelantodolares_delta_lag_1', 'Master_madelantodolares_delta_lag_2', 'Master_mpagado_delta_lag_1', 'Master_mpagado_delta_lag_2', 'Master_mpagospesos_delta_lag_1', 'Master_mpagospesos_delta_lag_2', 'Master_mpagosdolares_delta_lag_1', 'Master_mpagosdolares_delta_lag_2', 'Master_mconsumototal_delta_lag_1', 'Master_mconsumototal_delta_lag_2', 'Master_mpagominimo_delta_lag_1', 'Master_mpagominimo_delta_lag_2', 'Visa_mfinanciacion_limite_delta_lag_1', 'Visa_mfinanciacion_limite_delta_lag_2', 'Visa_msaldototal_delta_lag_1', 'Visa_msaldototal_delta_lag_2', 'Visa_msaldopesos_delta_lag_1', 'Visa_msaldopesos_delta_lag_2', 'Visa_msaldodolares_delta_lag_1', 'Visa_msaldodolares_delta_lag_2', 'Visa_mconsumospesos_delta_lag_1', 'Visa_mconsumospesos_delta_lag_2', 'Visa_mconsumosdolares_delta_lag_1', 'Visa_mconsumosdolares_delta_lag_2', 'Visa_mlimitecompra_delta_lag_1', 'Visa_mlimitecompra_delta_lag_2', 'Visa_madelantopesos_delta_lag_1', 'Visa_madelantopesos_delta_lag_2', 'Visa_madelantodolares_delta_lag_1', 'Visa_madelantodolares_delta_lag_2', 'Visa_mpagado_delta_lag_1', 'Visa_mpagado_delta_lag_2', 'Visa_mpagospesos_delta_lag_1', 'Visa_mpagospesos_delta_lag_2', 'Visa_mpagosdolares_delta_lag_1', 'Visa_mpagosdolares_delta_lag_2', 'Visa_mconsumototal_delta_lag_1', 'Visa_mconsumototal_delta_lag_2', 'Visa_mpagominimo_delta_lag_1', 'Visa_mpagominimo_delta_lag_2', 'cforex_sell_delta_lag_1', 'cforex_sell_delta_lag_2']
2025-10-08 00:11:12,883 - INFO - __name__ 428 - Realizando feature engineering de cambio categórico con 2 lags para 13 atributos
2025-10-08 00:13:08,816 - INFO - __name__ 455 - Feature engineering de cambio categórico completado. DataFrame resultante con 725 columnas
2025-10-08 00:13:09,218 - INFO - __name__ 653 - Operación 'cambio_estado' aplicada. Nombre de nuevas variables: ['active_quarter_cambio_lag_1', 'active_quarter_cambio_lag_2', 'cliente_vip_cambio_lag_1', 'cliente_vip_cambio_lag_2', 'internet_cambio_lag_1', 'internet_cambio_lag_2', 'tcuentas_cambio_lag_1', 'tcuentas_cambio_lag_2', 'cdescubierto_preacordado_cambio_lag_1', 'cdescubierto_preacordado_cambio_lag_2', 'ccaja_seguridad_cambio_lag_1', 'ccaja_seguridad_cambio_lag_2', 'tcallcenter_cambio_lag_1', 'tcallcenter_cambio_lag_2', 'thomebanking_cambio_lag_1', 'thomebanking_cambio_lag_2', 'tmobile_app_cambio_lag_1', 'tmobile_app_cambio_lag_2', 'Master_delinquency_cambio_lag_1', 'Master_delinquency_cambio_lag_2', 'Master_status_cambio_lag_1', 'Master_status_cambio_lag_2', 'Visa_delinquency_cambio_lag_1', 'Visa_delinquency_cambio_lag_2', 'Visa_status_cambio_lag_1', 'Visa_status_cambio_lag_2']
2025-10-08 00:13:09,221 - INFO - __main__ 48 - Feature Engineering completado: (978439, 725)
2025-10-08 00:13:20,761 - INFO - __name__ 54 - Conversión completada:
2025-10-08 00:13:20,769 - INFO - __name__ 55 -   Original - CONTINUA: 642830, BAJA+1: 4575, BAJA+2: 3938
2025-10-08 00:13:20,770 - INFO - __name__ 56 -   Binario - 0: 642830, 1: 8513
2025-10-08 00:13:20,772 - INFO - __name__ 57 -   Distribución: 1.31% casos positivos
2025-10-08 00:13:21,785 - INFO - src.optimization 186 - Iniciando optimización con 100 trials
2025-10-08 00:13:21,786 - INFO - src.optimization 187 - Configuración: TRAIN=202102, VALID=202103, SEMILLA=[839071, 666557, 390653, 408341, 858577]
2025-10-08 00:13:49,616 - INFO - src.optimization 160 - Iteración 0 guardada en resultados/lgb_optimization_competencia01c_iteraciones.json
2025-10-08 00:13:49,617 - INFO - src.optimization 161 - Ganancia: 921,900,000---Parámetros: {params}
2025-10-08 00:14:16,966 - INFO - src.optimization 160 - Iteración 1 guardada en resultados/lgb_optimization_competencia01c_iteraciones.json
2025-10-08 00:14:16,966 - INFO - src.optimization 161 - Ganancia: 907,800,000---Parámetros: {params}
2025-10-08 00:14:39,841 - INFO - src.optimization 160 - Iteración 2 guardada en resultados/lgb_optimization_competencia01c_iteraciones.json
2025-10-08 00:14:39,842 - INFO - src.optimization 161 - Ganancia: 909,980,000---Parámetros: {params}
2025-10-08 00:15:09,333 - INFO - src.optimization 160 - Iteración 3 guardada en resultados/lgb_optimization_competencia01c_iteraciones.json
2025-10-08 00:15:09,333 - INFO - src.optimization 161 - Ganancia: 915,700,000---Parámetros: {params}
2025-10-08 00:15:38,933 - INFO - src.optimization 160 - Iteración 4 guardada en resultados/lgb_optimization_competencia01c_iteraciones.json
2025-10-08 00:15:38,933 - INFO - src.optimization 161 - Ganancia: 919,960,000---Parámetros: {params}
2025-10-08 00:16:09,069 - INFO - src.optimization 160 - Iteración 5 guardada en resultados/lgb_optimization_competencia01c_iteraciones.json
2025-10-08 00:16:09,071 - INFO - src.optimization 161 - Ganancia: 923,660,000---Parámetros: {params}
2025-10-08 00:16:42,023 - INFO - src.optimization 160 - Iteración 6 guardada en resultados/lgb_optimization_competencia01c_iteraciones.json
2025-10-08 00:16:42,025 - INFO - src.optimization 161 - Ganancia: 930,740,000---Parámetros: {params}
2025-10-08 00:17:09,322 - INFO - src.optimization 160 - Iteración 7 guardada en resultados/lgb_optimization_competencia01c_iteraciones.json
2025-10-08 00:17:09,324 - INFO - src.optimization 161 - Ganancia: 910,540,000---Parámetros: {params}
2025-10-08 00:17:37,756 - INFO - src.optimization 160 - Iteración 8 guardada en resultados/lgb_optimization_competencia01c_iteraciones.json
2025-10-08 00:17:37,758 - INFO - src.optimization 161 - Ganancia: 917,140,000---Parámetros: {params}
2025-10-08 00:18:07,643 - INFO - src.optimization 160 - Iteración 9 guardada en resultados/lgb_optimization_competencia01c_iteraciones.json
2025-10-08 00:18:07,645 - INFO - src.optimization 161 - Ganancia: 918,820,000---Parámetros: {params}
2025-10-08 00:18:46,435 - INFO - src.optimization 160 - Iteración 10 guardada en resultados/lgb_optimization_competencia01c_iteraciones.json
2025-10-08 00:18:46,439 - INFO - src.optimization 161 - Ganancia: 932,120,000---Parámetros: {params}
2025-10-08 00:19:18,193 - INFO - src.optimization 160 - Iteración 11 guardada en resultados/lgb_optimization_competencia01c_iteraciones.json
2025-10-08 00:19:18,195 - INFO - src.optimization 161 - Ganancia: 925,340,000---Parámetros: {params}
2025-10-08 00:20:01,319 - INFO - src.optimization 160 - Iteración 12 guardada en resultados/lgb_optimization_competencia01c_iteraciones.json
2025-10-08 00:20:01,321 - INFO - src.optimization 161 - Ganancia: 933,620,000---Parámetros: {params}
2025-10-08 00:20:41,657 - INFO - src.optimization 160 - Iteración 13 guardada en resultados/lgb_optimization_competencia01c_iteraciones.json
2025-10-08 00:20:41,660 - INFO - src.optimization 161 - Ganancia: 933,800,000---Parámetros: {params}
2025-10-08 00:21:19,979 - INFO - src.optimization 160 - Iteración 14 guardada en resultados/lgb_optimization_competencia01c_iteraciones.json
2025-10-08 00:21:19,982 - INFO - src.optimization 161 - Ganancia: 919,640,000---Parámetros: {params}
2025-10-08 00:21:49,663 - INFO - src.optimization 160 - Iteración 15 guardada en resultados/lgb_optimization_competencia01c_iteraciones.json
2025-10-08 00:21:49,666 - INFO - src.optimization 161 - Ganancia: 923,280,000---Parámetros: {params}
2025-10-08 00:22:23,153 - INFO - src.optimization 160 - Iteración 16 guardada en resultados/lgb_optimization_competencia01c_iteraciones.json
2025-10-08 00:22:23,156 - INFO - src.optimization 161 - Ganancia: 924,920,000---Parámetros: {params}
2025-10-08 00:23:03,405 - INFO - src.optimization 160 - Iteración 17 guardada en resultados/lgb_optimization_competencia01c_iteraciones.json
2025-10-08 00:23:03,407 - INFO - src.optimization 161 - Ganancia: 915,260,000---Parámetros: {params}
2025-10-08 00:23:32,123 - INFO - src.optimization 160 - Iteración 18 guardada en resultados/lgb_optimization_competencia01c_iteraciones.json
2025-10-08 00:23:32,125 - INFO - src.optimization 161 - Ganancia: 920,260,000---Parámetros: {params}
2025-10-08 00:24:01,119 - INFO - src.optimization 160 - Iteración 19 guardada en resultados/lgb_optimization_competencia01c_iteraciones.json
2025-10-08 00:24:01,122 - INFO - src.optimization 161 - Ganancia: 918,480,000---Parámetros: {params}
2025-10-08 00:24:32,502 - INFO - src.optimization 160 - Iteración 20 guardada en resultados/lgb_optimization_competencia01c_iteraciones.json
2025-10-08 00:24:32,504 - INFO - src.optimization 161 - Ganancia: 916,520,000---Parámetros: {params}
2025-10-08 00:25:03,902 - INFO - src.optimization 160 - Iteración 21 guardada en resultados/lgb_optimization_competencia01c_iteraciones.json
2025-10-08 00:25:03,905 - INFO - src.optimization 161 - Ganancia: 929,620,000---Parámetros: {params}
2025-10-08 00:25:42,908 - INFO - src.optimization 160 - Iteración 22 guardada en resultados/lgb_optimization_competencia01c_iteraciones.json
2025-10-08 00:25:42,913 - INFO - src.optimization 161 - Ganancia: 918,600,000---Parámetros: {params}
2025-10-08 00:26:20,685 - INFO - src.optimization 160 - Iteración 23 guardada en resultados/lgb_optimization_competencia01c_iteraciones.json
2025-10-08 00:26:20,687 - INFO - src.optimization 161 - Ganancia: 902,780,000---Parámetros: {params}
2025-10-08 00:26:54,799 - INFO - src.optimization 160 - Iteración 24 guardada en resultados/lgb_optimization_competencia01c_iteraciones.json
2025-10-08 00:26:54,802 - INFO - src.optimization 161 - Ganancia: 931,280,000---Parámetros: {params}
2025-10-08 00:27:22,761 - INFO - src.optimization 160 - Iteración 25 guardada en resultados/lgb_optimization_competencia01c_iteraciones.json
2025-10-08 00:27:22,765 - INFO - src.optimization 161 - Ganancia: 916,020,000---Parámetros: {params}
2025-10-08 00:27:58,796 - INFO - src.optimization 160 - Iteración 26 guardada en resultados/lgb_optimization_competencia01c_iteraciones.json
2025-10-08 00:27:58,798 - INFO - src.optimization 161 - Ganancia: 925,000,000---Parámetros: {params}
2025-10-08 00:28:28,605 - INFO - src.optimization 160 - Iteración 27 guardada en resultados/lgb_optimization_competencia01c_iteraciones.json
2025-10-08 00:28:28,608 - INFO - src.optimization 161 - Ganancia: 917,260,000---Parámetros: {params}
2025-10-08 00:29:05,681 - INFO - src.optimization 160 - Iteración 28 guardada en resultados/lgb_optimization_competencia01c_iteraciones.json
2025-10-08 00:29:05,684 - INFO - src.optimization 161 - Ganancia: 904,660,000---Parámetros: {params}
2025-10-08 00:29:37,139 - INFO - src.optimization 160 - Iteración 29 guardada en resultados/lgb_optimization_competencia01c_iteraciones.json
2025-10-08 00:29:37,141 - INFO - src.optimization 161 - Ganancia: 929,380,000---Parámetros: {params}
2025-10-08 00:30:09,673 - INFO - src.optimization 160 - Iteración 30 guardada en resultados/lgb_optimization_competencia01c_iteraciones.json
2025-10-08 00:30:09,676 - INFO - src.optimization 161 - Ganancia: 919,620,000---Parámetros: {params}
2025-10-08 00:30:57,368 - INFO - src.optimization 160 - Iteración 31 guardada en resultados/lgb_optimization_competencia01c_iteraciones.json
2025-10-08 00:30:57,371 - INFO - src.optimization 161 - Ganancia: 930,140,000---Parámetros: {params}
2025-10-08 00:31:34,222 - INFO - src.optimization 160 - Iteración 32 guardada en resultados/lgb_optimization_competencia01c_iteraciones.json
2025-10-08 00:31:34,225 - INFO - src.optimization 161 - Ganancia: 915,140,000---Parámetros: {params}
2025-10-08 00:32:11,152 - INFO - src.optimization 160 - Iteración 33 guardada en resultados/lgb_optimization_competencia01c_iteraciones.json
2025-10-08 00:32:11,154 - INFO - src.optimization 161 - Ganancia: 912,540,000---Parámetros: {params}
2025-10-08 00:32:48,282 - INFO - src.optimization 160 - Iteración 34 guardada en resultados/lgb_optimization_competencia01c_iteraciones.json
2025-10-08 00:32:48,283 - INFO - src.optimization 161 - Ganancia: 908,280,000---Parámetros: {params}
2025-10-08 00:33:22,634 - INFO - src.optimization 160 - Iteración 35 guardada en resultados/lgb_optimization_competencia01c_iteraciones.json
2025-10-08 00:33:22,637 - INFO - src.optimization 161 - Ganancia: 905,260,000---Parámetros: {params}
2025-10-08 00:33:54,802 - INFO - src.optimization 160 - Iteración 36 guardada en resultados/lgb_optimization_competencia01c_iteraciones.json
2025-10-08 00:33:54,803 - INFO - src.optimization 161 - Ganancia: 915,220,000---Parámetros: {params}
2025-10-08 00:34:30,277 - INFO - src.optimization 160 - Iteración 37 guardada en resultados/lgb_optimization_competencia01c_iteraciones.json
2025-10-08 00:34:30,279 - INFO - src.optimization 161 - Ganancia: 904,320,000---Parámetros: {params}
2025-10-08 00:35:03,677 - INFO - src.optimization 160 - Iteración 38 guardada en resultados/lgb_optimization_competencia01c_iteraciones.json
2025-10-08 00:35:03,680 - INFO - src.optimization 161 - Ganancia: 905,320,000---Parámetros: {params}
2025-10-08 00:35:40,237 - INFO - src.optimization 160 - Iteración 39 guardada en resultados/lgb_optimization_competencia01c_iteraciones.json
2025-10-08 00:35:40,238 - INFO - src.optimization 161 - Ganancia: 921,360,000---Parámetros: {params}
2025-10-08 00:36:12,916 - INFO - src.optimization 160 - Iteración 40 guardada en resultados/lgb_optimization_competencia01c_iteraciones.json
2025-10-08 00:36:12,917 - INFO - src.optimization 161 - Ganancia: 918,300,000---Parámetros: {params}
2025-10-08 00:36:46,951 - INFO - src.optimization 160 - Iteración 41 guardada en resultados/lgb_optimization_competencia01c_iteraciones.json
2025-10-08 00:36:46,954 - INFO - src.optimization 161 - Ganancia: 918,480,000---Parámetros: {params}
2025-10-08 00:37:13,050 - INFO - src.optimization 160 - Iteración 42 guardada en resultados/lgb_optimization_competencia01c_iteraciones.json
2025-10-08 00:37:13,053 - INFO - src.optimization 161 - Ganancia: 915,600,000---Parámetros: {params}
2025-10-08 00:37:39,462 - INFO - src.optimization 160 - Iteración 43 guardada en resultados/lgb_optimization_competencia01c_iteraciones.json
2025-10-08 00:37:39,463 - INFO - src.optimization 161 - Ganancia: 904,320,000---Parámetros: {params}
2025-10-08 00:38:05,041 - INFO - src.optimization 160 - Iteración 44 guardada en resultados/lgb_optimization_competencia01c_iteraciones.json
2025-10-08 00:38:05,041 - INFO - src.optimization 161 - Ganancia: 900,260,000---Parámetros: {params}
2025-10-08 00:38:30,162 - INFO - src.optimization 160 - Iteración 45 guardada en resultados/lgb_optimization_competencia01c_iteraciones.json
2025-10-08 00:38:30,164 - INFO - src.optimization 161 - Ganancia: 911,920,000---Parámetros: {params}
2025-10-08 00:39:09,567 - INFO - src.optimization 160 - Iteración 46 guardada en resultados/lgb_optimization_competencia01c_iteraciones.json
2025-10-08 00:39:09,569 - INFO - src.optimization 161 - Ganancia: 903,440,000---Parámetros: {params}
2025-10-08 00:39:50,071 - INFO - src.optimization 160 - Iteración 47 guardada en resultados/lgb_optimization_competencia01c_iteraciones.json
2025-10-08 00:39:50,073 - INFO - src.optimization 161 - Ganancia: 922,100,000---Parámetros: {params}
2025-10-08 00:40:24,379 - INFO - src.optimization 160 - Iteración 48 guardada en resultados/lgb_optimization_competencia01c_iteraciones.json
2025-10-08 00:40:24,381 - INFO - src.optimization 161 - Ganancia: 922,520,000---Parámetros: {params}
2025-10-08 00:41:01,624 - INFO - src.optimization 160 - Iteración 49 guardada en resultados/lgb_optimization_competencia01c_iteraciones.json
2025-10-08 00:41:01,625 - INFO - src.optimization 161 - Ganancia: 915,320,000---Parámetros: {params}
2025-10-08 00:41:35,192 - INFO - src.optimization 160 - Iteración 50 guardada en resultados/lgb_optimization_competencia01c_iteraciones.json
2025-10-08 00:41:35,193 - INFO - src.optimization 161 - Ganancia: 919,560,000---Parámetros: {params}
2025-10-08 00:42:07,617 - INFO - src.optimization 160 - Iteración 51 guardada en resultados/lgb_optimization_competencia01c_iteraciones.json
2025-10-08 00:42:07,619 - INFO - src.optimization 161 - Ganancia: 924,940,000---Parámetros: {params}
2025-10-08 00:42:45,913 - INFO - src.optimization 160 - Iteración 52 guardada en resultados/lgb_optimization_competencia01c_iteraciones.json
2025-10-08 00:42:45,914 - INFO - src.optimization 161 - Ganancia: 922,980,000---Parámetros: {params}
2025-10-08 00:43:23,256 - INFO - src.optimization 160 - Iteración 53 guardada en resultados/lgb_optimization_competencia01c_iteraciones.json
2025-10-08 00:43:23,258 - INFO - src.optimization 161 - Ganancia: 931,060,000---Parámetros: {params}
2025-10-08 00:43:58,873 - INFO - src.optimization 160 - Iteración 54 guardada en resultados/lgb_optimization_competencia01c_iteraciones.json
2025-10-08 00:43:58,876 - INFO - src.optimization 161 - Ganancia: 920,940,000---Parámetros: {params}
2025-10-08 00:44:36,747 - INFO - src.optimization 160 - Iteración 55 guardada en resultados/lgb_optimization_competencia01c_iteraciones.json
2025-10-08 00:44:36,749 - INFO - src.optimization 161 - Ganancia: 924,080,000---Parámetros: {params}
2025-10-08 00:45:10,560 - INFO - src.optimization 160 - Iteración 56 guardada en resultados/lgb_optimization_competencia01c_iteraciones.json
2025-10-08 00:45:10,562 - INFO - src.optimization 161 - Ganancia: 913,700,000---Parámetros: {params}
2025-10-08 00:45:40,138 - INFO - src.optimization 160 - Iteración 57 guardada en resultados/lgb_optimization_competencia01c_iteraciones.json
2025-10-08 00:45:40,141 - INFO - src.optimization 161 - Ganancia: 887,600,000---Parámetros: {params}
2025-10-08 00:46:15,261 - INFO - src.optimization 160 - Iteración 58 guardada en resultados/lgb_optimization_competencia01c_iteraciones.json
2025-10-08 00:46:15,262 - INFO - src.optimization 161 - Ganancia: 917,420,000---Parámetros: {params}
2025-10-08 00:46:43,363 - INFO - src.optimization 160 - Iteración 59 guardada en resultados/lgb_optimization_competencia01c_iteraciones.json
2025-10-08 00:46:43,366 - INFO - src.optimization 161 - Ganancia: 922,440,000---Parámetros: {params}
2025-10-08 00:47:14,108 - INFO - src.optimization 160 - Iteración 60 guardada en resultados/lgb_optimization_competencia01c_iteraciones.json
2025-10-08 00:47:14,110 - INFO - src.optimization 161 - Ganancia: 920,800,000---Parámetros: {params}
2025-10-08 00:47:52,774 - INFO - src.optimization 160 - Iteración 61 guardada en resultados/lgb_optimization_competencia01c_iteraciones.json
2025-10-08 00:47:52,775 - INFO - src.optimization 161 - Ganancia: 931,240,000---Parámetros: {params}
2025-10-08 00:48:29,686 - INFO - src.optimization 160 - Iteración 62 guardada en resultados/lgb_optimization_competencia01c_iteraciones.json
2025-10-08 00:48:29,688 - INFO - src.optimization 161 - Ganancia: 922,600,000---Parámetros: {params}
2025-10-08 00:49:01,173 - INFO - src.optimization 160 - Iteración 63 guardada en resultados/lgb_optimization_competencia01c_iteraciones.json
2025-10-08 00:49:01,174 - INFO - src.optimization 161 - Ganancia: 920,200,000---Parámetros: {params}
2025-10-08 00:49:33,656 - INFO - src.optimization 160 - Iteración 64 guardada en resultados/lgb_optimization_competencia01c_iteraciones.json
2025-10-08 00:49:33,658 - INFO - src.optimization 161 - Ganancia: 931,800,000---Parámetros: {params}
2025-10-08 00:50:03,440 - INFO - src.optimization 160 - Iteración 65 guardada en resultados/lgb_optimization_competencia01c_iteraciones.json
2025-10-08 00:50:03,442 - INFO - src.optimization 161 - Ganancia: 922,000,000---Parámetros: {params}
2025-10-08 00:50:40,019 - INFO - src.optimization 160 - Iteración 66 guardada en resultados/lgb_optimization_competencia01c_iteraciones.json
2025-10-08 00:50:40,022 - INFO - src.optimization 161 - Ganancia: 934,220,000---Parámetros: {params}
2025-10-08 00:51:20,302 - INFO - src.optimization 160 - Iteración 67 guardada en resultados/lgb_optimization_competencia01c_iteraciones.json
2025-10-08 00:51:20,302 - INFO - src.optimization 161 - Ganancia: 924,900,000---Parámetros: {params}
2025-10-08 00:51:48,737 - INFO - src.optimization 160 - Iteración 68 guardada en resultados/lgb_optimization_competencia01c_iteraciones.json
2025-10-08 00:51:48,740 - INFO - src.optimization 161 - Ganancia: 921,620,000---Parámetros: {params}
2025-10-08 00:52:23,930 - INFO - src.optimization 160 - Iteración 69 guardada en resultados/lgb_optimization_competencia01c_iteraciones.json
2025-10-08 00:52:23,931 - INFO - src.optimization 161 - Ganancia: 912,720,000---Parámetros: {params}
2025-10-08 00:52:57,644 - INFO - src.optimization 160 - Iteración 70 guardada en resultados/lgb_optimization_competencia01c_iteraciones.json
2025-10-08 00:52:57,645 - INFO - src.optimization 161 - Ganancia: 930,300,000---Parámetros: {params}
2025-10-08 00:53:30,228 - INFO - src.optimization 160 - Iteración 71 guardada en resultados/lgb_optimization_competencia01c_iteraciones.json
2025-10-08 00:53:30,230 - INFO - src.optimization 161 - Ganancia: 931,120,000---Parámetros: {params}
2025-10-08 00:54:10,123 - INFO - src.optimization 160 - Iteración 72 guardada en resultados/lgb_optimization_competencia01c_iteraciones.json
2025-10-08 00:54:10,127 - INFO - src.optimization 161 - Ganancia: 936,260,000---Parámetros: {params}
2025-10-08 00:54:50,798 - INFO - src.optimization 160 - Iteración 73 guardada en resultados/lgb_optimization_competencia01c_iteraciones.json
2025-10-08 00:54:50,798 - INFO - src.optimization 161 - Ganancia: 937,480,000---Parámetros: {params}
2025-10-08 00:55:21,276 - INFO - src.optimization 160 - Iteración 74 guardada en resultados/lgb_optimization_competencia01c_iteraciones.json
2025-10-08 00:55:21,277 - INFO - src.optimization 161 - Ganancia: 923,120,000---Parámetros: {params}
2025-10-08 00:55:50,953 - INFO - src.optimization 160 - Iteración 75 guardada en resultados/lgb_optimization_competencia01c_iteraciones.json
2025-10-08 00:55:50,955 - INFO - src.optimization 161 - Ganancia: 921,060,000---Parámetros: {params}
2025-10-08 00:56:25,274 - INFO - src.optimization 160 - Iteración 76 guardada en resultados/lgb_optimization_competencia01c_iteraciones.json
2025-10-08 00:56:25,276 - INFO - src.optimization 161 - Ganancia: 927,560,000---Parámetros: {params}
2025-10-08 00:56:52,246 - INFO - src.optimization 160 - Iteración 77 guardada en resultados/lgb_optimization_competencia01c_iteraciones.json
2025-10-08 00:56:52,247 - INFO - src.optimization 161 - Ganancia: 923,880,000---Parámetros: {params}
2025-10-08 00:57:29,655 - INFO - src.optimization 160 - Iteración 78 guardada en resultados/lgb_optimization_competencia01c_iteraciones.json
2025-10-08 00:57:29,658 - INFO - src.optimization 161 - Ganancia: 929,700,000---Parámetros: {params}
2025-10-08 00:58:03,189 - INFO - src.optimization 160 - Iteración 79 guardada en resultados/lgb_optimization_competencia01c_iteraciones.json
2025-10-08 00:58:03,190 - INFO - src.optimization 161 - Ganancia: 932,660,000---Parámetros: {params}
2025-10-08 00:58:32,254 - INFO - src.optimization 160 - Iteración 80 guardada en resultados/lgb_optimization_competencia01c_iteraciones.json
2025-10-08 00:58:32,254 - INFO - src.optimization 161 - Ganancia: 921,640,000---Parámetros: {params}
2025-10-08 00:59:01,839 - INFO - src.optimization 160 - Iteración 81 guardada en resultados/lgb_optimization_competencia01c_iteraciones.json
2025-10-08 00:59:01,840 - INFO - src.optimization 161 - Ganancia: 929,460,000---Parámetros: {params}
2025-10-08 00:59:32,336 - INFO - src.optimization 160 - Iteración 82 guardada en resultados/lgb_optimization_competencia01c_iteraciones.json
2025-10-08 00:59:32,337 - INFO - src.optimization 161 - Ganancia: 910,940,000---Parámetros: {params}
2025-10-08 01:00:03,040 - INFO - src.optimization 160 - Iteración 83 guardada en resultados/lgb_optimization_competencia01c_iteraciones.json
2025-10-08 01:00:03,044 - INFO - src.optimization 161 - Ganancia: 920,560,000---Parámetros: {params}
2025-10-08 01:00:31,974 - INFO - src.optimization 160 - Iteración 84 guardada en resultados/lgb_optimization_competencia01c_iteraciones.json
2025-10-08 01:00:31,976 - INFO - src.optimization 161 - Ganancia: 907,480,000---Parámetros: {params}
2025-10-08 01:01:10,959 - INFO - src.optimization 160 - Iteración 85 guardada en resultados/lgb_optimization_competencia01c_iteraciones.json
2025-10-08 01:01:10,960 - INFO - src.optimization 161 - Ganancia: 931,880,000---Parámetros: {params}
2025-10-08 01:01:42,322 - INFO - src.optimization 160 - Iteración 86 guardada en resultados/lgb_optimization_competencia01c_iteraciones.json
2025-10-08 01:01:42,325 - INFO - src.optimization 161 - Ganancia: 926,380,000---Parámetros: {params}
2025-10-08 01:02:11,820 - INFO - src.optimization 160 - Iteración 87 guardada en resultados/lgb_optimization_competencia01c_iteraciones.json
2025-10-08 01:02:11,822 - INFO - src.optimization 161 - Ganancia: 920,480,000---Parámetros: {params}
2025-10-08 01:02:47,283 - INFO - src.optimization 160 - Iteración 88 guardada en resultados/lgb_optimization_competencia01c_iteraciones.json
2025-10-08 01:02:47,283 - INFO - src.optimization 161 - Ganancia: 930,340,000---Parámetros: {params}
2025-10-08 01:03:17,241 - INFO - src.optimization 160 - Iteración 89 guardada en resultados/lgb_optimization_competencia01c_iteraciones.json
2025-10-08 01:03:17,242 - INFO - src.optimization 161 - Ganancia: 901,900,000---Parámetros: {params}
2025-10-08 01:03:47,699 - INFO - src.optimization 160 - Iteración 90 guardada en resultados/lgb_optimization_competencia01c_iteraciones.json
2025-10-08 01:03:47,701 - INFO - src.optimization 161 - Ganancia: 919,660,000---Parámetros: {params}
2025-10-08 01:04:25,104 - INFO - src.optimization 160 - Iteración 91 guardada en resultados/lgb_optimization_competencia01c_iteraciones.json
2025-10-08 01:04:25,105 - INFO - src.optimization 161 - Ganancia: 938,240,000---Parámetros: {params}
2025-10-08 01:04:54,830 - INFO - src.optimization 160 - Iteración 92 guardada en resultados/lgb_optimization_competencia01c_iteraciones.json
2025-10-08 01:04:54,830 - INFO - src.optimization 161 - Ganancia: 917,600,000---Parámetros: {params}
2025-10-08 01:05:25,382 - INFO - src.optimization 160 - Iteración 93 guardada en resultados/lgb_optimization_competencia01c_iteraciones.json
2025-10-08 01:05:25,383 - INFO - src.optimization 161 - Ganancia: 920,020,000---Parámetros: {params}
2025-10-08 01:05:54,100 - INFO - src.optimization 160 - Iteración 94 guardada en resultados/lgb_optimization_competencia01c_iteraciones.json
2025-10-08 01:05:54,101 - INFO - src.optimization 161 - Ganancia: 926,020,000---Parámetros: {params}
2025-10-08 01:06:24,004 - INFO - src.optimization 160 - Iteración 95 guardada en resultados/lgb_optimization_competencia01c_iteraciones.json
2025-10-08 01:06:24,005 - INFO - src.optimization 161 - Ganancia: 925,760,000---Parámetros: {params}
2025-10-08 01:06:52,294 - INFO - src.optimization 160 - Iteración 96 guardada en resultados/lgb_optimization_competencia01c_iteraciones.json
2025-10-08 01:06:52,298 - INFO - src.optimization 161 - Ganancia: 919,780,000---Parámetros: {params}
2025-10-08 01:07:20,606 - INFO - src.optimization 160 - Iteración 97 guardada en resultados/lgb_optimization_competencia01c_iteraciones.json
2025-10-08 01:07:20,609 - INFO - src.optimization 161 - Ganancia: 921,700,000---Parámetros: {params}
2025-10-08 01:07:44,884 - INFO - src.optimization 160 - Iteración 98 guardada en resultados/lgb_optimization_competencia01c_iteraciones.json
2025-10-08 01:07:44,885 - INFO - src.optimization 161 - Ganancia: 925,160,000---Parámetros: {params}
2025-10-08 01:08:08,740 - INFO - src.optimization 160 - Iteración 99 guardada en resultados/lgb_optimization_competencia01c_iteraciones.json
2025-10-08 01:08:08,742 - INFO - src.optimization 161 - Ganancia: 892,160,000---Parámetros: {params}
2025-10-08 01:08:09,253 - INFO - src.optimization 202 - Mejor ganancia: 938,240,000
2025-10-08 01:08:09,254 - INFO - src.optimization 203 - Mejores parámetros: {'num_iterations': 911, 'num_leaves': 120, 'learn_rate': 0.05107478863788141, 'feature_fraction': 0.4639852325209901, 'bagging_fraction': 0.5204003878345558, 'min_child_samples': 11, 'max_depth': 8, 'reg_lambda': 5.736097598860575, 'reg_alpha': 3.5069635840984015}
2025-10-08 01:08:09,257 - INFO - __main__ 57 - === ANÁLISIS DE RESULTADOS ===
2025-10-08 01:08:09,425 - INFO - __main__ 61 - Top 5 mejores trials:
2025-10-08 01:08:09,435 - INFO - __main__ 63 -   Trial 91: 938,240,000
2025-10-08 01:08:09,436 - INFO - __main__ 63 -   Trial 73: 937,480,000
2025-10-08 01:08:09,436 - INFO - __main__ 63 -   Trial 72: 936,260,000
2025-10-08 01:08:09,436 - INFO - __main__ 63 -   Trial 66: 934,220,000
2025-10-08 01:08:09,437 - INFO - __main__ 63 -   Trial 13: 933,800,000
2025-10-08 01:08:09,437 - INFO - __main__ 65 - === OPTIMIZACIÓN COMPLETADA ===
2025-10-08 01:08:09,437 - INFO - __main__ 68 - === EVALUACIÓN EN CONJUNTO DE TEST ===
2025-10-08 01:08:09,441 - INFO - src.best_params 34 - Mejores hiperparámetros cargados desde resultados/lgb_optimization_competencia01c_iteraciones.json
2025-10-08 01:08:09,441 - INFO - src.best_params 35 - Mejor ganancia encontrada: 938,240,000
2025-10-08 01:08:09,443 - INFO - src.best_params 36 - Trial número: 91
2025-10-08 01:08:09,443 - INFO - src.best_params 37 - Parámetros: {'num_iterations': 911, 'num_leaves': 120, 'learn_rate': 0.05107478863788141, 'feature_fraction': 0.4639852325209901, 'bagging_fraction': 0.5204003878345558, 'min_child_samples': 11, 'max_depth': 8, 'reg_lambda': 5.736097598860575, 'reg_alpha': 3.5069635840984015}
2025-10-08 01:08:09,443 - INFO - src.optimization 300 - === EVALUACIÓN EN CONJUNTO DE TEST ===
2025-10-08 01:08:09,444 - INFO - src.optimization 301 - Período de test: 202104
2025-10-08 01:08:13,074 - INFO - src.optimization 318 - Entrenando modelo con mejores hiperparámetros...
2025-10-08 01:08:13,074 - INFO - src.optimization 319 - Dimensiones df_train_completo: (325264, 725), Dimensiones df_test: (163418, 725)
2025-10-08 01:08:17,302 - INFO - src.optimization 326 - Tipo de dato de train_data: <class 'lightgbm.basic.Dataset'>, Tipo de dato de test_data: <class 'lightgbm.basic.Dataset'>
2025-10-08 01:08:17,303 - INFO - src.optimization 327 - Dimensiones de train_data: (325264, 724), Dimensiones de test_data: (163418, 724)
2025-10-08 01:09:16,301 - INFO - src.optimization 412 - Ganancia: 985,980,000---Total Predicciones positivas: 17,821
2025-10-08 01:09:16,302 - INFO - __main__ 79 - === RESUMEN DE EVALUACIÓN EN TEST ===
2025-10-08 01:09:16,303 - INFO - __main__ 80 - ✅ Ganancia en test: 985,980,000
2025-10-08 01:09:16,304 - INFO - __main__ 81 - 🔍 Umbral óptimo encontrado: 0.0250
2025-10-08 01:09:16,304 - INFO - __main__ 82 - 🎯 Predicciones positivas: 17,821 (10.91%)
2025-10-08 01:09:16,304 - INFO - __main__ 86 - === ENTRENAMIENTO FINAL ===
2025-10-08 01:09:16,305 - INFO - __main__ 87 - Preparar datos para entrenamiento final
2025-10-08 01:09:16,306 - INFO - src.final_training 25 - Preparando datos para entrenamiento final
2025-10-08 01:09:16,306 - INFO - src.final_training 26 - Períodos de entrenamiento: ['202101', '202102', '202103', '202104']
2025-10-08 01:09:16,307 - INFO - src.final_training 27 - Período de predicción: 202106
2025-10-08 01:09:24,923 - INFO - src.final_training 38 - Registros de entrenamiento: 650,209
2025-10-08 01:09:24,928 - INFO - src.final_training 39 - Registros de predicción: 164,313
2025-10-08 01:09:29,074 - INFO - __name__ 30 - Realizando feature engineering con 2 lags para 137 atributos
2025-10-08 01:09:29,116 - WARNING - __name__ 45 - El atributo mtarjeta_visa_debitos_automaticos no existe en el DataFrame
2025-10-08 01:09:57,298 - INFO - __name__ 60 - Feature engineering completado. DataFrame resultante con 997 columnas
2025-10-08 01:09:57,523 - INFO - __name__ 634 - Operación 'lag' aplicada. Nombre de nuevas variables: ['cproductos_lag_1', 'cproductos_lag_2', 'ccuenta_corriente_lag_1', 'ccuenta_corriente_lag_2', 'ccaja_ahorro_lag_1', 'ccaja_ahorro_lag_2', 'ctarjeta_debito_lag_1', 'ctarjeta_debito_lag_2', 'ctarjeta_debito_transacciones_lag_1', 'ctarjeta_debito_transacciones_lag_2', 'ctarjeta_visa_lag_1', 'ctarjeta_visa_lag_2', 'ctarjeta_visa_transacciones_lag_1', 'ctarjeta_visa_transacciones_lag_2', 'ctarjeta_master_lag_1', 'ctarjeta_master_lag_2', 'ctarjeta_master_transacciones_lag_1', 'ctarjeta_master_transacciones_lag_2', 'cprestamos_personales_lag_1', 'cprestamos_personales_lag_2', 'cprestamos_prendarios_lag_1', 'cprestamos_prendarios_lag_2', 'cprestamos_hipotecarios_lag_1', 'cprestamos_hipotecarios_lag_2', 'cplazo_fijo_lag_1', 'cplazo_fijo_lag_2', 'cinversion1_lag_1', 'cinversion1_lag_2', 'cinversion2_lag_1', 'cinversion2_lag_2', 'cseguro_vida_lag_1', 'cseguro_vida_lag_2', 'cseguro_auto_lag_1', 'cseguro_auto_lag_2', 'cseguro_vivienda_lag_1', 'cseguro_vivienda_lag_2', 'cseguro_accidentes_personales_lag_1', 'cseguro_accidentes_personales_lag_2', 'cpayroll_trx_lag_1', 'cpayroll_trx_lag_2', 'cpayroll2_trx_lag_1', 'cpayroll2_trx_lag_2', 'ccuenta_debitos_automaticos_lag_1', 'ccuenta_debitos_automaticos_lag_2', 'ctarjeta_visa_debitos_automaticos_lag_1', 'ctarjeta_visa_debitos_automaticos_lag_2', 'ctarjeta_master_debitos_automaticos_lag_1', 'ctarjeta_master_debitos_automaticos_lag_2', 'cpagodeservicios_lag_1', 'cpagodeservicios_lag_2', 'cpagomiscuentas_lag_1', 'cpagomiscuentas_lag_2', 'ccajeros_propios_descuentos_lag_1', 'ccajeros_propios_descuentos_lag_2', 'ctarjeta_visa_descuentos_lag_1', 'ctarjeta_visa_descuentos_lag_2', 'ctarjeta_master_descuentos_lag_1', 'ctarjeta_master_descuentos_lag_2', 'ccomisiones_mantenimiento_lag_1', 'ccomisiones_mantenimiento_lag_2', 'ccomisiones_otras_lag_1', 'ccomisiones_otras_lag_2', 'cforex_lag_1', 'cforex_lag_2', 'cforex_buy_lag_1', 'cforex_buy_lag_2', 'ctransferencias_recibidas_lag_1', 'ctransferencias_recibidas_lag_2', 'ctransferencias_emitidas_lag_1', 'ctransferencias_emitidas_lag_2', 'cextraccion_autoservicio_lag_1', 'cextraccion_autoservicio_lag_2', 'ccheques_depositados_lag_1', 'ccheques_depositados_lag_2', 'ccheques_emitidos_lag_1', 'ccheques_emitidos_lag_2', 'ccheques_depositados_rechazados_lag_1', 'ccheques_depositados_rechazados_lag_2', 'ccheques_emitidos_rechazados_lag_1', 'ccheques_emitidos_rechazados_lag_2', 'ccallcenter_transacciones_lag_1', 'ccallcenter_transacciones_lag_2', 'chomebanking_transacciones_lag_1', 'chomebanking_transacciones_lag_2', 'ccajas_transacciones_lag_1', 'ccajas_transacciones_lag_2', 'ccajas_consultas_lag_1', 'ccajas_consultas_lag_2', 'ccajas_depositos_lag_1', 'ccajas_depositos_lag_2', 'ccajas_extracciones_lag_1', 'ccajas_extracciones_lag_2', 'ccajas_otras_lag_1', 'ccajas_otras_lag_2', 'catm_trx_lag_1', 'catm_trx_lag_2', 'catm_trx_other_lag_1', 'catm_trx_other_lag_2', 'ctrx_quarter_lag_1', 'ctrx_quarter_lag_2', 'cmobile_app_trx_lag_1', 'cmobile_app_trx_lag_2', 'Master_cconsumos_lag_1', 'Master_cconsumos_lag_2', 'Master_cadelantosefectivo_lag_1', 'Master_cadelantosefectivo_lag_2', 'Visa_cconsumos_lag_1', 'Visa_cconsumos_lag_2', 'Visa_cadelantosefectivo_lag_1', 'Visa_cadelantosefectivo_lag_2', 'Master_Fvencimiento_lag_1', 'Master_Fvencimiento_lag_2', 'Master_Finiciomora_lag_1', 'Master_Finiciomora_lag_2', 'Master_fultimo_cierre_lag_1', 'Master_fultimo_cierre_lag_2', 'Master_fechaalta_lag_1', 'Master_fechaalta_lag_2', 'Visa_Fvencimiento_lag_1', 'Visa_Fvencimiento_lag_2', 'Visa_Finiciomora_lag_1', 'Visa_Finiciomora_lag_2', 'Visa_fultimo_cierre_lag_1', 'Visa_fultimo_cierre_lag_2', 'Visa_fechaalta_lag_1', 'Visa_fechaalta_lag_2', 'mrentabilidad_lag_1', 'mrentabilidad_lag_2', 'mrentabilidad_annual_lag_1', 'mrentabilidad_annual_lag_2', 'mcomisiones_lag_1', 'mcomisiones_lag_2', 'mactivos_margen_lag_1', 'mactivos_margen_lag_2', 'mpasivos_margen_lag_1', 'mpasivos_margen_lag_2', 'mcuenta_corriente_adicional_lag_1', 'mcuenta_corriente_adicional_lag_2', 'mcuenta_corriente_lag_1', 'mcuenta_corriente_lag_2', 'mcaja_ahorro_lag_1', 'mcaja_ahorro_lag_2', 'mcaja_ahorro_adicional_lag_1', 'mcaja_ahorro_adicional_lag_2', 'mcaja_ahorro_dolares_lag_1', 'mcaja_ahorro_dolares_lag_2', 'mcuentas_saldo_lag_1', 'mcuentas_saldo_lag_2', 'mautoservicio_lag_1', 'mautoservicio_lag_2', 'mtarjeta_visa_consumo_lag_1', 'mtarjeta_visa_consumo_lag_2', 'mtarjeta_master_consumo_lag_1', 'mtarjeta_master_consumo_lag_2', 'mprestamos_personales_lag_1', 'mprestamos_personales_lag_2', 'mprestamos_prendarios_lag_1', 'mprestamos_prendarios_lag_2', 'mprestamos_hipotecarios_lag_1', 'mprestamos_hipotecarios_lag_2', 'mplazo_fijo_dolares_lag_1', 'mplazo_fijo_dolares_lag_2', 'mplazo_fijo_pesos_lag_1', 'mplazo_fijo_pesos_lag_2', 'minversion1_pesos_lag_1', 'minversion1_pesos_lag_2', 'minversion1_dolares_lag_1', 'minversion1_dolares_lag_2', 'minversion2_lag_1', 'minversion2_lag_2', 'mpayroll_lag_1', 'mpayroll_lag_2', 'mpayroll2_lag_1', 'mpayroll2_lag_2', 'mcuenta_debitos_automaticos_lag_1', 'mcuenta_debitos_automaticos_lag_2', 'mtarjeta_visa_debitos_automaticos_lag_1', 'mtarjeta_visa_debitos_automaticos_lag_2', 'mttarjeta_master_debitos_automaticos_lag_1', 'mttarjeta_master_debitos_automaticos_lag_2', 'mpagodeservicios_lag_1', 'mpagodeservicios_lag_2', 'mpagomiscuentas_lag_1', 'mpagomiscuentas_lag_2', 'mcajeros_propios_descuentos_lag_1', 'mcajeros_propios_descuentos_lag_2', 'mtarjeta_visa_descuentos_lag_1', 'mtarjeta_visa_descuentos_lag_2', 'mtarjeta_master_descuentos_lag_1', 'mtarjeta_master_descuentos_lag_2', 'mcomisiones_mantenimiento_lag_1', 'mcomisiones_mantenimiento_lag_2', 'mcomisiones_otras_lag_1', 'mcomisiones_otras_lag_2', 'mforex_buy_lag_1', 'mforex_buy_lag_2', 'mforex_sell_lag_1', 'mforex_sell_lag_2', 'mtransferencias_recibidas_lag_1', 'mtransferencias_recibidas_lag_2', 'mtransferencias_emitidas_lag_1', 'mtransferencias_emitidas_lag_2', 'mextraccion_autoservicio_lag_1', 'mextraccion_autoservicio_lag_2', 'mcheques_depositados_lag_1', 'mcheques_depositados_lag_2', 'mcheques_emitidos_lag_1', 'mcheques_emitidos_lag_2', 'mcheques_depositados_rechazados_lag_1', 'mcheques_depositados_rechazados_lag_2', 'mcheques_emitidos_rechazados_lag_1', 'mcheques_emitidos_rechazados_lag_2', 'matm_lag_1', 'matm_lag_2', 'matm_other_lag_1', 'matm_other_lag_2', 'Master_mfinanciacion_limite_lag_1', 'Master_mfinanciacion_limite_lag_2', 'Master_msaldototal_lag_1', 'Master_msaldototal_lag_2', 'Master_msaldopesos_lag_1', 'Master_msaldopesos_lag_2', 'Master_msaldodolares_lag_1', 'Master_msaldodolares_lag_2', 'Master_mconsumospesos_lag_1', 'Master_mconsumospesos_lag_2', 'Master_mconsumosdolares_lag_1', 'Master_mconsumosdolares_lag_2', 'Master_mlimitecompra_lag_1', 'Master_mlimitecompra_lag_2', 'Master_madelantopesos_lag_1', 'Master_madelantopesos_lag_2', 'Master_madelantodolares_lag_1', 'Master_madelantodolares_lag_2', 'Master_mpagado_lag_1', 'Master_mpagado_lag_2', 'Master_mpagospesos_lag_1', 'Master_mpagospesos_lag_2', 'Master_mpagosdolares_lag_1', 'Master_mpagosdolares_lag_2', 'Master_mconsumototal_lag_1', 'Master_mconsumototal_lag_2', 'Master_mpagominimo_lag_1', 'Master_mpagominimo_lag_2', 'Visa_mfinanciacion_limite_lag_1', 'Visa_mfinanciacion_limite_lag_2', 'Visa_msaldototal_lag_1', 'Visa_msaldototal_lag_2', 'Visa_msaldopesos_lag_1', 'Visa_msaldopesos_lag_2', 'Visa_msaldodolares_lag_1', 'Visa_msaldodolares_lag_2', 'Visa_mconsumospesos_lag_1', 'Visa_mconsumospesos_lag_2', 'Visa_mconsumosdolares_lag_1', 'Visa_mconsumosdolares_lag_2', 'Visa_mlimitecompra_lag_1', 'Visa_mlimitecompra_lag_2', 'Visa_madelantopesos_lag_1', 'Visa_madelantopesos_lag_2', 'Visa_madelantodolares_lag_1', 'Visa_madelantodolares_lag_2', 'Visa_mpagado_lag_1', 'Visa_mpagado_lag_2', 'Visa_mpagospesos_lag_1', 'Visa_mpagospesos_lag_2', 'Visa_mpagosdolares_lag_1', 'Visa_mpagosdolares_lag_2', 'Visa_mconsumototal_lag_1', 'Visa_mconsumototal_lag_2', 'Visa_mpagominimo_lag_1', 'Visa_mpagominimo_lag_2', 'cforex_sell_lag_1', 'cforex_sell_lag_2']
2025-10-08 01:09:57,528 - INFO - __name__ 84 - Realizando feature engineering de delta lag con 2 lags para 137 atributos
2025-10-08 01:09:57,531 - WARNING - __name__ 102 - El atributo mtarjeta_visa_debitos_automaticos no existe en el DataFrame
2025-10-08 01:10:29,454 - INFO - __name__ 115 - Feature engineering de delta lag completado. DataFrame resultante con 1269 columnas
2025-10-08 01:10:29,714 - INFO - __name__ 638 - Operación 'delta_lag' aplicada. Nombre de nuevas variables: ['cproductos_delta_lag_1', 'cproductos_delta_lag_2', 'ccuenta_corriente_delta_lag_1', 'ccuenta_corriente_delta_lag_2', 'ccaja_ahorro_delta_lag_1', 'ccaja_ahorro_delta_lag_2', 'ctarjeta_debito_delta_lag_1', 'ctarjeta_debito_delta_lag_2', 'ctarjeta_debito_transacciones_delta_lag_1', 'ctarjeta_debito_transacciones_delta_lag_2', 'ctarjeta_visa_delta_lag_1', 'ctarjeta_visa_delta_lag_2', 'ctarjeta_visa_transacciones_delta_lag_1', 'ctarjeta_visa_transacciones_delta_lag_2', 'ctarjeta_master_delta_lag_1', 'ctarjeta_master_delta_lag_2', 'ctarjeta_master_transacciones_delta_lag_1', 'ctarjeta_master_transacciones_delta_lag_2', 'cprestamos_personales_delta_lag_1', 'cprestamos_personales_delta_lag_2', 'cprestamos_prendarios_delta_lag_1', 'cprestamos_prendarios_delta_lag_2', 'cprestamos_hipotecarios_delta_lag_1', 'cprestamos_hipotecarios_delta_lag_2', 'cplazo_fijo_delta_lag_1', 'cplazo_fijo_delta_lag_2', 'cinversion1_delta_lag_1', 'cinversion1_delta_lag_2', 'cinversion2_delta_lag_1', 'cinversion2_delta_lag_2', 'cseguro_vida_delta_lag_1', 'cseguro_vida_delta_lag_2', 'cseguro_auto_delta_lag_1', 'cseguro_auto_delta_lag_2', 'cseguro_vivienda_delta_lag_1', 'cseguro_vivienda_delta_lag_2', 'cseguro_accidentes_personales_delta_lag_1', 'cseguro_accidentes_personales_delta_lag_2', 'cpayroll_trx_delta_lag_1', 'cpayroll_trx_delta_lag_2', 'cpayroll2_trx_delta_lag_1', 'cpayroll2_trx_delta_lag_2', 'ccuenta_debitos_automaticos_delta_lag_1', 'ccuenta_debitos_automaticos_delta_lag_2', 'ctarjeta_visa_debitos_automaticos_delta_lag_1', 'ctarjeta_visa_debitos_automaticos_delta_lag_2', 'ctarjeta_master_debitos_automaticos_delta_lag_1', 'ctarjeta_master_debitos_automaticos_delta_lag_2', 'cpagodeservicios_delta_lag_1', 'cpagodeservicios_delta_lag_2', 'cpagomiscuentas_delta_lag_1', 'cpagomiscuentas_delta_lag_2', 'ccajeros_propios_descuentos_delta_lag_1', 'ccajeros_propios_descuentos_delta_lag_2', 'ctarjeta_visa_descuentos_delta_lag_1', 'ctarjeta_visa_descuentos_delta_lag_2', 'ctarjeta_master_descuentos_delta_lag_1', 'ctarjeta_master_descuentos_delta_lag_2', 'ccomisiones_mantenimiento_delta_lag_1', 'ccomisiones_mantenimiento_delta_lag_2', 'ccomisiones_otras_delta_lag_1', 'ccomisiones_otras_delta_lag_2', 'cforex_delta_lag_1', 'cforex_delta_lag_2', 'cforex_buy_delta_lag_1', 'cforex_buy_delta_lag_2', 'ctransferencias_recibidas_delta_lag_1', 'ctransferencias_recibidas_delta_lag_2', 'ctransferencias_emitidas_delta_lag_1', 'ctransferencias_emitidas_delta_lag_2', 'cextraccion_autoservicio_delta_lag_1', 'cextraccion_autoservicio_delta_lag_2', 'ccheques_depositados_delta_lag_1', 'ccheques_depositados_delta_lag_2', 'ccheques_emitidos_delta_lag_1', 'ccheques_emitidos_delta_lag_2', 'ccheques_depositados_rechazados_delta_lag_1', 'ccheques_depositados_rechazados_delta_lag_2', 'ccheques_emitidos_rechazados_delta_lag_1', 'ccheques_emitidos_rechazados_delta_lag_2', 'ccallcenter_transacciones_delta_lag_1', 'ccallcenter_transacciones_delta_lag_2', 'chomebanking_transacciones_delta_lag_1', 'chomebanking_transacciones_delta_lag_2', 'ccajas_transacciones_delta_lag_1', 'ccajas_transacciones_delta_lag_2', 'ccajas_consultas_delta_lag_1', 'ccajas_consultas_delta_lag_2', 'ccajas_depositos_delta_lag_1', 'ccajas_depositos_delta_lag_2', 'ccajas_extracciones_delta_lag_1', 'ccajas_extracciones_delta_lag_2', 'ccajas_otras_delta_lag_1', 'ccajas_otras_delta_lag_2', 'catm_trx_delta_lag_1', 'catm_trx_delta_lag_2', 'catm_trx_other_delta_lag_1', 'catm_trx_other_delta_lag_2', 'ctrx_quarter_delta_lag_1', 'ctrx_quarter_delta_lag_2', 'cmobile_app_trx_delta_lag_1', 'cmobile_app_trx_delta_lag_2', 'Master_cconsumos_delta_lag_1', 'Master_cconsumos_delta_lag_2', 'Master_cadelantosefectivo_delta_lag_1', 'Master_cadelantosefectivo_delta_lag_2', 'Visa_cconsumos_delta_lag_1', 'Visa_cconsumos_delta_lag_2', 'Visa_cadelantosefectivo_delta_lag_1', 'Visa_cadelantosefectivo_delta_lag_2', 'Master_Fvencimiento_delta_lag_1', 'Master_Fvencimiento_delta_lag_2', 'Master_Finiciomora_delta_lag_1', 'Master_Finiciomora_delta_lag_2', 'Master_fultimo_cierre_delta_lag_1', 'Master_fultimo_cierre_delta_lag_2', 'Master_fechaalta_delta_lag_1', 'Master_fechaalta_delta_lag_2', 'Visa_Fvencimiento_delta_lag_1', 'Visa_Fvencimiento_delta_lag_2', 'Visa_Finiciomora_delta_lag_1', 'Visa_Finiciomora_delta_lag_2', 'Visa_fultimo_cierre_delta_lag_1', 'Visa_fultimo_cierre_delta_lag_2', 'Visa_fechaalta_delta_lag_1', 'Visa_fechaalta_delta_lag_2', 'mrentabilidad_delta_lag_1', 'mrentabilidad_delta_lag_2', 'mrentabilidad_annual_delta_lag_1', 'mrentabilidad_annual_delta_lag_2', 'mcomisiones_delta_lag_1', 'mcomisiones_delta_lag_2', 'mactivos_margen_delta_lag_1', 'mactivos_margen_delta_lag_2', 'mpasivos_margen_delta_lag_1', 'mpasivos_margen_delta_lag_2', 'mcuenta_corriente_adicional_delta_lag_1', 'mcuenta_corriente_adicional_delta_lag_2', 'mcuenta_corriente_delta_lag_1', 'mcuenta_corriente_delta_lag_2', 'mcaja_ahorro_delta_lag_1', 'mcaja_ahorro_delta_lag_2', 'mcaja_ahorro_adicional_delta_lag_1', 'mcaja_ahorro_adicional_delta_lag_2', 'mcaja_ahorro_dolares_delta_lag_1', 'mcaja_ahorro_dolares_delta_lag_2', 'mcuentas_saldo_delta_lag_1', 'mcuentas_saldo_delta_lag_2', 'mautoservicio_delta_lag_1', 'mautoservicio_delta_lag_2', 'mtarjeta_visa_consumo_delta_lag_1', 'mtarjeta_visa_consumo_delta_lag_2', 'mtarjeta_master_consumo_delta_lag_1', 'mtarjeta_master_consumo_delta_lag_2', 'mprestamos_personales_delta_lag_1', 'mprestamos_personales_delta_lag_2', 'mprestamos_prendarios_delta_lag_1', 'mprestamos_prendarios_delta_lag_2', 'mprestamos_hipotecarios_delta_lag_1', 'mprestamos_hipotecarios_delta_lag_2', 'mplazo_fijo_dolares_delta_lag_1', 'mplazo_fijo_dolares_delta_lag_2', 'mplazo_fijo_pesos_delta_lag_1', 'mplazo_fijo_pesos_delta_lag_2', 'minversion1_pesos_delta_lag_1', 'minversion1_pesos_delta_lag_2', 'minversion1_dolares_delta_lag_1', 'minversion1_dolares_delta_lag_2', 'minversion2_delta_lag_1', 'minversion2_delta_lag_2', 'mpayroll_delta_lag_1', 'mpayroll_delta_lag_2', 'mpayroll2_delta_lag_1', 'mpayroll2_delta_lag_2', 'mcuenta_debitos_automaticos_delta_lag_1', 'mcuenta_debitos_automaticos_delta_lag_2', 'mtarjeta_visa_debitos_automaticos_delta_lag_1', 'mtarjeta_visa_debitos_automaticos_delta_lag_2', 'mttarjeta_master_debitos_automaticos_delta_lag_1', 'mttarjeta_master_debitos_automaticos_delta_lag_2', 'mpagodeservicios_delta_lag_1', 'mpagodeservicios_delta_lag_2', 'mpagomiscuentas_delta_lag_1', 'mpagomiscuentas_delta_lag_2', 'mcajeros_propios_descuentos_delta_lag_1', 'mcajeros_propios_descuentos_delta_lag_2', 'mtarjeta_visa_descuentos_delta_lag_1', 'mtarjeta_visa_descuentos_delta_lag_2', 'mtarjeta_master_descuentos_delta_lag_1', 'mtarjeta_master_descuentos_delta_lag_2', 'mcomisiones_mantenimiento_delta_lag_1', 'mcomisiones_mantenimiento_delta_lag_2', 'mcomisiones_otras_delta_lag_1', 'mcomisiones_otras_delta_lag_2', 'mforex_buy_delta_lag_1', 'mforex_buy_delta_lag_2', 'mforex_sell_delta_lag_1', 'mforex_sell_delta_lag_2', 'mtransferencias_recibidas_delta_lag_1', 'mtransferencias_recibidas_delta_lag_2', 'mtransferencias_emitidas_delta_lag_1', 'mtransferencias_emitidas_delta_lag_2', 'mextraccion_autoservicio_delta_lag_1', 'mextraccion_autoservicio_delta_lag_2', 'mcheques_depositados_delta_lag_1', 'mcheques_depositados_delta_lag_2', 'mcheques_emitidos_delta_lag_1', 'mcheques_emitidos_delta_lag_2', 'mcheques_depositados_rechazados_delta_lag_1', 'mcheques_depositados_rechazados_delta_lag_2', 'mcheques_emitidos_rechazados_delta_lag_1', 'mcheques_emitidos_rechazados_delta_lag_2', 'matm_delta_lag_1', 'matm_delta_lag_2', 'matm_other_delta_lag_1', 'matm_other_delta_lag_2', 'Master_mfinanciacion_limite_delta_lag_1', 'Master_mfinanciacion_limite_delta_lag_2', 'Master_msaldototal_delta_lag_1', 'Master_msaldototal_delta_lag_2', 'Master_msaldopesos_delta_lag_1', 'Master_msaldopesos_delta_lag_2', 'Master_msaldodolares_delta_lag_1', 'Master_msaldodolares_delta_lag_2', 'Master_mconsumospesos_delta_lag_1', 'Master_mconsumospesos_delta_lag_2', 'Master_mconsumosdolares_delta_lag_1', 'Master_mconsumosdolares_delta_lag_2', 'Master_mlimitecompra_delta_lag_1', 'Master_mlimitecompra_delta_lag_2', 'Master_madelantopesos_delta_lag_1', 'Master_madelantopesos_delta_lag_2', 'Master_madelantodolares_delta_lag_1', 'Master_madelantodolares_delta_lag_2', 'Master_mpagado_delta_lag_1', 'Master_mpagado_delta_lag_2', 'Master_mpagospesos_delta_lag_1', 'Master_mpagospesos_delta_lag_2', 'Master_mpagosdolares_delta_lag_1', 'Master_mpagosdolares_delta_lag_2', 'Master_mconsumototal_delta_lag_1', 'Master_mconsumototal_delta_lag_2', 'Master_mpagominimo_delta_lag_1', 'Master_mpagominimo_delta_lag_2', 'Visa_mfinanciacion_limite_delta_lag_1', 'Visa_mfinanciacion_limite_delta_lag_2', 'Visa_msaldototal_delta_lag_1', 'Visa_msaldototal_delta_lag_2', 'Visa_msaldopesos_delta_lag_1', 'Visa_msaldopesos_delta_lag_2', 'Visa_msaldodolares_delta_lag_1', 'Visa_msaldodolares_delta_lag_2', 'Visa_mconsumospesos_delta_lag_1', 'Visa_mconsumospesos_delta_lag_2', 'Visa_mconsumosdolares_delta_lag_1', 'Visa_mconsumosdolares_delta_lag_2', 'Visa_mlimitecompra_delta_lag_1', 'Visa_mlimitecompra_delta_lag_2', 'Visa_madelantopesos_delta_lag_1', 'Visa_madelantopesos_delta_lag_2', 'Visa_madelantodolares_delta_lag_1', 'Visa_madelantodolares_delta_lag_2', 'Visa_mpagado_delta_lag_1', 'Visa_mpagado_delta_lag_2', 'Visa_mpagospesos_delta_lag_1', 'Visa_mpagospesos_delta_lag_2', 'Visa_mpagosdolares_delta_lag_1', 'Visa_mpagosdolares_delta_lag_2', 'Visa_mconsumototal_delta_lag_1', 'Visa_mconsumototal_delta_lag_2', 'Visa_mpagominimo_delta_lag_1', 'Visa_mpagominimo_delta_lag_2', 'cforex_sell_delta_lag_1', 'cforex_sell_delta_lag_2']
2025-10-08 01:10:29,716 - INFO - __name__ 428 - Realizando feature engineering de cambio categórico con 2 lags para 13 atributos
2025-10-08 01:11:12,721 - INFO - __name__ 455 - Feature engineering de cambio categórico completado. DataFrame resultante con 1295 columnas
2025-10-08 01:11:13,060 - INFO - __name__ 653 - Operación 'cambio_estado' aplicada. Nombre de nuevas variables: ['active_quarter_cambio_lag_1', 'active_quarter_cambio_lag_2', 'cliente_vip_cambio_lag_1', 'cliente_vip_cambio_lag_2', 'internet_cambio_lag_1', 'internet_cambio_lag_2', 'tcuentas_cambio_lag_1', 'tcuentas_cambio_lag_2', 'cdescubierto_preacordado_cambio_lag_1', 'cdescubierto_preacordado_cambio_lag_2', 'ccaja_seguridad_cambio_lag_1', 'ccaja_seguridad_cambio_lag_2', 'tcallcenter_cambio_lag_1', 'tcallcenter_cambio_lag_2', 'thomebanking_cambio_lag_1', 'thomebanking_cambio_lag_2', 'tmobile_app_cambio_lag_1', 'tmobile_app_cambio_lag_2', 'Master_delinquency_cambio_lag_1', 'Master_delinquency_cambio_lag_2', 'Master_status_cambio_lag_1', 'Master_status_cambio_lag_2', 'Visa_delinquency_cambio_lag_1', 'Visa_delinquency_cambio_lag_2', 'Visa_status_cambio_lag_1', 'Visa_status_cambio_lag_2']
2025-10-08 01:11:13,227 - INFO - src.final_training 48 - Feature Engineering completado sobre DF_predict: (164313, 1295)
2025-10-08 01:11:28,827 - INFO - __name__ 30 - Realizando feature engineering con 2 lags para 137 atributos
2025-10-08 01:11:28,911 - WARNING - __name__ 45 - El atributo mtarjeta_visa_debitos_automaticos no existe en el DataFrame
2025-10-08 01:13:38,297 - INFO - __name__ 60 - Feature engineering completado. DataFrame resultante con 997 columnas
2025-10-08 01:13:38,701 - INFO - __name__ 634 - Operación 'lag' aplicada. Nombre de nuevas variables: ['cproductos_lag_1', 'cproductos_lag_2', 'ccuenta_corriente_lag_1', 'ccuenta_corriente_lag_2', 'ccaja_ahorro_lag_1', 'ccaja_ahorro_lag_2', 'ctarjeta_debito_lag_1', 'ctarjeta_debito_lag_2', 'ctarjeta_debito_transacciones_lag_1', 'ctarjeta_debito_transacciones_lag_2', 'ctarjeta_visa_lag_1', 'ctarjeta_visa_lag_2', 'ctarjeta_visa_transacciones_lag_1', 'ctarjeta_visa_transacciones_lag_2', 'ctarjeta_master_lag_1', 'ctarjeta_master_lag_2', 'ctarjeta_master_transacciones_lag_1', 'ctarjeta_master_transacciones_lag_2', 'cprestamos_personales_lag_1', 'cprestamos_personales_lag_2', 'cprestamos_prendarios_lag_1', 'cprestamos_prendarios_lag_2', 'cprestamos_hipotecarios_lag_1', 'cprestamos_hipotecarios_lag_2', 'cplazo_fijo_lag_1', 'cplazo_fijo_lag_2', 'cinversion1_lag_1', 'cinversion1_lag_2', 'cinversion2_lag_1', 'cinversion2_lag_2', 'cseguro_vida_lag_1', 'cseguro_vida_lag_2', 'cseguro_auto_lag_1', 'cseguro_auto_lag_2', 'cseguro_vivienda_lag_1', 'cseguro_vivienda_lag_2', 'cseguro_accidentes_personales_lag_1', 'cseguro_accidentes_personales_lag_2', 'cpayroll_trx_lag_1', 'cpayroll_trx_lag_2', 'cpayroll2_trx_lag_1', 'cpayroll2_trx_lag_2', 'ccuenta_debitos_automaticos_lag_1', 'ccuenta_debitos_automaticos_lag_2', 'ctarjeta_visa_debitos_automaticos_lag_1', 'ctarjeta_visa_debitos_automaticos_lag_2', 'ctarjeta_master_debitos_automaticos_lag_1', 'ctarjeta_master_debitos_automaticos_lag_2', 'cpagodeservicios_lag_1', 'cpagodeservicios_lag_2', 'cpagomiscuentas_lag_1', 'cpagomiscuentas_lag_2', 'ccajeros_propios_descuentos_lag_1', 'ccajeros_propios_descuentos_lag_2', 'ctarjeta_visa_descuentos_lag_1', 'ctarjeta_visa_descuentos_lag_2', 'ctarjeta_master_descuentos_lag_1', 'ctarjeta_master_descuentos_lag_2', 'ccomisiones_mantenimiento_lag_1', 'ccomisiones_mantenimiento_lag_2', 'ccomisiones_otras_lag_1', 'ccomisiones_otras_lag_2', 'cforex_lag_1', 'cforex_lag_2', 'cforex_buy_lag_1', 'cforex_buy_lag_2', 'ctransferencias_recibidas_lag_1', 'ctransferencias_recibidas_lag_2', 'ctransferencias_emitidas_lag_1', 'ctransferencias_emitidas_lag_2', 'cextraccion_autoservicio_lag_1', 'cextraccion_autoservicio_lag_2', 'ccheques_depositados_lag_1', 'ccheques_depositados_lag_2', 'ccheques_emitidos_lag_1', 'ccheques_emitidos_lag_2', 'ccheques_depositados_rechazados_lag_1', 'ccheques_depositados_rechazados_lag_2', 'ccheques_emitidos_rechazados_lag_1', 'ccheques_emitidos_rechazados_lag_2', 'ccallcenter_transacciones_lag_1', 'ccallcenter_transacciones_lag_2', 'chomebanking_transacciones_lag_1', 'chomebanking_transacciones_lag_2', 'ccajas_transacciones_lag_1', 'ccajas_transacciones_lag_2', 'ccajas_consultas_lag_1', 'ccajas_consultas_lag_2', 'ccajas_depositos_lag_1', 'ccajas_depositos_lag_2', 'ccajas_extracciones_lag_1', 'ccajas_extracciones_lag_2', 'ccajas_otras_lag_1', 'ccajas_otras_lag_2', 'catm_trx_lag_1', 'catm_trx_lag_2', 'catm_trx_other_lag_1', 'catm_trx_other_lag_2', 'ctrx_quarter_lag_1', 'ctrx_quarter_lag_2', 'cmobile_app_trx_lag_1', 'cmobile_app_trx_lag_2', 'Master_cconsumos_lag_1', 'Master_cconsumos_lag_2', 'Master_cadelantosefectivo_lag_1', 'Master_cadelantosefectivo_lag_2', 'Visa_cconsumos_lag_1', 'Visa_cconsumos_lag_2', 'Visa_cadelantosefectivo_lag_1', 'Visa_cadelantosefectivo_lag_2', 'Master_Fvencimiento_lag_1', 'Master_Fvencimiento_lag_2', 'Master_Finiciomora_lag_1', 'Master_Finiciomora_lag_2', 'Master_fultimo_cierre_lag_1', 'Master_fultimo_cierre_lag_2', 'Master_fechaalta_lag_1', 'Master_fechaalta_lag_2', 'Visa_Fvencimiento_lag_1', 'Visa_Fvencimiento_lag_2', 'Visa_Finiciomora_lag_1', 'Visa_Finiciomora_lag_2', 'Visa_fultimo_cierre_lag_1', 'Visa_fultimo_cierre_lag_2', 'Visa_fechaalta_lag_1', 'Visa_fechaalta_lag_2', 'mrentabilidad_lag_1', 'mrentabilidad_lag_2', 'mrentabilidad_annual_lag_1', 'mrentabilidad_annual_lag_2', 'mcomisiones_lag_1', 'mcomisiones_lag_2', 'mactivos_margen_lag_1', 'mactivos_margen_lag_2', 'mpasivos_margen_lag_1', 'mpasivos_margen_lag_2', 'mcuenta_corriente_adicional_lag_1', 'mcuenta_corriente_adicional_lag_2', 'mcuenta_corriente_lag_1', 'mcuenta_corriente_lag_2', 'mcaja_ahorro_lag_1', 'mcaja_ahorro_lag_2', 'mcaja_ahorro_adicional_lag_1', 'mcaja_ahorro_adicional_lag_2', 'mcaja_ahorro_dolares_lag_1', 'mcaja_ahorro_dolares_lag_2', 'mcuentas_saldo_lag_1', 'mcuentas_saldo_lag_2', 'mautoservicio_lag_1', 'mautoservicio_lag_2', 'mtarjeta_visa_consumo_lag_1', 'mtarjeta_visa_consumo_lag_2', 'mtarjeta_master_consumo_lag_1', 'mtarjeta_master_consumo_lag_2', 'mprestamos_personales_lag_1', 'mprestamos_personales_lag_2', 'mprestamos_prendarios_lag_1', 'mprestamos_prendarios_lag_2', 'mprestamos_hipotecarios_lag_1', 'mprestamos_hipotecarios_lag_2', 'mplazo_fijo_dolares_lag_1', 'mplazo_fijo_dolares_lag_2', 'mplazo_fijo_pesos_lag_1', 'mplazo_fijo_pesos_lag_2', 'minversion1_pesos_lag_1', 'minversion1_pesos_lag_2', 'minversion1_dolares_lag_1', 'minversion1_dolares_lag_2', 'minversion2_lag_1', 'minversion2_lag_2', 'mpayroll_lag_1', 'mpayroll_lag_2', 'mpayroll2_lag_1', 'mpayroll2_lag_2', 'mcuenta_debitos_automaticos_lag_1', 'mcuenta_debitos_automaticos_lag_2', 'mtarjeta_visa_debitos_automaticos_lag_1', 'mtarjeta_visa_debitos_automaticos_lag_2', 'mttarjeta_master_debitos_automaticos_lag_1', 'mttarjeta_master_debitos_automaticos_lag_2', 'mpagodeservicios_lag_1', 'mpagodeservicios_lag_2', 'mpagomiscuentas_lag_1', 'mpagomiscuentas_lag_2', 'mcajeros_propios_descuentos_lag_1', 'mcajeros_propios_descuentos_lag_2', 'mtarjeta_visa_descuentos_lag_1', 'mtarjeta_visa_descuentos_lag_2', 'mtarjeta_master_descuentos_lag_1', 'mtarjeta_master_descuentos_lag_2', 'mcomisiones_mantenimiento_lag_1', 'mcomisiones_mantenimiento_lag_2', 'mcomisiones_otras_lag_1', 'mcomisiones_otras_lag_2', 'mforex_buy_lag_1', 'mforex_buy_lag_2', 'mforex_sell_lag_1', 'mforex_sell_lag_2', 'mtransferencias_recibidas_lag_1', 'mtransferencias_recibidas_lag_2', 'mtransferencias_emitidas_lag_1', 'mtransferencias_emitidas_lag_2', 'mextraccion_autoservicio_lag_1', 'mextraccion_autoservicio_lag_2', 'mcheques_depositados_lag_1', 'mcheques_depositados_lag_2', 'mcheques_emitidos_lag_1', 'mcheques_emitidos_lag_2', 'mcheques_depositados_rechazados_lag_1', 'mcheques_depositados_rechazados_lag_2', 'mcheques_emitidos_rechazados_lag_1', 'mcheques_emitidos_rechazados_lag_2', 'matm_lag_1', 'matm_lag_2', 'matm_other_lag_1', 'matm_other_lag_2', 'Master_mfinanciacion_limite_lag_1', 'Master_mfinanciacion_limite_lag_2', 'Master_msaldototal_lag_1', 'Master_msaldototal_lag_2', 'Master_msaldopesos_lag_1', 'Master_msaldopesos_lag_2', 'Master_msaldodolares_lag_1', 'Master_msaldodolares_lag_2', 'Master_mconsumospesos_lag_1', 'Master_mconsumospesos_lag_2', 'Master_mconsumosdolares_lag_1', 'Master_mconsumosdolares_lag_2', 'Master_mlimitecompra_lag_1', 'Master_mlimitecompra_lag_2', 'Master_madelantopesos_lag_1', 'Master_madelantopesos_lag_2', 'Master_madelantodolares_lag_1', 'Master_madelantodolares_lag_2', 'Master_mpagado_lag_1', 'Master_mpagado_lag_2', 'Master_mpagospesos_lag_1', 'Master_mpagospesos_lag_2', 'Master_mpagosdolares_lag_1', 'Master_mpagosdolares_lag_2', 'Master_mconsumototal_lag_1', 'Master_mconsumototal_lag_2', 'Master_mpagominimo_lag_1', 'Master_mpagominimo_lag_2', 'Visa_mfinanciacion_limite_lag_1', 'Visa_mfinanciacion_limite_lag_2', 'Visa_msaldototal_lag_1', 'Visa_msaldototal_lag_2', 'Visa_msaldopesos_lag_1', 'Visa_msaldopesos_lag_2', 'Visa_msaldodolares_lag_1', 'Visa_msaldodolares_lag_2', 'Visa_mconsumospesos_lag_1', 'Visa_mconsumospesos_lag_2', 'Visa_mconsumosdolares_lag_1', 'Visa_mconsumosdolares_lag_2', 'Visa_mlimitecompra_lag_1', 'Visa_mlimitecompra_lag_2', 'Visa_madelantopesos_lag_1', 'Visa_madelantopesos_lag_2', 'Visa_madelantodolares_lag_1', 'Visa_madelantodolares_lag_2', 'Visa_mpagado_lag_1', 'Visa_mpagado_lag_2', 'Visa_mpagospesos_lag_1', 'Visa_mpagospesos_lag_2', 'Visa_mpagosdolares_lag_1', 'Visa_mpagosdolares_lag_2', 'Visa_mconsumototal_lag_1', 'Visa_mconsumototal_lag_2', 'Visa_mpagominimo_lag_1', 'Visa_mpagominimo_lag_2', 'cforex_sell_lag_1', 'cforex_sell_lag_2']
2025-10-08 01:13:38,704 - INFO - __name__ 84 - Realizando feature engineering de delta lag con 2 lags para 137 atributos
2025-10-08 01:13:38,717 - WARNING - __name__ 102 - El atributo mtarjeta_visa_debitos_automaticos no existe en el DataFrame
2025-10-08 01:18:07,958 - INFO - __name__ 115 - Feature engineering de delta lag completado. DataFrame resultante con 1269 columnas
2025-10-08 01:18:08,647 - INFO - __name__ 638 - Operación 'delta_lag' aplicada. Nombre de nuevas variables: ['cproductos_delta_lag_1', 'cproductos_delta_lag_2', 'ccuenta_corriente_delta_lag_1', 'ccuenta_corriente_delta_lag_2', 'ccaja_ahorro_delta_lag_1', 'ccaja_ahorro_delta_lag_2', 'ctarjeta_debito_delta_lag_1', 'ctarjeta_debito_delta_lag_2', 'ctarjeta_debito_transacciones_delta_lag_1', 'ctarjeta_debito_transacciones_delta_lag_2', 'ctarjeta_visa_delta_lag_1', 'ctarjeta_visa_delta_lag_2', 'ctarjeta_visa_transacciones_delta_lag_1', 'ctarjeta_visa_transacciones_delta_lag_2', 'ctarjeta_master_delta_lag_1', 'ctarjeta_master_delta_lag_2', 'ctarjeta_master_transacciones_delta_lag_1', 'ctarjeta_master_transacciones_delta_lag_2', 'cprestamos_personales_delta_lag_1', 'cprestamos_personales_delta_lag_2', 'cprestamos_prendarios_delta_lag_1', 'cprestamos_prendarios_delta_lag_2', 'cprestamos_hipotecarios_delta_lag_1', 'cprestamos_hipotecarios_delta_lag_2', 'cplazo_fijo_delta_lag_1', 'cplazo_fijo_delta_lag_2', 'cinversion1_delta_lag_1', 'cinversion1_delta_lag_2', 'cinversion2_delta_lag_1', 'cinversion2_delta_lag_2', 'cseguro_vida_delta_lag_1', 'cseguro_vida_delta_lag_2', 'cseguro_auto_delta_lag_1', 'cseguro_auto_delta_lag_2', 'cseguro_vivienda_delta_lag_1', 'cseguro_vivienda_delta_lag_2', 'cseguro_accidentes_personales_delta_lag_1', 'cseguro_accidentes_personales_delta_lag_2', 'cpayroll_trx_delta_lag_1', 'cpayroll_trx_delta_lag_2', 'cpayroll2_trx_delta_lag_1', 'cpayroll2_trx_delta_lag_2', 'ccuenta_debitos_automaticos_delta_lag_1', 'ccuenta_debitos_automaticos_delta_lag_2', 'ctarjeta_visa_debitos_automaticos_delta_lag_1', 'ctarjeta_visa_debitos_automaticos_delta_lag_2', 'ctarjeta_master_debitos_automaticos_delta_lag_1', 'ctarjeta_master_debitos_automaticos_delta_lag_2', 'cpagodeservicios_delta_lag_1', 'cpagodeservicios_delta_lag_2', 'cpagomiscuentas_delta_lag_1', 'cpagomiscuentas_delta_lag_2', 'ccajeros_propios_descuentos_delta_lag_1', 'ccajeros_propios_descuentos_delta_lag_2', 'ctarjeta_visa_descuentos_delta_lag_1', 'ctarjeta_visa_descuentos_delta_lag_2', 'ctarjeta_master_descuentos_delta_lag_1', 'ctarjeta_master_descuentos_delta_lag_2', 'ccomisiones_mantenimiento_delta_lag_1', 'ccomisiones_mantenimiento_delta_lag_2', 'ccomisiones_otras_delta_lag_1', 'ccomisiones_otras_delta_lag_2', 'cforex_delta_lag_1', 'cforex_delta_lag_2', 'cforex_buy_delta_lag_1', 'cforex_buy_delta_lag_2', 'ctransferencias_recibidas_delta_lag_1', 'ctransferencias_recibidas_delta_lag_2', 'ctransferencias_emitidas_delta_lag_1', 'ctransferencias_emitidas_delta_lag_2', 'cextraccion_autoservicio_delta_lag_1', 'cextraccion_autoservicio_delta_lag_2', 'ccheques_depositados_delta_lag_1', 'ccheques_depositados_delta_lag_2', 'ccheques_emitidos_delta_lag_1', 'ccheques_emitidos_delta_lag_2', 'ccheques_depositados_rechazados_delta_lag_1', 'ccheques_depositados_rechazados_delta_lag_2', 'ccheques_emitidos_rechazados_delta_lag_1', 'ccheques_emitidos_rechazados_delta_lag_2', 'ccallcenter_transacciones_delta_lag_1', 'ccallcenter_transacciones_delta_lag_2', 'chomebanking_transacciones_delta_lag_1', 'chomebanking_transacciones_delta_lag_2', 'ccajas_transacciones_delta_lag_1', 'ccajas_transacciones_delta_lag_2', 'ccajas_consultas_delta_lag_1', 'ccajas_consultas_delta_lag_2', 'ccajas_depositos_delta_lag_1', 'ccajas_depositos_delta_lag_2', 'ccajas_extracciones_delta_lag_1', 'ccajas_extracciones_delta_lag_2', 'ccajas_otras_delta_lag_1', 'ccajas_otras_delta_lag_2', 'catm_trx_delta_lag_1', 'catm_trx_delta_lag_2', 'catm_trx_other_delta_lag_1', 'catm_trx_other_delta_lag_2', 'ctrx_quarter_delta_lag_1', 'ctrx_quarter_delta_lag_2', 'cmobile_app_trx_delta_lag_1', 'cmobile_app_trx_delta_lag_2', 'Master_cconsumos_delta_lag_1', 'Master_cconsumos_delta_lag_2', 'Master_cadelantosefectivo_delta_lag_1', 'Master_cadelantosefectivo_delta_lag_2', 'Visa_cconsumos_delta_lag_1', 'Visa_cconsumos_delta_lag_2', 'Visa_cadelantosefectivo_delta_lag_1', 'Visa_cadelantosefectivo_delta_lag_2', 'Master_Fvencimiento_delta_lag_1', 'Master_Fvencimiento_delta_lag_2', 'Master_Finiciomora_delta_lag_1', 'Master_Finiciomora_delta_lag_2', 'Master_fultimo_cierre_delta_lag_1', 'Master_fultimo_cierre_delta_lag_2', 'Master_fechaalta_delta_lag_1', 'Master_fechaalta_delta_lag_2', 'Visa_Fvencimiento_delta_lag_1', 'Visa_Fvencimiento_delta_lag_2', 'Visa_Finiciomora_delta_lag_1', 'Visa_Finiciomora_delta_lag_2', 'Visa_fultimo_cierre_delta_lag_1', 'Visa_fultimo_cierre_delta_lag_2', 'Visa_fechaalta_delta_lag_1', 'Visa_fechaalta_delta_lag_2', 'mrentabilidad_delta_lag_1', 'mrentabilidad_delta_lag_2', 'mrentabilidad_annual_delta_lag_1', 'mrentabilidad_annual_delta_lag_2', 'mcomisiones_delta_lag_1', 'mcomisiones_delta_lag_2', 'mactivos_margen_delta_lag_1', 'mactivos_margen_delta_lag_2', 'mpasivos_margen_delta_lag_1', 'mpasivos_margen_delta_lag_2', 'mcuenta_corriente_adicional_delta_lag_1', 'mcuenta_corriente_adicional_delta_lag_2', 'mcuenta_corriente_delta_lag_1', 'mcuenta_corriente_delta_lag_2', 'mcaja_ahorro_delta_lag_1', 'mcaja_ahorro_delta_lag_2', 'mcaja_ahorro_adicional_delta_lag_1', 'mcaja_ahorro_adicional_delta_lag_2', 'mcaja_ahorro_dolares_delta_lag_1', 'mcaja_ahorro_dolares_delta_lag_2', 'mcuentas_saldo_delta_lag_1', 'mcuentas_saldo_delta_lag_2', 'mautoservicio_delta_lag_1', 'mautoservicio_delta_lag_2', 'mtarjeta_visa_consumo_delta_lag_1', 'mtarjeta_visa_consumo_delta_lag_2', 'mtarjeta_master_consumo_delta_lag_1', 'mtarjeta_master_consumo_delta_lag_2', 'mprestamos_personales_delta_lag_1', 'mprestamos_personales_delta_lag_2', 'mprestamos_prendarios_delta_lag_1', 'mprestamos_prendarios_delta_lag_2', 'mprestamos_hipotecarios_delta_lag_1', 'mprestamos_hipotecarios_delta_lag_2', 'mplazo_fijo_dolares_delta_lag_1', 'mplazo_fijo_dolares_delta_lag_2', 'mplazo_fijo_pesos_delta_lag_1', 'mplazo_fijo_pesos_delta_lag_2', 'minversion1_pesos_delta_lag_1', 'minversion1_pesos_delta_lag_2', 'minversion1_dolares_delta_lag_1', 'minversion1_dolares_delta_lag_2', 'minversion2_delta_lag_1', 'minversion2_delta_lag_2', 'mpayroll_delta_lag_1', 'mpayroll_delta_lag_2', 'mpayroll2_delta_lag_1', 'mpayroll2_delta_lag_2', 'mcuenta_debitos_automaticos_delta_lag_1', 'mcuenta_debitos_automaticos_delta_lag_2', 'mtarjeta_visa_debitos_automaticos_delta_lag_1', 'mtarjeta_visa_debitos_automaticos_delta_lag_2', 'mttarjeta_master_debitos_automaticos_delta_lag_1', 'mttarjeta_master_debitos_automaticos_delta_lag_2', 'mpagodeservicios_delta_lag_1', 'mpagodeservicios_delta_lag_2', 'mpagomiscuentas_delta_lag_1', 'mpagomiscuentas_delta_lag_2', 'mcajeros_propios_descuentos_delta_lag_1', 'mcajeros_propios_descuentos_delta_lag_2', 'mtarjeta_visa_descuentos_delta_lag_1', 'mtarjeta_visa_descuentos_delta_lag_2', 'mtarjeta_master_descuentos_delta_lag_1', 'mtarjeta_master_descuentos_delta_lag_2', 'mcomisiones_mantenimiento_delta_lag_1', 'mcomisiones_mantenimiento_delta_lag_2', 'mcomisiones_otras_delta_lag_1', 'mcomisiones_otras_delta_lag_2', 'mforex_buy_delta_lag_1', 'mforex_buy_delta_lag_2', 'mforex_sell_delta_lag_1', 'mforex_sell_delta_lag_2', 'mtransferencias_recibidas_delta_lag_1', 'mtransferencias_recibidas_delta_lag_2', 'mtransferencias_emitidas_delta_lag_1', 'mtransferencias_emitidas_delta_lag_2', 'mextraccion_autoservicio_delta_lag_1', 'mextraccion_autoservicio_delta_lag_2', 'mcheques_depositados_delta_lag_1', 'mcheques_depositados_delta_lag_2', 'mcheques_emitidos_delta_lag_1', 'mcheques_emitidos_delta_lag_2', 'mcheques_depositados_rechazados_delta_lag_1', 'mcheques_depositados_rechazados_delta_lag_2', 'mcheques_emitidos_rechazados_delta_lag_1', 'mcheques_emitidos_rechazados_delta_lag_2', 'matm_delta_lag_1', 'matm_delta_lag_2', 'matm_other_delta_lag_1', 'matm_other_delta_lag_2', 'Master_mfinanciacion_limite_delta_lag_1', 'Master_mfinanciacion_limite_delta_lag_2', 'Master_msaldototal_delta_lag_1', 'Master_msaldototal_delta_lag_2', 'Master_msaldopesos_delta_lag_1', 'Master_msaldopesos_delta_lag_2', 'Master_msaldodolares_delta_lag_1', 'Master_msaldodolares_delta_lag_2', 'Master_mconsumospesos_delta_lag_1', 'Master_mconsumospesos_delta_lag_2', 'Master_mconsumosdolares_delta_lag_1', 'Master_mconsumosdolares_delta_lag_2', 'Master_mlimitecompra_delta_lag_1', 'Master_mlimitecompra_delta_lag_2', 'Master_madelantopesos_delta_lag_1', 'Master_madelantopesos_delta_lag_2', 'Master_madelantodolares_delta_lag_1', 'Master_madelantodolares_delta_lag_2', 'Master_mpagado_delta_lag_1', 'Master_mpagado_delta_lag_2', 'Master_mpagospesos_delta_lag_1', 'Master_mpagospesos_delta_lag_2', 'Master_mpagosdolares_delta_lag_1', 'Master_mpagosdolares_delta_lag_2', 'Master_mconsumototal_delta_lag_1', 'Master_mconsumototal_delta_lag_2', 'Master_mpagominimo_delta_lag_1', 'Master_mpagominimo_delta_lag_2', 'Visa_mfinanciacion_limite_delta_lag_1', 'Visa_mfinanciacion_limite_delta_lag_2', 'Visa_msaldototal_delta_lag_1', 'Visa_msaldototal_delta_lag_2', 'Visa_msaldopesos_delta_lag_1', 'Visa_msaldopesos_delta_lag_2', 'Visa_msaldodolares_delta_lag_1', 'Visa_msaldodolares_delta_lag_2', 'Visa_mconsumospesos_delta_lag_1', 'Visa_mconsumospesos_delta_lag_2', 'Visa_mconsumosdolares_delta_lag_1', 'Visa_mconsumosdolares_delta_lag_2', 'Visa_mlimitecompra_delta_lag_1', 'Visa_mlimitecompra_delta_lag_2', 'Visa_madelantopesos_delta_lag_1', 'Visa_madelantopesos_delta_lag_2', 'Visa_madelantodolares_delta_lag_1', 'Visa_madelantodolares_delta_lag_2', 'Visa_mpagado_delta_lag_1', 'Visa_mpagado_delta_lag_2', 'Visa_mpagospesos_delta_lag_1', 'Visa_mpagospesos_delta_lag_2', 'Visa_mpagosdolares_delta_lag_1', 'Visa_mpagosdolares_delta_lag_2', 'Visa_mconsumototal_delta_lag_1', 'Visa_mconsumototal_delta_lag_2', 'Visa_mpagominimo_delta_lag_1', 'Visa_mpagominimo_delta_lag_2', 'cforex_sell_delta_lag_1', 'cforex_sell_delta_lag_2']
2025-10-08 01:18:08,651 - INFO - __name__ 428 - Realizando feature engineering de cambio categórico con 2 lags para 13 atributos
2025-10-08 01:25:49,008 - INFO - __name__ 455 - Feature engineering de cambio categórico completado. DataFrame resultante con 1295 columnas
2025-10-08 01:25:50,007 - INFO - __name__ 653 - Operación 'cambio_estado' aplicada. Nombre de nuevas variables: ['active_quarter_cambio_lag_1', 'active_quarter_cambio_lag_2', 'cliente_vip_cambio_lag_1', 'cliente_vip_cambio_lag_2', 'internet_cambio_lag_1', 'internet_cambio_lag_2', 'tcuentas_cambio_lag_1', 'tcuentas_cambio_lag_2', 'cdescubierto_preacordado_cambio_lag_1', 'cdescubierto_preacordado_cambio_lag_2', 'ccaja_seguridad_cambio_lag_1', 'ccaja_seguridad_cambio_lag_2', 'tcallcenter_cambio_lag_1', 'tcallcenter_cambio_lag_2', 'thomebanking_cambio_lag_1', 'thomebanking_cambio_lag_2', 'tmobile_app_cambio_lag_1', 'tmobile_app_cambio_lag_2', 'Master_delinquency_cambio_lag_1', 'Master_delinquency_cambio_lag_2', 'Master_status_cambio_lag_1', 'Master_status_cambio_lag_2', 'Visa_delinquency_cambio_lag_1', 'Visa_delinquency_cambio_lag_2', 'Visa_status_cambio_lag_1', 'Visa_status_cambio_lag_2']
2025-10-08 01:25:50,569 - INFO - src.final_training 51 - Feature Engineering completado sobre DF_train: (650209, 1295)
2025-10-08 01:26:19,720 - INFO - src.final_training 64 - Features utilizadas: 1,294
2025-10-08 01:26:19,760 - INFO - src.final_training 65 - Distribución del target - 0: 642,830, 1: 7,379
2025-10-08 01:26:21,750 - INFO - __main__ 91 - Entrenar modelo final
2025-10-08 01:26:21,751 - INFO - src.final_training 81 - Iniciando entrenamiento del modelo final
2025-10-08 01:26:21,752 - INFO - src.final_training 92 - Parámetros del modelo: {'objective': 'binary', 'metric': 'None', 'random_state': 839071, 'verbose': -1, 'num_iterations': 911, 'num_leaves': 120, 'learn_rate': 0.05107478863788141, 'feature_fraction': 0.4639852325209901, 'bagging_fraction': 0.5204003878345558, 'min_child_samples': 11, 'max_depth': 8, 'reg_lambda': 5.736097598860575, 'reg_alpha': 3.5069635840984015}
