2025-10-09 20:14:14,894 - INFO - __main__ 37 - Inicio de ejecucion.
2025-10-09 20:14:14,894 - INFO - __main__ 39 - Número de trials por estudio: 100
2025-10-09 20:14:14,895 - INFO - __name__ 14 - Cargando dataset desde ./data/competencia_01.csv
2025-10-09 20:14:25,723 - INFO - __name__ 17 - Dataset cargado con 978439 filas y 155 columnas
2025-10-09 20:14:25,723 - INFO - __main__ 49 - Archivo de features encontrado: data/df_fe_lgb_optimization_cv_competencia01_b.csv. Cargando desde disco.
2025-10-09 20:15:57,934 - INFO - __main__ 56 - Feature Engineering completado: (978439, 725)
2025-10-09 20:16:04,398 - INFO - __name__ 54 - Conversión completada:
2025-10-09 20:16:04,406 - INFO - __name__ 55 -   Original - CONTINUA: 642830, BAJA+1: 4575, BAJA+2: 3938
2025-10-09 20:16:04,407 - INFO - __name__ 56 -   Binario - 0: 642830, 1: 8513
2025-10-09 20:16:04,409 - INFO - __name__ 57 -   Distribución: 1.31% casos positivos
2025-10-09 20:16:05,590 - INFO - src.optimization_cv 161 - Iniciando optimización con CV - 100 trials
2025-10-09 20:16:05,597 - INFO - src.optimization_cv 162 - Configuración CV: períodos=['202102', '202103']
2025-10-09 20:21:44,629 - INFO - src.optimization_cv 90 - Trial 0: Ganancia CV = 345,240,797 ± 16,948,095 
2025-10-09 20:21:44,634 - INFO - src.optimization_cv 91 - Trial 0: Mejor iteración en CV: 697 
2025-10-09 20:21:44,651 - INFO - src.optimization_cv 146 - Iteración 0 guardada. Ganancia promedio CV: 345,240,797 
2025-10-09 20:24:08,377 - INFO - src.optimization_cv 90 - Trial 1: Ganancia CV = 351,420,259 ± 11,668,201 
2025-10-09 20:24:08,381 - INFO - src.optimization_cv 91 - Trial 1: Mejor iteración en CV: 107 
2025-10-09 20:24:08,391 - INFO - src.optimization_cv 146 - Iteración 1 guardada. Ganancia promedio CV: 351,420,259 
2025-10-09 20:26:48,698 - INFO - src.optimization_cv 90 - Trial 2: Ganancia CV = 344,907,806 ± 17,579,042 
2025-10-09 20:26:48,707 - INFO - src.optimization_cv 91 - Trial 2: Mejor iteración en CV: 185 
2025-10-09 20:26:48,725 - INFO - src.optimization_cv 146 - Iteración 2 guardada. Ganancia promedio CV: 344,907,806 
2025-10-09 20:31:54,182 - INFO - src.optimization_cv 90 - Trial 3: Ganancia CV = 336,295,226 ± 15,676,501 
2025-10-09 20:31:54,185 - INFO - src.optimization_cv 91 - Trial 3: Mejor iteración en CV: 526 
2025-10-09 20:31:54,193 - INFO - src.optimization_cv 146 - Iteración 3 guardada. Ganancia promedio CV: 336,295,226 
2025-10-09 20:34:45,277 - INFO - src.optimization_cv 90 - Trial 4: Ganancia CV = 350,323,065 ± 12,450,561 
2025-10-09 20:34:45,285 - INFO - src.optimization_cv 91 - Trial 4: Mejor iteración en CV: 448 
2025-10-09 20:34:45,308 - INFO - src.optimization_cv 146 - Iteración 4 guardada. Ganancia promedio CV: 350,323,065 
2025-10-09 20:37:22,405 - INFO - src.optimization_cv 90 - Trial 5: Ganancia CV = 350,445,257 ± 13,229,835 
2025-10-09 20:37:22,411 - INFO - src.optimization_cv 91 - Trial 5: Mejor iteración en CV: 174 
2025-10-09 20:37:22,426 - INFO - src.optimization_cv 146 - Iteración 5 guardada. Ganancia promedio CV: 350,445,257 
2025-10-09 20:39:31,472 - INFO - src.optimization_cv 90 - Trial 6: Ganancia CV = 341,893,685 ± 10,936,004 
2025-10-09 20:39:31,476 - INFO - src.optimization_cv 91 - Trial 6: Mejor iteración en CV: 177 
2025-10-09 20:39:31,489 - INFO - src.optimization_cv 146 - Iteración 6 guardada. Ganancia promedio CV: 341,893,685 
2025-10-09 20:41:38,680 - INFO - src.optimization_cv 90 - Trial 7: Ganancia CV = 329,657,053 ± 12,542,263 
2025-10-09 20:41:38,686 - INFO - src.optimization_cv 91 - Trial 7: Mejor iteración en CV: 189 
2025-10-09 20:41:38,712 - INFO - src.optimization_cv 146 - Iteración 7 guardada. Ganancia promedio CV: 329,657,053 
2025-10-09 20:45:51,197 - INFO - src.optimization_cv 90 - Trial 8: Ganancia CV = 351,257,647 ± 11,180,913 
2025-10-09 20:45:51,204 - INFO - src.optimization_cv 91 - Trial 8: Mejor iteración en CV: 203 
2025-10-09 20:45:51,222 - INFO - src.optimization_cv 146 - Iteración 8 guardada. Ganancia promedio CV: 351,257,647 
2025-10-09 20:48:45,435 - INFO - src.optimization_cv 90 - Trial 9: Ganancia CV = 345,596,523 ± 15,819,680 
2025-10-09 20:48:45,443 - INFO - src.optimization_cv 91 - Trial 9: Mejor iteración en CV: 611 
2025-10-09 20:48:45,473 - INFO - src.optimization_cv 146 - Iteración 9 guardada. Ganancia promedio CV: 345,596,523 
2025-10-09 20:51:57,931 - INFO - src.optimization_cv 90 - Trial 10: Ganancia CV = 340,836,652 ± 9,586,241 
2025-10-09 20:51:57,938 - INFO - src.optimization_cv 91 - Trial 10: Mejor iteración en CV: 91 
2025-10-09 20:51:57,958 - INFO - src.optimization_cv 146 - Iteración 10 guardada. Ganancia promedio CV: 340,836,652 
2025-10-09 20:53:49,613 - INFO - src.optimization_cv 90 - Trial 11: Ganancia CV = 341,608,219 ± 10,706,873 
2025-10-09 20:53:49,623 - INFO - src.optimization_cv 91 - Trial 11: Mejor iteración en CV: 72 
2025-10-09 20:53:49,659 - INFO - src.optimization_cv 146 - Iteración 11 guardada. Ganancia promedio CV: 341,608,219 
2025-10-09 20:56:59,573 - INFO - src.optimization_cv 90 - Trial 12: Ganancia CV = 351,392,153 ± 10,953,988 
2025-10-09 20:56:59,579 - INFO - src.optimization_cv 91 - Trial 12: Mejor iteración en CV: 130 
2025-10-09 20:56:59,600 - INFO - src.optimization_cv 146 - Iteración 12 guardada. Ganancia promedio CV: 351,392,153 
2025-10-09 21:00:56,098 - INFO - src.optimization_cv 90 - Trial 13: Ganancia CV = 354,964,971 ± 9,049,417 
2025-10-09 21:00:56,103 - INFO - src.optimization_cv 91 - Trial 13: Mejor iteración en CV: 238 
2025-10-09 21:00:56,124 - INFO - src.optimization_cv 146 - Iteración 13 guardada. Ganancia promedio CV: 354,964,971 
2025-10-09 21:03:34,684 - INFO - src.optimization_cv 90 - Trial 14: Ganancia CV = 349,693,075 ± 11,849,702 
2025-10-09 21:03:34,691 - INFO - src.optimization_cv 91 - Trial 14: Mejor iteración en CV: 159 
2025-10-09 21:03:34,714 - INFO - src.optimization_cv 146 - Iteración 14 guardada. Ganancia promedio CV: 349,693,075 
2025-10-09 21:06:08,364 - INFO - src.optimization_cv 90 - Trial 15: Ganancia CV = 346,294,315 ± 17,346,081 
2025-10-09 21:06:08,372 - INFO - src.optimization_cv 91 - Trial 15: Mejor iteración en CV: 215 
2025-10-09 21:06:08,396 - INFO - src.optimization_cv 146 - Iteración 15 guardada. Ganancia promedio CV: 346,294,315 
2025-10-09 21:08:14,104 - INFO - src.optimization_cv 90 - Trial 16: Ganancia CV = 348,630,182 ± 14,049,613 
2025-10-09 21:08:14,112 - INFO - src.optimization_cv 91 - Trial 16: Mejor iteración en CV: 120 
2025-10-09 21:08:14,140 - INFO - src.optimization_cv 146 - Iteración 16 guardada. Ganancia promedio CV: 348,630,182 
2025-10-09 21:09:51,615 - INFO - src.optimization_cv 90 - Trial 17: Ganancia CV = 344,629,030 ± 11,594,028 
2025-10-09 21:09:51,622 - INFO - src.optimization_cv 91 - Trial 17: Mejor iteración en CV: 65 
2025-10-09 21:09:51,653 - INFO - src.optimization_cv 146 - Iteración 17 guardada. Ganancia promedio CV: 344,629,030 
2025-10-09 21:11:35,278 - INFO - src.optimization_cv 90 - Trial 18: Ganancia CV = 323,754,808 ± 16,316,496 
2025-10-09 21:11:35,284 - INFO - src.optimization_cv 91 - Trial 18: Mejor iteración en CV: 254 
2025-10-09 21:11:35,322 - INFO - src.optimization_cv 146 - Iteración 18 guardada. Ganancia promedio CV: 323,754,808 
2025-10-09 21:13:24,243 - INFO - src.optimization_cv 90 - Trial 19: Ganancia CV = 343,759,119 ± 12,892,880 
2025-10-09 21:13:24,252 - INFO - src.optimization_cv 91 - Trial 19: Mejor iteración en CV: 58 
2025-10-09 21:13:24,285 - INFO - src.optimization_cv 146 - Iteración 19 guardada. Ganancia promedio CV: 343,759,119 
2025-10-09 21:15:44,742 - INFO - src.optimization_cv 90 - Trial 20: Ganancia CV = 348,796,747 ± 13,820,507 
2025-10-09 21:15:44,749 - INFO - src.optimization_cv 91 - Trial 20: Mejor iteración en CV: 181 
2025-10-09 21:15:44,775 - INFO - src.optimization_cv 146 - Iteración 20 guardada. Ganancia promedio CV: 348,796,747 
2025-10-09 21:18:45,818 - INFO - src.optimization_cv 90 - Trial 21: Ganancia CV = 351,540,060 ± 11,006,845 
2025-10-09 21:18:45,824 - INFO - src.optimization_cv 91 - Trial 21: Mejor iteración en CV: 132 
2025-10-09 21:18:45,850 - INFO - src.optimization_cv 146 - Iteración 21 guardada. Ganancia promedio CV: 351,540,060 
2025-10-09 21:22:34,973 - INFO - src.optimization_cv 90 - Trial 22: Ganancia CV = 355,730,114 ± 9,647,061 
2025-10-09 21:22:34,978 - INFO - src.optimization_cv 91 - Trial 22: Mejor iteración en CV: 209 
2025-10-09 21:22:35,002 - INFO - src.optimization_cv 146 - Iteración 22 guardada. Ganancia promedio CV: 355,730,114 
2025-10-09 21:24:42,373 - INFO - src.optimization_cv 90 - Trial 23: Ganancia CV = 348,494,400 ± 14,700,503 
2025-10-09 21:24:42,379 - INFO - src.optimization_cv 91 - Trial 23: Mejor iteración en CV: 129 
2025-10-09 21:24:42,400 - INFO - src.optimization_cv 146 - Iteración 23 guardada. Ganancia promedio CV: 348,494,400 
2025-10-09 21:27:37,763 - INFO - src.optimization_cv 90 - Trial 24: Ganancia CV = 352,384,689 ± 10,195,931 
2025-10-09 21:27:37,769 - INFO - src.optimization_cv 91 - Trial 24: Mejor iteración en CV: 150 
2025-10-09 21:27:37,800 - INFO - src.optimization_cv 146 - Iteración 24 guardada. Ganancia promedio CV: 352,384,689 
2025-10-09 21:29:42,763 - INFO - src.optimization_cv 90 - Trial 25: Ganancia CV = 348,402,564 ± 10,614,740 
2025-10-09 21:29:42,770 - INFO - src.optimization_cv 91 - Trial 25: Mejor iteración en CV: 116 
2025-10-09 21:29:42,802 - INFO - src.optimization_cv 146 - Iteración 25 guardada. Ganancia promedio CV: 348,402,564 
2025-10-09 21:34:08,169 - INFO - src.optimization_cv 90 - Trial 26: Ganancia CV = 351,734,942 ± 10,778,725 
2025-10-09 21:34:08,173 - INFO - src.optimization_cv 91 - Trial 26: Mejor iteración en CV: 222 
2025-10-09 21:34:08,198 - INFO - src.optimization_cv 146 - Iteración 26 guardada. Ganancia promedio CV: 351,734,942 
2025-10-09 21:37:02,227 - INFO - src.optimization_cv 90 - Trial 27: Ganancia CV = 347,997,277 ± 13,841,833 
2025-10-09 21:37:02,236 - INFO - src.optimization_cv 91 - Trial 27: Mejor iteración en CV: 165 
2025-10-09 21:37:02,268 - INFO - src.optimization_cv 146 - Iteración 27 guardada. Ganancia promedio CV: 347,997,277 
2025-10-09 21:40:36,346 - INFO - src.optimization_cv 90 - Trial 28: Ganancia CV = 352,230,922 ± 13,087,197 
2025-10-09 21:40:36,353 - INFO - src.optimization_cv 91 - Trial 28: Mejor iteración en CV: 255 
2025-10-09 21:40:36,389 - INFO - src.optimization_cv 146 - Iteración 28 guardada. Ganancia promedio CV: 352,230,922 
2025-10-09 21:42:28,235 - INFO - src.optimization_cv 90 - Trial 29: Ganancia CV = 344,145,282 ± 16,561,655 
2025-10-09 21:42:28,240 - INFO - src.optimization_cv 91 - Trial 29: Mejor iteración en CV: 102 
2025-10-09 21:42:28,273 - INFO - src.optimization_cv 146 - Iteración 29 guardada. Ganancia promedio CV: 344,145,282 
2025-10-09 21:47:52,977 - INFO - src.optimization_cv 90 - Trial 30: Ganancia CV = 349,092,671 ± 13,590,614 
2025-10-09 21:47:52,984 - INFO - src.optimization_cv 91 - Trial 30: Mejor iteración en CV: 494 
2025-10-09 21:47:53,019 - INFO - src.optimization_cv 146 - Iteración 30 guardada. Ganancia promedio CV: 349,092,671 
2025-10-09 21:50:48,674 - INFO - src.optimization_cv 90 - Trial 31: Ganancia CV = 348,905,313 ± 15,333,518 
2025-10-09 21:50:48,680 - INFO - src.optimization_cv 91 - Trial 31: Mejor iteración en CV: 200 
2025-10-09 21:50:48,710 - INFO - src.optimization_cv 146 - Iteración 31 guardada. Ganancia promedio CV: 348,905,313 
2025-10-09 21:53:45,691 - INFO - src.optimization_cv 90 - Trial 32: Ganancia CV = 345,104,349 ± 18,200,883 
2025-10-09 21:53:45,698 - INFO - src.optimization_cv 91 - Trial 32: Mejor iteración en CV: 217 
2025-10-09 21:53:45,733 - INFO - src.optimization_cv 146 - Iteración 32 guardada. Ganancia promedio CV: 345,104,349 
2025-10-09 21:55:50,563 - INFO - src.optimization_cv 90 - Trial 33: Ganancia CV = 348,095,577 ± 15,649,022 
2025-10-09 21:55:50,570 - INFO - src.optimization_cv 91 - Trial 33: Mejor iteración en CV: 103 
2025-10-09 21:55:50,599 - INFO - src.optimization_cv 146 - Iteración 33 guardada. Ganancia promedio CV: 348,095,577 
2025-10-09 21:59:10,410 - INFO - src.optimization_cv 90 - Trial 34: Ganancia CV = 353,119,234 ± 9,092,466 
2025-10-09 21:59:10,417 - INFO - src.optimization_cv 91 - Trial 34: Mejor iteración en CV: 187 
2025-10-09 21:59:10,459 - INFO - src.optimization_cv 146 - Iteración 34 guardada. Ganancia promedio CV: 353,119,234 
2025-10-09 22:02:52,207 - INFO - src.optimization_cv 90 - Trial 35: Ganancia CV = 354,667,926 ± 10,152,868 
2025-10-09 22:02:52,214 - INFO - src.optimization_cv 91 - Trial 35: Mejor iteración en CV: 214 
2025-10-09 22:02:52,248 - INFO - src.optimization_cv 146 - Iteración 35 guardada. Ganancia promedio CV: 354,667,926 
2025-10-09 22:04:45,124 - INFO - src.optimization_cv 90 - Trial 36: Ganancia CV = 347,080,040 ± 10,286,240 
2025-10-09 22:04:45,130 - INFO - src.optimization_cv 91 - Trial 36: Mejor iteración en CV: 98 
2025-10-09 22:04:45,168 - INFO - src.optimization_cv 146 - Iteración 36 guardada. Ganancia promedio CV: 347,080,040 
2025-10-09 22:06:59,825 - INFO - src.optimization_cv 90 - Trial 37: Ganancia CV = 350,806,162 ± 10,665,031 
2025-10-09 22:06:59,836 - INFO - src.optimization_cv 91 - Trial 37: Mejor iteración en CV: 110 
2025-10-09 22:06:59,874 - INFO - src.optimization_cv 146 - Iteración 37 guardada. Ganancia promedio CV: 350,806,162 
2025-10-09 22:09:30,015 - INFO - src.optimization_cv 90 - Trial 38: Ganancia CV = 352,714,994 ± 10,543,758 
2025-10-09 22:09:30,021 - INFO - src.optimization_cv 91 - Trial 38: Mejor iteración en CV: 166 
2025-10-09 22:09:30,060 - INFO - src.optimization_cv 146 - Iteración 38 guardada. Ganancia promedio CV: 352,714,994 
2025-10-09 22:13:03,284 - INFO - src.optimization_cv 90 - Trial 39: Ganancia CV = 354,018,426 ± 9,188,230 
2025-10-09 22:13:03,287 - INFO - src.optimization_cv 91 - Trial 39: Mejor iteración en CV: 215 
2025-10-09 22:13:03,314 - INFO - src.optimization_cv 146 - Iteración 39 guardada. Ganancia promedio CV: 354,018,426 
2025-10-09 22:15:39,028 - INFO - src.optimization_cv 90 - Trial 40: Ganancia CV = 346,353,322 ± 12,630,366 
2025-10-09 22:15:39,034 - INFO - src.optimization_cv 91 - Trial 40: Mejor iteración en CV: 229 
2025-10-09 22:15:39,070 - INFO - src.optimization_cv 146 - Iteración 40 guardada. Ganancia promedio CV: 346,353,322 
2025-10-09 22:18:35,103 - INFO - src.optimization_cv 90 - Trial 41: Ganancia CV = 351,182,344 ± 10,551,883 
2025-10-09 22:18:35,111 - INFO - src.optimization_cv 91 - Trial 41: Mejor iteración en CV: 127 
2025-10-09 22:18:35,142 - INFO - src.optimization_cv 146 - Iteración 41 guardada. Ganancia promedio CV: 351,182,344 
2025-10-09 22:20:49,494 - INFO - src.optimization_cv 90 - Trial 42: Ganancia CV = 351,110,810 ± 10,701,023 
2025-10-09 22:20:49,501 - INFO - src.optimization_cv 91 - Trial 42: Mejor iteración en CV: 167 
2025-10-09 22:20:49,538 - INFO - src.optimization_cv 146 - Iteración 42 guardada. Ganancia promedio CV: 351,110,810 
2025-10-09 22:23:02,994 - INFO - src.optimization_cv 90 - Trial 43: Ganancia CV = 351,529,333 ± 9,864,997 
2025-10-09 22:23:03,000 - INFO - src.optimization_cv 91 - Trial 43: Mejor iteración en CV: 104 
2025-10-09 22:23:03,044 - INFO - src.optimization_cv 146 - Iteración 43 guardada. Ganancia promedio CV: 351,529,333 
2025-10-09 22:25:58,459 - INFO - src.optimization_cv 90 - Trial 44: Ganancia CV = 349,707,030 ± 13,863,138 
2025-10-09 22:25:58,466 - INFO - src.optimization_cv 91 - Trial 44: Mejor iteración en CV: 333 
2025-10-09 22:25:58,503 - INFO - src.optimization_cv 146 - Iteración 44 guardada. Ganancia promedio CV: 349,707,030 
2025-10-09 22:28:31,411 - INFO - src.optimization_cv 90 - Trial 45: Ganancia CV = 350,091,954 ± 11,073,427 
2025-10-09 22:28:31,417 - INFO - src.optimization_cv 91 - Trial 45: Mejor iteración en CV: 86 
2025-10-09 22:28:31,453 - INFO - src.optimization_cv 146 - Iteración 45 guardada. Ganancia promedio CV: 350,091,954 
2025-10-09 22:30:24,362 - INFO - src.optimization_cv 90 - Trial 46: Ganancia CV = 334,773,947 ± 15,464,820 
2025-10-09 22:30:24,368 - INFO - src.optimization_cv 91 - Trial 46: Mejor iteración en CV: 186 
2025-10-09 22:30:24,406 - INFO - src.optimization_cv 146 - Iteración 46 guardada. Ganancia promedio CV: 334,773,947 
2025-10-09 22:34:58,350 - INFO - src.optimization_cv 90 - Trial 47: Ganancia CV = 355,363,302 ± 10,920,163 
2025-10-09 22:34:58,360 - INFO - src.optimization_cv 91 - Trial 47: Mejor iteración en CV: 211 
2025-10-09 22:34:58,414 - INFO - src.optimization_cv 146 - Iteración 47 guardada. Ganancia promedio CV: 355,363,302 
2025-10-09 22:40:16,890 - INFO - src.optimization_cv 90 - Trial 48: Ganancia CV = 348,178,682 ± 9,289,088 
2025-10-09 22:40:16,900 - INFO - src.optimization_cv 91 - Trial 48: Mejor iteración en CV: 342 
2025-10-09 22:40:16,941 - INFO - src.optimization_cv 146 - Iteración 48 guardada. Ganancia promedio CV: 348,178,682 
2025-10-09 22:44:52,056 - INFO - src.optimization_cv 90 - Trial 49: Ganancia CV = 349,378,418 ± 13,723,623 
2025-10-09 22:44:52,069 - INFO - src.optimization_cv 91 - Trial 49: Mejor iteración en CV: 353 
2025-10-09 22:44:52,123 - INFO - src.optimization_cv 146 - Iteración 49 guardada. Ganancia promedio CV: 349,378,418 
2025-10-09 22:50:26,613 - INFO - src.optimization_cv 90 - Trial 50: Ganancia CV = 356,533,293 ± 9,475,724 
2025-10-09 22:50:26,620 - INFO - src.optimization_cv 91 - Trial 50: Mejor iteración en CV: 466 
2025-10-09 22:50:26,657 - INFO - src.optimization_cv 146 - Iteración 50 guardada. Ganancia promedio CV: 356,533,293 
2025-10-09 22:54:37,761 - INFO - src.optimization_cv 90 - Trial 51: Ganancia CV = 352,334,197 ± 9,755,917 
2025-10-09 22:54:37,772 - INFO - src.optimization_cv 91 - Trial 51: Mejor iteración en CV: 294 
2025-10-09 22:54:37,818 - INFO - src.optimization_cv 146 - Iteración 51 guardada. Ganancia promedio CV: 352,334,197 
2025-10-09 22:57:28,733 - INFO - src.optimization_cv 90 - Trial 52: Ganancia CV = 351,094,085 ± 11,457,719 
2025-10-09 22:57:28,741 - INFO - src.optimization_cv 91 - Trial 52: Mejor iteración en CV: 235 
2025-10-09 22:57:28,785 - INFO - src.optimization_cv 146 - Iteración 52 guardada. Ganancia promedio CV: 351,094,085 
2025-10-09 23:00:36,990 - INFO - src.optimization_cv 90 - Trial 53: Ganancia CV = 350,544,341 ± 10,019,312 
2025-10-09 23:00:36,998 - INFO - src.optimization_cv 91 - Trial 53: Mejor iteración en CV: 257 
2025-10-09 23:00:37,040 - INFO - src.optimization_cv 146 - Iteración 53 guardada. Ganancia promedio CV: 350,544,341 
2025-10-09 23:04:48,718 - INFO - src.optimization_cv 90 - Trial 54: Ganancia CV = 353,493,434 ± 10,804,295 
2025-10-09 23:04:48,726 - INFO - src.optimization_cv 91 - Trial 54: Mejor iteración en CV: 370 
2025-10-09 23:04:48,767 - INFO - src.optimization_cv 146 - Iteración 54 guardada. Ganancia promedio CV: 353,493,434 
2025-10-09 23:07:02,056 - INFO - src.optimization_cv 90 - Trial 55: Ganancia CV = 348,935,229 ± 9,544,805 
2025-10-09 23:07:02,064 - INFO - src.optimization_cv 91 - Trial 55: Mejor iteración en CV: 82 
2025-10-09 23:07:02,105 - INFO - src.optimization_cv 146 - Iteración 55 guardada. Ganancia promedio CV: 348,935,229 
2025-10-09 23:12:06,495 - INFO - src.optimization_cv 90 - Trial 56: Ganancia CV = 339,129,113 ± 20,302,462 
2025-10-09 23:12:06,503 - INFO - src.optimization_cv 91 - Trial 56: Mejor iteración en CV: 520 
2025-10-09 23:12:06,548 - INFO - src.optimization_cv 146 - Iteración 56 guardada. Ganancia promedio CV: 339,129,113 
2025-10-09 23:14:43,609 - INFO - src.optimization_cv 90 - Trial 57: Ganancia CV = 351,862,534 ± 12,538,219 
2025-10-09 23:14:43,618 - INFO - src.optimization_cv 91 - Trial 57: Mejor iteración en CV: 160 
2025-10-09 23:14:43,673 - INFO - src.optimization_cv 146 - Iteración 57 guardada. Ganancia promedio CV: 351,862,534 
2025-10-09 23:19:07,607 - INFO - src.optimization_cv 90 - Trial 58: Ganancia CV = 352,849,676 ± 10,041,916 
2025-10-09 23:19:07,617 - INFO - src.optimization_cv 91 - Trial 58: Mejor iteración en CV: 314 
2025-10-09 23:19:07,666 - INFO - src.optimization_cv 146 - Iteración 58 guardada. Ganancia promedio CV: 352,849,676 
2025-10-09 23:21:43,372 - INFO - src.optimization_cv 90 - Trial 59: Ganancia CV = 352,748,240 ± 10,468,566 
2025-10-09 23:21:43,381 - INFO - src.optimization_cv 91 - Trial 59: Mejor iteración en CV: 166 
2025-10-09 23:21:43,426 - INFO - src.optimization_cv 146 - Iteración 59 guardada. Ganancia promedio CV: 352,748,240 
2025-10-09 23:23:39,986 - INFO - src.optimization_cv 90 - Trial 60: Ganancia CV = 348,372,994 ± 12,979,996 
2025-10-09 23:23:39,994 - INFO - src.optimization_cv 91 - Trial 60: Mejor iteración en CV: 180 
2025-10-09 23:23:40,054 - INFO - src.optimization_cv 146 - Iteración 60 guardada. Ganancia promedio CV: 348,372,994 
2025-10-09 23:27:08,021 - INFO - src.optimization_cv 90 - Trial 61: Ganancia CV = 350,828,803 ± 11,865,274 
2025-10-09 23:27:08,029 - INFO - src.optimization_cv 91 - Trial 61: Mejor iteración en CV: 278 
2025-10-09 23:27:08,081 - INFO - src.optimization_cv 146 - Iteración 61 guardada. Ganancia promedio CV: 350,828,803 
2025-10-09 23:30:31,895 - INFO - src.optimization_cv 90 - Trial 62: Ganancia CV = 352,432,322 ± 11,877,919 
2025-10-09 23:30:31,904 - INFO - src.optimization_cv 91 - Trial 62: Mejor iteración en CV: 272 
2025-10-09 23:30:31,955 - INFO - src.optimization_cv 146 - Iteración 62 guardada. Ganancia promedio CV: 352,432,322 
2025-10-09 23:34:12,656 - INFO - src.optimization_cv 90 - Trial 63: Ganancia CV = 352,205,670 ± 10,762,004 
2025-10-09 23:34:12,664 - INFO - src.optimization_cv 91 - Trial 63: Mejor iteración en CV: 332 
2025-10-09 23:34:12,713 - INFO - src.optimization_cv 146 - Iteración 63 guardada. Ganancia promedio CV: 352,205,670 
2025-10-09 23:37:05,660 - INFO - src.optimization_cv 90 - Trial 64: Ganancia CV = 351,650,538 ± 10,875,149 
2025-10-09 23:37:05,670 - INFO - src.optimization_cv 91 - Trial 64: Mejor iteración en CV: 144 
2025-10-09 23:37:05,716 - INFO - src.optimization_cv 146 - Iteración 64 guardada. Ganancia promedio CV: 351,650,538 
2025-10-09 23:40:41,683 - INFO - src.optimization_cv 90 - Trial 65: Ganancia CV = 354,748,488 ± 12,509,545 
2025-10-09 23:40:41,690 - INFO - src.optimization_cv 91 - Trial 65: Mejor iteración en CV: 302 
2025-10-09 23:40:41,743 - INFO - src.optimization_cv 146 - Iteración 65 guardada. Ganancia promedio CV: 354,748,488 
2025-10-09 23:43:49,886 - INFO - src.optimization_cv 90 - Trial 66: Ganancia CV = 349,717,984 ± 13,633,034 
2025-10-09 23:43:49,895 - INFO - src.optimization_cv 91 - Trial 66: Mejor iteración en CV: 245 
2025-10-09 23:43:49,982 - INFO - src.optimization_cv 146 - Iteración 66 guardada. Ganancia promedio CV: 349,717,984 
2025-10-09 23:46:28,697 - INFO - src.optimization_cv 90 - Trial 67: Ganancia CV = 348,176,908 ± 16,408,731 
2025-10-09 23:46:28,706 - INFO - src.optimization_cv 91 - Trial 67: Mejor iteración en CV: 184 
2025-10-09 23:46:28,760 - INFO - src.optimization_cv 146 - Iteración 67 guardada. Ganancia promedio CV: 348,176,908 
2025-10-09 23:48:57,589 - INFO - src.optimization_cv 90 - Trial 68: Ganancia CV = 351,531,082 ± 13,647,114 
2025-10-09 23:48:57,596 - INFO - src.optimization_cv 91 - Trial 68: Mejor iteración en CV: 169 
2025-10-09 23:48:57,652 - INFO - src.optimization_cv 146 - Iteración 68 guardada. Ganancia promedio CV: 351,531,082 
2025-10-09 23:51:55,518 - INFO - src.optimization_cv 90 - Trial 69: Ganancia CV = 349,546,531 ± 15,506,314 
2025-10-09 23:51:55,527 - INFO - src.optimization_cv 91 - Trial 69: Mejor iteración en CV: 255 
2025-10-09 23:51:55,582 - INFO - src.optimization_cv 146 - Iteración 69 guardada. Ganancia promedio CV: 349,546,531 
2025-10-09 23:54:08,174 - INFO - src.optimization_cv 90 - Trial 70: Ganancia CV = 343,307,460 ± 17,266,816 
2025-10-09 23:54:08,183 - INFO - src.optimization_cv 91 - Trial 70: Mejor iteración en CV: 125 
2025-10-09 23:54:08,239 - INFO - src.optimization_cv 146 - Iteración 70 guardada. Ganancia promedio CV: 343,307,460 
2025-10-09 23:58:56,578 - INFO - src.optimization_cv 90 - Trial 71: Ganancia CV = 357,069,961 ± 9,274,026 
2025-10-09 23:58:56,588 - INFO - src.optimization_cv 91 - Trial 71: Mejor iteración en CV: 409 
2025-10-09 23:58:56,649 - INFO - src.optimization_cv 146 - Iteración 71 guardada. Ganancia promedio CV: 357,069,961 
2025-10-10 00:03:12,752 - INFO - src.optimization_cv 90 - Trial 72: Ganancia CV = 354,063,931 ± 9,761,033 
2025-10-10 00:03:12,771 - INFO - src.optimization_cv 91 - Trial 72: Mejor iteración en CV: 289 
2025-10-10 00:03:12,850 - INFO - src.optimization_cv 146 - Iteración 72 guardada. Ganancia promedio CV: 354,063,931 
2025-10-10 00:07:25,673 - INFO - src.optimization_cv 90 - Trial 73: Ganancia CV = 355,460,851 ± 10,447,040 
2025-10-10 00:07:25,686 - INFO - src.optimization_cv 91 - Trial 73: Mejor iteración en CV: 403 
2025-10-10 00:07:25,756 - INFO - src.optimization_cv 146 - Iteración 73 guardada. Ganancia promedio CV: 355,460,851 
2025-10-10 00:10:25,293 - INFO - src.optimization_cv 90 - Trial 74: Ganancia CV = 351,434,514 ± 12,804,410 
2025-10-10 00:10:25,304 - INFO - src.optimization_cv 91 - Trial 74: Mejor iteración en CV: 322 
2025-10-10 00:10:25,369 - INFO - src.optimization_cv 146 - Iteración 74 guardada. Ganancia promedio CV: 351,434,514 
2025-10-10 00:14:23,193 - INFO - src.optimization_cv 90 - Trial 75: Ganancia CV = 352,818,027 ± 9,891,215 
2025-10-10 00:14:23,202 - INFO - src.optimization_cv 91 - Trial 75: Mejor iteración en CV: 370 
2025-10-10 00:14:23,269 - INFO - src.optimization_cv 146 - Iteración 75 guardada. Ganancia promedio CV: 352,818,027 
2025-10-10 00:17:58,096 - INFO - src.optimization_cv 90 - Trial 76: Ganancia CV = 352,072,062 ± 11,855,527 
2025-10-10 00:17:58,106 - INFO - src.optimization_cv 91 - Trial 76: Mejor iteración en CV: 319 
2025-10-10 00:17:58,173 - INFO - src.optimization_cv 146 - Iteración 76 guardada. Ganancia promedio CV: 352,072,062 
2025-10-10 00:21:24,839 - INFO - src.optimization_cv 90 - Trial 77: Ganancia CV = 351,843,097 ± 13,073,206 
2025-10-10 00:21:24,850 - INFO - src.optimization_cv 91 - Trial 77: Mejor iteración en CV: 358 
2025-10-10 00:21:24,911 - INFO - src.optimization_cv 146 - Iteración 77 guardada. Ganancia promedio CV: 351,843,097 
2025-10-10 00:27:46,803 - INFO - src.optimization_cv 90 - Trial 78: Ganancia CV = 353,398,643 ± 9,833,671 
2025-10-10 00:27:46,812 - INFO - src.optimization_cv 91 - Trial 78: Mejor iteración en CV: 441 
2025-10-10 00:27:46,864 - INFO - src.optimization_cv 146 - Iteración 78 guardada. Ganancia promedio CV: 353,398,643 
2025-10-10 00:33:48,645 - INFO - src.optimization_cv 90 - Trial 79: Ganancia CV = 347,026,090 ± 15,722,007 
2025-10-10 00:33:48,651 - INFO - src.optimization_cv 91 - Trial 79: Mejor iteración en CV: 353 
2025-10-10 00:33:48,696 - INFO - src.optimization_cv 146 - Iteración 79 guardada. Ganancia promedio CV: 347,026,090 
2025-10-10 00:38:21,250 - INFO - src.optimization_cv 90 - Trial 80: Ganancia CV = 353,264,076 ± 12,121,210 
2025-10-10 00:38:21,257 - INFO - src.optimization_cv 91 - Trial 80: Mejor iteración en CV: 261 
2025-10-10 00:38:21,317 - INFO - src.optimization_cv 146 - Iteración 80 guardada. Ganancia promedio CV: 353,264,076 
2025-10-10 00:44:25,739 - INFO - src.optimization_cv 90 - Trial 81: Ganancia CV = 355,880,711 ± 9,821,303 
2025-10-10 00:44:25,749 - INFO - src.optimization_cv 91 - Trial 81: Mejor iteración en CV: 342 
2025-10-10 00:44:25,849 - INFO - src.optimization_cv 146 - Iteración 81 guardada. Ganancia promedio CV: 355,880,711 
2025-10-10 00:51:22,465 - INFO - src.optimization_cv 90 - Trial 82: Ganancia CV = 354,674,477 ± 9,222,001 
2025-10-10 00:51:22,477 - INFO - src.optimization_cv 91 - Trial 82: Mejor iteración en CV: 393 
2025-10-10 00:51:22,550 - INFO - src.optimization_cv 146 - Iteración 82 guardada. Ganancia promedio CV: 354,674,477 
2025-10-10 00:59:02,712 - INFO - src.optimization_cv 90 - Trial 83: Ganancia CV = 355,477,538 ± 8,968,864 
2025-10-10 00:59:02,718 - INFO - src.optimization_cv 91 - Trial 83: Mejor iteración en CV: 501 
2025-10-10 00:59:02,763 - INFO - src.optimization_cv 146 - Iteración 83 guardada. Ganancia promedio CV: 355,477,538 
2025-10-10 01:04:55,389 - INFO - src.optimization_cv 90 - Trial 84: Ganancia CV = 350,517,876 ± 9,120,501 
2025-10-10 01:04:55,396 - INFO - src.optimization_cv 91 - Trial 84: Mejor iteración en CV: 370 
2025-10-10 01:04:55,450 - INFO - src.optimization_cv 146 - Iteración 84 guardada. Ganancia promedio CV: 350,517,876 
2025-10-10 01:11:13,387 - INFO - src.optimization_cv 90 - Trial 85: Ganancia CV = 352,148,868 ± 9,790,499 
2025-10-10 01:11:13,396 - INFO - src.optimization_cv 91 - Trial 85: Mejor iteración en CV: 520 
2025-10-10 01:11:13,471 - INFO - src.optimization_cv 146 - Iteración 85 guardada. Ganancia promedio CV: 352,148,868 
2025-10-10 01:17:33,201 - INFO - src.optimization_cv 90 - Trial 86: Ganancia CV = 351,526,798 ± 11,130,076 
2025-10-10 01:17:33,214 - INFO - src.optimization_cv 91 - Trial 86: Mejor iteración en CV: 518 
2025-10-10 01:17:33,293 - INFO - src.optimization_cv 146 - Iteración 86 guardada. Ganancia promedio CV: 351,526,798 
2025-10-10 01:22:06,085 - INFO - src.optimization_cv 90 - Trial 87: Ganancia CV = 349,386,496 ± 14,403,150 
2025-10-10 01:22:06,098 - INFO - src.optimization_cv 91 - Trial 87: Mejor iteración en CV: 382 
2025-10-10 01:22:06,180 - INFO - src.optimization_cv 146 - Iteración 87 guardada. Ganancia promedio CV: 349,386,496 
2025-10-10 01:30:02,383 - INFO - src.optimization_cv 90 - Trial 88: Ganancia CV = 352,286,034 ± 9,259,287 
2025-10-10 01:30:02,400 - INFO - src.optimization_cv 91 - Trial 88: Mejor iteración en CV: 467 
2025-10-10 01:30:02,490 - INFO - src.optimization_cv 146 - Iteración 88 guardada. Ganancia promedio CV: 352,286,034 
2025-10-10 01:33:41,949 - INFO - src.optimization_cv 90 - Trial 89: Ganancia CV = 353,422,937 ± 8,759,160 
2025-10-10 01:33:41,963 - INFO - src.optimization_cv 91 - Trial 89: Mejor iteración en CV: 206 
2025-10-10 01:33:42,045 - INFO - src.optimization_cv 146 - Iteración 89 guardada. Ganancia promedio CV: 353,422,937 
2025-10-10 01:39:19,675 - INFO - src.optimization_cv 90 - Trial 90: Ganancia CV = 347,491,111 ± 12,400,894 
2025-10-10 01:39:19,688 - INFO - src.optimization_cv 91 - Trial 90: Mejor iteración en CV: 350 
2025-10-10 01:39:19,778 - INFO - src.optimization_cv 146 - Iteración 90 guardada. Ganancia promedio CV: 347,491,111 
2025-10-10 01:46:48,690 - INFO - src.optimization_cv 90 - Trial 91: Ganancia CV = 356,094,889 ± 9,697,624 
2025-10-10 01:46:48,699 - INFO - src.optimization_cv 91 - Trial 91: Mejor iteración en CV: 442 
2025-10-10 01:46:58,978 - INFO - src.optimization_cv 146 - Iteración 91 guardada. Ganancia promedio CV: 356,094,889 
2025-10-10 01:52:36,865 - INFO - src.optimization_cv 90 - Trial 92: Ganancia CV = 352,680,151 ± 10,347,152 
2025-10-10 01:52:36,877 - INFO - src.optimization_cv 91 - Trial 92: Mejor iteración en CV: 290 
2025-10-10 01:52:36,970 - INFO - src.optimization_cv 146 - Iteración 92 guardada. Ganancia promedio CV: 352,680,151 
2025-10-10 01:56:59,872 - INFO - src.optimization_cv 90 - Trial 93: Ganancia CV = 350,074,466 ± 9,675,101 
2025-10-10 01:56:59,885 - INFO - src.optimization_cv 91 - Trial 93: Mejor iteración en CV: 205 
2025-10-10 01:56:59,972 - INFO - src.optimization_cv 146 - Iteración 93 guardada. Ganancia promedio CV: 350,074,466 
2025-10-10 02:02:28,670 - INFO - src.optimization_cv 90 - Trial 94: Ganancia CV = 354,593,130 ± 10,505,161 
2025-10-10 02:02:28,679 - INFO - src.optimization_cv 91 - Trial 94: Mejor iteración en CV: 353 
2025-10-10 02:02:28,738 - INFO - src.optimization_cv 146 - Iteración 94 guardada. Ganancia promedio CV: 354,593,130 
2025-10-10 02:05:30,527 - INFO - src.optimization_cv 90 - Trial 95: Ganancia CV = 351,322,292 ± 9,559,139 
2025-10-10 02:05:30,534 - INFO - src.optimization_cv 91 - Trial 95: Mejor iteración en CV: 95 
2025-10-10 02:05:30,589 - INFO - src.optimization_cv 146 - Iteración 95 guardada. Ganancia promedio CV: 351,322,292 
2025-10-10 02:10:12,440 - INFO - src.optimization_cv 90 - Trial 96: Ganancia CV = 353,450,672 ± 9,978,442 
2025-10-10 02:10:12,445 - INFO - src.optimization_cv 91 - Trial 96: Mejor iteración en CV: 258 
2025-10-10 02:10:12,502 - INFO - src.optimization_cv 146 - Iteración 96 guardada. Ganancia promedio CV: 353,450,672 
2025-10-10 02:13:09,461 - INFO - src.optimization_cv 90 - Trial 97: Ganancia CV = 350,387,678 ± 11,700,087 
2025-10-10 02:13:09,466 - INFO - src.optimization_cv 91 - Trial 97: Mejor iteración en CV: 148 
2025-10-10 02:13:09,525 - INFO - src.optimization_cv 146 - Iteración 97 guardada. Ganancia promedio CV: 350,387,678 
2025-10-10 02:18:26,397 - INFO - src.optimization_cv 90 - Trial 98: Ganancia CV = 352,398,222 ± 11,567,152 
2025-10-10 02:18:26,403 - INFO - src.optimization_cv 91 - Trial 98: Mejor iteración en CV: 422 
2025-10-10 02:18:26,458 - INFO - src.optimization_cv 146 - Iteración 98 guardada. Ganancia promedio CV: 352,398,222 
2025-10-10 02:24:12,722 - INFO - src.optimization_cv 90 - Trial 99: Ganancia CV = 355,109,471 ± 8,651,052 
2025-10-10 02:24:12,728 - INFO - src.optimization_cv 91 - Trial 99: Mejor iteración en CV: 271 
2025-10-10 02:24:12,785 - INFO - src.optimization_cv 146 - Iteración 99 guardada. Ganancia promedio CV: 355,109,471 
2025-10-10 02:24:13,066 - INFO - src.optimization_cv 175 - === OPTIMIZACIÓN CON CV COMPLETADA ===
2025-10-10 02:24:13,085 - INFO - src.optimization_cv 176 - Número de trials completados: 100
2025-10-10 02:24:13,086 - INFO - src.optimization_cv 177 - Mejor ganancia promedio = 357,069,961
2025-10-10 02:24:13,086 - INFO - src.optimization_cv 178 - Mejores parámetros: {'num_iterations': 574, 'num_leaves': 1274, 'learn_rate': 0.04862756272961274, 'feature_fraction': 0.7777374428455057, 'bagging_fraction': 0.5235159518608974, 'min_child_samples': 1337, 'max_depth': 8, 'reg_lambda': 5.449987665823393, 'reg_alpha': 4.103759842489785, 'min_gain_to_split': 0.061847546767695744}
2025-10-10 02:24:13,088 - INFO - __main__ 67 - === ANÁLISIS DE RESULTADOS ===
2025-10-10 02:24:13,225 - INFO - __main__ 71 - Top 5 mejores trials:
2025-10-10 02:24:13,232 - INFO - __main__ 73 -   Trial 71: 357,069,961
2025-10-10 02:24:13,232 - INFO - __main__ 73 -   Trial 50: 356,533,293
2025-10-10 02:24:13,233 - INFO - __main__ 73 -   Trial 91: 356,094,889
2025-10-10 02:24:13,233 - INFO - __main__ 73 -   Trial 81: 355,880,711
2025-10-10 02:24:13,234 - INFO - __main__ 73 -   Trial 22: 355,730,114
2025-10-10 02:24:13,234 - INFO - __main__ 75 - === OPTIMIZACIÓN COMPLETADA ===
2025-10-10 02:24:13,234 - INFO - __main__ 78 - === EVALUACIÓN EN CONJUNTO DE TEST ===
2025-10-10 02:24:13,246 - INFO - src.best_params 34 - Mejores hiperparámetros cargados desde resultados/lgb_optimization_cv_competencia01_b_iteraciones.json
2025-10-10 02:24:13,246 - INFO - src.best_params 35 - Mejor ganancia encontrada: 357,069,961
2025-10-10 02:24:13,247 - INFO - src.best_params 36 - Trial número: 71
2025-10-10 02:24:13,247 - INFO - src.best_params 37 - Parámetros: {'num_iterations': 574, 'num_leaves': 1274, 'learn_rate': 0.04862756272961274, 'feature_fraction': 0.7777374428455057, 'bagging_fraction': 0.5235159518608974, 'min_child_samples': 1337, 'max_depth': 8, 'reg_lambda': 5.449987665823393, 'reg_alpha': 4.103759842489785, 'min_gain_to_split': 0.061847546767695744}
2025-10-10 02:24:13,248 - INFO - src.optimization 301 - === EVALUACIÓN EN CONJUNTO DE TEST ===
2025-10-10 02:24:13,249 - INFO - src.optimization 302 - Período de test: 202104
2025-10-10 02:24:22,800 - INFO - src.optimization 319 - Entrenando modelo con mejores hiperparámetros...
2025-10-10 02:24:22,800 - INFO - src.optimization 320 - Dimensiones df_train_completo: (325264, 725), Dimensiones df_test: (163418, 725)
2025-10-10 02:24:24,841 - INFO - src.optimization 327 - Tipo de dato de train_data: <class 'lightgbm.basic.Dataset'>, Dimensiones de train_data: (325264, 724)
2025-10-10 02:25:23,179 - INFO - src.optimization 414 - Ganancia: 922,820,000---Total Predicciones positivas: 16,659
2025-10-10 02:25:23,194 - INFO - __main__ 89 - === RESUMEN DE EVALUACIÓN EN TEST ===
2025-10-10 02:25:23,195 - INFO - __main__ 90 - ✅ Ganancia en test: 922,820,000
2025-10-10 02:25:23,196 - INFO - __main__ 91 - 🔍 Umbral óptimo encontrado: 0.0300
2025-10-10 02:25:23,197 - INFO - __main__ 92 - 🎯 Predicciones positivas: 16,659 (10.19%)
2025-10-10 02:25:23,197 - INFO - __main__ 96 - === ENTRENAMIENTO FINAL ===
2025-10-10 02:25:23,197 - INFO - __main__ 97 - Preparar datos para entrenamiento final
2025-10-10 02:25:23,198 - INFO - src.final_training 25 - Preparando datos para entrenamiento final
2025-10-10 02:25:23,199 - INFO - src.final_training 26 - Períodos de entrenamiento: ['202101', '202102', '202103', '202104']
2025-10-10 02:25:23,199 - INFO - src.final_training 27 - Período de predicción: 202106
2025-10-10 02:25:47,161 - INFO - src.final_training 37 - Registros de entrenamiento: 650,209
2025-10-10 02:25:47,180 - INFO - src.final_training 38 - Registros de predicción: 164,313
2025-10-10 02:26:11,651 - INFO - src.final_training 55 - Features utilizadas: 724
2025-10-10 02:26:11,727 - INFO - src.final_training 56 - Distribución del target - 0: 642,830, 1: 7,379
2025-10-10 02:26:12,331 - INFO - __main__ 101 - Entrenar modelo final
2025-10-10 02:26:12,332 - INFO - src.final_training 76 - Iniciando entrenamiento del modelo final
2025-10-10 02:26:12,335 - INFO - src.final_training 87 - Parámetros del modelo: {'objective': 'binary', 'metric': 'None', 'random_state': 839071, 'verbose': -1, 'num_iterations': 574, 'num_leaves': 1274, 'learn_rate': 0.04862756272961274, 'feature_fraction': 0.7777374428455057, 'bagging_fraction': 0.5235159518608974, 'min_child_samples': 1337, 'max_depth': 8, 'reg_lambda': 5.449987665823393, 'reg_alpha': 4.103759842489785, 'min_gain_to_split': 0.061847546767695744}
2025-10-10 02:29:34,787 - INFO - src.final_training 112 - Modelo final guardado en: resultados/modelo_final_lgb_optimization_cv_competencia01_b_2025-10-10_02-29-34.txt
2025-10-10 02:29:34,788 - INFO - src.final_training 114 - Entrenamiento del modelo final completado
2025-10-10 02:29:35,121 - INFO - __main__ 105 - Generar predicciones finales
2025-10-10 02:29:35,122 - INFO - src.final_training 130 - Generando predicciones finales
2025-10-10 02:29:41,399 - INFO - src.final_training 143 - Predicciones de probabilidad guardadas en: resultados/predicciones_probabilidad_lgb_optimization_cv_competencia01_b_2025-10-10_02-29-40.csv
2025-10-10 02:29:41,424 - INFO - src.final_training 165 - Predicciones generadas:
2025-10-10 02:29:41,425 - INFO - src.final_training 166 -   Total clientes: 164,313
2025-10-10 02:29:41,426 - INFO - src.final_training 167 -   Predicciones positivas: 16,750 (10.19%)
2025-10-10 02:29:41,426 - INFO - src.final_training 168 -   Predicciones negativas: 147,563
2025-10-10 02:29:41,426 - INFO - src.final_training 169 -   Porcentaje solicitado: 0.1019
2025-10-10 02:29:41,427 - INFO - __main__ 110 - Guardar predicciones
2025-10-10 02:29:41,605 - INFO - src.output_manager 42 - Predicciones guardadas en: predict/lgb_optimization_cv_competencia01_b_20251010_022941.csv
2025-10-10 02:29:41,605 - INFO - src.output_manager 43 - Formato del archivo:
2025-10-10 02:29:41,606 - INFO - src.output_manager 44 -   Columnas: ['numero_de_cliente', 'predict']
2025-10-10 02:29:41,606 - INFO - src.output_manager 45 -   Registros: 164,313
2025-10-10 02:29:41,606 - INFO - src.output_manager 46 -   Primeras filas:
2025-10-10 02:29:41,679 - INFO - src.output_manager 47 -    numero_de_cliente  predict
0          249350768        0
1          249432306        0
2          249565688        0
3          249596175        0
4          249695645        1
2025-10-10 02:29:41,680 - INFO - __main__ 114 - === RESUMEN FINAL ===
2025-10-10 02:29:41,680 - INFO - __main__ 115 - ✅ Entrenamiento final completado exitosamente
2025-10-10 02:29:41,681 - INFO - __main__ 116 - 📊 Mejores hiperparámetros utilizados: {'num_iterations': 574, 'num_leaves': 1274, 'learn_rate': 0.04862756272961274, 'feature_fraction': 0.7777374428455057, 'bagging_fraction': 0.5235159518608974, 'min_child_samples': 1337, 'max_depth': 8, 'reg_lambda': 5.449987665823393, 'reg_alpha': 4.103759842489785, 'min_gain_to_split': 0.061847546767695744}
2025-10-10 02:29:41,681 - INFO - __main__ 117 - 🎯 Períodos de entrenamiento: ['202101', '202102', '202103', '202104']
2025-10-10 02:29:41,682 - INFO - __main__ 118 - 🔮 Período de predicción: 202106
2025-10-10 02:29:41,682 - INFO - __main__ 121 - 📁 Archivo de salida: predict/lgb_optimization_cv_competencia01_b_20251010_022941.csv
2025-10-10 02:29:41,683 - INFO - __main__ 122 - 📝 Log detallado: logs/log_lgb_optimization_cv_competencia01_b_2025-10-09_20-14-14.log
2025-10-10 02:29:41,683 - INFO - __main__ 125 - >>> Ejecución finalizada. Revisar logs para mas detalles.
